
hostname        = clustern10

started on      = 2021-09-25T10:31:32.816
julia threads   = 1
BLAS threads    = 1
MPI procs       = 16

temperature     = 0.01
smearing        = DFTK.Smearing.Gaussian()
lattice         = [0.0 5.503 5.503; 5.503 0.0 5.503; 5.503 5.503 0.0]
Ecut            = 45.0
fft_size        = (50, 50, 50)
kgrid           = [13, 13, 13]
kshift          = [0.0, 0.0, 0.0]
n_irreducible_k = 168
n_bands         = 59
n_electrons     = 49
type            = potmix
mixing          = KerkerMixing(0.8, 0.0)
damping         = DFTK.FixedDamping(0.3)
n     Free energy       Eₙ-Eₙ₋₁     ρout-ρin   Magnet   α      Diag
---   ---------------   ---------   --------   ------   ----   ----
  1   -292.8700496343         NaN   6.58e+00    5.000    NaN    2.0
┌ Debug: Iteration 2 linesearch step 1   α=0.3 diagtol=0.0002
└ @ DFTK /home/herbstm/.julia/packages/DFTK/ogFMK/src/scf/potential_mixing.jl:296
  2   -320.8477310782   -2.80e+01   2.14e+00    3.772   0.30   16.8
┌ Debug: Iteration 3 linesearch step 1   α=0.3 diagtol=0.0002
└ @ DFTK /home/herbstm/.julia/packages/DFTK/ogFMK/src/scf/potential_mixing.jl:296
  3   -309.5384711032    1.13e+01   3.69e+00    1.173   0.30   20.7
┌ Debug: Iteration 4 linesearch step 1   α=0.3 diagtol=0.0002
└ @ DFTK /home/herbstm/.julia/packages/DFTK/ogFMK/src/scf/potential_mixing.jl:296
  4   -321.0835624386   -1.15e+01   6.30e-01    2.427   0.30   20.0
┌ Debug: Iteration 5 linesearch step 1   α=0.3 diagtol=0.0002
└ @ DFTK /home/herbstm/.julia/packages/DFTK/ogFMK/src/scf/potential_mixing.jl:296
  5   -320.2740794162    8.09e-01   3.15e+00    0.447   0.30   18.1
┌ Debug: Iteration 6 linesearch step 1   α=0.3 diagtol=0.0002
└ @ DFTK /home/herbstm/.julia/packages/DFTK/ogFMK/src/scf/potential_mixing.jl:296
  6   -323.9081481219   -3.63e+00   3.47e-01    0.590   0.30   18.4
┌ Debug: Iteration 7 linesearch step 1   α=0.3 diagtol=0.0002
└ @ DFTK /home/herbstm/.julia/packages/DFTK/ogFMK/src/scf/potential_mixing.jl:296
  7   -326.9862208839   -3.08e+00   2.56e-01    1.327   0.30   18.4
┌ Debug: Iteration 8 linesearch step 1   α=0.3 diagtol=0.0002
└ @ DFTK /home/herbstm/.julia/packages/DFTK/ogFMK/src/scf/potential_mixing.jl:296
  8   -321.6712367331    5.31e+00   2.38e+00    3.031   0.30   18.9
┌ Debug: Iteration 9 linesearch step 1   α=0.3 diagtol=0.0002
└ @ DFTK /home/herbstm/.julia/packages/DFTK/ogFMK/src/scf/potential_mixing.jl:296
  9   -332.2799045418   -1.06e+01   1.82e+00    1.095   0.30   18.9
┌ Debug: Iteration 10 linesearch step 1   α=0.3 diagtol=0.0002
└ @ DFTK /home/herbstm/.julia/packages/DFTK/ogFMK/src/scf/potential_mixing.jl:296
 10   -328.6487752525    3.63e+00   1.33e+00    1.570   0.30   19.1
┌ Debug: Iteration 11 linesearch step 1   α=0.3 diagtol=0.0002
└ @ DFTK /home/herbstm/.julia/packages/DFTK/ogFMK/src/scf/potential_mixing.jl:296
 11   -329.6980262632   -1.05e+00   1.17e-01    1.387   0.30   18.9
┌ Debug: Iteration 12 linesearch step 1   α=0.3 diagtol=0.0002
└ @ DFTK /home/herbstm/.julia/packages/DFTK/ogFMK/src/scf/potential_mixing.jl:296
 12   -333.1266269467   -3.43e+00   9.17e-01    0.822   0.30   18.6
┌ Debug: Iteration 13 linesearch step 1   α=0.3 diagtol=0.0002
└ @ DFTK /home/herbstm/.julia/packages/DFTK/ogFMK/src/scf/potential_mixing.jl:296
 13   -332.1243629651    1.00e+00   3.08e-01    0.776   0.30   18.5
┌ Debug: Iteration 14 linesearch step 1   α=0.3 diagtol=0.0002
└ @ DFTK /home/herbstm/.julia/packages/DFTK/ogFMK/src/scf/potential_mixing.jl:296
 14   -332.3050973353   -1.81e-01   3.63e-02    0.828   0.30   18.5
┌ Debug: Iteration 15 linesearch step 1   α=0.3 diagtol=0.0002
└ @ DFTK /home/herbstm/.julia/packages/DFTK/ogFMK/src/scf/potential_mixing.jl:296
 15   -332.9838908491   -6.79e-01   1.73e-01    0.918   0.30   18.5
┌ Debug: Iteration 16 linesearch step 1   α=0.3 diagtol=0.0002
└ @ DFTK /home/herbstm/.julia/packages/DFTK/ogFMK/src/scf/potential_mixing.jl:296
 16   -333.0206016423   -3.67e-02   2.03e-02    0.915   0.30   18.5
┌ Debug: Iteration 17 linesearch step 1   α=0.3 diagtol=0.0002
└ @ DFTK /home/herbstm/.julia/packages/DFTK/ogFMK/src/scf/potential_mixing.jl:296
 17   -333.3016029819   -2.81e-01   2.19e-01    0.754   0.30   18.6
┌ Debug: Iteration 18 linesearch step 1   α=0.3 diagtol=0.0002
└ @ DFTK /home/herbstm/.julia/packages/DFTK/ogFMK/src/scf/potential_mixing.jl:296
 18   -333.3008408218    7.62e-04   1.01e-02    0.729   0.30   18.7
┌ Debug: Iteration 19 linesearch step 1   α=0.3 diagtol=0.00010141413280167715
└ @ DFTK /home/herbstm/.julia/packages/DFTK/ogFMK/src/scf/potential_mixing.jl:296
 19   -333.2966326693    4.21e-03   1.82e-02    0.729   0.30   20.1
┌ Debug: Iteration 20 linesearch step 1   α=0.3 diagtol=0.00010141413280167715
└ @ DFTK /home/herbstm/.julia/packages/DFTK/ogFMK/src/scf/potential_mixing.jl:296
 20   -333.3000710944   -3.44e-03   3.38e-02    0.637   0.30   20.0
┌ Debug: Iteration 21 linesearch step 1   α=0.3 diagtol=0.00010141413280167715
└ @ DFTK /home/herbstm/.julia/packages/DFTK/ogFMK/src/scf/potential_mixing.jl:296
 21   -333.3018906566   -1.82e-03   1.17e-02    0.634   0.30   20.1
┌ Debug: Iteration 22 linesearch step 1   α=0.3 diagtol=0.00010141413280167715
└ @ DFTK /home/herbstm/.julia/packages/DFTK/ogFMK/src/scf/potential_mixing.jl:296
 22   -333.3012699116    6.21e-04   2.12e-02    0.647   0.30   20.0
┌ Debug: Iteration 23 linesearch step 1   α=0.3 diagtol=0.00010141413280167715
└ @ DFTK /home/herbstm/.julia/packages/DFTK/ogFMK/src/scf/potential_mixing.jl:296
 23   -333.3017388590   -4.69e-04   6.00e-02    0.503   0.30   20.1
┌ Debug: Iteration 24 linesearch step 1   α=0.3 diagtol=0.00010141413280167715
└ @ DFTK /home/herbstm/.julia/packages/DFTK/ogFMK/src/scf/potential_mixing.jl:296
 24   -333.2986571174    3.08e-03   1.48e-02    0.556   0.30   20.0
┌ Debug: Iteration 25 linesearch step 1   α=0.3 diagtol=0.00010141413280167715
└ @ DFTK /home/herbstm/.julia/packages/DFTK/ogFMK/src/scf/potential_mixing.jl:296
 25   -333.3016093766   -2.95e-03   4.72e-02    0.553   0.30   20.4
┌ Debug: Iteration 26 linesearch step 1   α=0.3 diagtol=0.00010141413280167715
└ @ DFTK /home/herbstm/.julia/packages/DFTK/ogFMK/src/scf/potential_mixing.jl:296
 26   -333.3026138762   -1.00e-03   2.02e-02    0.518   0.30   20.0
┌ Debug: Iteration 27 linesearch step 1   α=0.3 diagtol=0.00010141413280167715
└ @ DFTK /home/herbstm/.julia/packages/DFTK/ogFMK/src/scf/potential_mixing.jl:296
 27   -333.3026907511   -7.69e-05   3.83e-03    0.512   0.30   19.9
┌ Debug: Iteration 28 linesearch step 1   α=0.3 diagtol=3.834339741570003e-5
└ @ DFTK /home/herbstm/.julia/packages/DFTK/ogFMK/src/scf/potential_mixing.jl:296
 28   -333.3026809259    9.83e-06   1.27e-03    0.514   0.30   22.5
┌ Debug: Iteration 29 linesearch step 1   α=0.3 diagtol=1.269590844231569e-5
└ @ DFTK /home/herbstm/.julia/packages/DFTK/ogFMK/src/scf/potential_mixing.jl:296
 29   -333.3026951077   -1.42e-05   3.07e-03    0.504   0.30   24.6
┌ Debug: Iteration 30 linesearch step 1   α=0.3 diagtol=1.269590844231569e-5
└ @ DFTK /home/herbstm/.julia/packages/DFTK/ogFMK/src/scf/potential_mixing.jl:296
 30   -333.3027449366   -4.98e-05   6.00e-03    0.509   0.30   24.8
┌ Debug: Iteration 31 linesearch step 1   α=0.3 diagtol=1.269590844231569e-5
└ @ DFTK /home/herbstm/.julia/packages/DFTK/ogFMK/src/scf/potential_mixing.jl:296
 31   -333.3026738981    7.10e-05   8.67e-03    0.502   0.30   24.8
┌ Debug: Iteration 32 linesearch step 1   α=0.3 diagtol=1.269590844231569e-5
└ @ DFTK /home/herbstm/.julia/packages/DFTK/ogFMK/src/scf/potential_mixing.jl:296
 32   -333.3023798236    2.94e-04   7.82e-03    0.494   0.30   24.7
┌ Debug: Iteration 33 linesearch step 1   α=0.3 diagtol=1.269590844231569e-5
└ @ DFTK /home/herbstm/.julia/packages/DFTK/ogFMK/src/scf/potential_mixing.jl:296
 33   -333.3027703391   -3.91e-04   2.61e-02    0.595   0.30   24.8
┌ Debug: Iteration 34 linesearch step 1   α=0.3 diagtol=1.269590844231569e-5
└ @ DFTK /home/herbstm/.julia/packages/DFTK/ogFMK/src/scf/potential_mixing.jl:296
 34   -333.3027387283    3.16e-05   4.05e-03    0.606   0.30   24.6
┌ Debug: Iteration 35 linesearch step 1   α=0.3 diagtol=1.269590844231569e-5
└ @ DFTK /home/herbstm/.julia/packages/DFTK/ogFMK/src/scf/potential_mixing.jl:296
 35   -333.3029730630   -2.34e-04   1.80e-02    0.658   0.30   24.8
┌ Debug: Iteration 36 linesearch step 1   α=0.3 diagtol=1.269590844231569e-5
└ @ DFTK /home/herbstm/.julia/packages/DFTK/ogFMK/src/scf/potential_mixing.jl:296
 36   -333.3032098368   -2.37e-04   7.31e-03    0.696   0.30   24.7
┌ Debug: Iteration 37 linesearch step 1   α=0.3 diagtol=1.269590844231569e-5
└ @ DFTK /home/herbstm/.julia/packages/DFTK/ogFMK/src/scf/potential_mixing.jl:296
 37   -333.3032042136    5.62e-06   3.92e-03    0.690   0.30   24.7
┌ Debug: Iteration 38 linesearch step 1   α=0.3 diagtol=1.269590844231569e-5
└ @ DFTK /home/herbstm/.julia/packages/DFTK/ogFMK/src/scf/potential_mixing.jl:296
 38   -333.3032075287   -3.32e-06   1.21e-03    0.691   0.30   24.8
┌ Debug: Iteration 39 linesearch step 1   α=0.3 diagtol=1.2130616524071171e-5
└ @ DFTK /home/herbstm/.julia/packages/DFTK/ogFMK/src/scf/potential_mixing.jl:296
 39   -333.3031200974    8.74e-05   5.30e-03    0.667   0.30   24.8
┌ Debug: Iteration 40 linesearch step 1   α=0.3 diagtol=1.2130616524071171e-5
└ @ DFTK /home/herbstm/.julia/packages/DFTK/ogFMK/src/scf/potential_mixing.jl:296
┌ Warning: SCF not converged.
└ @ DFTK /home/herbstm/.julia/packages/DFTK/ogFMK/src/scf/scf_callbacks.jl:37

Energy breakdown:
    Kinetic             163.8256295
    AtomicLocal         -305.3998252
    AtomicNonlocal      -41.5625625
    Ewald               -218.4915480
    PspCorrection       8.2062430 
    Hartree             96.5970121
    Xc                  -36.4714691
    Entropy             -0.0066340

    total               -333.303154189903

