#
#-- SCF Fe2CrGa_40guess -- case=maxcond_1e10
#
    keywords: (damping = DFTK.FixedDamping(0.3), diagtol_max = 1.0e-8, acceleration = DFTK.AndersonAcceleration(10, Any[], Any[], 1.0e10))

hostname        = clustern11

started on      = 2021-09-27T11:09:02.873
julia threads   = 1
BLAS threads    = 1
MPI procs       = 16

temperature     = 0.01
smearing        = DFTK.Smearing.Gaussian()
lattice         = [0.0 5.503 5.503; 5.503 0.0 5.503; 5.503 5.503 0.0]
Ecut            = 45.0
fft_size        = (50, 50, 50)
kgrid           = [13, 13, 13]
kshift          = [0.0, 0.0, 0.0]
n_irreducible_k = 168
n_bands         = 59
n_electrons     = 49
type            = potmix
mixing          = KerkerMixing(0.8, 0.0)
damping         = DFTK.FixedDamping(0.3)
n     Free energy       Eₙ-Eₙ₋₁     ρout-ρin   Magnet   α      Diag
---   ---------------   ---------   --------   ------   ----   ----
  1   -333.3032265636         NaN   3.05e+00    0.771    NaN   22.4
┌ Debug: Iteration 2 linesearch step 1   α=0.3 diagtol=2.0e-9
└ @ DFTK /home/herbstm/.julia/packages/DFTK/ogFMK/src/scf/potential_mixing.jl:296
  2   -333.2997648975    3.46e-03   3.60e-02    0.783   0.30   29.9
┌ Debug: Iteration 3 linesearch step 1   α=0.3 diagtol=2.0e-9
└ @ DFTK /home/herbstm/.julia/packages/DFTK/ogFMK/src/scf/potential_mixing.jl:296
  3   -333.3036868680   -3.92e-03   2.47e-02    0.800   0.30   28.5
┌ Debug: Iteration 4 linesearch step 1   α=0.3 diagtol=2.0e-9
└ @ DFTK /home/herbstm/.julia/packages/DFTK/ogFMK/src/scf/potential_mixing.jl:296
  4   -333.2958240833    7.86e-03   2.35e-01   -0.351   0.30   35.0
┌ Debug: Iteration 5 linesearch step 1   α=0.3 diagtol=2.0e-9
└ @ DFTK /home/herbstm/.julia/packages/DFTK/ogFMK/src/scf/potential_mixing.jl:296
  5   -333.2986257293   -2.80e-03   1.25e-02   -0.297   0.30   35.1
┌ Debug: Iteration 6 linesearch step 1   α=0.3 diagtol=2.0e-9
└ @ DFTK /home/herbstm/.julia/packages/DFTK/ogFMK/src/scf/potential_mixing.jl:296
  6   -333.3007069950   -2.08e-03   2.60e-02   -0.168   0.30   34.9
┌ Debug: Iteration 7 linesearch step 1   α=0.3 diagtol=2.0e-9
└ @ DFTK /home/herbstm/.julia/packages/DFTK/ogFMK/src/scf/potential_mixing.jl:296
  7   -333.3020013940   -1.29e-03   5.98e-02    0.138   0.30   34.1
┌ Debug: Iteration 8 linesearch step 1   α=0.3 diagtol=2.0e-9
└ @ DFTK /home/herbstm/.julia/packages/DFTK/ogFMK/src/scf/potential_mixing.jl:296
  8   -333.3019695028    3.19e-05   2.03e-02    0.004   0.30   34.5
┌ Debug: Iteration 9 linesearch step 1   α=0.3 diagtol=2.0e-9
└ @ DFTK /home/herbstm/.julia/packages/DFTK/ogFMK/src/scf/potential_mixing.jl:296
  9   -333.3023072338   -3.38e-04   3.27e-02    0.145   0.30   34.3
┌ Debug: Iteration 10 linesearch step 1   α=0.3 diagtol=2.0e-9
└ @ DFTK /home/herbstm/.julia/packages/DFTK/ogFMK/src/scf/potential_mixing.jl:296
 10   -333.3024884945   -1.81e-04   1.52e-02    0.186   0.30   33.9
┌ Debug: Iteration 11 linesearch step 1   α=0.3 diagtol=2.0e-9
└ @ DFTK /home/herbstm/.julia/packages/DFTK/ogFMK/src/scf/potential_mixing.jl:296
 11   -333.3026397054   -1.51e-04   2.64e-02    0.264   0.30   32.9
┌ Debug: Iteration 12 linesearch step 1   α=0.3 diagtol=2.0e-9
└ @ DFTK /home/herbstm/.julia/packages/DFTK/ogFMK/src/scf/potential_mixing.jl:296
 12   -333.3028370702   -1.97e-04   3.37e-02    0.470   0.30   32.0
┌ Debug: Iteration 13 linesearch step 1   α=0.3 diagtol=2.0e-9
└ @ DFTK /home/herbstm/.julia/packages/DFTK/ogFMK/src/scf/potential_mixing.jl:296
 13   -333.3026709593    1.66e-04   2.19e-02    0.338   0.30   32.6
┌ Debug: Iteration 14 linesearch step 1   α=0.3 diagtol=2.0e-9
└ @ DFTK /home/herbstm/.julia/packages/DFTK/ogFMK/src/scf/potential_mixing.jl:296
 14   -333.3026156308    5.53e-05   2.50e-02    0.169   0.30   33.0
┌ Debug: Iteration 15 linesearch step 1   α=0.3 diagtol=2.0e-9
└ @ DFTK /home/herbstm/.julia/packages/DFTK/ogFMK/src/scf/potential_mixing.jl:296
 15   -333.3026002589    1.54e-05   4.58e-03    0.140   0.30   33.3
┌ Debug: Iteration 16 linesearch step 1   α=0.3 diagtol=2.0e-9
└ @ DFTK /home/herbstm/.julia/packages/DFTK/ogFMK/src/scf/potential_mixing.jl:296
 16   -333.3025859229    1.43e-05   3.26e-03    0.119   0.30   33.0
┌ Debug: Iteration 17 linesearch step 1   α=0.3 diagtol=2.0e-9
└ @ DFTK /home/herbstm/.julia/packages/DFTK/ogFMK/src/scf/potential_mixing.jl:296
 17   -333.3025831025    2.82e-06   5.76e-03    0.155   0.30   33.3
┌ Debug: Iteration 18 linesearch step 1   α=0.3 diagtol=2.0e-9
└ @ DFTK /home/herbstm/.julia/packages/DFTK/ogFMK/src/scf/potential_mixing.jl:296
 18   -333.3025875701   -4.47e-06   1.22e-02    0.221   0.30   33.5
┌ Debug: Iteration 19 linesearch step 1   α=0.3 diagtol=2.0e-9
└ @ DFTK /home/herbstm/.julia/packages/DFTK/ogFMK/src/scf/potential_mixing.jl:296
 19   -333.3025298049    5.78e-05   2.58e-02    0.063   0.30   33.3
┌ Debug: Iteration 20 linesearch step 1   α=0.3 diagtol=2.0e-9
└ @ DFTK /home/herbstm/.julia/packages/DFTK/ogFMK/src/scf/potential_mixing.jl:296
 20   -333.3025832746   -5.35e-05   1.58e-02    0.163   0.30   33.4
┌ Debug: Iteration 21 linesearch step 1   α=0.3 diagtol=2.0e-9
└ @ DFTK /home/herbstm/.julia/packages/DFTK/ogFMK/src/scf/potential_mixing.jl:296
 21   -333.3025907871   -7.51e-06   6.77e-03    0.122   0.30   33.3
┌ Debug: Iteration 22 linesearch step 1   α=0.3 diagtol=2.0e-9
└ @ DFTK /home/herbstm/.julia/packages/DFTK/ogFMK/src/scf/potential_mixing.jl:296
 22   -333.3025998180   -9.03e-06   1.27e-03    0.114   0.30   33.1
┌ Debug: Iteration 23 linesearch step 1   α=0.3 diagtol=2.0e-9
└ @ DFTK /home/herbstm/.julia/packages/DFTK/ogFMK/src/scf/potential_mixing.jl:296
 23   -333.3025545107    4.53e-05   1.09e-02    0.176   0.30   33.1
┌ Debug: Iteration 24 linesearch step 1   α=0.3 diagtol=2.0e-9
└ @ DFTK /home/herbstm/.julia/packages/DFTK/ogFMK/src/scf/potential_mixing.jl:296
 24   -333.3025731534   -1.86e-05   2.96e-03    0.196   0.30   33.3
┌ Debug: Iteration 25 linesearch step 1   α=0.3 diagtol=2.0e-9
└ @ DFTK /home/herbstm/.julia/packages/DFTK/ogFMK/src/scf/potential_mixing.jl:296
 25   -333.3025378292    3.53e-05   7.06e-03    0.152   0.30   33.3
┌ Debug: Iteration 26 linesearch step 1   α=0.3 diagtol=2.0e-9
└ @ DFTK /home/herbstm/.julia/packages/DFTK/ogFMK/src/scf/potential_mixing.jl:296
 26   -333.3025349990    2.83e-06   8.28e-04    0.146   0.30   33.4
┌ Debug: Iteration 27 linesearch step 1   α=0.3 diagtol=2.0e-9
└ @ DFTK /home/herbstm/.julia/packages/DFTK/ogFMK/src/scf/potential_mixing.jl:296
 27   -333.3025502129   -1.52e-05   1.53e-03    0.138   0.30   33.1
┌ Debug: Iteration 28 linesearch step 1   α=0.3 diagtol=2.0e-9
└ @ DFTK /home/herbstm/.julia/packages/DFTK/ogFMK/src/scf/potential_mixing.jl:296
 28   -333.3025700829   -1.99e-05   4.62e-03    0.109   0.30   33.2
┌ Debug: Iteration 29 linesearch step 1   α=0.3 diagtol=2.0e-9
└ @ DFTK /home/herbstm/.julia/packages/DFTK/ogFMK/src/scf/potential_mixing.jl:296
 29   -333.3025718124   -1.73e-06   2.33e-03    0.097   0.30   33.2
┌ Debug: Iteration 30 linesearch step 1   α=0.3 diagtol=2.0e-9
└ @ DFTK /home/herbstm/.julia/packages/DFTK/ogFMK/src/scf/potential_mixing.jl:296
 30   -333.3025765817   -4.77e-06   2.45e-03    0.083   0.30   33.4
┌ Debug: Iteration 31 linesearch step 1   α=0.3 diagtol=2.0e-9
└ @ DFTK /home/herbstm/.julia/packages/DFTK/ogFMK/src/scf/potential_mixing.jl:296
 31   -333.3025882340   -1.17e-05   3.57e-03    0.107   0.30   33.3
┌ Debug: Iteration 32 linesearch step 1   α=0.3 diagtol=2.0e-9
└ @ DFTK /home/herbstm/.julia/packages/DFTK/ogFMK/src/scf/potential_mixing.jl:296
 32   -333.3025924546   -4.22e-06   1.69e-03    0.106   0.30   33.4
┌ Debug: Iteration 33 linesearch step 1   α=0.3 diagtol=2.0e-9
└ @ DFTK /home/herbstm/.julia/packages/DFTK/ogFMK/src/scf/potential_mixing.jl:296
 33   -333.3025774818    1.50e-05   2.56e-03    0.090   0.30   33.3
┌ Debug: Iteration 34 linesearch step 1   α=0.3 diagtol=2.0e-9
└ @ DFTK /home/herbstm/.julia/packages/DFTK/ogFMK/src/scf/potential_mixing.jl:296
 34   -333.3025842899   -6.81e-06   2.32e-04    0.091   0.30   33.3
┌ Debug: Iteration 35 linesearch step 1   α=0.3 diagtol=2.0e-9
└ @ DFTK /home/herbstm/.julia/packages/DFTK/ogFMK/src/scf/potential_mixing.jl:296
 35   -333.3025846045   -3.15e-07   2.96e-04    0.092   0.30   33.4
┌ Debug: Iteration 36 linesearch step 1   α=0.3 diagtol=2.0e-9
└ @ DFTK /home/herbstm/.julia/packages/DFTK/ogFMK/src/scf/potential_mixing.jl:296
 36   -333.3026025545   -1.80e-05   2.76e-03    0.075   0.30   33.4
┌ Debug: Iteration 37 linesearch step 1   α=0.3 diagtol=2.0e-9
└ @ DFTK /home/herbstm/.julia/packages/DFTK/ogFMK/src/scf/potential_mixing.jl:296
 37   -333.3025916482    1.09e-05   1.97e-03    0.085   0.30   33.4
┌ Debug: Iteration 38 linesearch step 1   α=0.3 diagtol=2.0e-9
└ @ DFTK /home/herbstm/.julia/packages/DFTK/ogFMK/src/scf/potential_mixing.jl:296
 38   -333.3025836173    8.03e-06   3.13e-03    0.105   0.30   33.1
┌ Debug: Iteration 39 linesearch step 1   α=0.3 diagtol=2.0e-9
└ @ DFTK /home/herbstm/.julia/packages/DFTK/ogFMK/src/scf/potential_mixing.jl:296
 39   -333.3026011377   -1.75e-05   1.69e-03    0.097   0.30   33.1
┌ Debug: Iteration 40 linesearch step 1   α=0.3 diagtol=2.0e-9
└ @ DFTK /home/herbstm/.julia/packages/DFTK/ogFMK/src/scf/potential_mixing.jl:296
 40   -333.3026064001   -5.26e-06   1.31e-03    0.088   0.30   33.2
┌ Debug: Iteration 41 linesearch step 1   α=0.3 diagtol=2.0e-9
└ @ DFTK /home/herbstm/.julia/packages/DFTK/ogFMK/src/scf/potential_mixing.jl:296
 41   -333.3026099530   -3.55e-06   4.28e-04    0.086   0.30   33.4
┌ Debug: Iteration 42 linesearch step 1   α=0.3 diagtol=2.0e-9
└ @ DFTK /home/herbstm/.julia/packages/DFTK/ogFMK/src/scf/potential_mixing.jl:296
 42   -333.3026152147   -5.26e-06   7.47e-04    0.082   0.30   33.3
┌ Debug: Iteration 43 linesearch step 1   α=0.3 diagtol=2.0e-9
└ @ DFTK /home/herbstm/.julia/packages/DFTK/ogFMK/src/scf/potential_mixing.jl:296
 43   -333.3026161416   -9.27e-07   2.05e-04    0.080   0.30   33.3
┌ Debug: Iteration 44 linesearch step 1   α=0.3 diagtol=2.0e-9
└ @ DFTK /home/herbstm/.julia/packages/DFTK/ogFMK/src/scf/potential_mixing.jl:296
 44   -333.3026168699   -7.28e-07   1.51e-03    0.074   0.30   33.4
┌ Debug: Iteration 45 linesearch step 1   α=0.3 diagtol=2.0e-9
└ @ DFTK /home/herbstm/.julia/packages/DFTK/ogFMK/src/scf/potential_mixing.jl:296
 45   -333.3026190529   -2.18e-06   9.69e-04    0.067   0.30   33.4
┌ Debug: Iteration 46 linesearch step 1   α=0.3 diagtol=2.0e-9
└ @ DFTK /home/herbstm/.julia/packages/DFTK/ogFMK/src/scf/potential_mixing.jl:296
 46   -333.3026186994    3.53e-07   8.66e-04    0.064   0.30   33.3
┌ Debug: Iteration 47 linesearch step 1   α=0.3 diagtol=2.0e-9
└ @ DFTK /home/herbstm/.julia/packages/DFTK/ogFMK/src/scf/potential_mixing.jl:296
 47   -333.3026167138    1.99e-06   2.47e-04    0.066   0.30   33.4
┌ Debug: Iteration 48 linesearch step 1   α=0.3 diagtol=2.0e-9
└ @ DFTK /home/herbstm/.julia/packages/DFTK/ogFMK/src/scf/potential_mixing.jl:296
 48   -333.3026186287   -1.91e-06   1.54e-03    0.067   0.30   33.4
┌ Debug: Iteration 49 linesearch step 1   α=0.3 diagtol=2.0e-9
└ @ DFTK /home/herbstm/.julia/packages/DFTK/ogFMK/src/scf/potential_mixing.jl:296
 49   -333.3026229641   -4.34e-06   2.37e-03    0.052   0.30   33.4
┌ Debug: Iteration 50 linesearch step 1   α=0.3 diagtol=2.0e-9
└ @ DFTK /home/herbstm/.julia/packages/DFTK/ogFMK/src/scf/potential_mixing.jl:296
 50   -333.3026212804    1.68e-06   1.39e-03    0.060   0.30   33.2
┌ Debug: Iteration 51 linesearch step 1   α=0.3 diagtol=2.0e-9
└ @ DFTK /home/herbstm/.julia/packages/DFTK/ogFMK/src/scf/potential_mixing.jl:296
 51   -333.3026228729   -1.59e-06   1.36e-03    0.056   0.30   33.3
┌ Debug: Iteration 52 linesearch step 1   α=0.3 diagtol=2.0e-9
└ @ DFTK /home/herbstm/.julia/packages/DFTK/ogFMK/src/scf/potential_mixing.jl:296
 52   -333.3026218259    1.05e-06   2.57e-03    0.060   0.30   33.3
┌ Debug: Iteration 53 linesearch step 1   α=0.3 diagtol=2.0e-9
└ @ DFTK /home/herbstm/.julia/packages/DFTK/ogFMK/src/scf/potential_mixing.jl:296
 53   -333.3026192266    2.60e-06   1.80e-03    0.069   0.30   33.3
┌ Debug: Iteration 54 linesearch step 1   α=0.3 diagtol=2.0e-9
└ @ DFTK /home/herbstm/.julia/packages/DFTK/ogFMK/src/scf/potential_mixing.jl:296
 54   -333.3026175074    1.72e-06   1.08e-03    0.074   0.30   33.3
┌ Debug: Iteration 55 linesearch step 1   α=0.3 diagtol=2.0e-9
└ @ DFTK /home/herbstm/.julia/packages/DFTK/ogFMK/src/scf/potential_mixing.jl:296
 55   -333.3026126759    4.83e-06   3.28e-03    0.091   0.30   33.2
┌ Debug: Iteration 56 linesearch step 1   α=0.3 diagtol=2.0e-9
└ @ DFTK /home/herbstm/.julia/packages/DFTK/ogFMK/src/scf/potential_mixing.jl:296
 56   -333.3026136174   -9.41e-07   1.96e-03    0.100   0.30   33.3
┌ Debug: Iteration 57 linesearch step 1   α=0.3 diagtol=2.0e-9
└ @ DFTK /home/herbstm/.julia/packages/DFTK/ogFMK/src/scf/potential_mixing.jl:296
 57   -333.3026071699    6.45e-06   6.62e-04    0.098   0.30   33.3
┌ Debug: Iteration 58 linesearch step 1   α=0.3 diagtol=2.0e-9
└ @ DFTK /home/herbstm/.julia/packages/DFTK/ogFMK/src/scf/potential_mixing.jl:296
 58   -333.3026095587   -2.39e-06   7.53e-04    0.093   0.30   33.3
┌ Debug: Iteration 59 linesearch step 1   α=0.3 diagtol=2.0e-9
└ @ DFTK /home/herbstm/.julia/packages/DFTK/ogFMK/src/scf/potential_mixing.jl:296
 59   -333.3026026366    6.92e-06   2.89e-04    0.095   0.30   33.2
┌ Debug: Iteration 60 linesearch step 1   α=0.3 diagtol=2.0e-9
└ @ DFTK /home/herbstm/.julia/packages/DFTK/ogFMK/src/scf/potential_mixing.jl:296
 60   -333.3026116784   -9.04e-06   2.40e-03    0.083   0.30   33.5
┌ Debug: Iteration 61 linesearch step 1   α=0.3 diagtol=2.0e-9
└ @ DFTK /home/herbstm/.julia/packages/DFTK/ogFMK/src/scf/potential_mixing.jl:296
 61   -333.3026080830    3.60e-06   5.11e-03    0.106   0.30   33.1
┌ Debug: Iteration 62 linesearch step 1   α=0.3 diagtol=2.0e-9
└ @ DFTK /home/herbstm/.julia/packages/DFTK/ogFMK/src/scf/potential_mixing.jl:296
 62   -333.3026120187   -3.94e-06   2.81e-03    0.090   0.30   33.3
┌ Debug: Iteration 63 linesearch step 1   α=0.3 diagtol=2.0e-9
└ @ DFTK /home/herbstm/.julia/packages/DFTK/ogFMK/src/scf/potential_mixing.jl:296
 63   -333.3026145179   -2.50e-06   1.13e-03    0.084   0.30   33.4
┌ Debug: Iteration 64 linesearch step 1   α=0.3 diagtol=2.0e-9
└ @ DFTK /home/herbstm/.julia/packages/DFTK/ogFMK/src/scf/potential_mixing.jl:296
 64   -333.3026137773    7.41e-07   1.34e-03    0.089   0.30   33.1
┌ Debug: Iteration 65 linesearch step 1   α=0.3 diagtol=2.0e-9
└ @ DFTK /home/herbstm/.julia/packages/DFTK/ogFMK/src/scf/potential_mixing.jl:296
 65   -333.3026197597   -5.98e-06   8.09e-03    0.053   0.30   33.3
┌ Debug: Iteration 66 linesearch step 1   α=0.3 diagtol=2.0e-9
└ @ DFTK /home/herbstm/.julia/packages/DFTK/ogFMK/src/scf/potential_mixing.jl:296
 66   -333.3026189689    7.91e-07   2.21e-03    0.065   0.30   33.4
┌ Debug: Iteration 67 linesearch step 1   α=0.3 diagtol=2.0e-9
└ @ DFTK /home/herbstm/.julia/packages/DFTK/ogFMK/src/scf/potential_mixing.jl:296
 67   -333.3025948551    2.41e-05   1.80e-02    0.159   0.30   33.1
┌ Debug: Iteration 68 linesearch step 1   α=0.3 diagtol=2.0e-9
└ @ DFTK /home/herbstm/.julia/packages/DFTK/ogFMK/src/scf/potential_mixing.jl:296
 68   -333.3026138816   -1.90e-05   1.19e-02    0.088   0.30   33.2
┌ Debug: Iteration 69 linesearch step 1   α=0.3 diagtol=2.0e-9
└ @ DFTK /home/herbstm/.julia/packages/DFTK/ogFMK/src/scf/potential_mixing.jl:296
 69   -333.3026041071    9.77e-06   5.86e-03    0.116   0.30   33.2
┌ Debug: Iteration 70 linesearch step 1   α=0.3 diagtol=2.0e-9
└ @ DFTK /home/herbstm/.julia/packages/DFTK/ogFMK/src/scf/potential_mixing.jl:296
 70   -333.3026026725    1.43e-06   1.48e-03    0.124   0.30   33.0
┌ Debug: Iteration 71 linesearch step 1   α=0.3 diagtol=2.0e-9
└ @ DFTK /home/herbstm/.julia/packages/DFTK/ogFMK/src/scf/potential_mixing.jl:296
 71   -333.3026098086   -7.14e-06   4.64e-03    0.099   0.30   33.2
┌ Debug: Iteration 72 linesearch step 1   α=0.3 diagtol=2.0e-9
└ @ DFTK /home/herbstm/.julia/packages/DFTK/ogFMK/src/scf/potential_mixing.jl:296
 72   -333.3026027833    7.03e-06   3.82e-03    0.123   0.30   33.0
┌ Debug: Iteration 73 linesearch step 1   α=0.3 diagtol=2.0e-9
└ @ DFTK /home/herbstm/.julia/packages/DFTK/ogFMK/src/scf/potential_mixing.jl:296
 73   -333.3026058279   -3.04e-06   2.45e-03    0.108   0.30   33.1
┌ Debug: Iteration 74 linesearch step 1   α=0.3 diagtol=2.0e-9
└ @ DFTK /home/herbstm/.julia/packages/DFTK/ogFMK/src/scf/potential_mixing.jl:296
 74   -333.3026007884    5.04e-06   3.71e-03    0.135   0.30   33.0
┌ Debug: Iteration 75 linesearch step 1   α=0.3 diagtol=2.0e-9
└ @ DFTK /home/herbstm/.julia/packages/DFTK/ogFMK/src/scf/potential_mixing.jl:296
 75   -333.3026058205   -5.03e-06   3.34e-03    0.115   0.30   33.1
┌ Debug: Iteration 76 linesearch step 1   α=0.3 diagtol=2.0e-9
└ @ DFTK /home/herbstm/.julia/packages/DFTK/ogFMK/src/scf/potential_mixing.jl:296
 76   -333.3026095694   -3.75e-06   9.26e-04    0.109   0.30   33.3
┌ Debug: Iteration 77 linesearch step 1   α=0.3 diagtol=2.0e-9
└ @ DFTK /home/herbstm/.julia/packages/DFTK/ogFMK/src/scf/potential_mixing.jl:296
 77   -333.3026091801    3.89e-07   1.40e-03    0.118   0.30   33.3
┌ Debug: Iteration 78 linesearch step 1   α=0.3 diagtol=2.0e-9
└ @ DFTK /home/herbstm/.julia/packages/DFTK/ogFMK/src/scf/potential_mixing.jl:296
 78   -333.3026171960   -8.02e-06   7.20e-03    0.073   0.30   33.5
┌ Debug: Iteration 79 linesearch step 1   α=0.3 diagtol=2.0e-9
└ @ DFTK /home/herbstm/.julia/packages/DFTK/ogFMK/src/scf/potential_mixing.jl:296
 79   -333.3026206366   -3.44e-06   2.94e-03    0.053   0.30   33.4
┌ Debug: Iteration 80 linesearch step 1   α=0.3 diagtol=2.0e-9
└ @ DFTK /home/herbstm/.julia/packages/DFTK/ogFMK/src/scf/potential_mixing.jl:296
 80   -333.3026117482    8.89e-06   7.78e-03    0.103   0.30   33.4
┌ Debug: Iteration 81 linesearch step 1   α=0.3 diagtol=2.0e-9
└ @ DFTK /home/herbstm/.julia/packages/DFTK/ogFMK/src/scf/potential_mixing.jl:296
 81   -333.3026112221    5.26e-07   1.37e-03    0.110   0.30   33.3
┌ Debug: Iteration 82 linesearch step 1   α=0.3 diagtol=2.0e-9
└ @ DFTK /home/herbstm/.julia/packages/DFTK/ogFMK/src/scf/potential_mixing.jl:296
 82   -333.3025696560    4.16e-05   3.02e-02    0.288   0.30   32.7
┌ Debug: Iteration 83 linesearch step 1   α=0.3 diagtol=2.0e-9
└ @ DFTK /home/herbstm/.julia/packages/DFTK/ogFMK/src/scf/potential_mixing.jl:296
 83   -333.3025844962   -1.48e-05   9.37e-03    0.234   0.30   32.7
┌ Debug: Iteration 84 linesearch step 1   α=0.3 diagtol=2.0e-9
└ @ DFTK /home/herbstm/.julia/packages/DFTK/ogFMK/src/scf/potential_mixing.jl:296
 84   -333.3025861052   -1.61e-06   7.97e-04    0.239   0.30   32.6
┌ Debug: Iteration 85 linesearch step 1   α=0.3 diagtol=2.0e-9
└ @ DFTK /home/herbstm/.julia/packages/DFTK/ogFMK/src/scf/potential_mixing.jl:296
 85   -333.3025882306   -2.13e-06   1.95e-03    0.229   0.30   32.7
┌ Debug: Iteration 86 linesearch step 1   α=0.3 diagtol=2.0e-9
└ @ DFTK /home/herbstm/.julia/packages/DFTK/ogFMK/src/scf/potential_mixing.jl:296
 86   -333.3025765101    1.17e-05   6.92e-04    0.225   0.30   32.8
┌ Debug: Iteration 87 linesearch step 1   α=0.3 diagtol=2.0e-9
└ @ DFTK /home/herbstm/.julia/packages/DFTK/ogFMK/src/scf/potential_mixing.jl:296
 87   -333.3025792400   -2.73e-06   4.19e-04    0.226   0.30   32.7
┌ Debug: Iteration 88 linesearch step 1   α=0.3 diagtol=2.0e-9
└ @ DFTK /home/herbstm/.julia/packages/DFTK/ogFMK/src/scf/potential_mixing.jl:296
 88   -333.3025826568   -3.42e-06   8.73e-04    0.220   0.30   32.9
┌ Debug: Iteration 89 linesearch step 1   α=0.3 diagtol=2.0e-9
└ @ DFTK /home/herbstm/.julia/packages/DFTK/ogFMK/src/scf/potential_mixing.jl:296
 89   -333.3025807690    1.89e-06   1.56e-03    0.230   0.30   32.8
┌ Debug: Iteration 90 linesearch step 1   α=0.3 diagtol=2.0e-9
└ @ DFTK /home/herbstm/.julia/packages/DFTK/ogFMK/src/scf/potential_mixing.jl:296
 90   -333.3025881694   -7.40e-06   1.10e-02    0.168   0.30   33.1
┌ Debug: Iteration 91 linesearch step 1   α=0.3 diagtol=2.0e-9
└ @ DFTK /home/herbstm/.julia/packages/DFTK/ogFMK/src/scf/potential_mixing.jl:296
 91   -333.3025770470    1.11e-05   1.09e-02    0.234   0.30   32.8
┌ Debug: Iteration 92 linesearch step 1   α=0.3 diagtol=2.0e-9
└ @ DFTK /home/herbstm/.julia/packages/DFTK/ogFMK/src/scf/potential_mixing.jl:296
 92   -333.3026026029   -2.56e-05   1.51e-02    0.139   0.30   33.2
┌ Debug: Iteration 93 linesearch step 1   α=0.3 diagtol=2.0e-9
└ @ DFTK /home/herbstm/.julia/packages/DFTK/ogFMK/src/scf/potential_mixing.jl:296
 93   -333.3026051519   -2.55e-06   4.46e-04    0.139   0.30   33.1
┌ Debug: Iteration 94 linesearch step 1   α=0.3 diagtol=2.0e-9
└ @ DFTK /home/herbstm/.julia/packages/DFTK/ogFMK/src/scf/potential_mixing.jl:296
 94   -333.3026148335   -9.68e-06   2.36e-03    0.122   0.30   33.4
┌ Debug: Iteration 95 linesearch step 1   α=0.3 diagtol=2.0e-9
└ @ DFTK /home/herbstm/.julia/packages/DFTK/ogFMK/src/scf/potential_mixing.jl:296
 95   -333.3026148844   -5.10e-08   3.73e-03    0.144   0.30   33.1
┌ Debug: Iteration 96 linesearch step 1   α=0.3 diagtol=2.0e-9
└ @ DFTK /home/herbstm/.julia/packages/DFTK/ogFMK/src/scf/potential_mixing.jl:296
 96   -333.3026136964    1.19e-06   1.46e-03    0.135   0.30   33.2
┌ Debug: Iteration 97 linesearch step 1   α=0.3 diagtol=2.0e-9
└ @ DFTK /home/herbstm/.julia/packages/DFTK/ogFMK/src/scf/potential_mixing.jl:296
 97   -333.3026117225    1.97e-06   5.54e-03    0.099   0.30   33.2
┌ Debug: Iteration 98 linesearch step 1   α=0.3 diagtol=2.0e-9
└ @ DFTK /home/herbstm/.julia/packages/DFTK/ogFMK/src/scf/potential_mixing.jl:296
 98   -333.3026119501   -2.28e-07   2.24e-03    0.115   0.30   33.3
┌ Debug: Iteration 99 linesearch step 1   α=0.3 diagtol=2.0e-9
└ @ DFTK /home/herbstm/.julia/packages/DFTK/ogFMK/src/scf/potential_mixing.jl:296
 99   -333.3026130782   -1.13e-06   8.39e-04    0.108   0.30   33.2
┌ Debug: Iteration 100 linesearch step 1   α=0.3 diagtol=2.0e-9
└ @ DFTK /home/herbstm/.julia/packages/DFTK/ogFMK/src/scf/potential_mixing.jl:296
┌ Warning: SCF not converged.
└ @ DFTK /home/herbstm/.julia/packages/DFTK/ogFMK/src/scf/scf_callbacks.jl:37

Energy breakdown:
    Kinetic             163.8120212
    AtomicLocal         -305.3840194
    AtomicNonlocal      -41.5572248
    Ewald               -218.4915480
    PspCorrection       8.2062430 
    Hartree             96.5867765
    Xc                  -36.4677323
    Entropy             -0.0071256

    total               -333.302609434789

 ──────────────────────────────────────────────────────────────────────────────
                                       Time                   Allocations      
                               ──────────────────────   ───────────────────────
       Tot / % measured:           13586s / 100%             834GiB / 100%     

 Section               ncalls     time   %tot     avg     alloc   %tot      avg
 ──────────────────────────────────────────────────────────────────────────────
 scf_potential_mixing       1   13579s   100%  13579s    833GiB  100%    833GiB
   LOBPCG               1.20k   13078s  96.3%   10.9s    792GiB  95.1%   676MiB
     Hamiltonian mu...  56.9k    5280s  38.9%  92.7ms    159GiB  19.1%  2.85MiB
       kinetic+local    56.9k    4703s  34.6%  82.6ms   3.34GiB  0.40%  61.5KiB
       nonlocal         56.9k     551s  4.06%  9.68ms    102GiB  12.3%  1.84MiB
     rayleigh_ritz      55.7k    1811s  13.3%  32.5ms   34.0GiB  4.09%   640KiB
     ortho!              238k     747s  5.50%  3.14ms   28.4GiB  3.41%   125KiB
   compute_density        100     390s  2.87%   3.90s   7.56GiB  0.91%  77.5MiB
   energy_hamiltonian     101    66.6s  0.49%   659ms   20.6GiB  2.47%   209MiB
     ene_ops              101    62.5s  0.46%   619ms   18.0GiB  2.16%   182MiB
       ene_ops: xc        101    32.4s  0.24%   320ms   15.9GiB  1.91%   161MiB
       ene_ops: non...    101    15.0s  0.11%   149ms    237MiB  0.03%  2.35MiB
       ene_ops: kin...    101    2.48s  0.02%  24.6ms   53.1MiB  0.01%   538KiB
       ene_ops: har...    101    1.41s  0.01%  13.9ms   0.97GiB  0.12%  9.81MiB
       ene_ops: local     101    477ms  0.00%  4.73ms    215MiB  0.03%  2.13MiB
   KerkerMixing           100    3.16s  0.02%  31.6ms   2.72GiB  0.33%  27.9MiB
   QR orthonormaliz...  1.20k   1.55ms  0.00%  1.29μs     0.00B  0.00%    0.00B
 ──────────────────────────────────────────────────────────────────────────────
┌ Debug: Library handles
│   libGR_handle[] = Ptr{Nothing} @0x000000000e803780
│   libGR3_handle[] = Ptr{Nothing} @0x00000000111433c0
│   libGRM_handle[] = Ptr{Nothing} @0x000000000cb74640
└ @ GR /home/herbstm/.julia/packages/GR/4DHy8/src/funcptrs.jl:67
┌ Debug: Found GKS_ENCODING in ENV
│   text_encoding[] = 301
└ @ GR /home/herbstm/.julia/packages/GR/4DHy8/src/GR.jl:468
