#
#-- SCF Fe2CrGa_40guess -- case=maxcond_1e6
#
    keywords: (damping = DFTK.FixedDamping(0.3), diagtol_max = 1.0e-8, acceleration = DFTK.AndersonAcceleration(10, Any[], Any[], 1.0e6))

hostname        = clustern09

started on      = 2021-09-27T11:27:14.354
julia threads   = 1
BLAS threads    = 1
MPI procs       = 16

temperature     = 0.01
smearing        = DFTK.Smearing.Gaussian()
lattice         = [0.0 5.503 5.503; 5.503 0.0 5.503; 5.503 5.503 0.0]
Ecut            = 45.0
fft_size        = (50, 50, 50)
kgrid           = [13, 13, 13]
kshift          = [0.0, 0.0, 0.0]
n_irreducible_k = 168
n_bands         = 59
n_electrons     = 49
type            = potmix
mixing          = KerkerMixing(0.8, 0.0)
damping         = DFTK.FixedDamping(0.3)
n     Free energy       Eₙ-Eₙ₋₁     ρout-ρin   Magnet   α      Diag
---   ---------------   ---------   --------   ------   ----   ----
  1   -333.3032265636         NaN   3.05e+00    0.771    NaN   22.3
┌ Debug: Iteration 2 linesearch step 1   α=0.3 diagtol=2.0e-9
└ @ DFTK /home/herbstm/.julia/packages/DFTK/ogFMK/src/scf/potential_mixing.jl:296
  2   -333.2997648975    3.46e-03   3.60e-02    0.783   0.30   29.8
┌ Debug: Iteration 3 linesearch step 1   α=0.3 diagtol=2.0e-9
└ @ DFTK /home/herbstm/.julia/packages/DFTK/ogFMK/src/scf/potential_mixing.jl:296
  3   -333.3036868680   -3.92e-03   2.47e-02    0.800   0.30   28.5
┌ Debug: Iteration 4 linesearch step 1   α=0.3 diagtol=2.0e-9
└ @ DFTK /home/herbstm/.julia/packages/DFTK/ogFMK/src/scf/potential_mixing.jl:296
  4   -333.2958240833    7.86e-03   2.35e-01   -0.351   0.30   35.0
┌ Debug: Iteration 5 linesearch step 1   α=0.3 diagtol=2.0e-9
└ @ DFTK /home/herbstm/.julia/packages/DFTK/ogFMK/src/scf/potential_mixing.jl:296
  5   -333.2986257293   -2.80e-03   1.25e-02   -0.297   0.30   35.1
┌ Debug: Iteration 6 linesearch step 1   α=0.3 diagtol=2.0e-9
└ @ DFTK /home/herbstm/.julia/packages/DFTK/ogFMK/src/scf/potential_mixing.jl:296
  6   -333.3007069949   -2.08e-03   2.60e-02   -0.168   0.30   34.9
┌ Debug: Iteration 7 linesearch step 1   α=0.3 diagtol=2.0e-9
└ @ DFTK /home/herbstm/.julia/packages/DFTK/ogFMK/src/scf/potential_mixing.jl:296
  7   -333.3020013940   -1.29e-03   5.98e-02    0.138   0.30   34.2
┌ Debug: Iteration 8 linesearch step 1   α=0.3 diagtol=2.0e-9
└ @ DFTK /home/herbstm/.julia/packages/DFTK/ogFMK/src/scf/potential_mixing.jl:296
  8   -333.3019695028    3.19e-05   2.03e-02    0.004   0.30   34.5
┌ Debug: Iteration 9 linesearch step 1   α=0.3 diagtol=2.0e-9
└ @ DFTK /home/herbstm/.julia/packages/DFTK/ogFMK/src/scf/potential_mixing.jl:296
  9   -333.3023072338   -3.38e-04   3.27e-02    0.145   0.30   34.3
┌ Debug: Iteration 10 linesearch step 1   α=0.3 diagtol=2.0e-9
└ @ DFTK /home/herbstm/.julia/packages/DFTK/ogFMK/src/scf/potential_mixing.jl:296
 10   -333.3024884945   -1.81e-04   1.52e-02    0.186   0.30   33.7
┌ Debug: Iteration 11 linesearch step 1   α=0.3 diagtol=2.0e-9
└ @ DFTK /home/herbstm/.julia/packages/DFTK/ogFMK/src/scf/potential_mixing.jl:296
 11   -333.3026397054   -1.51e-04   2.64e-02    0.264   0.30   32.8
┌ Debug: Iteration 12 linesearch step 1   α=0.3 diagtol=2.0e-9
└ @ DFTK /home/herbstm/.julia/packages/DFTK/ogFMK/src/scf/potential_mixing.jl:296
 12   -333.3028370722   -1.97e-04   3.37e-02    0.470   0.30   32.0
┌ Debug: Iteration 13 linesearch step 1   α=0.3 diagtol=2.0e-9
└ @ DFTK /home/herbstm/.julia/packages/DFTK/ogFMK/src/scf/potential_mixing.jl:296
 13   -333.3026709652    1.66e-04   2.19e-02    0.338   0.30   32.7
┌ Debug: Iteration 14 linesearch step 1   α=0.3 diagtol=2.0e-9
└ @ DFTK /home/herbstm/.julia/packages/DFTK/ogFMK/src/scf/potential_mixing.jl:296
 14   -333.3026155734    5.54e-05   2.50e-02    0.169   0.30   33.1
┌ Debug: Iteration 15 linesearch step 1   α=0.3 diagtol=2.0e-9
└ @ DFTK /home/herbstm/.julia/packages/DFTK/ogFMK/src/scf/potential_mixing.jl:296
 15   -333.3025994805    1.61e-05   4.57e-03    0.140   0.30   33.2
┌ Debug: Iteration 16 linesearch step 1   α=0.3 diagtol=2.0e-9
└ @ DFTK /home/herbstm/.julia/packages/DFTK/ogFMK/src/scf/potential_mixing.jl:296
 16   -333.3025426281    5.69e-05   3.38e-03    0.120   0.30   33.2
┌ Debug: Iteration 17 linesearch step 1   α=0.3 diagtol=2.0e-9
└ @ DFTK /home/herbstm/.julia/packages/DFTK/ogFMK/src/scf/potential_mixing.jl:296
 17   -333.3026034884   -6.09e-05   1.21e-02    0.207   0.30   33.2
┌ Debug: Iteration 18 linesearch step 1   α=0.3 diagtol=2.0e-9
└ @ DFTK /home/herbstm/.julia/packages/DFTK/ogFMK/src/scf/potential_mixing.jl:296
 18   -333.3026182594   -1.48e-05   1.33e-02    0.301   0.30   33.1
┌ Debug: Iteration 19 linesearch step 1   α=0.3 diagtol=2.0e-9
└ @ DFTK /home/herbstm/.julia/packages/DFTK/ogFMK/src/scf/potential_mixing.jl:296
 19   -333.3025281213    9.01e-05   1.36e-02    0.202   0.30   33.3
┌ Debug: Iteration 20 linesearch step 1   α=0.3 diagtol=2.0e-9
└ @ DFTK /home/herbstm/.julia/packages/DFTK/ogFMK/src/scf/potential_mixing.jl:296
 20   -333.3025550614   -2.69e-05   4.12e-03    0.188   0.30   33.2
┌ Debug: Iteration 21 linesearch step 1   α=0.3 diagtol=2.0e-9
└ @ DFTK /home/herbstm/.julia/packages/DFTK/ogFMK/src/scf/potential_mixing.jl:296
 21   -333.3025528177    2.24e-06   7.12e-03    0.137   0.30   33.4
┌ Debug: Iteration 22 linesearch step 1   α=0.3 diagtol=2.0e-9
└ @ DFTK /home/herbstm/.julia/packages/DFTK/ogFMK/src/scf/potential_mixing.jl:296
 22   -333.3025473495    5.47e-06   3.75e-03    0.133   0.30   33.3
┌ Debug: Iteration 23 linesearch step 1   α=0.3 diagtol=2.0e-9
└ @ DFTK /home/herbstm/.julia/packages/DFTK/ogFMK/src/scf/potential_mixing.jl:296
 23   -333.3026082547   -6.09e-05   1.24e-02    0.223   0.30   33.1
┌ Debug: Iteration 24 linesearch step 1   α=0.3 diagtol=2.0e-9
└ @ DFTK /home/herbstm/.julia/packages/DFTK/ogFMK/src/scf/potential_mixing.jl:296
 24   -333.3026113101   -3.06e-06   1.46e-03    0.231   0.30   33.1
┌ Debug: Iteration 25 linesearch step 1   α=0.3 diagtol=2.0e-9
└ @ DFTK /home/herbstm/.julia/packages/DFTK/ogFMK/src/scf/potential_mixing.jl:296
 25   -333.3026135565   -2.25e-06   1.26e-03    0.228   0.30   33.1
┌ Debug: Iteration 26 linesearch step 1   α=0.3 diagtol=2.0e-9
└ @ DFTK /home/herbstm/.julia/packages/DFTK/ogFMK/src/scf/potential_mixing.jl:296
 26   -333.3026224663   -8.91e-06   2.07e-03    0.241   0.30   33.1
┌ Debug: Iteration 27 linesearch step 1   α=0.3 diagtol=2.0e-9
└ @ DFTK /home/herbstm/.julia/packages/DFTK/ogFMK/src/scf/potential_mixing.jl:296
 27   -333.3026222818    1.84e-07   1.80e-03    0.251   0.30   33.0
┌ Debug: Iteration 28 linesearch step 1   α=0.3 diagtol=2.0e-9
└ @ DFTK /home/herbstm/.julia/packages/DFTK/ogFMK/src/scf/potential_mixing.jl:296
 28   -333.3026229430   -6.61e-07   9.61e-04    0.247   0.30   32.8
┌ Debug: Iteration 29 linesearch step 1   α=0.3 diagtol=2.0e-9
└ @ DFTK /home/herbstm/.julia/packages/DFTK/ogFMK/src/scf/potential_mixing.jl:296
 29   -333.3026277377   -4.79e-06   1.96e-03    0.234   0.30   33.1
┌ Debug: Iteration 30 linesearch step 1   α=0.3 diagtol=2.0e-9
└ @ DFTK /home/herbstm/.julia/packages/DFTK/ogFMK/src/scf/potential_mixing.jl:296
 30   -333.3026321888   -4.45e-06   1.94e-03    0.234   0.30   33.0
┌ Debug: Iteration 31 linesearch step 1   α=0.3 diagtol=2.0e-9
└ @ DFTK /home/herbstm/.julia/packages/DFTK/ogFMK/src/scf/potential_mixing.jl:296
 31   -333.3026387584   -6.57e-06   2.09e-03    0.245   0.30   32.8
┌ Debug: Iteration 32 linesearch step 1   α=0.3 diagtol=2.0e-9
└ @ DFTK /home/herbstm/.julia/packages/DFTK/ogFMK/src/scf/potential_mixing.jl:296
 32   -333.3026440749   -5.32e-06   2.23e-03    0.256   0.30   32.9
┌ Debug: Iteration 33 linesearch step 1   α=0.3 diagtol=2.0e-9
└ @ DFTK /home/herbstm/.julia/packages/DFTK/ogFMK/src/scf/potential_mixing.jl:296
 33   -333.3026424301    1.64e-06   1.02e-03    0.249   0.30   33.0
┌ Debug: Iteration 34 linesearch step 1   α=0.3 diagtol=2.0e-9
└ @ DFTK /home/herbstm/.julia/packages/DFTK/ogFMK/src/scf/potential_mixing.jl:296
 34   -333.3026309081    1.15e-05   1.80e-03    0.241   0.30   32.8
┌ Debug: Iteration 35 linesearch step 1   α=0.3 diagtol=2.0e-9
└ @ DFTK /home/herbstm/.julia/packages/DFTK/ogFMK/src/scf/potential_mixing.jl:296
 35   -333.3026260831    4.82e-06   1.75e-03    0.235   0.30   33.0
┌ Debug: Iteration 36 linesearch step 1   α=0.3 diagtol=2.0e-9
└ @ DFTK /home/herbstm/.julia/packages/DFTK/ogFMK/src/scf/potential_mixing.jl:296
 36   -333.3026243604    1.72e-06   7.02e-04    0.234   0.30   32.9
┌ Debug: Iteration 37 linesearch step 1   α=0.3 diagtol=2.0e-9
└ @ DFTK /home/herbstm/.julia/packages/DFTK/ogFMK/src/scf/potential_mixing.jl:296
 37   -333.3026220480    2.31e-06   9.37e-04    0.240   0.30   33.1
┌ Debug: Iteration 38 linesearch step 1   α=0.3 diagtol=2.0e-9
└ @ DFTK /home/herbstm/.julia/packages/DFTK/ogFMK/src/scf/potential_mixing.jl:296
 38   -333.3026230132   -9.65e-07   3.91e-04    0.241   0.30   33.0
┌ Debug: Iteration 39 linesearch step 1   α=0.3 diagtol=2.0e-9
└ @ DFTK /home/herbstm/.julia/packages/DFTK/ogFMK/src/scf/potential_mixing.jl:296
 39   -333.3026309321   -7.92e-06   1.60e-03    0.244   0.30   32.8
┌ Debug: Iteration 40 linesearch step 1   α=0.3 diagtol=2.0e-9
└ @ DFTK /home/herbstm/.julia/packages/DFTK/ogFMK/src/scf/potential_mixing.jl:296
 40   -333.3026299973    9.35e-07   7.18e-04    0.245   0.30   32.8
┌ Debug: Iteration 41 linesearch step 1   α=0.3 diagtol=2.0e-9
└ @ DFTK /home/herbstm/.julia/packages/DFTK/ogFMK/src/scf/potential_mixing.jl:296
 41   -333.3026283067    1.69e-06   2.64e-04    0.244   0.30   32.9
┌ Debug: Iteration 42 linesearch step 1   α=0.3 diagtol=2.0e-9
└ @ DFTK /home/herbstm/.julia/packages/DFTK/ogFMK/src/scf/potential_mixing.jl:296
 42   -333.3026312017   -2.90e-06   5.49e-04    0.246   0.30   32.9
┌ Debug: Iteration 43 linesearch step 1   α=0.3 diagtol=2.0e-9
└ @ DFTK /home/herbstm/.julia/packages/DFTK/ogFMK/src/scf/potential_mixing.jl:296
 43   -333.3026396922   -8.49e-06   2.09e-03    0.261   0.30   32.8
┌ Debug: Iteration 44 linesearch step 1   α=0.3 diagtol=2.0e-9
└ @ DFTK /home/herbstm/.julia/packages/DFTK/ogFMK/src/scf/potential_mixing.jl:296
 44   -333.3026449368   -5.24e-06   1.72e-03    0.271   0.30   32.7
┌ Debug: Iteration 45 linesearch step 1   α=0.3 diagtol=2.0e-9
└ @ DFTK /home/herbstm/.julia/packages/DFTK/ogFMK/src/scf/potential_mixing.jl:296
 45   -333.3026501603   -5.22e-06   1.33e-03    0.280   0.30   32.8
┌ Debug: Iteration 46 linesearch step 1   α=0.3 diagtol=2.0e-9
└ @ DFTK /home/herbstm/.julia/packages/DFTK/ogFMK/src/scf/potential_mixing.jl:296
 46   -333.3026575967   -7.44e-06   2.46e-03    0.295   0.30   32.9
┌ Debug: Iteration 47 linesearch step 1   α=0.3 diagtol=2.0e-9
└ @ DFTK /home/herbstm/.julia/packages/DFTK/ogFMK/src/scf/potential_mixing.jl:296
 47   -333.3026586826   -1.09e-06   2.59e-04    0.294   0.30   32.8
┌ Debug: Iteration 48 linesearch step 1   α=0.3 diagtol=2.0e-9
└ @ DFTK /home/herbstm/.julia/packages/DFTK/ogFMK/src/scf/potential_mixing.jl:296
 48   -333.3026539987    4.68e-06   7.87e-04    0.289   0.30   32.9
┌ Debug: Iteration 49 linesearch step 1   α=0.3 diagtol=2.0e-9
└ @ DFTK /home/herbstm/.julia/packages/DFTK/ogFMK/src/scf/potential_mixing.jl:296
 49   -333.3026546369   -6.38e-07   5.01e-04    0.285   0.30   32.7
┌ Debug: Iteration 50 linesearch step 1   α=0.3 diagtol=2.0e-9
└ @ DFTK /home/herbstm/.julia/packages/DFTK/ogFMK/src/scf/potential_mixing.jl:296
 50   -333.3026590658   -4.43e-06   1.62e-03    0.284   0.30   32.5
┌ Debug: Iteration 51 linesearch step 1   α=0.3 diagtol=2.0e-9
└ @ DFTK /home/herbstm/.julia/packages/DFTK/ogFMK/src/scf/potential_mixing.jl:296
 51   -333.3026606743   -1.61e-06   6.06e-04    0.288   0.30   32.7
┌ Debug: Iteration 52 linesearch step 1   α=0.3 diagtol=2.0e-9
└ @ DFTK /home/herbstm/.julia/packages/DFTK/ogFMK/src/scf/potential_mixing.jl:296
 52   -333.3026653859   -4.71e-06   4.09e-04    0.290   0.30   32.6
┌ Debug: Iteration 53 linesearch step 1   α=0.3 diagtol=2.0e-9
└ @ DFTK /home/herbstm/.julia/packages/DFTK/ogFMK/src/scf/potential_mixing.jl:296
 53   -333.3026714627   -6.08e-06   1.25e-03    0.294   0.30   32.7
┌ Debug: Iteration 54 linesearch step 1   α=0.3 diagtol=2.0e-9
└ @ DFTK /home/herbstm/.julia/packages/DFTK/ogFMK/src/scf/potential_mixing.jl:296
 54   -333.3026777847   -6.32e-06   1.14e-03    0.302   0.30   32.8
┌ Debug: Iteration 55 linesearch step 1   α=0.3 diagtol=2.0e-9
└ @ DFTK /home/herbstm/.julia/packages/DFTK/ogFMK/src/scf/potential_mixing.jl:296
 55   -333.3026933939   -1.56e-05   2.21e-03    0.317   0.30   32.6
┌ Debug: Iteration 56 linesearch step 1   α=0.3 diagtol=2.0e-9
└ @ DFTK /home/herbstm/.julia/packages/DFTK/ogFMK/src/scf/potential_mixing.jl:296
 56   -333.3026918860    1.51e-06   9.78e-04    0.314   0.30   32.5
┌ Debug: Iteration 57 linesearch step 1   α=0.3 diagtol=2.0e-9
└ @ DFTK /home/herbstm/.julia/packages/DFTK/ogFMK/src/scf/potential_mixing.jl:296
 57   -333.3027228137   -3.09e-05   5.51e-03    0.349   0.30   32.4
┌ Debug: Iteration 58 linesearch step 1   α=0.3 diagtol=2.0e-9
└ @ DFTK /home/herbstm/.julia/packages/DFTK/ogFMK/src/scf/potential_mixing.jl:296
 58   -333.3027189452    3.87e-06   2.08e-03    0.345   0.30   32.5
┌ Debug: Iteration 59 linesearch step 1   α=0.3 diagtol=2.0e-9
└ @ DFTK /home/herbstm/.julia/packages/DFTK/ogFMK/src/scf/potential_mixing.jl:296
 59   -333.3027287521   -9.81e-06   2.30e-03    0.361   0.30   32.3
┌ Debug: Iteration 60 linesearch step 1   α=0.3 diagtol=2.0e-9
└ @ DFTK /home/herbstm/.julia/packages/DFTK/ogFMK/src/scf/potential_mixing.jl:296
 60   -333.3027271708    1.58e-06   6.75e-04    0.357   0.30   32.3
┌ Debug: Iteration 61 linesearch step 1   α=0.3 diagtol=2.0e-9
└ @ DFTK /home/herbstm/.julia/packages/DFTK/ogFMK/src/scf/potential_mixing.jl:296
 61   -333.3027319801   -4.81e-06   2.88e-03    0.363   0.30   32.4
┌ Debug: Iteration 62 linesearch step 1   α=0.3 diagtol=2.0e-9
└ @ DFTK /home/herbstm/.julia/packages/DFTK/ogFMK/src/scf/potential_mixing.jl:296
 62   -333.3027349340   -2.95e-06   1.70e-03    0.353   0.30   32.4
┌ Debug: Iteration 63 linesearch step 1   α=0.3 diagtol=2.0e-9
└ @ DFTK /home/herbstm/.julia/packages/DFTK/ogFMK/src/scf/potential_mixing.jl:296
 63   -333.3027211312    1.38e-05   3.60e-04    0.350   0.30   32.5
┌ Debug: Iteration 64 linesearch step 1   α=0.3 diagtol=2.0e-9
└ @ DFTK /home/herbstm/.julia/packages/DFTK/ogFMK/src/scf/potential_mixing.jl:296
 64   -333.3027342294   -1.31e-05   1.48e-03    0.358   0.30   32.4
┌ Debug: Iteration 65 linesearch step 1   α=0.3 diagtol=2.0e-9
└ @ DFTK /home/herbstm/.julia/packages/DFTK/ogFMK/src/scf/potential_mixing.jl:296
 65   -333.3027412079   -6.98e-06   2.82e-03    0.362   0.30   32.2
┌ Debug: Iteration 66 linesearch step 1   α=0.3 diagtol=2.0e-9
└ @ DFTK /home/herbstm/.julia/packages/DFTK/ogFMK/src/scf/potential_mixing.jl:296
 66   -333.3027522059   -1.10e-05   1.11e-03    0.365   0.30   32.3
┌ Debug: Iteration 67 linesearch step 1   α=0.3 diagtol=2.0e-9
└ @ DFTK /home/herbstm/.julia/packages/DFTK/ogFMK/src/scf/potential_mixing.jl:296
 67   -333.3027589008   -6.69e-06   6.66e-04    0.370   0.30   32.3
┌ Debug: Iteration 68 linesearch step 1   α=0.3 diagtol=2.0e-9
└ @ DFTK /home/herbstm/.julia/packages/DFTK/ogFMK/src/scf/potential_mixing.jl:296
 68   -333.3027885842   -2.97e-05   4.64e-03    0.401   0.30   32.3
┌ Debug: Iteration 69 linesearch step 1   α=0.3 diagtol=2.0e-9
└ @ DFTK /home/herbstm/.julia/packages/DFTK/ogFMK/src/scf/potential_mixing.jl:296
 69   -333.3027786151    9.97e-06   1.14e-03    0.395   0.30   32.2
┌ Debug: Iteration 70 linesearch step 1   α=0.3 diagtol=2.0e-9
└ @ DFTK /home/herbstm/.julia/packages/DFTK/ogFMK/src/scf/potential_mixing.jl:296
 70   -333.3027931661   -1.46e-05   2.23e-03    0.410   0.30   32.2
┌ Debug: Iteration 71 linesearch step 1   α=0.3 diagtol=2.0e-9
└ @ DFTK /home/herbstm/.julia/packages/DFTK/ogFMK/src/scf/potential_mixing.jl:296
 71   -333.3027758380    1.73e-05   1.25e-03    0.402   0.30   32.3
┌ Debug: Iteration 72 linesearch step 1   α=0.3 diagtol=2.0e-9
└ @ DFTK /home/herbstm/.julia/packages/DFTK/ogFMK/src/scf/potential_mixing.jl:296
 72   -333.3027860221   -1.02e-05   1.53e-03    0.409   0.30   32.4
┌ Debug: Iteration 73 linesearch step 1   α=0.3 diagtol=2.0e-9
└ @ DFTK /home/herbstm/.julia/packages/DFTK/ogFMK/src/scf/potential_mixing.jl:296
 73   -333.3027743501    1.17e-05   7.82e-04    0.407   0.30   32.4
┌ Debug: Iteration 74 linesearch step 1   α=0.3 diagtol=2.0e-9
└ @ DFTK /home/herbstm/.julia/packages/DFTK/ogFMK/src/scf/potential_mixing.jl:296
 74   -333.3027617224    1.26e-05   3.89e-03    0.381   0.30   32.1
┌ Debug: Iteration 75 linesearch step 1   α=0.3 diagtol=2.0e-9
└ @ DFTK /home/herbstm/.julia/packages/DFTK/ogFMK/src/scf/potential_mixing.jl:296
 75   -333.3027756888   -1.40e-05   3.18e-03    0.397   0.30   32.2
┌ Debug: Iteration 76 linesearch step 1   α=0.3 diagtol=2.0e-9
└ @ DFTK /home/herbstm/.julia/packages/DFTK/ogFMK/src/scf/potential_mixing.jl:296
 76   -333.3027833784   -7.69e-06   3.98e-03    0.384   0.30   32.1
┌ Debug: Iteration 77 linesearch step 1   α=0.3 diagtol=2.0e-9
└ @ DFTK /home/herbstm/.julia/packages/DFTK/ogFMK/src/scf/potential_mixing.jl:296
 77   -333.3027734854    9.89e-06   2.11e-03    0.372   0.30   32.2
┌ Debug: Iteration 78 linesearch step 1   α=0.3 diagtol=2.0e-9
└ @ DFTK /home/herbstm/.julia/packages/DFTK/ogFMK/src/scf/potential_mixing.jl:296
 78   -333.3027812123   -7.73e-06   3.70e-03    0.395   0.30   32.2
┌ Debug: Iteration 79 linesearch step 1   α=0.3 diagtol=2.0e-9
└ @ DFTK /home/herbstm/.julia/packages/DFTK/ogFMK/src/scf/potential_mixing.jl:296
 79   -333.3028020638   -2.09e-05   6.26e-03    0.435   0.30   31.9
┌ Debug: Iteration 80 linesearch step 1   α=0.3 diagtol=2.0e-9
└ @ DFTK /home/herbstm/.julia/packages/DFTK/ogFMK/src/scf/potential_mixing.jl:296
 80   -333.3027787007    2.34e-05   4.91e-03    0.402   0.30   32.1
┌ Debug: Iteration 81 linesearch step 1   α=0.3 diagtol=2.0e-9
└ @ DFTK /home/herbstm/.julia/packages/DFTK/ogFMK/src/scf/potential_mixing.jl:296
 81   -333.3027860240   -7.32e-06   4.06e-03    0.391   0.30   32.3
┌ Debug: Iteration 82 linesearch step 1   α=0.3 diagtol=2.0e-9
└ @ DFTK /home/herbstm/.julia/packages/DFTK/ogFMK/src/scf/potential_mixing.jl:296
 82   -333.3028444443   -5.84e-05   4.34e-03    0.420   0.30   32.1
┌ Debug: Iteration 83 linesearch step 1   α=0.3 diagtol=2.0e-9
└ @ DFTK /home/herbstm/.julia/packages/DFTK/ogFMK/src/scf/potential_mixing.jl:296
 83   -333.3028425521    1.89e-06   2.58e-03    0.423   0.30   32.1
┌ Debug: Iteration 84 linesearch step 1   α=0.3 diagtol=2.0e-9
└ @ DFTK /home/herbstm/.julia/packages/DFTK/ogFMK/src/scf/potential_mixing.jl:296
 84   -333.3028214420    2.11e-05   3.86e-03    0.417   0.30   32.1
┌ Debug: Iteration 85 linesearch step 1   α=0.3 diagtol=2.0e-9
└ @ DFTK /home/herbstm/.julia/packages/DFTK/ogFMK/src/scf/potential_mixing.jl:296
 85   -333.3029150162   -9.36e-05   8.02e-03    0.458   0.30   31.8
┌ Debug: Iteration 86 linesearch step 1   α=0.3 diagtol=2.0e-9
└ @ DFTK /home/herbstm/.julia/packages/DFTK/ogFMK/src/scf/potential_mixing.jl:296
 86   -333.3029634543   -4.84e-05   7.96e-03    0.493   0.30   31.7
┌ Debug: Iteration 87 linesearch step 1   α=0.3 diagtol=2.0e-9
└ @ DFTK /home/herbstm/.julia/packages/DFTK/ogFMK/src/scf/potential_mixing.jl:296
 87   -333.3029452661    1.82e-05   4.41e-03    0.481   0.30   31.7
┌ Debug: Iteration 88 linesearch step 1   α=0.3 diagtol=2.0e-9
└ @ DFTK /home/herbstm/.julia/packages/DFTK/ogFMK/src/scf/potential_mixing.jl:296
 88   -333.3028693148    7.60e-05   2.83e-03    0.469   0.30   31.9
┌ Debug: Iteration 89 linesearch step 1   α=0.3 diagtol=2.0e-9
└ @ DFTK /home/herbstm/.julia/packages/DFTK/ogFMK/src/scf/potential_mixing.jl:296
 89   -333.3028295074    3.98e-05   3.39e-03    0.450   0.30   31.9
┌ Debug: Iteration 90 linesearch step 1   α=0.3 diagtol=2.0e-9
└ @ DFTK /home/herbstm/.julia/packages/DFTK/ogFMK/src/scf/potential_mixing.jl:296
 90   -333.3029535587   -1.24e-04   1.05e-02    0.517   0.30   31.6
┌ Debug: Iteration 91 linesearch step 1   α=0.3 diagtol=2.0e-9
└ @ DFTK /home/herbstm/.julia/packages/DFTK/ogFMK/src/scf/potential_mixing.jl:296
 91   -333.3029407736    1.28e-05   4.22e-03    0.495   0.30   31.6
┌ Debug: Iteration 92 linesearch step 1   α=0.3 diagtol=2.0e-9
└ @ DFTK /home/herbstm/.julia/packages/DFTK/ogFMK/src/scf/potential_mixing.jl:296
 92   -333.3029283492    1.24e-05   3.60e-03    0.474   0.30   31.8
┌ Debug: Iteration 93 linesearch step 1   α=0.3 diagtol=2.0e-9
└ @ DFTK /home/herbstm/.julia/packages/DFTK/ogFMK/src/scf/potential_mixing.jl:296
 93   -333.3029420709   -1.37e-05   7.20e-03    0.518   0.30   31.5
┌ Debug: Iteration 94 linesearch step 1   α=0.3 diagtol=2.0e-9
└ @ DFTK /home/herbstm/.julia/packages/DFTK/ogFMK/src/scf/potential_mixing.jl:296
 94   -333.3029348531    7.22e-06   2.41e-03    0.502   0.30   31.7
┌ Debug: Iteration 95 linesearch step 1   α=0.3 diagtol=2.0e-9
└ @ DFTK /home/herbstm/.julia/packages/DFTK/ogFMK/src/scf/potential_mixing.jl:296
 95   -333.3029748698   -4.00e-05   1.43e-03    0.511   0.30   31.6
┌ Debug: Iteration 96 linesearch step 1   α=0.3 diagtol=2.0e-9
└ @ DFTK /home/herbstm/.julia/packages/DFTK/ogFMK/src/scf/potential_mixing.jl:296
 96   -333.3030050032   -3.01e-05   2.66e-03    0.529   0.30   31.5
┌ Debug: Iteration 97 linesearch step 1   α=0.3 diagtol=2.0e-9
└ @ DFTK /home/herbstm/.julia/packages/DFTK/ogFMK/src/scf/potential_mixing.jl:296
 97   -333.3030146431   -9.64e-06   1.15e-03    0.532   0.30   31.5
┌ Debug: Iteration 98 linesearch step 1   α=0.3 diagtol=2.0e-9
└ @ DFTK /home/herbstm/.julia/packages/DFTK/ogFMK/src/scf/potential_mixing.jl:296
 98   -333.3029451557    6.95e-05   5.79e-03    0.492   0.30   31.5
┌ Debug: Iteration 99 linesearch step 1   α=0.3 diagtol=2.0e-9
└ @ DFTK /home/herbstm/.julia/packages/DFTK/ogFMK/src/scf/potential_mixing.jl:296
 99   -333.3029577498   -1.26e-05   1.60e-03    0.496   0.30   31.6
┌ Debug: Iteration 100 linesearch step 1   α=0.3 diagtol=2.0e-9
└ @ DFTK /home/herbstm/.julia/packages/DFTK/ogFMK/src/scf/potential_mixing.jl:296
┌ Warning: SCF not converged.
└ @ DFTK /home/herbstm/.julia/packages/DFTK/ogFMK/src/scf/scf_callbacks.jl:37

Energy breakdown:
    Kinetic             163.8252731
    AtomicLocal         -305.4015760
    AtomicNonlocal      -41.5649935
    Ewald               -218.4915480
    PspCorrection       8.2062430 
    Hartree             96.6009337
    Xc                  -36.4703811
    Entropy             -0.0068365

    total               -333.302885350945

 ──────────────────────────────────────────────────────────────────────────────
                                       Time                   Allocations      
                               ──────────────────────   ───────────────────────
       Tot / % measured:           15217s / 100%             818GiB / 100%     

 Section               ncalls     time   %tot     avg     alloc   %tot      avg
 ──────────────────────────────────────────────────────────────────────────────
 scf_potential_mixing       1   15209s   100%  15209s    817GiB  100%    817GiB
   LOBPCG               1.20k   14623s  96.1%   12.2s    776GiB  95.0%   662MiB
     Hamiltonian mu...  56.1k    6511s  42.8%   116ms    156GiB  19.1%  2.84MiB
       kinetic+local    56.1k    5904s  38.8%   105ms   3.27GiB  0.40%  61.1KiB
       nonlocal         56.1k     570s  3.75%  10.2ms    100GiB  12.2%  1.83MiB
     rayleigh_ritz      54.9k    1903s  12.5%  34.7ms   33.3GiB  4.08%   636KiB
     ortho!              234k     794s  5.22%  3.40ms   27.8GiB  3.40%   125KiB
   compute_density        100     470s  3.09%   4.70s   7.56GiB  0.93%  77.5MiB
   energy_hamiltonian     101    74.6s  0.49%   739ms   20.6GiB  2.52%   209MiB
     ene_ops              101    70.4s  0.46%   697ms   18.0GiB  2.20%   182MiB
       ene_ops: xc        101    36.1s  0.24%   357ms   15.9GiB  1.94%   161MiB
       ene_ops: non...    101    16.0s  0.11%   159ms    237MiB  0.03%  2.35MiB
       ene_ops: kin...    101    3.22s  0.02%  31.8ms   53.1MiB  0.01%   538KiB
       ene_ops: har...    101    1.61s  0.01%  15.9ms   0.97GiB  0.12%  9.81MiB
       ene_ops: local     101    943ms  0.01%  9.34ms    216MiB  0.03%  2.14MiB
   KerkerMixing           100    3.37s  0.02%  33.7ms   2.72GiB  0.33%  27.9MiB
   QR orthonormaliz...  1.20k   1.74ms  0.00%  1.45μs     0.00B  0.00%    0.00B
 ──────────────────────────────────────────────────────────────────────────────
┌ Debug: Library handles
│   libGR_handle[] = Ptr{Nothing} @0x000000000fcb6a10
│   libGR3_handle[] = Ptr{Nothing} @0x000000000e72f1a0
│   libGRM_handle[] = Ptr{Nothing} @0x0000000006c9d6d0
└ @ GR /home/herbstm/.julia/packages/GR/4DHy8/src/funcptrs.jl:67
┌ Debug: Found GKS_ENCODING in ENV
│   text_encoding[] = 301
└ @ GR /home/herbstm/.julia/packages/GR/4DHy8/src/GR.jl:468
