#
#-- SCF Al_nodiis -- case=standard_05
#
    keywords: (damping = DFTK.FixedDamping(0.5), acceleration = DFTK.AndersonAcceleration(0, Any[], Any[], 1.0e6))

hostname        = clustern16

started on      = 2021-07-05T19:09:19.980
julia threads   = 1
BLAS threads    = 1
MPI procs       = 8

temperature     = 0.001
smearing        = DFTK.Smearing.Gaussian()
lattice         = [7.653 0.0 0.0; 0.0 7.653 0.0; 0.0 0.0 15.31]
Ecut            = 20.0
fft_size        = (25, 25, 50)
kgrid           = [7, 7, 4]
kshift          = [0.0, 0.0, 0.0]
n_irreducible_k = 196
n_bands         = 16
n_electr        = 24
type            = potmix
mixing          = SimpleMixing()
damping         = DFTK.FixedDamping(0.5)
n     Free energy       Eₙ-Eₙ₋₁     ρout-ρin  α      Diag
---   ---------------   ---------   --------  -----  ----
  1   -16.19841499164         NaN   2.34e-01    NaN   2.0 
┌ Debug: Iteration 2 linesearch step 1   α=0.5 diagtol=0.0002
└ @ DFTK /home/herbstm/.julia/packages/DFTK/C0bc2/src/scf/potential_mixing.jl:304
  2   -16.07313485226    1.25e-01   1.62e-01   0.50  10.8 
┌ Debug: Iteration 3 linesearch step 1   α=0.5 diagtol=0.0002
└ @ DFTK /home/herbstm/.julia/packages/DFTK/C0bc2/src/scf/potential_mixing.jl:304
  3   -12.90729302105    3.17e+00   4.13e-01   0.50  12.0 
┌ Debug: Iteration 4 linesearch step 1   α=0.5 diagtol=0.0002
└ @ DFTK /home/herbstm/.julia/packages/DFTK/C0bc2/src/scf/potential_mixing.jl:304
  4   +5.360407867159    1.83e+01   1.06e+00   0.50  15.9 
┌ Debug: Iteration 5 linesearch step 1   α=0.5 diagtol=0.0002
└ @ DFTK /home/herbstm/.julia/packages/DFTK/C0bc2/src/scf/potential_mixing.jl:304
  5   +17.21192536816    1.19e+01   1.67e+00   0.50  19.1 
┌ Debug: Iteration 6 linesearch step 1   α=0.5 diagtol=0.0002
└ @ DFTK /home/herbstm/.julia/packages/DFTK/C0bc2/src/scf/potential_mixing.jl:304
  6   +11.76651172750   -5.45e+00   1.75e+00   0.50  19.5 
┌ Debug: Iteration 7 linesearch step 1   α=0.5 diagtol=0.0002
└ @ DFTK /home/herbstm/.julia/packages/DFTK/C0bc2/src/scf/potential_mixing.jl:304
  7   +8.018359318605   -3.75e+00   1.64e+00   0.50  19.4 
┌ Debug: Iteration 8 linesearch step 1   α=0.5 diagtol=0.0002
└ @ DFTK /home/herbstm/.julia/packages/DFTK/C0bc2/src/scf/potential_mixing.jl:304
  8   +8.949603078217    9.31e-01   1.60e+00   0.50  19.2 
┌ Debug: Iteration 9 linesearch step 1   α=0.5 diagtol=0.0002
└ @ DFTK /home/herbstm/.julia/packages/DFTK/C0bc2/src/scf/potential_mixing.jl:304
  9   +10.32269084341    1.37e+00   1.63e+00   0.50  19.3 
┌ Debug: Iteration 10 linesearch step 1   α=0.5 diagtol=0.0002
└ @ DFTK /home/herbstm/.julia/packages/DFTK/C0bc2/src/scf/potential_mixing.jl:304
 10   +10.87520783065    5.53e-01   1.65e+00   0.50  20.0 
┌ Debug: Iteration 11 linesearch step 1   α=0.5 diagtol=0.0002
└ @ DFTK /home/herbstm/.julia/packages/DFTK/C0bc2/src/scf/potential_mixing.jl:304
 11   +10.56248259638   -3.13e-01   1.66e+00   0.50  20.1 
┌ Debug: Iteration 12 linesearch step 1   α=0.5 diagtol=0.0002
└ @ DFTK /home/herbstm/.julia/packages/DFTK/C0bc2/src/scf/potential_mixing.jl:304
 12   +10.69823805514    1.36e-01   1.66e+00   0.50  20.5 
┌ Debug: Iteration 13 linesearch step 1   α=0.5 diagtol=0.0002
└ @ DFTK /home/herbstm/.julia/packages/DFTK/C0bc2/src/scf/potential_mixing.jl:304
 13   +10.28313915368   -4.15e-01   1.65e+00   0.50  19.8 
┌ Debug: Iteration 14 linesearch step 1   α=0.5 diagtol=0.0002
└ @ DFTK /home/herbstm/.julia/packages/DFTK/C0bc2/src/scf/potential_mixing.jl:304
 14   +10.23258803898   -5.06e-02   1.65e+00   0.50  19.7 
┌ Debug: Iteration 15 linesearch step 1   α=0.5 diagtol=0.0002
└ @ DFTK /home/herbstm/.julia/packages/DFTK/C0bc2/src/scf/potential_mixing.jl:304
 15   +9.877564668414   -3.55e-01   1.64e+00   0.50  19.3 
┌ Debug: Iteration 16 linesearch step 1   α=0.5 diagtol=0.0002
└ @ DFTK /home/herbstm/.julia/packages/DFTK/C0bc2/src/scf/potential_mixing.jl:304
 16   +10.08139250006    2.04e-01   1.64e+00   0.50  19.7 
┌ Debug: Iteration 17 linesearch step 1   α=0.5 diagtol=0.0002
└ @ DFTK /home/herbstm/.julia/packages/DFTK/C0bc2/src/scf/potential_mixing.jl:304
 17   +9.928252546508   -1.53e-01   1.64e+00   0.50  19.8 
┌ Debug: Iteration 18 linesearch step 1   α=0.5 diagtol=0.0002
└ @ DFTK /home/herbstm/.julia/packages/DFTK/C0bc2/src/scf/potential_mixing.jl:304
 18   +10.24066280099    3.12e-01   1.64e+00   0.50  20.3 
┌ Debug: Iteration 19 linesearch step 1   α=0.5 diagtol=0.0002
└ @ DFTK /home/herbstm/.julia/packages/DFTK/C0bc2/src/scf/potential_mixing.jl:304
 19   +10.12439568850   -1.16e-01   1.64e+00   0.50  20.0 
┌ Debug: Iteration 20 linesearch step 1   α=0.5 diagtol=0.0002
└ @ DFTK /home/herbstm/.julia/packages/DFTK/C0bc2/src/scf/potential_mixing.jl:304
 20   +10.38953130746    2.65e-01   1.65e+00   0.50  20.2 
┌ Debug: Iteration 21 linesearch step 1   α=0.5 diagtol=0.0002
└ @ DFTK /home/herbstm/.julia/packages/DFTK/C0bc2/src/scf/potential_mixing.jl:304
 21   +10.15747501732   -2.32e-01   1.65e+00   0.50  20.3 
┌ Debug: Iteration 22 linesearch step 1   α=0.5 diagtol=0.0002
└ @ DFTK /home/herbstm/.julia/packages/DFTK/C0bc2/src/scf/potential_mixing.jl:304
 22   +10.33372059343    1.76e-01   1.65e+00   0.50  20.5 
┌ Debug: Iteration 23 linesearch step 1   α=0.5 diagtol=0.0002
└ @ DFTK /home/herbstm/.julia/packages/DFTK/C0bc2/src/scf/potential_mixing.jl:304
 23   +10.07425041171   -2.59e-01   1.65e+00   0.50  20.2 
┌ Debug: Iteration 24 linesearch step 1   α=0.5 diagtol=0.0002
└ @ DFTK /home/herbstm/.julia/packages/DFTK/C0bc2/src/scf/potential_mixing.jl:304
 24   +10.26901638252    1.95e-01   1.65e+00   0.50  20.2 
┌ Debug: Iteration 25 linesearch step 1   α=0.5 diagtol=0.0002
└ @ DFTK /home/herbstm/.julia/packages/DFTK/C0bc2/src/scf/potential_mixing.jl:304
 25   +10.04647739019   -2.23e-01   1.65e+00   0.50  20.1 
┌ Debug: Iteration 26 linesearch step 1   α=0.5 diagtol=0.0002
└ @ DFTK /home/herbstm/.julia/packages/DFTK/C0bc2/src/scf/potential_mixing.jl:304
 26   +10.27970763961    2.33e-01   1.65e+00   0.50  20.3 
┌ Debug: Iteration 27 linesearch step 1   α=0.5 diagtol=0.0002
└ @ DFTK /home/herbstm/.julia/packages/DFTK/C0bc2/src/scf/potential_mixing.jl:304
 27   +10.07476060476   -2.05e-01   1.65e+00   0.50  20.3 
┌ Debug: Iteration 28 linesearch step 1   α=0.5 diagtol=0.0002
└ @ DFTK /home/herbstm/.julia/packages/DFTK/C0bc2/src/scf/potential_mixing.jl:304
 28   +10.30367514290    2.29e-01   1.65e+00   0.50  20.4 
┌ Debug: Iteration 29 linesearch step 1   α=0.5 diagtol=0.0002
└ @ DFTK /home/herbstm/.julia/packages/DFTK/C0bc2/src/scf/potential_mixing.jl:304
 29   +10.08465356150   -2.19e-01   1.65e+00   0.50  20.3 
┌ Debug: Iteration 30 linesearch step 1   α=0.5 diagtol=0.0002
└ @ DFTK /home/herbstm/.julia/packages/DFTK/C0bc2/src/scf/potential_mixing.jl:304
 30   +10.29383021202    2.09e-01   1.65e+00   0.50  20.3 
┌ Debug: Iteration 31 linesearch step 1   α=0.5 diagtol=0.0002
└ @ DFTK /home/herbstm/.julia/packages/DFTK/C0bc2/src/scf/potential_mixing.jl:304
 31   +10.06757139664   -2.26e-01   1.65e+00   0.50  20.0 
┌ Debug: Iteration 32 linesearch step 1   α=0.5 diagtol=0.0002
└ @ DFTK /home/herbstm/.julia/packages/DFTK/C0bc2/src/scf/potential_mixing.jl:304
 32   +10.27735636972    2.10e-01   1.65e+00   0.50  20.2 
┌ Debug: Iteration 33 linesearch step 1   α=0.5 diagtol=0.0002
└ @ DFTK /home/herbstm/.julia/packages/DFTK/C0bc2/src/scf/potential_mixing.jl:304
 33   +10.05865620479   -2.19e-01   1.65e+00   0.50  20.1 
┌ Debug: Iteration 34 linesearch step 1   α=0.5 diagtol=0.0002
└ @ DFTK /home/herbstm/.julia/packages/DFTK/C0bc2/src/scf/potential_mixing.jl:304
 34   +10.27919968865    2.21e-01   1.65e+00   0.50  20.2 
┌ Debug: Iteration 35 linesearch step 1   α=0.5 diagtol=0.0002
└ @ DFTK /home/herbstm/.julia/packages/DFTK/C0bc2/src/scf/potential_mixing.jl:304
 35   +10.06539449483   -2.14e-01   1.65e+00   0.50  20.1 
┌ Debug: Iteration 36 linesearch step 1   α=0.5 diagtol=0.0002
└ @ DFTK /home/herbstm/.julia/packages/DFTK/C0bc2/src/scf/potential_mixing.jl:304
 36   +10.28799520036    2.23e-01   1.65e+00   0.50  20.2 
┌ Debug: Iteration 37 linesearch step 1   α=0.5 diagtol=0.0002
└ @ DFTK /home/herbstm/.julia/packages/DFTK/C0bc2/src/scf/potential_mixing.jl:304
 37   +10.07097047182   -2.17e-01   1.65e+00   0.50  20.2 
┌ Debug: Iteration 38 linesearch step 1   α=0.5 diagtol=0.0002
└ @ DFTK /home/herbstm/.julia/packages/DFTK/C0bc2/src/scf/potential_mixing.jl:304
 38   +10.29131796018    2.20e-01   1.65e+00   0.50  20.3 
┌ Debug: Iteration 39 linesearch step 1   α=0.5 diagtol=0.0002
└ @ DFTK /home/herbstm/.julia/packages/DFTK/C0bc2/src/scf/potential_mixing.jl:304
 39   +10.07162912698   -2.20e-01   1.65e+00   0.50  20.3 
┌ Debug: Iteration 40 linesearch step 1   α=0.5 diagtol=0.0002
└ @ DFTK /home/herbstm/.julia/packages/DFTK/C0bc2/src/scf/potential_mixing.jl:304
 40   +10.29000351858    2.18e-01   1.65e+00   0.50  20.3 
┌ Debug: Iteration 41 linesearch step 1   α=0.5 diagtol=0.0002
└ @ DFTK /home/herbstm/.julia/packages/DFTK/C0bc2/src/scf/potential_mixing.jl:304
 41   +10.06977252511   -2.20e-01   1.65e+00   0.50  20.3 
┌ Debug: Iteration 42 linesearch step 1   α=0.5 diagtol=0.0002
└ @ DFTK /home/herbstm/.julia/packages/DFTK/C0bc2/src/scf/potential_mixing.jl:304
 42   +10.28878658613    2.19e-01   1.65e+00   0.50  20.4 
┌ Debug: Iteration 43 linesearch step 1   α=0.5 diagtol=0.0002
└ @ DFTK /home/herbstm/.julia/packages/DFTK/C0bc2/src/scf/potential_mixing.jl:304
 43   +10.06955036412   -2.19e-01   1.65e+00   0.50  20.3 
┌ Debug: Iteration 44 linesearch step 1   α=0.5 diagtol=0.0002
└ @ DFTK /home/herbstm/.julia/packages/DFTK/C0bc2/src/scf/potential_mixing.jl:304
 44   +10.28865935778    2.19e-01   1.65e+00   0.50  20.4 
┌ Debug: Iteration 45 linesearch step 1   α=0.5 diagtol=0.0002
└ @ DFTK /home/herbstm/.julia/packages/DFTK/C0bc2/src/scf/potential_mixing.jl:304
 45   +10.06953948141   -2.19e-01   1.65e+00   0.50  20.3 
┌ Debug: Iteration 46 linesearch step 1   α=0.5 diagtol=0.0002
└ @ DFTK /home/herbstm/.julia/packages/DFTK/C0bc2/src/scf/potential_mixing.jl:304
 46   +10.28790409379    2.18e-01   1.65e+00   0.50  20.3 
┌ Debug: Iteration 47 linesearch step 1   α=0.5 diagtol=0.0002
└ @ DFTK /home/herbstm/.julia/packages/DFTK/C0bc2/src/scf/potential_mixing.jl:304
 47   +10.06867164656   -2.19e-01   1.65e+00   0.50  20.3 
┌ Debug: Iteration 48 linesearch step 1   α=0.5 diagtol=0.0002
└ @ DFTK /home/herbstm/.julia/packages/DFTK/C0bc2/src/scf/potential_mixing.jl:304
 48   +10.28682506796    2.18e-01   1.65e+00   0.50  20.2 
┌ Debug: Iteration 49 linesearch step 1   α=0.5 diagtol=0.0002
└ @ DFTK /home/herbstm/.julia/packages/DFTK/C0bc2/src/scf/potential_mixing.jl:304
 49   +10.06789280033   -2.19e-01   1.65e+00   0.50  20.2 
┌ Debug: Iteration 50 linesearch step 1   α=0.5 diagtol=0.0002
└ @ DFTK /home/herbstm/.julia/packages/DFTK/C0bc2/src/scf/potential_mixing.jl:304
 50   +10.28656888793    2.19e-01   1.65e+00   0.50  20.2 
┌ Debug: Iteration 51 linesearch step 1   α=0.5 diagtol=0.0002
└ @ DFTK /home/herbstm/.julia/packages/DFTK/C0bc2/src/scf/potential_mixing.jl:304
 51   +10.06800139372   -2.19e-01   1.65e+00   0.50  20.2 
┌ Debug: Iteration 52 linesearch step 1   α=0.5 diagtol=0.0002
└ @ DFTK /home/herbstm/.julia/packages/DFTK/C0bc2/src/scf/potential_mixing.jl:304
 52   +10.28716425628    2.19e-01   1.65e+00   0.50  20.2 
┌ Debug: Iteration 53 linesearch step 1   α=0.5 diagtol=0.0002
└ @ DFTK /home/herbstm/.julia/packages/DFTK/C0bc2/src/scf/potential_mixing.jl:304
 53   +10.06859400762   -2.19e-01   1.65e+00   0.50  20.2 
┌ Debug: Iteration 54 linesearch step 1   α=0.5 diagtol=0.0002
└ @ DFTK /home/herbstm/.julia/packages/DFTK/C0bc2/src/scf/potential_mixing.jl:304
 54   +10.28783283461    2.19e-01   1.65e+00   0.50  20.3 
┌ Debug: Iteration 55 linesearch step 1   α=0.5 diagtol=0.0002
└ @ DFTK /home/herbstm/.julia/packages/DFTK/C0bc2/src/scf/potential_mixing.jl:304
 55   +10.06902027172   -2.19e-01   1.65e+00   0.50  20.2 
┌ Debug: Iteration 56 linesearch step 1   α=0.5 diagtol=0.0002
└ @ DFTK /home/herbstm/.julia/packages/DFTK/C0bc2/src/scf/potential_mixing.jl:304
 56   +10.28812961053    2.19e-01   1.65e+00   0.50  20.2 
┌ Debug: Iteration 57 linesearch step 1   α=0.5 diagtol=0.0002
└ @ DFTK /home/herbstm/.julia/packages/DFTK/C0bc2/src/scf/potential_mixing.jl:304
 57   +10.06912445661   -2.19e-01   1.65e+00   0.50  20.3 
┌ Debug: Iteration 58 linesearch step 1   α=0.5 diagtol=0.0002
└ @ DFTK /home/herbstm/.julia/packages/DFTK/C0bc2/src/scf/potential_mixing.jl:304
 58   +10.28812824095    2.19e-01   1.65e+00   0.50  20.3 
┌ Debug: Iteration 59 linesearch step 1   α=0.5 diagtol=0.0002
└ @ DFTK /home/herbstm/.julia/packages/DFTK/C0bc2/src/scf/potential_mixing.jl:304
 59   +10.06907431097   -2.19e-01   1.65e+00   0.50  20.3 
┌ Debug: Iteration 60 linesearch step 1   α=0.5 diagtol=0.0002
└ @ DFTK /home/herbstm/.julia/packages/DFTK/C0bc2/src/scf/potential_mixing.jl:304
 60   +10.28798197633    2.19e-01   1.65e+00   0.50  20.3 
┌ Debug: Iteration 61 linesearch step 1   α=0.5 diagtol=0.0002
└ @ DFTK /home/herbstm/.julia/packages/DFTK/C0bc2/src/scf/potential_mixing.jl:304
 61   +10.06895239677   -2.19e-01   1.65e+00   0.50  20.2 
┌ Debug: Iteration 62 linesearch step 1   α=0.5 diagtol=0.0002
└ @ DFTK /home/herbstm/.julia/packages/DFTK/C0bc2/src/scf/potential_mixing.jl:304
 62   +10.28779056752    2.19e-01   1.65e+00   0.50  20.3 
┌ Debug: Iteration 63 linesearch step 1   α=0.5 diagtol=0.0002
└ @ DFTK /home/herbstm/.julia/packages/DFTK/C0bc2/src/scf/potential_mixing.jl:304
 63   +10.06880000236   -2.19e-01   1.65e+00   0.50  20.2 
┌ Debug: Iteration 64 linesearch step 1   α=0.5 diagtol=0.0002
└ @ DFTK /home/herbstm/.julia/packages/DFTK/C0bc2/src/scf/potential_mixing.jl:304
 64   +10.28761265473    2.19e-01   1.65e+00   0.50  20.3 
┌ Debug: Iteration 65 linesearch step 1   α=0.5 diagtol=0.0002
└ @ DFTK /home/herbstm/.julia/packages/DFTK/C0bc2/src/scf/potential_mixing.jl:304
 65   +10.06868356310   -2.19e-01   1.65e+00   0.50  20.2 
┌ Debug: Iteration 66 linesearch step 1   α=0.5 diagtol=0.0002
└ @ DFTK /home/herbstm/.julia/packages/DFTK/C0bc2/src/scf/potential_mixing.jl:304
 66   +10.28754929145    2.19e-01   1.65e+00   0.50  20.3 
┌ Debug: Iteration 67 linesearch step 1   α=0.5 diagtol=0.0002
└ @ DFTK /home/herbstm/.julia/packages/DFTK/C0bc2/src/scf/potential_mixing.jl:304
 67   +10.06866842637   -2.19e-01   1.65e+00   0.50  20.2 
┌ Debug: Iteration 68 linesearch step 1   α=0.5 diagtol=0.0002
└ @ DFTK /home/herbstm/.julia/packages/DFTK/C0bc2/src/scf/potential_mixing.jl:304
 68   +10.28759051185    2.19e-01   1.65e+00   0.50  20.3 
┌ Debug: Iteration 69 linesearch step 1   α=0.5 diagtol=0.0002
└ @ DFTK /home/herbstm/.julia/packages/DFTK/C0bc2/src/scf/potential_mixing.jl:304
 69   +10.06872639922   -2.19e-01   1.65e+00   0.50  20.2 
┌ Debug: Iteration 70 linesearch step 1   α=0.5 diagtol=0.0002
└ @ DFTK /home/herbstm/.julia/packages/DFTK/C0bc2/src/scf/potential_mixing.jl:304
 70   +10.28768893449    2.19e-01   1.65e+00   0.50  20.3 
┌ Debug: Iteration 71 linesearch step 1   α=0.5 diagtol=0.0002
└ @ DFTK /home/herbstm/.julia/packages/DFTK/C0bc2/src/scf/potential_mixing.jl:304
 71   +10.06880038477   -2.19e-01   1.65e+00   0.50  20.2 
┌ Debug: Iteration 72 linesearch step 1   α=0.5 diagtol=0.0002
└ @ DFTK /home/herbstm/.julia/packages/DFTK/C0bc2/src/scf/potential_mixing.jl:304
 72   +10.28777191218    2.19e-01   1.65e+00   0.50  20.3 
┌ Debug: Iteration 73 linesearch step 1   α=0.5 diagtol=0.0002
└ @ DFTK /home/herbstm/.julia/packages/DFTK/C0bc2/src/scf/potential_mixing.jl:304
 73   +10.06885193301   -2.19e-01   1.65e+00   0.50  20.3 
┌ Debug: Iteration 74 linesearch step 1   α=0.5 diagtol=0.0002
└ @ DFTK /home/herbstm/.julia/packages/DFTK/C0bc2/src/scf/potential_mixing.jl:304
 74   +10.28780826514    2.19e-01   1.65e+00   0.50  20.3 
┌ Debug: Iteration 75 linesearch step 1   α=0.5 diagtol=0.0002
└ @ DFTK /home/herbstm/.julia/packages/DFTK/C0bc2/src/scf/potential_mixing.jl:304
 75   +10.06886025697   -2.19e-01   1.65e+00   0.50  20.3 
┌ Debug: Iteration 76 linesearch step 1   α=0.5 diagtol=0.0002
└ @ DFTK /home/herbstm/.julia/packages/DFTK/C0bc2/src/scf/potential_mixing.jl:304
 76   +10.28779449950    2.19e-01   1.65e+00   0.50  20.3 
┌ Debug: Iteration 77 linesearch step 1   α=0.5 diagtol=0.0002
└ @ DFTK /home/herbstm/.julia/packages/DFTK/C0bc2/src/scf/potential_mixing.jl:304
 77   +10.06884749246   -2.19e-01   1.65e+00   0.50  20.2 
┌ Debug: Iteration 78 linesearch step 1   α=0.5 diagtol=0.0002
└ @ DFTK /home/herbstm/.julia/packages/DFTK/C0bc2/src/scf/potential_mixing.jl:304
 78   +10.28776039859    2.19e-01   1.65e+00   0.50  20.2 
┌ Debug: Iteration 79 linesearch step 1   α=0.5 diagtol=0.0002
└ @ DFTK /home/herbstm/.julia/packages/DFTK/C0bc2/src/scf/potential_mixing.jl:304
 79   +10.06882111533   -2.19e-01   1.65e+00   0.50  20.3 
┌ Debug: Iteration 80 linesearch step 1   α=0.5 diagtol=0.0002
└ @ DFTK /home/herbstm/.julia/packages/DFTK/C0bc2/src/scf/potential_mixing.jl:304
 80   +10.28771946050    2.19e-01   1.65e+00   0.50  20.3 
┌ Debug: Iteration 81 linesearch step 1   α=0.5 diagtol=0.0002
└ @ DFTK /home/herbstm/.julia/packages/DFTK/C0bc2/src/scf/potential_mixing.jl:304
 81   +10.06879134484   -2.19e-01   1.65e+00   0.50  20.3 
┌ Debug: Iteration 82 linesearch step 1   α=0.5 diagtol=0.0002
└ @ DFTK /home/herbstm/.julia/packages/DFTK/C0bc2/src/scf/potential_mixing.jl:304
 82   +10.28769865260    2.19e-01   1.65e+00   0.50  20.3 
┌ Debug: Iteration 83 linesearch step 1   α=0.5 diagtol=0.0002
└ @ DFTK /home/herbstm/.julia/packages/DFTK/C0bc2/src/scf/potential_mixing.jl:304
 83   +10.06877923783   -2.19e-01   1.65e+00   0.50  20.3 
┌ Debug: Iteration 84 linesearch step 1   α=0.5 diagtol=0.0002
└ @ DFTK /home/herbstm/.julia/packages/DFTK/C0bc2/src/scf/potential_mixing.jl:304
 84   +10.28770303843    2.19e-01   1.65e+00   0.50  20.3 
┌ Debug: Iteration 85 linesearch step 1   α=0.5 diagtol=0.0002
└ @ DFTK /home/herbstm/.julia/packages/DFTK/C0bc2/src/scf/potential_mixing.jl:304
 85   +10.06878456763   -2.19e-01   1.65e+00   0.50  20.3 
┌ Debug: Iteration 86 linesearch step 1   α=0.5 diagtol=0.0002
└ @ DFTK /home/herbstm/.julia/packages/DFTK/C0bc2/src/scf/potential_mixing.jl:304
 86   +10.28771317258    2.19e-01   1.65e+00   0.50  20.2 
┌ Debug: Iteration 87 linesearch step 1   α=0.5 diagtol=0.0002
└ @ DFTK /home/herbstm/.julia/packages/DFTK/C0bc2/src/scf/potential_mixing.jl:304
 87   +10.06880077333   -2.19e-01   1.65e+00   0.50  20.2 
┌ Debug: Iteration 88 linesearch step 1   α=0.5 diagtol=0.0002
└ @ DFTK /home/herbstm/.julia/packages/DFTK/C0bc2/src/scf/potential_mixing.jl:304
 88   +10.28773011524    2.19e-01   1.65e+00   0.50  20.3 
┌ Debug: Iteration 89 linesearch step 1   α=0.5 diagtol=0.0002
└ @ DFTK /home/herbstm/.julia/packages/DFTK/C0bc2/src/scf/potential_mixing.jl:304
 89   +10.06880639036   -2.19e-01   1.65e+00   0.50  20.2 
┌ Debug: Iteration 90 linesearch step 1   α=0.5 diagtol=0.0002
└ @ DFTK /home/herbstm/.julia/packages/DFTK/C0bc2/src/scf/potential_mixing.jl:304
 90   +10.28774318345    2.19e-01   1.65e+00   0.50  20.2 
┌ Debug: Iteration 91 linesearch step 1   α=0.5 diagtol=0.0002
└ @ DFTK /home/herbstm/.julia/packages/DFTK/C0bc2/src/scf/potential_mixing.jl:304
 91   +10.06881626559   -2.19e-01   1.65e+00   0.50  20.3 
┌ Debug: Iteration 92 linesearch step 1   α=0.5 diagtol=0.0002
└ @ DFTK /home/herbstm/.julia/packages/DFTK/C0bc2/src/scf/potential_mixing.jl:304
 92   +10.28774572537    2.19e-01   1.65e+00   0.50  20.3 
┌ Debug: Iteration 93 linesearch step 1   α=0.5 diagtol=0.0002
└ @ DFTK /home/herbstm/.julia/packages/DFTK/C0bc2/src/scf/potential_mixing.jl:304
 93   +10.06881457457   -2.19e-01   1.65e+00   0.50  20.2 
┌ Debug: Iteration 94 linesearch step 1   α=0.5 diagtol=0.0002
└ @ DFTK /home/herbstm/.julia/packages/DFTK/C0bc2/src/scf/potential_mixing.jl:304
 94   +10.28773902932    2.19e-01   1.65e+00   0.50  20.3 
┌ Debug: Iteration 95 linesearch step 1   α=0.5 diagtol=0.0002
└ @ DFTK /home/herbstm/.julia/packages/DFTK/C0bc2/src/scf/potential_mixing.jl:304
 95   +10.06880848294   -2.19e-01   1.65e+00   0.50  20.3 
┌ Debug: Iteration 96 linesearch step 1   α=0.5 diagtol=0.0002
└ @ DFTK /home/herbstm/.julia/packages/DFTK/C0bc2/src/scf/potential_mixing.jl:304
 96   +10.28773143465    2.19e-01   1.65e+00   0.50  20.3 
┌ Debug: Iteration 97 linesearch step 1   α=0.5 diagtol=0.0002
└ @ DFTK /home/herbstm/.julia/packages/DFTK/C0bc2/src/scf/potential_mixing.jl:304
 97   +10.06880606540   -2.19e-01   1.65e+00   0.50  20.2 
┌ Debug: Iteration 98 linesearch step 1   α=0.5 diagtol=0.0002
└ @ DFTK /home/herbstm/.julia/packages/DFTK/C0bc2/src/scf/potential_mixing.jl:304
 98   +10.28772811046    2.19e-01   1.65e+00   0.50  20.3 
┌ Debug: Iteration 99 linesearch step 1   α=0.5 diagtol=0.0002
└ @ DFTK /home/herbstm/.julia/packages/DFTK/C0bc2/src/scf/potential_mixing.jl:304
 99   +10.06880535668   -2.19e-01   1.65e+00   0.50  20.2 
┌ Debug: Iteration 100 linesearch step 1   α=0.5 diagtol=0.0002
└ @ DFTK /home/herbstm/.julia/packages/DFTK/C0bc2/src/scf/potential_mixing.jl:304
┌ Warning: SCF not converged.
└ @ DFTK /home/herbstm/.julia/packages/DFTK/C0bc2/src/scf/scf_callbacks.jl:32

Energy breakdown:
    Kinetic             10.9544448
    AtomicLocal         2.4880986 
    AtomicNonlocal      3.3588734 
    Ewald               -21.5543405
    PspCorrection       -1.5044666
    Hartree             24.4718370
    Xc                  -7.9266591
    Entropy             -0.0000640

    total               10.287723524422

 ──────────────────────────────────────────────────────────────────────────────
                                       Time                   Allocations      
                               ──────────────────────   ───────────────────────
       Tot / % measured:            2205s / 100%             305GiB / 100%     

 Section               ncalls     time   %tot     avg     alloc   %tot      avg
 ──────────────────────────────────────────────────────────────────────────────
 scf_potential_mixing       1    2205s   100%   2205s    305GiB  100%    305GiB
   LOBPCG               2.50k    2156s  97.8%   862ms    297GiB  97.4%   122MiB
     Hamiltonian mu...  51.2k     739s  33.5%  14.5ms   55.2GiB  18.1%  1.10MiB
       kinetic+local    51.2k     542s  24.6%  10.6ms   1.69GiB  0.55%  34.6KiB
       nonlocal         51.2k     191s  8.64%  3.72ms   41.5GiB  13.6%   850KiB
     rayleigh_ritz      48.7k     309s  14.0%  6.36ms   7.36GiB  2.41%   159KiB
     ortho!              202k     154s  6.97%   762μs   5.55GiB  1.82%  28.9KiB
   compute_density        100    23.2s  1.05%   232ms   3.13GiB  1.03%  32.0MiB
   energy_hamiltonian     101    11.2s  0.51%   111ms   3.53GiB  1.16%  35.8MiB
     ene_ops              101    10.6s  0.48%   105ms   2.29GiB  0.75%  23.2MiB
       ene_ops: non...    101    6.42s  0.29%  63.5ms    139MiB  0.04%  1.37MiB
       ene_ops: xc        101    2.97s  0.13%  29.4ms   1.84GiB  0.60%  18.7MiB
       ene_ops: kin...    101    646ms  0.03%  6.40ms   14.8MiB  0.00%   150KiB
       ene_ops: har...    101    131ms  0.01%  1.30ms    243MiB  0.08%  2.41MiB
       ene_ops: local     101   32.5ms  0.00%   322μs   52.5MiB  0.02%   532KiB
   QR orthonormaliz...  2.50k   2.10ms  0.00%   839ns     0.00B  0.00%    0.00B
 ──────────────────────────────────────────────────────────────────────────────
