#
#-- SCF Fe2CrGa -- case=standard_03
#
    keywords: (damping = DFTK.FixedDamping(0.3),)

hostname        = clustern16

started on      = 2021-07-01T20:40:34.458
julia threads   = 1
BLAS threads    = 1
MPI procs       = 16

temperature     = 0.01
smearing        = DFTK.Smearing.Gaussian()
lattice         = [0.0 5.503 5.503; 5.503 0.0 5.503; 5.503 5.503 0.0]
Ecut            = 45.0
fft_size        = (50, 50, 50)
kgrid           = [13, 13, 13]
kshift          = [0.0, 0.0, 0.0]
n_irreducible_k = 168
n_bands         = 59
n_electr        = 49
type            = potmix
mixing          = KerkerMixing(0.8, 0.0)
damping         = DFTK.FixedDamping(0.3)
n     Free energy       Eₙ-Eₙ₋₁     ρout-ρin   Magnet  α      Diag
---   ---------------   ---------   --------   ------  -----  ----
  1   -292.8700496343         NaN   6.58e+00    5.000    NaN   2.0 
┌ Debug: Iteration 2 linesearch step 1   α=0.3 diagtol=0.0002
└ @ DFTK /home/herbstm/.julia/packages/DFTK/C0bc2/src/scf/potential_mixing.jl:304
  2   -320.8477307582   -2.80e+01   2.14e+00    3.772   0.30  16.8 
┌ Debug: Iteration 3 linesearch step 1   α=0.3 diagtol=0.0002
└ @ DFTK /home/herbstm/.julia/packages/DFTK/C0bc2/src/scf/potential_mixing.jl:304
  3   -309.5384711426    1.13e+01   3.69e+00    1.173   0.30  20.6 
┌ Debug: Iteration 4 linesearch step 1   α=0.3 diagtol=0.0002
└ @ DFTK /home/herbstm/.julia/packages/DFTK/C0bc2/src/scf/potential_mixing.jl:304
  4   -321.0835626063   -1.15e+01   6.30e-01    2.427   0.30  20.0 
┌ Debug: Iteration 5 linesearch step 1   α=0.3 diagtol=0.0002
└ @ DFTK /home/herbstm/.julia/packages/DFTK/C0bc2/src/scf/potential_mixing.jl:304
  5   -320.2740813239    8.09e-01   3.15e+00    0.447   0.30  18.1 
┌ Debug: Iteration 6 linesearch step 1   α=0.3 diagtol=0.0002
└ @ DFTK /home/herbstm/.julia/packages/DFTK/C0bc2/src/scf/potential_mixing.jl:304
  6   -323.9081504587   -3.63e+00   3.47e-01    0.590   0.30  18.3 
┌ Debug: Iteration 7 linesearch step 1   α=0.3 diagtol=0.0002
└ @ DFTK /home/herbstm/.julia/packages/DFTK/C0bc2/src/scf/potential_mixing.jl:304
  7   -326.9862245926   -3.08e+00   2.56e-01    1.327   0.30  18.4 
┌ Debug: Iteration 8 linesearch step 1   α=0.3 diagtol=0.0002
└ @ DFTK /home/herbstm/.julia/packages/DFTK/C0bc2/src/scf/potential_mixing.jl:304
  8   -321.6712014633    5.32e+00   2.38e+00    3.031   0.30  19.1 
┌ Debug: Iteration 9 linesearch step 1   α=0.3 diagtol=0.0002
└ @ DFTK /home/herbstm/.julia/packages/DFTK/C0bc2/src/scf/potential_mixing.jl:304
  9   -332.2799047596   -1.06e+01   1.82e+00    1.095   0.30  18.6 
┌ Debug: Iteration 10 linesearch step 1   α=0.3 diagtol=0.0002
└ @ DFTK /home/herbstm/.julia/packages/DFTK/C0bc2/src/scf/potential_mixing.jl:304
 10   -328.6487949309    3.63e+00   1.33e+00    1.570   0.30  19.0 
┌ Debug: Iteration 11 linesearch step 1   α=0.3 diagtol=0.0002
└ @ DFTK /home/herbstm/.julia/packages/DFTK/C0bc2/src/scf/potential_mixing.jl:304
 11   -329.6980259045   -1.05e+00   1.17e-01    1.387   0.30  18.8 
┌ Debug: Iteration 12 linesearch step 1   α=0.3 diagtol=0.0002
└ @ DFTK /home/herbstm/.julia/packages/DFTK/C0bc2/src/scf/potential_mixing.jl:304
 12   -333.1266127002   -3.43e+00   9.17e-01    0.822   0.30  18.7 
┌ Debug: Iteration 13 linesearch step 1   α=0.3 diagtol=0.0002
└ @ DFTK /home/herbstm/.julia/packages/DFTK/C0bc2/src/scf/potential_mixing.jl:304
 13   -332.1243553874    1.00e+00   3.08e-01    0.776   0.30  18.5 
┌ Debug: Iteration 14 linesearch step 1   α=0.3 diagtol=0.0002
└ @ DFTK /home/herbstm/.julia/packages/DFTK/C0bc2/src/scf/potential_mixing.jl:304
 14   -332.3051046158   -1.81e-01   3.63e-02    0.828   0.30  18.5 
┌ Debug: Iteration 15 linesearch step 1   α=0.3 diagtol=0.0002
└ @ DFTK /home/herbstm/.julia/packages/DFTK/C0bc2/src/scf/potential_mixing.jl:304
 15   -332.9838901361   -6.79e-01   1.73e-01    0.918   0.30  18.6 
┌ Debug: Iteration 16 linesearch step 1   α=0.3 diagtol=0.0002
└ @ DFTK /home/herbstm/.julia/packages/DFTK/C0bc2/src/scf/potential_mixing.jl:304
 16   -333.0205903426   -3.67e-02   2.03e-02    0.915   0.30  18.6 
┌ Debug: Iteration 17 linesearch step 1   α=0.3 diagtol=0.0002
└ @ DFTK /home/herbstm/.julia/packages/DFTK/C0bc2/src/scf/potential_mixing.jl:304
 17   -333.3016020841   -2.81e-01   2.19e-01    0.754   0.30  18.6 
┌ Debug: Iteration 18 linesearch step 1   α=0.3 diagtol=0.0002
└ @ DFTK /home/herbstm/.julia/packages/DFTK/C0bc2/src/scf/potential_mixing.jl:304
 18   -333.3008391976    7.63e-04   1.01e-02    0.729   0.30  18.6 
┌ Debug: Iteration 19 linesearch step 1   α=0.3 diagtol=0.00010129183283944491
└ @ DFTK /home/herbstm/.julia/packages/DFTK/C0bc2/src/scf/potential_mixing.jl:304
 19   -333.2966373950    4.20e-03   1.82e-02    0.729   0.30  20.1 
┌ Debug: Iteration 20 linesearch step 1   α=0.3 diagtol=0.00010129183283944491
└ @ DFTK /home/herbstm/.julia/packages/DFTK/C0bc2/src/scf/potential_mixing.jl:304
 20   -333.3000679348   -3.43e-03   3.38e-02    0.637   0.30  20.0 
┌ Debug: Iteration 21 linesearch step 1   α=0.3 diagtol=0.00010129183283944491
└ @ DFTK /home/herbstm/.julia/packages/DFTK/C0bc2/src/scf/potential_mixing.jl:304
 21   -333.3018899545   -1.82e-03   1.17e-02    0.634   0.30  20.0 
┌ Debug: Iteration 22 linesearch step 1   α=0.3 diagtol=0.00010129183283944491
└ @ DFTK /home/herbstm/.julia/packages/DFTK/C0bc2/src/scf/potential_mixing.jl:304
 22   -333.3012680029    6.22e-04   2.13e-02    0.647   0.30  20.0 
┌ Debug: Iteration 23 linesearch step 1   α=0.3 diagtol=0.00010129183283944491
└ @ DFTK /home/herbstm/.julia/packages/DFTK/C0bc2/src/scf/potential_mixing.jl:304
 23   -333.3017424440   -4.74e-04   6.00e-02    0.503   0.30  20.5 
┌ Debug: Iteration 24 linesearch step 1   α=0.3 diagtol=0.00010129183283944491
└ @ DFTK /home/herbstm/.julia/packages/DFTK/C0bc2/src/scf/potential_mixing.jl:304
 24   -333.2986576735    3.08e-03   1.48e-02    0.556   0.30  20.0 
┌ Debug: Iteration 25 linesearch step 1   α=0.3 diagtol=0.00010129183283944491
└ @ DFTK /home/herbstm/.julia/packages/DFTK/C0bc2/src/scf/potential_mixing.jl:304
 25   -333.3016077327   -2.95e-03   4.72e-02    0.554   0.30  20.3 
┌ Debug: Iteration 26 linesearch step 1   α=0.3 diagtol=0.00010129183283944491
└ @ DFTK /home/herbstm/.julia/packages/DFTK/C0bc2/src/scf/potential_mixing.jl:304
 26   -333.3026141871   -1.01e-03   2.03e-02    0.518   0.30  20.4 
┌ Debug: Iteration 27 linesearch step 1   α=0.3 diagtol=0.00010129183283944491
└ @ DFTK /home/herbstm/.julia/packages/DFTK/C0bc2/src/scf/potential_mixing.jl:304
 27   -333.3026907556   -7.66e-05   3.83e-03    0.512   0.30  20.0 
┌ Debug: Iteration 28 linesearch step 1   α=0.3 diagtol=3.8292223694043796e-5
└ @ DFTK /home/herbstm/.julia/packages/DFTK/C0bc2/src/scf/potential_mixing.jl:304
 28   -333.3026808668    9.89e-06   1.26e-03    0.514   0.30  22.4 
┌ Debug: Iteration 29 linesearch step 1   α=0.3 diagtol=1.2631571852046686e-5
└ @ DFTK /home/herbstm/.julia/packages/DFTK/C0bc2/src/scf/potential_mixing.jl:304
 29   -333.3026948921   -1.40e-05   3.02e-03    0.504   0.30  24.9 
┌ Debug: Iteration 30 linesearch step 1   α=0.3 diagtol=1.2631571852046686e-5
└ @ DFTK /home/herbstm/.julia/packages/DFTK/C0bc2/src/scf/potential_mixing.jl:304
 30   -333.3027453020   -5.04e-05   6.05e-03    0.510   0.30  24.9 
┌ Debug: Iteration 31 linesearch step 1   α=0.3 diagtol=1.2631571852046686e-5
└ @ DFTK /home/herbstm/.julia/packages/DFTK/C0bc2/src/scf/potential_mixing.jl:304
 31   -333.3026735670    7.17e-05   8.73e-03    0.502   0.30  24.7 
┌ Debug: Iteration 32 linesearch step 1   α=0.3 diagtol=1.2631571852046686e-5
└ @ DFTK /home/herbstm/.julia/packages/DFTK/C0bc2/src/scf/potential_mixing.jl:304
 32   -333.3022901369    3.83e-04   2.58e-02    0.429   0.30  24.9 
┌ Debug: Iteration 33 linesearch step 1   α=0.3 diagtol=1.2631571852046686e-5
└ @ DFTK /home/herbstm/.julia/packages/DFTK/C0bc2/src/scf/potential_mixing.jl:304
 33   -333.3029465984   -6.56e-04   6.17e-02    0.646   0.30  24.7 
┌ Debug: Iteration 34 linesearch step 1   α=0.3 diagtol=1.2631571852046686e-5
└ @ DFTK /home/herbstm/.julia/packages/DFTK/C0bc2/src/scf/potential_mixing.jl:304
 34   -333.3030870587   -1.40e-04   4.76e-02    0.766   0.30  24.8 
┌ Debug: Iteration 35 linesearch step 1   α=0.3 diagtol=1.2631571852046686e-5
└ @ DFTK /home/herbstm/.julia/packages/DFTK/C0bc2/src/scf/potential_mixing.jl:304
 35   -333.3030536367    3.34e-05   1.87e-02    0.723   0.30  24.9 
┌ Debug: Iteration 36 linesearch step 1   α=0.3 diagtol=1.2631571852046686e-5
└ @ DFTK /home/herbstm/.julia/packages/DFTK/C0bc2/src/scf/potential_mixing.jl:304
 36   -333.3030409815    1.27e-05   4.69e-03    0.723   0.30  24.8 
┌ Debug: Iteration 37 linesearch step 1   α=0.3 diagtol=1.2631571852046686e-5
└ @ DFTK /home/herbstm/.julia/packages/DFTK/C0bc2/src/scf/potential_mixing.jl:304
 37   -333.3031019210   -6.09e-05   1.31e-02    0.751   0.30  24.8 
┌ Debug: Iteration 38 linesearch step 1   α=0.3 diagtol=1.2631571852046686e-5
└ @ DFTK /home/herbstm/.julia/packages/DFTK/C0bc2/src/scf/potential_mixing.jl:304
 38   -333.3031009127    1.01e-06   2.67e-03    0.741   0.30  24.9 
┌ Debug: Iteration 39 linesearch step 1   α=0.3 diagtol=1.2631571852046686e-5
└ @ DFTK /home/herbstm/.julia/packages/DFTK/C0bc2/src/scf/potential_mixing.jl:304
 39   -333.3030944532    6.46e-06   4.15e-04    0.741   0.30  24.9 
┌ Debug: Iteration 40 linesearch step 1   α=0.3 diagtol=4.147885504775859e-6
└ @ DFTK /home/herbstm/.julia/packages/DFTK/C0bc2/src/scf/potential_mixing.jl:304
 40   -333.3031079432   -1.35e-05   1.87e-03    0.738   0.30  27.2 
┌ Debug: Iteration 41 linesearch step 1   α=0.3 diagtol=4.147885504775859e-6
└ @ DFTK /home/herbstm/.julia/packages/DFTK/C0bc2/src/scf/potential_mixing.jl:304
 41   -333.3030851872    2.28e-05   8.69e-04    0.735   0.30  27.2 
┌ Debug: Iteration 42 linesearch step 1   α=0.3 diagtol=4.147885504775859e-6
└ @ DFTK /home/herbstm/.julia/packages/DFTK/C0bc2/src/scf/potential_mixing.jl:304
 42   -333.3030845125    6.75e-07   9.95e-04    0.737   0.30  27.1 
┌ Debug: Iteration 43 linesearch step 1   α=0.3 diagtol=4.147885504775859e-6
└ @ DFTK /home/herbstm/.julia/packages/DFTK/C0bc2/src/scf/potential_mixing.jl:304
 43   -333.3031044324   -1.99e-05   1.32e-03    0.739   0.30  27.2 
┌ Debug: Iteration 44 linesearch step 1   α=0.3 diagtol=4.147885504775859e-6
└ @ DFTK /home/herbstm/.julia/packages/DFTK/C0bc2/src/scf/potential_mixing.jl:304
 44   -333.3026527641    4.52e-04   8.03e-03    0.716   0.30  27.2 
┌ Debug: Iteration 45 linesearch step 1   α=0.3 diagtol=4.147885504775859e-6
└ @ DFTK /home/herbstm/.julia/packages/DFTK/C0bc2/src/scf/potential_mixing.jl:304
 45   -333.3023591314    2.94e-04   3.24e-03    0.697   0.30  27.2 
┌ Debug: Iteration 46 linesearch step 1   α=0.3 diagtol=4.147885504775859e-6
└ @ DFTK /home/herbstm/.julia/packages/DFTK/C0bc2/src/scf/potential_mixing.jl:304
 46   -333.3027340366   -3.75e-04   3.56e-03    0.698   0.30  27.2 
┌ Debug: Iteration 47 linesearch step 1   α=0.3 diagtol=4.147885504775859e-6
└ @ DFTK /home/herbstm/.julia/packages/DFTK/C0bc2/src/scf/potential_mixing.jl:304
 47   -333.3023337188    4.00e-04   4.38e-03    0.703   0.30  27.2 
┌ Debug: Iteration 48 linesearch step 1   α=0.3 diagtol=4.147885504775859e-6
└ @ DFTK /home/herbstm/.julia/packages/DFTK/C0bc2/src/scf/potential_mixing.jl:304
 48   -333.3033604702   -1.03e-03   1.97e-02    0.793   0.30  27.2 
┌ Debug: Iteration 49 linesearch step 1   α=0.3 diagtol=4.147885504775859e-6
└ @ DFTK /home/herbstm/.julia/packages/DFTK/C0bc2/src/scf/potential_mixing.jl:304
 49   -333.3031182982    2.42e-04   1.09e-02    0.811   0.30  27.1 
┌ Debug: Iteration 50 linesearch step 1   α=0.3 diagtol=4.147885504775859e-6
└ @ DFTK /home/herbstm/.julia/packages/DFTK/C0bc2/src/scf/potential_mixing.jl:304
 50   -333.3035498722   -4.32e-04   5.02e-03    0.812   0.30  27.2 
┌ Debug: Iteration 51 linesearch step 1   α=0.3 diagtol=4.147885504775859e-6
└ @ DFTK /home/herbstm/.julia/packages/DFTK/C0bc2/src/scf/potential_mixing.jl:304
 51   -333.3034719830    7.79e-05   3.37e-03    0.814   0.30  27.3 
┌ Debug: Iteration 52 linesearch step 1   α=0.3 diagtol=4.147885504775859e-6
└ @ DFTK /home/herbstm/.julia/packages/DFTK/C0bc2/src/scf/potential_mixing.jl:304
 52   -333.3035387525   -6.68e-05   1.25e-03    0.820   0.30  27.3 
┌ Debug: Iteration 53 linesearch step 1   α=0.3 diagtol=4.147885504775859e-6
└ @ DFTK /home/herbstm/.julia/packages/DFTK/C0bc2/src/scf/potential_mixing.jl:304
 53   -333.3035563230   -1.76e-05   4.68e-04    0.819   0.30  27.3 
┌ Debug: Iteration 54 linesearch step 1   α=0.3 diagtol=4.147885504775859e-6
└ @ DFTK /home/herbstm/.julia/packages/DFTK/C0bc2/src/scf/potential_mixing.jl:304
 54   -333.3033377658    2.19e-04   3.19e-03    0.824   0.30  27.1 
┌ Debug: Iteration 55 linesearch step 1   α=0.3 diagtol=4.147885504775859e-6
└ @ DFTK /home/herbstm/.julia/packages/DFTK/C0bc2/src/scf/potential_mixing.jl:304
 55   -333.3029405499    3.97e-04   3.10e-03    0.827   0.30  27.1 
┌ Debug: Iteration 56 linesearch step 1   α=0.3 diagtol=4.147885504775859e-6
└ @ DFTK /home/herbstm/.julia/packages/DFTK/C0bc2/src/scf/potential_mixing.jl:304
 56   -333.3035699675   -6.29e-04   5.29e-03    0.822   0.30  27.3 
┌ Debug: Iteration 57 linesearch step 1   α=0.3 diagtol=4.147885504775859e-6
└ @ DFTK /home/herbstm/.julia/packages/DFTK/C0bc2/src/scf/potential_mixing.jl:304
 57   -333.3037709523   -2.01e-04   3.07e-03    0.822   0.30  27.1 
┌ Debug: Iteration 58 linesearch step 1   α=0.3 diagtol=4.147885504775859e-6
└ @ DFTK /home/herbstm/.julia/packages/DFTK/C0bc2/src/scf/potential_mixing.jl:304
 58   -333.3039132487   -1.42e-04   1.38e-02    0.852   0.30  27.1 
┌ Debug: Iteration 59 linesearch step 1   α=0.3 diagtol=4.147885504775859e-6
└ @ DFTK /home/herbstm/.julia/packages/DFTK/C0bc2/src/scf/potential_mixing.jl:304
 59   -333.3028798952    1.03e-03   1.17e-02    0.886   0.30  27.0 
┌ Debug: Iteration 60 linesearch step 1   α=0.3 diagtol=4.147885504775859e-6
└ @ DFTK /home/herbstm/.julia/packages/DFTK/C0bc2/src/scf/potential_mixing.jl:304
 60   -333.3034188182   -5.39e-04   3.50e-03    0.882   0.30  27.0 
┌ Debug: Iteration 61 linesearch step 1   α=0.3 diagtol=4.147885504775859e-6
└ @ DFTK /home/herbstm/.julia/packages/DFTK/C0bc2/src/scf/potential_mixing.jl:304
 61   -333.3038480587   -4.29e-04   5.05e-03    0.873   0.30  27.1 
┌ Debug: Iteration 62 linesearch step 1   α=0.3 diagtol=4.147885504775859e-6
└ @ DFTK /home/herbstm/.julia/packages/DFTK/C0bc2/src/scf/potential_mixing.jl:304
 62   -333.3041548409   -3.07e-04   7.74e-03    0.880   0.30  27.1 
┌ Debug: Iteration 63 linesearch step 1   α=0.3 diagtol=4.147885504775859e-6
└ @ DFTK /home/herbstm/.julia/packages/DFTK/C0bc2/src/scf/potential_mixing.jl:304
 63   -333.3041301776    2.47e-05   8.76e-04    0.877   0.30  27.1 
┌ Debug: Iteration 64 linesearch step 1   α=0.3 diagtol=4.147885504775859e-6
└ @ DFTK /home/herbstm/.julia/packages/DFTK/C0bc2/src/scf/potential_mixing.jl:304
 64   -333.3042406251   -1.10e-04   6.55e-03    0.883   0.30  27.2 
┌ Debug: Iteration 65 linesearch step 1   α=0.3 diagtol=4.147885504775859e-6
└ @ DFTK /home/herbstm/.julia/packages/DFTK/C0bc2/src/scf/potential_mixing.jl:304
 65   -333.3040198854    2.21e-04   8.80e-03    0.872   0.30  27.1 
┌ Debug: Iteration 66 linesearch step 1   α=0.3 diagtol=4.147885504775859e-6
└ @ DFTK /home/herbstm/.julia/packages/DFTK/C0bc2/src/scf/potential_mixing.jl:304
 66   -333.3040356528   -1.58e-05   4.39e-03    0.865   0.30  27.2 
┌ Debug: Iteration 67 linesearch step 1   α=0.3 diagtol=4.147885504775859e-6
└ @ DFTK /home/herbstm/.julia/packages/DFTK/C0bc2/src/scf/potential_mixing.jl:304
 67   -333.3037668595    2.69e-04   8.58e-03    0.865   0.30  27.1 
┌ Debug: Iteration 68 linesearch step 1   α=0.3 diagtol=4.147885504775859e-6
└ @ DFTK /home/herbstm/.julia/packages/DFTK/C0bc2/src/scf/potential_mixing.jl:304
 68   -333.3032784773    4.88e-04   1.34e-02    0.853   0.30  27.1 
┌ Debug: Iteration 69 linesearch step 1   α=0.3 diagtol=4.147885504775859e-6
└ @ DFTK /home/herbstm/.julia/packages/DFTK/C0bc2/src/scf/potential_mixing.jl:304
 69   -333.3032027515    7.57e-05   7.00e-04    0.854   0.30  27.3 
┌ Debug: Iteration 70 linesearch step 1   α=0.3 diagtol=4.147885504775859e-6
└ @ DFTK /home/herbstm/.julia/packages/DFTK/C0bc2/src/scf/potential_mixing.jl:304
 70   -333.3030449079    1.58e-04   1.74e-02    0.818   0.30  27.1 
┌ Debug: Iteration 71 linesearch step 1   α=0.3 diagtol=4.147885504775859e-6
└ @ DFTK /home/herbstm/.julia/packages/DFTK/C0bc2/src/scf/potential_mixing.jl:304
 71   -333.3032194790   -1.75e-04   1.20e-02    0.853   0.30  27.0 
┌ Debug: Iteration 72 linesearch step 1   α=0.3 diagtol=4.147885504775859e-6
└ @ DFTK /home/herbstm/.julia/packages/DFTK/C0bc2/src/scf/potential_mixing.jl:304
 72   -333.3046525682   -1.43e-03   5.83e-02    0.944   0.30  27.1 
┌ Debug: Iteration 73 linesearch step 1   α=0.3 diagtol=4.147885504775859e-6
└ @ DFTK /home/herbstm/.julia/packages/DFTK/C0bc2/src/scf/potential_mixing.jl:304
 73   -333.3047737211   -1.21e-04   1.48e-02    0.964   0.30  27.1 
┌ Debug: Iteration 74 linesearch step 1   α=0.3 diagtol=4.147885504775859e-6
└ @ DFTK /home/herbstm/.julia/packages/DFTK/C0bc2/src/scf/potential_mixing.jl:304
 74   -333.3045742212    1.99e-04   1.11e-02    0.972   0.30  27.2 
┌ Debug: Iteration 75 linesearch step 1   α=0.3 diagtol=4.147885504775859e-6
└ @ DFTK /home/herbstm/.julia/packages/DFTK/C0bc2/src/scf/potential_mixing.jl:304
 75   -333.3042832517    2.91e-04   1.97e-02    0.973   0.30  27.2 
┌ Debug: Iteration 76 linesearch step 1   α=0.3 diagtol=4.147885504775859e-6
└ @ DFTK /home/herbstm/.julia/packages/DFTK/C0bc2/src/scf/potential_mixing.jl:304
 76   -333.3033044753    9.79e-04   6.20e-03    0.967   0.30  27.2 
┌ Debug: Iteration 77 linesearch step 1   α=0.3 diagtol=4.147885504775859e-6
└ @ DFTK /home/herbstm/.julia/packages/DFTK/C0bc2/src/scf/potential_mixing.jl:304
 77   -333.3047000919   -1.40e-03   1.04e-02    0.966   0.30  27.2 
┌ Debug: Iteration 78 linesearch step 1   α=0.3 diagtol=4.147885504775859e-6
└ @ DFTK /home/herbstm/.julia/packages/DFTK/C0bc2/src/scf/potential_mixing.jl:304
 78   -333.3047292734   -2.92e-05   1.88e-03    0.967   0.30  27.1 
┌ Debug: Iteration 79 linesearch step 1   α=0.3 diagtol=4.147885504775859e-6
└ @ DFTK /home/herbstm/.julia/packages/DFTK/C0bc2/src/scf/potential_mixing.jl:304
 79   -333.3047098864    1.94e-05   9.36e-04    0.966   0.30  27.1 
┌ Debug: Iteration 80 linesearch step 1   α=0.3 diagtol=4.147885504775859e-6
└ @ DFTK /home/herbstm/.julia/packages/DFTK/C0bc2/src/scf/potential_mixing.jl:304
 80   -333.3046749932    3.49e-05   3.58e-04    0.966   0.30  27.1 
┌ Debug: Iteration 81 linesearch step 1   α=0.3 diagtol=3.580787003230054e-6
└ @ DFTK /home/herbstm/.julia/packages/DFTK/C0bc2/src/scf/potential_mixing.jl:304
 81   -333.3046424462    3.25e-05   1.56e-03    0.963   0.30  27.5 
┌ Debug: Iteration 82 linesearch step 1   α=0.3 diagtol=3.580787003230054e-6
└ @ DFTK /home/herbstm/.julia/packages/DFTK/C0bc2/src/scf/potential_mixing.jl:304
 82   -333.3045274337    1.15e-04   1.27e-03    0.962   0.30  27.5 
┌ Debug: Iteration 83 linesearch step 1   α=0.3 diagtol=3.580787003230054e-6
└ @ DFTK /home/herbstm/.julia/packages/DFTK/C0bc2/src/scf/potential_mixing.jl:304
 83   -333.3046273776   -9.99e-05   4.44e-03    0.973   0.30  27.4 
┌ Debug: Iteration 84 linesearch step 1   α=0.3 diagtol=3.580787003230054e-6
└ @ DFTK /home/herbstm/.julia/packages/DFTK/C0bc2/src/scf/potential_mixing.jl:304
 84   -333.3046338446   -6.47e-06   9.30e-03    0.966   0.30  27.5 
┌ Debug: Iteration 85 linesearch step 1   α=0.3 diagtol=3.580787003230054e-6
└ @ DFTK /home/herbstm/.julia/packages/DFTK/C0bc2/src/scf/potential_mixing.jl:304
 85   -333.3047812677   -1.47e-04   3.44e-03    0.974   0.30  27.5 
┌ Debug: Iteration 86 linesearch step 1   α=0.3 diagtol=3.580787003230054e-6
└ @ DFTK /home/herbstm/.julia/packages/DFTK/C0bc2/src/scf/potential_mixing.jl:304
 86   -333.3047951758   -1.39e-05   5.49e-03    0.974   0.30  27.5 
┌ Debug: Iteration 87 linesearch step 1   α=0.3 diagtol=3.580787003230054e-6
└ @ DFTK /home/herbstm/.julia/packages/DFTK/C0bc2/src/scf/potential_mixing.jl:304
 87   -333.3048030159   -7.84e-06   2.47e-03    0.976   0.30  27.5 
┌ Debug: Iteration 88 linesearch step 1   α=0.3 diagtol=3.580787003230054e-6
└ @ DFTK /home/herbstm/.julia/packages/DFTK/C0bc2/src/scf/potential_mixing.jl:304
 88   -333.3045915518    2.11e-04   1.04e-02    0.981   0.30  27.5 
┌ Debug: Iteration 89 linesearch step 1   α=0.3 diagtol=3.580787003230054e-6
└ @ DFTK /home/herbstm/.julia/packages/DFTK/C0bc2/src/scf/potential_mixing.jl:304
 89   -333.3046745966   -8.30e-05   4.27e-03    0.977   0.30  27.5 
┌ Debug: Iteration 90 linesearch step 1   α=0.3 diagtol=3.580787003230054e-6
└ @ DFTK /home/herbstm/.julia/packages/DFTK/C0bc2/src/scf/potential_mixing.jl:304
 90   -333.3043334357    3.41e-04   6.31e-03    0.980   0.30  27.7 
┌ Debug: Iteration 91 linesearch step 1   α=0.3 diagtol=3.580787003230054e-6
└ @ DFTK /home/herbstm/.julia/packages/DFTK/C0bc2/src/scf/potential_mixing.jl:304
 91   -333.3036298676    7.04e-04   4.46e-03    0.975   0.30  27.5 
┌ Debug: Iteration 92 linesearch step 1   α=0.3 diagtol=3.580787003230054e-6
└ @ DFTK /home/herbstm/.julia/packages/DFTK/C0bc2/src/scf/potential_mixing.jl:304
 92   -333.3031195541    5.10e-04   1.67e-03    0.975   0.30  27.6 
┌ Debug: Iteration 93 linesearch step 1   α=0.3 diagtol=3.580787003230054e-6
└ @ DFTK /home/herbstm/.julia/packages/DFTK/C0bc2/src/scf/potential_mixing.jl:304
 93   -333.3050273528   -1.91e-03   1.42e-02    0.978   0.30  27.4 
┌ Debug: Iteration 94 linesearch step 1   α=0.3 diagtol=3.580787003230054e-6
└ @ DFTK /home/herbstm/.julia/packages/DFTK/C0bc2/src/scf/potential_mixing.jl:304
 94   -333.3049357873    9.16e-05   4.60e-03    0.978   0.30  27.5 
┌ Debug: Iteration 95 linesearch step 1   α=0.3 diagtol=3.580787003230054e-6
└ @ DFTK /home/herbstm/.julia/packages/DFTK/C0bc2/src/scf/potential_mixing.jl:304
 95   -333.3047900503    1.46e-04   9.80e-03    0.983   0.30  27.6 
┌ Debug: Iteration 96 linesearch step 1   α=0.3 diagtol=3.580787003230054e-6
└ @ DFTK /home/herbstm/.julia/packages/DFTK/C0bc2/src/scf/potential_mixing.jl:304
 96   -333.3047934792   -3.43e-06   3.51e-04    0.984   0.30  27.6 
┌ Debug: Iteration 97 linesearch step 1   α=0.3 diagtol=3.5132986842752707e-6
└ @ DFTK /home/herbstm/.julia/packages/DFTK/C0bc2/src/scf/potential_mixing.jl:304
 97   -333.3049989289   -2.05e-04   4.69e-03    0.982   0.30  27.5 
┌ Debug: Iteration 98 linesearch step 1   α=0.3 diagtol=3.5132986842752707e-6
└ @ DFTK /home/herbstm/.julia/packages/DFTK/C0bc2/src/scf/potential_mixing.jl:304
 98   -333.3046375271    3.61e-04   5.75e-03    0.985   0.30  27.7 
┌ Debug: Iteration 99 linesearch step 1   α=0.3 diagtol=3.5132986842752707e-6
└ @ DFTK /home/herbstm/.julia/packages/DFTK/C0bc2/src/scf/potential_mixing.jl:304
 99   -333.3049754503   -3.38e-04   6.50e-03    0.983   0.30  27.4 
┌ Debug: Iteration 100 linesearch step 1   α=0.3 diagtol=3.5132986842752707e-6
└ @ DFTK /home/herbstm/.julia/packages/DFTK/C0bc2/src/scf/potential_mixing.jl:304
┌ Warning: SCF not converged.
└ @ DFTK /home/herbstm/.julia/packages/DFTK/C0bc2/src/scf/scf_callbacks.jl:32

Energy breakdown:
    Kinetic             163.9048440
    AtomicLocal         -305.4771545
    AtomicNonlocal      -41.5947173
    Ewald               -218.4915480
    PspCorrection       8.2062430 
    Hartree             96.6408531
    Xc                  -36.4886270
    Entropy             -0.0049216

    total               -333.305028374097

 ──────────────────────────────────────────────────────────────────────────────
                                       Time                   Allocations      
                               ──────────────────────   ───────────────────────
       Tot / % measured:           10050s / 100%             638GiB / 100%     

 Section               ncalls     time   %tot     avg     alloc   %tot      avg
 ──────────────────────────────────────────────────────────────────────────────
 scf_potential_mixing       1   10044s   100%  10044s    637GiB  100%    637GiB
   LOBPCG               1.20k    9542s  95.0%   7.95s    596GiB  93.6%   509MiB
     Hamiltonian mu...  42.3k    3970s  39.5%  93.9ms    119GiB  18.6%  2.88MiB
       kinetic+local    42.3k    3536s  35.2%  83.7ms   2.51GiB  0.39%  62.2KiB
       nonlocal         42.3k     416s  4.14%  9.84ms   76.8GiB  12.1%  1.86MiB
     rayleigh_ritz      41.1k    1277s  12.7%  31.1ms   24.1GiB  3.79%   616KiB
     ortho!              175k     538s  5.36%  3.07ms   20.3GiB  3.18%   121KiB
   compute_density        100     397s  3.95%   3.97s   7.44GiB  1.17%  76.2MiB
   energy_hamiltonian     101    65.1s  0.65%   644ms   20.5GiB  3.22%   208MiB
     ene_ops              101    61.0s  0.61%   604ms   17.9GiB  2.80%   181MiB
       ene_ops: xc        101    32.4s  0.32%   321ms   15.9GiB  2.49%   161MiB
       ene_ops: non...    101    14.8s  0.15%   146ms    237MiB  0.04%  2.35MiB
       ene_ops: kin...    101    2.76s  0.03%  27.3ms   53.0MiB  0.01%   537KiB
       ene_ops: har...    101    1.50s  0.01%  14.9ms   0.97GiB  0.15%  9.80MiB
       ene_ops: local     101    481ms  0.00%  4.76ms    216MiB  0.03%  2.14MiB
   KerkerMixing           100    3.14s  0.03%  31.4ms   2.54GiB  0.40%  26.0MiB
   QR orthonormaliz...  1.20k   1.42ms  0.00%  1.18μs     0.00B  0.00%    0.00B
 ──────────────────────────────────────────────────────────────────────────────
┌ Debug: Library handles
│   libGR_handle[] = Ptr{Nothing} @0x000000000ea6db90
│   libGR3_handle[] = Ptr{Nothing} @0x0000000011679bd0
│   libGRM_handle[] = Ptr{Nothing} @0x0000000011681950
└ @ GR /home/herbstm/.julia/packages/GR/4DHy8/src/funcptrs.jl:67
┌ Debug: Found GKS_ENCODING in ENV
│   text_encoding[] = 301
└ @ GR /home/herbstm/.julia/packages/GR/4DHy8/src/GR.jl:468
