#
#-- SCF Fe2CrGa -- case=standard_10
#
    keywords: (damping = DFTK.FixedDamping(1.0),)

hostname        = clustern13

started on      = 2021-08-30T16:10:28.867
julia threads   = 1
BLAS threads    = 1
MPI procs       = 16

temperature     = 0.01
smearing        = DFTK.Smearing.Gaussian()
lattice         = [0.0 5.503 5.503; 5.503 0.0 5.503; 5.503 5.503 0.0]
Ecut            = 45.0
fft_size        = (50, 50, 50)
kgrid           = [13, 13, 13]
kshift          = [0.0, 0.0, 0.0]
n_irreducible_k = 168
n_bands         = 59
n_electr        = 49
type            = potmix
mixing          = KerkerMixing(0.8, 0.0)
damping         = DFTK.FixedDamping(1.0)
n     Free energy       Eₙ-Eₙ₋₁     ρout-ρin   Magnet   α      Diag
---   ---------------   ---------   --------   ------   ----   ----
  1   -292.8700496343         NaN   6.58e+00    5.000    NaN    2.0
┌ Debug: Iteration 2 linesearch step 1   α=1.0 diagtol=0.0002
└ @ DFTK /home/herbstm/.julia/packages/DFTK/ogFMK/src/scf/potential_mixing.jl:296
  2   -278.8662843895    1.40e+01   7.14e+00    1.604   1.00   23.1
┌ Debug: Iteration 3 linesearch step 1   α=1.0 diagtol=0.0002
└ @ DFTK /home/herbstm/.julia/packages/DFTK/ogFMK/src/scf/potential_mixing.jl:296
  3   -330.1562573687   -5.13e+01   2.93e+00    0.199   1.00   19.2
┌ Debug: Iteration 4 linesearch step 1   α=1.0 diagtol=0.0002
└ @ DFTK /home/herbstm/.julia/packages/DFTK/ogFMK/src/scf/potential_mixing.jl:296
  4   -330.6276427801   -4.71e-01   1.01e+00    2.028   1.00   19.2
┌ Debug: Iteration 5 linesearch step 1   α=1.0 diagtol=0.0002
└ @ DFTK /home/herbstm/.julia/packages/DFTK/ogFMK/src/scf/potential_mixing.jl:296
  5   -331.8644701697   -1.24e+00   1.17e+00    0.344   1.00   18.7
┌ Debug: Iteration 6 linesearch step 1   α=1.0 diagtol=0.0002
└ @ DFTK /home/herbstm/.julia/packages/DFTK/ogFMK/src/scf/potential_mixing.jl:296
  6   -320.4768986855    1.14e+01   1.94e+00   -0.077   1.00   19.3
┌ Debug: Iteration 7 linesearch step 1   α=1.0 diagtol=0.0002
└ @ DFTK /home/herbstm/.julia/packages/DFTK/ogFMK/src/scf/potential_mixing.jl:296
  7   -326.8492589116   -6.37e+00   4.83e-01   -0.416   1.00   19.1
┌ Debug: Iteration 8 linesearch step 1   α=1.0 diagtol=0.0002
└ @ DFTK /home/herbstm/.julia/packages/DFTK/ogFMK/src/scf/potential_mixing.jl:296
  8   -333.2509487805   -6.40e+00   1.13e+00   -0.544   1.00   18.6
┌ Debug: Iteration 9 linesearch step 1   α=1.0 diagtol=0.0002
└ @ DFTK /home/herbstm/.julia/packages/DFTK/ogFMK/src/scf/potential_mixing.jl:296
  9   -333.0465609886    2.04e-01   2.84e-01   -0.496   1.00   18.6
┌ Debug: Iteration 10 linesearch step 1   α=1.0 diagtol=0.0002
└ @ DFTK /home/herbstm/.julia/packages/DFTK/ogFMK/src/scf/potential_mixing.jl:296
 10   -333.1789192318   -1.32e-01   7.20e-02   -0.627   1.00   18.7
┌ Debug: Iteration 11 linesearch step 1   α=1.0 diagtol=0.0002
└ @ DFTK /home/herbstm/.julia/packages/DFTK/ogFMK/src/scf/potential_mixing.jl:296
 11   -333.3022683680   -1.23e-01   1.63e-01   -0.853   1.00   18.6
┌ Debug: Iteration 12 linesearch step 1   α=1.0 diagtol=0.0002
└ @ DFTK /home/herbstm/.julia/packages/DFTK/ogFMK/src/scf/potential_mixing.jl:296
 12   -333.3022966970   -2.83e-05   5.70e-04   -0.855   1.00   18.6
┌ Debug: Iteration 13 linesearch step 1   α=1.0 diagtol=5.704933472872199e-6
└ @ DFTK /home/herbstm/.julia/packages/DFTK/ogFMK/src/scf/potential_mixing.jl:296
 13   -333.3048135134   -2.52e-03   4.03e-02   -0.970   1.00   26.6
┌ Debug: Iteration 14 linesearch step 1   α=1.0 diagtol=5.704933472872199e-6
└ @ DFTK /home/herbstm/.julia/packages/DFTK/ogFMK/src/scf/potential_mixing.jl:296
 14   -333.3047511431    6.24e-05   1.41e-02   -0.984   1.00   26.6
┌ Debug: Iteration 15 linesearch step 1   α=1.0 diagtol=5.704933472872199e-6
└ @ DFTK /home/herbstm/.julia/packages/DFTK/ogFMK/src/scf/potential_mixing.jl:296
 15   -333.3045260002    2.25e-04   3.87e-03   -0.975   1.00   26.6
┌ Debug: Iteration 16 linesearch step 1   α=1.0 diagtol=5.704933472872199e-6
└ @ DFTK /home/herbstm/.julia/packages/DFTK/ogFMK/src/scf/potential_mixing.jl:296
 16   -333.3051527055   -6.27e-04   2.29e-02   -0.981   1.00   26.7
┌ Debug: Iteration 17 linesearch step 1   α=1.0 diagtol=5.704933472872199e-6
└ @ DFTK /home/herbstm/.julia/packages/DFTK/ogFMK/src/scf/potential_mixing.jl:296
 17   -333.3051736929   -2.10e-05   2.40e-02   -0.978   1.00   26.5
┌ Debug: Iteration 18 linesearch step 1   α=1.0 diagtol=5.704933472872199e-6
└ @ DFTK /home/herbstm/.julia/packages/DFTK/ogFMK/src/scf/potential_mixing.jl:296
 18   -333.3052697982   -9.61e-05   3.53e-03   -0.979   1.00   26.5
┌ Debug: Iteration 19 linesearch step 1   α=1.0 diagtol=5.704933472872199e-6
└ @ DFTK /home/herbstm/.julia/packages/DFTK/ogFMK/src/scf/potential_mixing.jl:296
 19   -333.3052725628   -2.76e-06   1.23e-03   -0.978   1.00   26.5
┌ Debug: Iteration 20 linesearch step 1   α=1.0 diagtol=5.704933472872199e-6
└ @ DFTK /home/herbstm/.julia/packages/DFTK/ogFMK/src/scf/potential_mixing.jl:296
 20   -333.3052729501   -3.87e-07   5.61e-04   -0.978   1.00   26.4
┌ Debug: Iteration 21 linesearch step 1   α=1.0 diagtol=5.6136967549695715e-6
└ @ DFTK /home/herbstm/.julia/packages/DFTK/ogFMK/src/scf/potential_mixing.jl:296
 21   -333.3052730099   -5.98e-08   3.68e-04   -0.977   1.00   26.6
┌ Debug: Iteration 22 linesearch step 1   α=1.0 diagtol=3.677863428035819e-6
└ @ DFTK /home/herbstm/.julia/packages/DFTK/ogFMK/src/scf/potential_mixing.jl:296
 22   -333.3052730117   -1.87e-09   2.87e-05   -0.977   1.00   27.4
┌ Debug: Iteration 23 linesearch step 1   α=1.0 diagtol=2.871132514637454e-7
└ @ DFTK /home/herbstm/.julia/packages/DFTK/ogFMK/src/scf/potential_mixing.jl:296
 23   -333.3052730118   -2.56e-11   2.36e-06   -0.977   1.00   33.1
┌ Debug: Iteration 24 linesearch step 1   α=1.0 diagtol=2.357206671497757e-8
└ @ DFTK /home/herbstm/.julia/packages/DFTK/ogFMK/src/scf/potential_mixing.jl:296
 24   -333.3052730118   -1.42e-12   5.76e-07   -0.977   1.00   38.7

Energy breakdown:
    Kinetic             163.9064369
    AtomicLocal         -305.4666020
    AtomicNonlocal      -41.5932669
    Ewald               -218.4915480
    PspCorrection       8.2062430 
    Hartree             96.6295494
    Xc                  -36.4914575
    Entropy             -0.0046280

    total               -333.305273011762

 ──────────────────────────────────────────────────────────────────────────────
                                       Time                   Allocations      
                               ──────────────────────   ───────────────────────
       Tot / % measured:            2231s / 100%             141GiB / 100%     

 Section               ncalls     time   %tot     avg     alloc   %tot      avg
 ──────────────────────────────────────────────────────────────────────────────
 scf_potential_mixing       1    2231s   100%   2231s    141GiB  100%    141GiB
   LOBPCG                 288    2118s  94.9%   7.35s    133GiB  93.7%   471MiB
     Hamiltonian mu...  9.29k     892s  40.0%  96.0ms   26.3GiB  18.6%  2.90MiB
       kinetic+local    9.29k     796s  35.7%  85.7ms    555MiB  0.38%  61.2KiB
       nonlocal         9.29k    92.0s  4.13%  9.91ms   17.1GiB  12.1%  1.89MiB
     rayleigh_ritz      9.00k     281s  12.6%  31.2ms   5.36GiB  3.79%   624KiB
     ortho!             38.3k     120s  5.37%  3.13ms   4.49GiB  3.17%   123KiB
   compute_density         24    93.5s  4.19%   3.89s   1.75GiB  1.24%  74.6MiB
   energy_hamiltonian      25    12.7s  0.57%   510ms   4.74GiB  3.35%   194MiB
     ene_ops               25    12.3s  0.55%   490ms   4.13GiB  2.92%   169MiB
       ene_ops: xc         25    6.61s  0.30%   264ms   3.80GiB  2.68%   156MiB
       ene_ops: non...     25    3.47s  0.16%   139ms   49.2MiB  0.03%  1.97MiB
       ene_ops: kin...     25    389ms  0.02%  15.5ms   4.56MiB  0.00%   187KiB
       ene_ops: har...     25    220ms  0.01%  8.81ms    239MiB  0.16%  9.55MiB
       ene_ops: local      25   32.9ms  0.00%  1.32ms   48.2MiB  0.03%  1.93MiB
   KerkerMixing            24    541ms  0.02%  22.6ms    641MiB  0.44%  26.7MiB
   QR orthonormaliz...    288    302μs  0.00%  1.05μs     0.00B  0.00%    0.00B
 ──────────────────────────────────────────────────────────────────────────────
