#
#-- SCF Al_Kerker -- case=standard_07
#
    keywords: (damping = DFTK.FixedDamping(0.7),)

hostname        = clustern11

started on      = 2021-08-26T16:25:26.533
julia threads   = 1
BLAS threads    = 1
MPI procs       = 9

temperature     = 0.001
smearing        = DFTK.Smearing.Gaussian()
lattice         = [7.653 0.0 0.0; 0.0 7.653 0.0; 0.0 0.0 76.53]
Ecut            = 20.0
fft_size        = (25, 25, 240)
kgrid           = [3, 3, 1]
kshift          = [0.0, 0.0, 0.0]
n_irreducible_k = 9
n_bands         = 72
n_electr        = 120
type            = potmix
mixing          = KerkerMixing(0.8, 0.0)
damping         = DFTK.FixedDamping(0.7)
n     Free energy       Eₙ-Eₙ₋₁     ρout-ρin   α      Diag
---   ---------------   ---------   --------   ----   ----
  1   -79.76851255890         NaN   5.32e-01    NaN    2.0
┌ Debug: Iteration 2 linesearch step 1   α=0.7 diagtol=0.0002
└ @ DFTK /home/herbstm/.julia/packages/DFTK/ogFMK/src/scf/potential_mixing.jl:296
  2   -82.34044871343   -2.57e+00   2.24e-01   0.70   17.8
┌ Debug: Iteration 3 linesearch step 1   α=0.7 diagtol=0.0002
└ @ DFTK /home/herbstm/.julia/packages/DFTK/ogFMK/src/scf/potential_mixing.jl:296
  3   -82.24953622647    9.09e-02   1.10e-01   0.70   17.9
┌ Debug: Iteration 4 linesearch step 1   α=0.7 diagtol=0.0002
└ @ DFTK /home/herbstm/.julia/packages/DFTK/ogFMK/src/scf/potential_mixing.jl:296
  4   -82.70162653555   -4.52e-01   4.68e-02   0.70   18.6
┌ Debug: Iteration 5 linesearch step 1   α=0.7 diagtol=0.0002
└ @ DFTK /home/herbstm/.julia/packages/DFTK/ogFMK/src/scf/potential_mixing.jl:296
  5   -82.89806079846   -1.96e-01   2.11e-02   0.70   18.0
┌ Debug: Iteration 6 linesearch step 1   α=0.7 diagtol=0.0002
└ @ DFTK /home/herbstm/.julia/packages/DFTK/ogFMK/src/scf/potential_mixing.jl:296
  6   -82.91601618494   -1.80e-02   5.33e-03   0.70   18.1
┌ Debug: Iteration 7 linesearch step 1   α=0.7 diagtol=5.325071816716203e-5
└ @ DFTK /home/herbstm/.julia/packages/DFTK/ogFMK/src/scf/potential_mixing.jl:296
  7   -82.91603683299   -2.06e-05   7.41e-04   0.70   21.4
┌ Debug: Iteration 8 linesearch step 1   α=0.7 diagtol=7.406607807052592e-6
└ @ DFTK /home/herbstm/.julia/packages/DFTK/ogFMK/src/scf/potential_mixing.jl:296
  8   -82.91604687123   -1.00e-05   2.69e-04   0.70   25.9
┌ Debug: Iteration 9 linesearch step 1   α=0.7 diagtol=2.6940812596193023e-6
└ @ DFTK /home/herbstm/.julia/packages/DFTK/ogFMK/src/scf/potential_mixing.jl:296
  9   -82.91605307806   -6.21e-06   1.23e-04   0.70   28.3
┌ Debug: Iteration 10 linesearch step 1   α=0.7 diagtol=1.2327860387198413e-6
└ @ DFTK /home/herbstm/.julia/packages/DFTK/ogFMK/src/scf/potential_mixing.jl:296
 10   -82.91605385625   -7.78e-07   3.70e-05   0.70   29.8
┌ Debug: Iteration 11 linesearch step 1   α=0.7 diagtol=3.6974525720006975e-7
└ @ DFTK /home/herbstm/.julia/packages/DFTK/ogFMK/src/scf/potential_mixing.jl:296
 11   -82.91605387279   -1.65e-08   6.63e-06   0.70   33.4
┌ Debug: Iteration 12 linesearch step 1   α=0.7 diagtol=6.627412311741429e-8
└ @ DFTK /home/herbstm/.julia/packages/DFTK/ogFMK/src/scf/potential_mixing.jl:296
 12   -82.91605387292   -1.24e-10   1.10e-06   0.70   37.8
┌ Debug: Iteration 13 linesearch step 1   α=0.7 diagtol=1.1010816924499134e-8
└ @ DFTK /home/herbstm/.julia/packages/DFTK/ogFMK/src/scf/potential_mixing.jl:296
 13   -82.91605387292   -4.69e-12   2.86e-07   0.70   42.2

Energy breakdown:
    Kinetic             34.6814864
    AtomicLocal         13.6876856
    AtomicNonlocal      16.0054891
    Ewald               -107.8293795
    PspCorrection       -7.5223332
    Hartree             0.1590965 
    Xc                  -32.0978388
    Entropy             -0.0002599

    total               -82.916053872922

 ──────────────────────────────────────────────────────────────────────────────
                                       Time                   Allocations      
                               ──────────────────────   ───────────────────────
       Tot / % measured:             504s / 100%            28.1GiB / 100%     

 Section               ncalls     time   %tot     avg     alloc   %tot      avg
 ──────────────────────────────────────────────────────────────────────────────
 scf_potential_mixing       1     504s   100%    504s   28.1GiB  100%   28.1GiB
   LOBPCG                  13     496s  98.3%   38.1s   25.7GiB  91.6%  1.98GiB
     Hamiltonian mu...    383     124s  24.6%   324ms   4.33GiB  15.4%  11.6MiB
       nonlocal           383    73.2s  14.5%   191ms   3.87GiB  13.8%  10.3MiB
       kinetic+local      383    50.9s  10.1%   133ms   30.2MiB  0.11%  80.8KiB
     rayleigh_ritz        370    84.2s  16.7%   228ms    423MiB  1.47%  1.14MiB
     ortho!             1.57k    33.9s  6.72%  21.5ms    334MiB  1.16%   217KiB
   energy_hamiltonian      14    5.06s  1.00%   361ms   1.49GiB  5.30%   109MiB
     ene_ops               14    5.02s  1.00%   359ms   1.42GiB  5.08%   104MiB
       ene_ops: non...     14    2.62s  0.52%   187ms   15.4MiB  0.05%  1.10MiB
       ene_ops: xc         14    2.05s  0.41%   146ms   1.22GiB  4.35%  89.3MiB
       ene_ops: har...     14    111ms  0.02%  7.96ms    160MiB  0.56%  11.4MiB
       ene_ops: kin...     14   85.1ms  0.02%  6.08ms    267KiB  0.00%  19.1KiB
       ene_ops: local      14   19.6ms  0.00%  1.40ms   32.1MiB  0.11%  2.29MiB
   compute_density         13    2.54s  0.50%   196ms    208MiB  0.73%  16.0MiB
   KerkerMixing            13    122ms  0.02%  9.41ms    238MiB  0.83%  18.3MiB
   QR orthonormaliz...     13   13.2μs  0.00%  1.01μs     0.00B  0.00%    0.00B
 ──────────────────────────────────────────────────────────────────────────────
