#
#-- SCF AlVac -- case=standard_02
#
    keywords: (damping = DFTK.FixedDamping(0.2),)

hostname        = clustern19

started on      = 2021-07-02T14:23:49.101
julia threads   = 1
BLAS threads    = 1
MPI procs       = 8

temperature     = 0.001
smearing        = DFTK.Smearing.Gaussian()
lattice         = [7.653 0.0 0.0; 0.0 7.653 0.0; 0.0 0.0 145.4]
Ecut            = 20.0
fft_size        = (25, 25, 450)
kgrid           = [6, 6, 1]
kshift          = [0.0, 0.0, 0.0]
n_irreducible_k = 10
n_bands         = 72
n_electr        = 120
type            = potmix
mixing          = SimpleMixing()
damping         = DFTK.FixedDamping(0.2)
n     Free energy       Eₙ-Eₙ₋₁     ρout-ρin  α      Diag
---   ---------------   ---------   --------  -----  ----
  1   -81.69398023099         NaN   4.38e-01    NaN   2.0 
┌ Debug: Iteration 2 linesearch step 1   α=0.2 diagtol=0.0002
└ @ DFTK /home/herbstm/.julia/packages/DFTK/C0bc2/src/scf/potential_mixing.jl:304
  2   +1751.323244406    1.83e+03   1.18e+00   0.20  24.4 
┌ Debug: Iteration 3 linesearch step 1   α=0.2 diagtol=0.0002
└ @ DFTK /home/herbstm/.julia/packages/DFTK/C0bc2/src/scf/potential_mixing.jl:304
  3   -74.06738111679   -1.83e+03   1.17e+00   0.20  17.4 
┌ Debug: Iteration 4 linesearch step 1   α=0.2 diagtol=0.0002
└ @ DFTK /home/herbstm/.julia/packages/DFTK/C0bc2/src/scf/potential_mixing.jl:304
  4   -82.03037310904   -7.96e+00   1.50e-01   0.20  12.6 
┌ Debug: Iteration 5 linesearch step 1   α=0.2 diagtol=0.0002
└ @ DFTK /home/herbstm/.julia/packages/DFTK/C0bc2/src/scf/potential_mixing.jl:304
  5   -82.58311737266   -5.53e-01   7.39e-02   0.20  12.1 
┌ Debug: Iteration 6 linesearch step 1   α=0.2 diagtol=0.0002
└ @ DFTK /home/herbstm/.julia/packages/DFTK/C0bc2/src/scf/potential_mixing.jl:304
  6   -82.85928377573   -2.76e-01   2.63e-02   0.20  13.9 
┌ Debug: Iteration 7 linesearch step 1   α=0.2 diagtol=0.0002
└ @ DFTK /home/herbstm/.julia/packages/DFTK/C0bc2/src/scf/potential_mixing.jl:304
  7   -82.83191478024    2.74e-02   4.98e-03   0.20  14.8 
┌ Debug: Iteration 8 linesearch step 1   α=0.2 diagtol=4.9762759419609204e-5
└ @ DFTK /home/herbstm/.julia/packages/DFTK/C0bc2/src/scf/potential_mixing.jl:304
  8   -82.85998834371   -2.81e-02   1.08e-02   0.20  16.7 
┌ Debug: Iteration 9 linesearch step 1   α=0.2 diagtol=4.9762759419609204e-5
└ @ DFTK /home/herbstm/.julia/packages/DFTK/C0bc2/src/scf/potential_mixing.jl:304
  9   -82.89721846982   -3.72e-02   1.07e-02   0.20  17.2 
┌ Debug: Iteration 10 linesearch step 1   α=0.2 diagtol=4.9762759419609204e-5
└ @ DFTK /home/herbstm/.julia/packages/DFTK/C0bc2/src/scf/potential_mixing.jl:304
 10   -82.89972287575   -2.50e-03   8.12e-03   0.20  18.8 
┌ Debug: Iteration 11 linesearch step 1   α=0.2 diagtol=4.9762759419609204e-5
└ @ DFTK /home/herbstm/.julia/packages/DFTK/C0bc2/src/scf/potential_mixing.jl:304
 11   -82.89587837486    3.84e-03   4.05e-03   0.20  17.9 
┌ Debug: Iteration 12 linesearch step 1   α=0.2 diagtol=4.047002806191883e-5
└ @ DFTK /home/herbstm/.julia/packages/DFTK/C0bc2/src/scf/potential_mixing.jl:304
 12   -82.90032074078   -4.44e-03   4.72e-03   0.20  18.5 
┌ Debug: Iteration 13 linesearch step 1   α=0.2 diagtol=4.047002806191883e-5
└ @ DFTK /home/herbstm/.julia/packages/DFTK/C0bc2/src/scf/potential_mixing.jl:304
 13   -82.89945678267    8.64e-04   1.89e-03   0.20  18.2 
┌ Debug: Iteration 14 linesearch step 1   α=0.2 diagtol=1.893342195875646e-5
└ @ DFTK /home/herbstm/.julia/packages/DFTK/C0bc2/src/scf/potential_mixing.jl:304
 14   -82.85424472388    4.52e-02   1.26e-02   0.20  19.9 
┌ Debug: Iteration 15 linesearch step 1   α=0.2 diagtol=1.893342195875646e-5
└ @ DFTK /home/herbstm/.julia/packages/DFTK/C0bc2/src/scf/potential_mixing.jl:304
 15   -82.87039509838   -1.62e-02   8.57e-03   0.20  19.4 
┌ Debug: Iteration 16 linesearch step 1   α=0.2 diagtol=1.893342195875646e-5
└ @ DFTK /home/herbstm/.julia/packages/DFTK/C0bc2/src/scf/potential_mixing.jl:304
 16   -82.89486275369   -2.45e-02   1.12e-02   0.20  20.4 
┌ Debug: Iteration 17 linesearch step 1   α=0.2 diagtol=1.893342195875646e-5
└ @ DFTK /home/herbstm/.julia/packages/DFTK/C0bc2/src/scf/potential_mixing.jl:304
 17   -82.89267042070    2.19e-03   1.19e-02   0.20  20.7 
┌ Debug: Iteration 18 linesearch step 1   α=0.2 diagtol=1.893342195875646e-5
└ @ DFTK /home/herbstm/.julia/packages/DFTK/C0bc2/src/scf/potential_mixing.jl:304
 18   -82.89770716548   -5.04e-03   1.13e-02   0.20  21.1 
┌ Debug: Iteration 19 linesearch step 1   α=0.2 diagtol=1.893342195875646e-5
└ @ DFTK /home/herbstm/.julia/packages/DFTK/C0bc2/src/scf/potential_mixing.jl:304
 19   -82.90121146999   -3.50e-03   3.71e-03   0.20  20.5 
┌ Debug: Iteration 20 linesearch step 1   α=0.2 diagtol=1.893342195875646e-5
└ @ DFTK /home/herbstm/.julia/packages/DFTK/C0bc2/src/scf/potential_mixing.jl:304
 20   -82.90121274847   -1.28e-06   1.25e-03   0.20  20.2 
┌ Debug: Iteration 21 linesearch step 1   α=0.2 diagtol=1.2459495861566765e-5
└ @ DFTK /home/herbstm/.julia/packages/DFTK/C0bc2/src/scf/potential_mixing.jl:304
 21   -82.90129572522   -8.30e-05   9.39e-04   0.20  21.6 
┌ Debug: Iteration 22 linesearch step 1   α=0.2 diagtol=9.385240690413078e-6
└ @ DFTK /home/herbstm/.julia/packages/DFTK/C0bc2/src/scf/potential_mixing.jl:304
 22   -82.90134470752   -4.90e-05   1.13e-03   0.20  22.0 
┌ Debug: Iteration 23 linesearch step 1   α=0.2 diagtol=9.385240690413078e-6
└ @ DFTK /home/herbstm/.julia/packages/DFTK/C0bc2/src/scf/potential_mixing.jl:304
 23   -82.90132321842    2.15e-05   5.59e-04   0.20  22.4 
┌ Debug: Iteration 24 linesearch step 1   α=0.2 diagtol=5.58767792628682e-6
└ @ DFTK /home/herbstm/.julia/packages/DFTK/C0bc2/src/scf/potential_mixing.jl:304
 24   -82.90136901355   -4.58e-05   4.10e-04   0.20  24.3 
┌ Debug: Iteration 25 linesearch step 1   α=0.2 diagtol=4.103445081116796e-6
└ @ DFTK /home/herbstm/.julia/packages/DFTK/C0bc2/src/scf/potential_mixing.jl:304
 25   -82.90137579446   -6.78e-06   5.21e-04   0.20  24.3 
┌ Debug: Iteration 26 linesearch step 1   α=0.2 diagtol=4.103445081116796e-6
└ @ DFTK /home/herbstm/.julia/packages/DFTK/C0bc2/src/scf/potential_mixing.jl:304
 26   -82.90138070985   -4.92e-06   2.35e-04   0.20  23.9 
┌ Debug: Iteration 27 linesearch step 1   α=0.2 diagtol=2.345198746811787e-6
└ @ DFTK /home/herbstm/.julia/packages/DFTK/C0bc2/src/scf/potential_mixing.jl:304
 27   -82.90137915736    1.55e-06   1.60e-04   0.20  25.8 
┌ Debug: Iteration 28 linesearch step 1   α=0.2 diagtol=1.6014567205954351e-6
└ @ DFTK /home/herbstm/.julia/packages/DFTK/C0bc2/src/scf/potential_mixing.jl:304
 28   -82.90138258341   -3.43e-06   2.57e-04   0.20  26.1 
┌ Debug: Iteration 29 linesearch step 1   α=0.2 diagtol=1.6014567205954351e-6
└ @ DFTK /home/herbstm/.julia/packages/DFTK/C0bc2/src/scf/potential_mixing.jl:304
 29   -82.90138359673   -1.01e-06   2.13e-04   0.20  26.6 
┌ Debug: Iteration 30 linesearch step 1   α=0.2 diagtol=1.6014567205954351e-6
└ @ DFTK /home/herbstm/.julia/packages/DFTK/C0bc2/src/scf/potential_mixing.jl:304
 30   -82.90138036437    3.23e-06   1.66e-04   0.20  26.8 
┌ Debug: Iteration 31 linesearch step 1   α=0.2 diagtol=1.6014567205954351e-6
└ @ DFTK /home/herbstm/.julia/packages/DFTK/C0bc2/src/scf/potential_mixing.jl:304
 31   -82.90138401442   -3.65e-06   1.13e-04   0.20  26.1 
┌ Debug: Iteration 32 linesearch step 1   α=0.2 diagtol=1.132971084550716e-6
└ @ DFTK /home/herbstm/.julia/packages/DFTK/C0bc2/src/scf/potential_mixing.jl:304
 32   -82.90138311738    8.97e-07   5.50e-05   0.20  27.8 
┌ Debug: Iteration 33 linesearch step 1   α=0.2 diagtol=5.498480119441679e-7
└ @ DFTK /home/herbstm/.julia/packages/DFTK/C0bc2/src/scf/potential_mixing.jl:304
 33   -82.90138402509   -9.08e-07   7.08e-05   0.20  28.9 
┌ Debug: Iteration 34 linesearch step 1   α=0.2 diagtol=5.498480119441679e-7
└ @ DFTK /home/herbstm/.julia/packages/DFTK/C0bc2/src/scf/potential_mixing.jl:304
 34   -82.90138414627   -1.21e-07   6.86e-05   0.20  28.9 
┌ Debug: Iteration 35 linesearch step 1   α=0.2 diagtol=5.498480119441679e-7
└ @ DFTK /home/herbstm/.julia/packages/DFTK/C0bc2/src/scf/potential_mixing.jl:304
 35   -82.90138418239   -3.61e-08   5.15e-05   0.20  29.1 
┌ Debug: Iteration 36 linesearch step 1   α=0.2 diagtol=5.146880452890704e-7
└ @ DFTK /home/herbstm/.julia/packages/DFTK/C0bc2/src/scf/potential_mixing.jl:304
 36   -82.90138407655    1.06e-07   3.90e-05   0.20  29.2 
┌ Debug: Iteration 37 linesearch step 1   α=0.2 diagtol=3.8990898314802106e-7
└ @ DFTK /home/herbstm/.julia/packages/DFTK/C0bc2/src/scf/potential_mixing.jl:304
 37   -82.90138420986   -1.33e-07   2.72e-05   0.20  29.9 
┌ Debug: Iteration 38 linesearch step 1   α=0.2 diagtol=2.7220688132267645e-7
└ @ DFTK /home/herbstm/.julia/packages/DFTK/C0bc2/src/scf/potential_mixing.jl:304
 38   -82.90138427012   -6.03e-08   1.46e-05   0.20  30.9 
┌ Debug: Iteration 39 linesearch step 1   α=0.2 diagtol=1.45794161987951e-7
└ @ DFTK /home/herbstm/.julia/packages/DFTK/C0bc2/src/scf/potential_mixing.jl:304
 39   -82.90138418100    8.91e-08   3.51e-05   0.20  33.2 
┌ Debug: Iteration 40 linesearch step 1   α=0.2 diagtol=1.45794161987951e-7
└ @ DFTK /home/herbstm/.julia/packages/DFTK/C0bc2/src/scf/potential_mixing.jl:304
 40   -82.90138429569   -1.15e-07   1.70e-05   0.20  33.4 
┌ Debug: Iteration 41 linesearch step 1   α=0.2 diagtol=1.45794161987951e-7
└ @ DFTK /home/herbstm/.julia/packages/DFTK/C0bc2/src/scf/potential_mixing.jl:304
 41   -82.90138432127   -2.56e-08   1.14e-05   0.20  32.5 
┌ Debug: Iteration 42 linesearch step 1   α=0.2 diagtol=1.1421697176599181e-7
└ @ DFTK /home/herbstm/.julia/packages/DFTK/C0bc2/src/scf/potential_mixing.jl:304
 42   -82.90138432062    6.49e-10   7.78e-06   0.20  33.4 
┌ Debug: Iteration 43 linesearch step 1   α=0.2 diagtol=7.78062436040484e-8
└ @ DFTK /home/herbstm/.julia/packages/DFTK/C0bc2/src/scf/potential_mixing.jl:304
 43   -82.90138432258   -1.96e-09   4.51e-06   0.20  34.2 
┌ Debug: Iteration 44 linesearch step 1   α=0.2 diagtol=4.508293128931943e-8
└ @ DFTK /home/herbstm/.julia/packages/DFTK/C0bc2/src/scf/potential_mixing.jl:304
 44   -82.90138432274   -1.63e-10   3.99e-06   0.20  35.6 
┌ Debug: Iteration 45 linesearch step 1   α=0.2 diagtol=3.9917001179996384e-8
└ @ DFTK /home/herbstm/.julia/packages/DFTK/C0bc2/src/scf/potential_mixing.jl:304
 45   -82.90138432453   -1.78e-09   3.22e-06   0.20  35.9 
┌ Debug: Iteration 46 linesearch step 1   α=0.2 diagtol=3.219218195342849e-8
└ @ DFTK /home/herbstm/.julia/packages/DFTK/C0bc2/src/scf/potential_mixing.jl:304
 46   -82.90138432456   -3.77e-11   2.37e-06   0.20  37.6 
┌ Debug: Iteration 47 linesearch step 1   α=0.2 diagtol=2.369478978294318e-8
└ @ DFTK /home/herbstm/.julia/packages/DFTK/C0bc2/src/scf/potential_mixing.jl:304
 47   -82.90138432462   -5.67e-11   1.54e-06   0.20  37.6 
┌ Debug: Iteration 48 linesearch step 1   α=0.2 diagtol=1.540613615823775e-8
└ @ DFTK /home/herbstm/.julia/packages/DFTK/C0bc2/src/scf/potential_mixing.jl:304
 48   -82.90138432475   -1.32e-10   9.40e-07   0.20  39.6 
┌ Debug: Iteration 49 linesearch step 1   α=0.2 diagtol=9.397275357327635e-9
└ @ DFTK /home/herbstm/.julia/packages/DFTK/C0bc2/src/scf/potential_mixing.jl:304
 49   -82.90138432478   -2.36e-11   9.85e-07   0.20  40.6 
┌ Debug: Iteration 50 linesearch step 1   α=0.2 diagtol=9.397275357327635e-9
└ @ DFTK /home/herbstm/.julia/packages/DFTK/C0bc2/src/scf/potential_mixing.jl:304
 50   -82.90138432475    2.78e-11   7.90e-07   0.20  41.2 
┌ Debug: Iteration 51 linesearch step 1   α=0.2 diagtol=7.904391226246158e-9
└ @ DFTK /home/herbstm/.julia/packages/DFTK/C0bc2/src/scf/potential_mixing.jl:304
 51   -82.90138432483   -7.89e-11   4.26e-07   0.20  41.0 
┌ Debug: Iteration 52 linesearch step 1   α=0.2 diagtol=4.264698223436172e-9
└ @ DFTK /home/herbstm/.julia/packages/DFTK/C0bc2/src/scf/potential_mixing.jl:304
 52   -82.90138432484   -1.43e-11   3.47e-07   0.20  42.2 
┌ Debug: Iteration 53 linesearch step 1   α=0.2 diagtol=3.4709342337674745e-9
└ @ DFTK /home/herbstm/.julia/packages/DFTK/C0bc2/src/scf/potential_mixing.jl:304
 53   -82.90138432485   -1.01e-11   1.76e-07   0.20  42.8 
┌ Debug: Iteration 54 linesearch step 1   α=0.2 diagtol=1.7565384235899903e-9
└ @ DFTK /home/herbstm/.julia/packages/DFTK/C0bc2/src/scf/potential_mixing.jl:304
 54   -82.90138432484    8.50e-12   1.10e-07   0.20  44.2 

Energy breakdown:
    Kinetic             34.3223921
    AtomicLocal         -8387.9320687
    AtomicNonlocal      16.0295252
    Ewald               4103.8669667
    PspCorrection       -3.9591227
    Hartree             4186.6647420
    Xc                  -31.8935808
    Entropy             -0.0002381

    total               -82.901384324843

 ──────────────────────────────────────────────────────────────────────────────
                                       Time                   Allocations      
                               ──────────────────────   ───────────────────────
       Tot / % measured:           12437s / 100%             590GiB / 100%     

 Section               ncalls     time   %tot     avg     alloc   %tot      avg
 ──────────────────────────────────────────────────────────────────────────────
 scf_potential_mixing       1   12431s   100%  12431s    589GiB  100%    589GiB
   LOBPCG                 108   12242s  98.5%    113s    568GiB  96.4%  5.26GiB
     Hamiltonian mu...  2.59k    3008s  24.2%   1.16s   90.1GiB  15.3%  35.6MiB
       nonlocal         2.59k    1504s  12.1%   581ms   84.2GiB  14.3%  33.3MiB
       kinetic+local    2.59k    1501s  12.1%   580ms    441MiB  0.07%   174KiB
     rayleigh_ritz      2.48k    2179s  17.5%   879ms   6.14GiB  1.04%  2.54MiB
     ortho!             10.3k     859s  6.91%  83.8ms   4.82GiB  0.82%   493KiB
   energy_hamiltonian      55    75.0s  0.60%   1.36s   12.5GiB  2.13%   233MiB
     ene_ops               55    72.5s  0.58%   1.32s   11.7GiB  1.98%   217MiB
       ene_ops: non...     55    41.3s  0.33%   750ms    160MiB  0.03%  2.91MiB
       ene_ops: xc         55    21.5s  0.17%   390ms   9.52GiB  1.62%   177MiB
       ene_ops: har...     55    1.65s  0.01%  30.0ms   1.18GiB  0.20%  21.9MiB
       ene_ops: kin...     55    1.37s  0.01%  24.9ms   36.1MiB  0.01%   672KiB
       ene_ops: local      55    518ms  0.00%  9.42ms    257MiB  0.04%  4.68MiB
   compute_density         54    71.5s  0.58%   1.32s   2.34GiB  0.40%  44.4MiB
   QR orthonormaliz...    108    203μs  0.00%  1.88μs     0.00B  0.00%    0.00B
 ──────────────────────────────────────────────────────────────────────────────
┌ Debug: Library handles
│   libGR_handle[] = Ptr{Nothing} @0x000000000cc37550
│   libGR3_handle[] = Ptr{Nothing} @0x00000000092637c0
│   libGRM_handle[] = Ptr{Nothing} @0x000000000b452050
└ @ GR /home/herbstm/.julia/packages/GR/4DHy8/src/funcptrs.jl:67
┌ Debug: Found GKS_ENCODING in ENV
│   text_encoding[] = 301
└ @ GR /home/herbstm/.julia/packages/GR/4DHy8/src/GR.jl:468
┌ Warning: No strict ticks found
└ @ PlotUtils /home/herbstm/.julia/packages/PlotUtils/es5pb/src/ticks.jl:283
┌ Warning: No strict ticks found
└ @ PlotUtils /home/herbstm/.julia/packages/PlotUtils/es5pb/src/ticks.jl:283
