#
#-- SCF AlVac -- case=standard_05
#
    keywords: (damping = DFTK.FixedDamping(0.5),)

hostname        = clustern19

started on      = 2021-07-02T17:58:21.676
julia threads   = 1
BLAS threads    = 1
MPI procs       = 8

temperature     = 0.001
smearing        = DFTK.Smearing.Gaussian()
lattice         = [7.653 0.0 0.0; 0.0 7.653 0.0; 0.0 0.0 145.4]
Ecut            = 20.0
fft_size        = (25, 25, 450)
kgrid           = [6, 6, 1]
kshift          = [0.0, 0.0, 0.0]
n_irreducible_k = 10
n_bands         = 72
n_electr        = 120
type            = potmix
mixing          = SimpleMixing()
damping         = DFTK.FixedDamping(0.5)
n     Free energy       Eₙ-Eₙ₋₁     ρout-ρin  α      Diag
---   ---------------   ---------   --------  -----  ----
  1   -81.69398023099         NaN   4.38e-01    NaN   2.0 
┌ Debug: Iteration 2 linesearch step 1   α=0.5 diagtol=0.0002
└ @ DFTK /home/herbstm/.julia/packages/DFTK/C0bc2/src/scf/potential_mixing.jl:304
  2   +9645.230655167    9.73e+03   2.12e+00   0.50  36.4 
┌ Debug: Iteration 3 linesearch step 1   α=0.5 diagtol=0.0002
└ @ DFTK /home/herbstm/.julia/packages/DFTK/C0bc2/src/scf/potential_mixing.jl:304
  3   +279.4566555235   -9.37e+03   1.63e+00   0.50  17.4 
┌ Debug: Iteration 4 linesearch step 1   α=0.5 diagtol=0.0002
└ @ DFTK /home/herbstm/.julia/packages/DFTK/C0bc2/src/scf/potential_mixing.jl:304
  4   -42.51339146730   -3.22e+02   7.31e-01   0.50  17.9 
┌ Debug: Iteration 5 linesearch step 1   α=0.5 diagtol=0.0002
└ @ DFTK /home/herbstm/.julia/packages/DFTK/C0bc2/src/scf/potential_mixing.jl:304
  5   -76.79456183390   -3.43e+01   3.97e-01   0.50  15.8 
┌ Debug: Iteration 6 linesearch step 1   α=0.5 diagtol=0.0002
└ @ DFTK /home/herbstm/.julia/packages/DFTK/C0bc2/src/scf/potential_mixing.jl:304
  6   -81.90065875134   -5.11e+00   1.63e-01   0.50  14.1 
┌ Debug: Iteration 7 linesearch step 1   α=0.5 diagtol=0.0002
└ @ DFTK /home/herbstm/.julia/packages/DFTK/C0bc2/src/scf/potential_mixing.jl:304
  7   -81.35984461405    5.41e-01   2.81e-02   0.50  17.6 
┌ Debug: Iteration 8 linesearch step 1   α=0.5 diagtol=0.0002
└ @ DFTK /home/herbstm/.julia/packages/DFTK/C0bc2/src/scf/potential_mixing.jl:304
  8   -82.72444529049   -1.36e+00   5.81e-02   0.50  14.0 
┌ Debug: Iteration 9 linesearch step 1   α=0.5 diagtol=0.0002
└ @ DFTK /home/herbstm/.julia/packages/DFTK/C0bc2/src/scf/potential_mixing.jl:304
  9   -82.86899745793   -1.45e-01   3.65e-02   0.50  14.9 
┌ Debug: Iteration 10 linesearch step 1   α=0.5 diagtol=0.0002
└ @ DFTK /home/herbstm/.julia/packages/DFTK/C0bc2/src/scf/potential_mixing.jl:304
 10   -82.83861209945    3.04e-02   1.44e-02   0.50  15.3 
┌ Debug: Iteration 11 linesearch step 1   α=0.5 diagtol=0.0001438061449296367
└ @ DFTK /home/herbstm/.julia/packages/DFTK/C0bc2/src/scf/potential_mixing.jl:304
 11   -82.89384604533   -5.52e-02   2.18e-02   0.50  15.6 
┌ Debug: Iteration 12 linesearch step 1   α=0.5 diagtol=0.0001438061449296367
└ @ DFTK /home/herbstm/.julia/packages/DFTK/C0bc2/src/scf/potential_mixing.jl:304
 12   -82.89814964109   -4.30e-03   1.40e-02   0.50  15.6 
┌ Debug: Iteration 13 linesearch step 1   α=0.5 diagtol=0.00014002970342754802
└ @ DFTK /home/herbstm/.julia/packages/DFTK/C0bc2/src/scf/potential_mixing.jl:304
 13   -82.88589523246    1.23e-02   1.13e-02   0.50  15.7 
┌ Debug: Iteration 14 linesearch step 1   α=0.5 diagtol=0.0001125913392115628
└ @ DFTK /home/herbstm/.julia/packages/DFTK/C0bc2/src/scf/potential_mixing.jl:304
 14   -82.27099466867    6.15e-01   4.07e-02   0.50  15.1 
┌ Debug: Iteration 15 linesearch step 1   α=0.5 diagtol=0.0001125913392115628
└ @ DFTK /home/herbstm/.julia/packages/DFTK/C0bc2/src/scf/potential_mixing.jl:304
 15   -82.12367828156    1.47e-01   1.30e-02   0.50  15.5 
┌ Debug: Iteration 16 linesearch step 1   α=0.5 diagtol=0.0001125913392115628
└ @ DFTK /home/herbstm/.julia/packages/DFTK/C0bc2/src/scf/potential_mixing.jl:304
 16   -82.30142609200   -1.78e-01   1.59e-02   0.50  16.1 
┌ Debug: Iteration 17 linesearch step 1   α=0.5 diagtol=0.0001125913392115628
└ @ DFTK /home/herbstm/.julia/packages/DFTK/C0bc2/src/scf/potential_mixing.jl:304
 17   -81.98915642455    3.12e-01   2.88e-02   0.50  16.2 
┌ Debug: Iteration 18 linesearch step 1   α=0.5 diagtol=0.0001125913392115628
└ @ DFTK /home/herbstm/.julia/packages/DFTK/C0bc2/src/scf/potential_mixing.jl:304
 18   -82.36083569411   -3.72e-01   3.23e-02   0.50  15.6 
┌ Debug: Iteration 19 linesearch step 1   α=0.5 diagtol=0.0001125913392115628
└ @ DFTK /home/herbstm/.julia/packages/DFTK/C0bc2/src/scf/potential_mixing.jl:304
 19   -82.58192325112   -2.21e-01   3.37e-02   0.50  15.2 
┌ Debug: Iteration 20 linesearch step 1   α=0.5 diagtol=0.0001125913392115628
└ @ DFTK /home/herbstm/.julia/packages/DFTK/C0bc2/src/scf/potential_mixing.jl:304
 20   -82.38798432791    1.94e-01   3.83e-02   0.50  14.9 
┌ Debug: Iteration 21 linesearch step 1   α=0.5 diagtol=0.0001125913392115628
└ @ DFTK /home/herbstm/.julia/packages/DFTK/C0bc2/src/scf/potential_mixing.jl:304
 21   -82.56753265553   -1.80e-01   5.05e-02   0.50  15.6 
┌ Debug: Iteration 22 linesearch step 1   α=0.5 diagtol=0.0001125913392115628
└ @ DFTK /home/herbstm/.julia/packages/DFTK/C0bc2/src/scf/potential_mixing.jl:304
 22   -82.51328225020    5.43e-02   3.88e-02   0.50  18.5 
┌ Debug: Iteration 23 linesearch step 1   α=0.5 diagtol=0.0001125913392115628
└ @ DFTK /home/herbstm/.julia/packages/DFTK/C0bc2/src/scf/potential_mixing.jl:304
 23   -82.83873552105   -3.25e-01   3.78e-02   0.50  17.2 
┌ Debug: Iteration 24 linesearch step 1   α=0.5 diagtol=0.0001125913392115628
└ @ DFTK /home/herbstm/.julia/packages/DFTK/C0bc2/src/scf/potential_mixing.jl:304
 24   -82.88709357473   -4.84e-02   3.19e-02   0.50  15.8 
┌ Debug: Iteration 25 linesearch step 1   α=0.5 diagtol=0.0001125913392115628
└ @ DFTK /home/herbstm/.julia/packages/DFTK/C0bc2/src/scf/potential_mixing.jl:304
 25   -82.89066733652   -3.57e-03   1.17e-02   0.50  15.9 
┌ Debug: Iteration 26 linesearch step 1   α=0.5 diagtol=0.0001125913392115628
└ @ DFTK /home/herbstm/.julia/packages/DFTK/C0bc2/src/scf/potential_mixing.jl:304
 26   -82.89708594349   -6.42e-03   1.04e-02   0.50  15.6 
┌ Debug: Iteration 27 linesearch step 1   α=0.5 diagtol=0.00010442993339915292
└ @ DFTK /home/herbstm/.julia/packages/DFTK/C0bc2/src/scf/potential_mixing.jl:304
 27   -82.89805171713   -9.66e-04   7.79e-03   0.50  16.0 
┌ Debug: Iteration 28 linesearch step 1   α=0.5 diagtol=7.790501089822338e-5
└ @ DFTK /home/herbstm/.julia/packages/DFTK/C0bc2/src/scf/potential_mixing.jl:304
 28   -82.90105981678   -3.01e-03   5.04e-03   0.50  17.9 
┌ Debug: Iteration 29 linesearch step 1   α=0.5 diagtol=5.0385311999651144e-5
└ @ DFTK /home/herbstm/.julia/packages/DFTK/C0bc2/src/scf/potential_mixing.jl:304
 29   -82.90016716206    8.93e-04   2.94e-03   0.50  18.8 
┌ Debug: Iteration 30 linesearch step 1   α=0.5 diagtol=2.935799793043972e-5
└ @ DFTK /home/herbstm/.julia/packages/DFTK/C0bc2/src/scf/potential_mixing.jl:304
 30   -82.90103582324   -8.69e-04   2.74e-03   0.50  19.6 
┌ Debug: Iteration 31 linesearch step 1   α=0.5 diagtol=2.7432522819111457e-5
└ @ DFTK /home/herbstm/.julia/packages/DFTK/C0bc2/src/scf/potential_mixing.jl:304
 31   -82.90114489206   -1.09e-04   2.84e-03   0.50  19.5 
┌ Debug: Iteration 32 linesearch step 1   α=0.5 diagtol=2.7432522819111457e-5
└ @ DFTK /home/herbstm/.julia/packages/DFTK/C0bc2/src/scf/potential_mixing.jl:304
 32   -82.90134034906   -1.95e-04   1.68e-03   0.50  19.7 
┌ Debug: Iteration 33 linesearch step 1   α=0.5 diagtol=1.682094815822033e-5
└ @ DFTK /home/herbstm/.julia/packages/DFTK/C0bc2/src/scf/potential_mixing.jl:304
 33   -82.90121633485    1.24e-04   1.02e-03   0.50  21.2 
┌ Debug: Iteration 34 linesearch step 1   α=0.5 diagtol=1.0224647944126087e-5
└ @ DFTK /home/herbstm/.julia/packages/DFTK/C0bc2/src/scf/potential_mixing.jl:304
 34   -82.90134768146   -1.31e-04   1.13e-03   0.50  22.1 
┌ Debug: Iteration 35 linesearch step 1   α=0.5 diagtol=1.0224647944126087e-5
└ @ DFTK /home/herbstm/.julia/packages/DFTK/C0bc2/src/scf/potential_mixing.jl:304
 35   -82.90135778176   -1.01e-05   6.53e-04   0.50  22.1 
┌ Debug: Iteration 36 linesearch step 1   α=0.5 diagtol=6.529390898901539e-6
└ @ DFTK /home/herbstm/.julia/packages/DFTK/C0bc2/src/scf/potential_mixing.jl:304
 36   -82.90138138198   -2.36e-05   5.80e-04   0.50  23.6 
┌ Debug: Iteration 37 linesearch step 1   α=0.5 diagtol=5.796423215296094e-6
└ @ DFTK /home/herbstm/.julia/packages/DFTK/C0bc2/src/scf/potential_mixing.jl:304
 37   -82.90138077083    6.11e-07   3.14e-04   0.50  23.6 
┌ Debug: Iteration 38 linesearch step 1   α=0.5 diagtol=3.139853123294604e-6
└ @ DFTK /home/herbstm/.julia/packages/DFTK/C0bc2/src/scf/potential_mixing.jl:304
 38   -82.90137787091    2.90e-06   2.02e-04   0.50  25.5 
┌ Debug: Iteration 39 linesearch step 1   α=0.5 diagtol=2.0190790078657927e-6
└ @ DFTK /home/herbstm/.julia/packages/DFTK/C0bc2/src/scf/potential_mixing.jl:304
 39   -82.90138424420   -6.37e-06   1.61e-04   0.50  25.6 
┌ Debug: Iteration 40 linesearch step 1   α=0.5 diagtol=1.6084611140544597e-6
└ @ DFTK /home/herbstm/.julia/packages/DFTK/C0bc2/src/scf/potential_mixing.jl:304
 40   -82.90138410598    1.38e-07   6.85e-05   0.50  26.4 
┌ Debug: Iteration 41 linesearch step 1   α=0.5 diagtol=6.850773642007291e-7
└ @ DFTK /home/herbstm/.julia/packages/DFTK/C0bc2/src/scf/potential_mixing.jl:304
 41   -82.90138401468    9.13e-08   6.81e-05   0.50  27.9 
┌ Debug: Iteration 42 linesearch step 1   α=0.5 diagtol=6.807731315086095e-7
└ @ DFTK /home/herbstm/.julia/packages/DFTK/C0bc2/src/scf/potential_mixing.jl:304
 42   -82.90138424089   -2.26e-07   3.55e-05   0.50  28.1 
┌ Debug: Iteration 43 linesearch step 1   α=0.5 diagtol=3.550384928537267e-7
└ @ DFTK /home/herbstm/.julia/packages/DFTK/C0bc2/src/scf/potential_mixing.jl:304
 43   -82.90138419138    4.95e-08   4.04e-05   0.50  30.0 
┌ Debug: Iteration 44 linesearch step 1   α=0.5 diagtol=3.550384928537267e-7
└ @ DFTK /home/herbstm/.julia/packages/DFTK/C0bc2/src/scf/potential_mixing.jl:304
 44   -82.90138427460   -8.32e-08   4.33e-05   0.50  30.2 
┌ Debug: Iteration 45 linesearch step 1   α=0.5 diagtol=3.550384928537267e-7
└ @ DFTK /home/herbstm/.julia/packages/DFTK/C0bc2/src/scf/potential_mixing.jl:304
 45   -82.90138421721    5.74e-08   4.49e-05   0.50  29.9 
┌ Debug: Iteration 46 linesearch step 1   α=0.5 diagtol=3.550384928537267e-7
└ @ DFTK /home/herbstm/.julia/packages/DFTK/C0bc2/src/scf/potential_mixing.jl:304
 46   -82.90138432017   -1.03e-07   2.85e-05   0.50  30.2 
┌ Debug: Iteration 47 linesearch step 1   α=0.5 diagtol=2.848095894332151e-7
└ @ DFTK /home/herbstm/.julia/packages/DFTK/C0bc2/src/scf/potential_mixing.jl:304
 47   -82.90138431054    9.63e-09   1.37e-05   0.50  30.8 
┌ Debug: Iteration 48 linesearch step 1   α=0.5 diagtol=1.3729516770035179e-7
└ @ DFTK /home/herbstm/.julia/packages/DFTK/C0bc2/src/scf/potential_mixing.jl:304
 48   -82.90138432227   -1.17e-08   1.14e-05   0.50  33.1 
┌ Debug: Iteration 49 linesearch step 1   α=0.5 diagtol=1.1410713995360664e-7
└ @ DFTK /home/herbstm/.julia/packages/DFTK/C0bc2/src/scf/potential_mixing.jl:304
 49   -82.90138432396   -1.69e-09   8.66e-06   0.50  34.0 
┌ Debug: Iteration 50 linesearch step 1   α=0.5 diagtol=8.658100837399516e-8
└ @ DFTK /home/herbstm/.julia/packages/DFTK/C0bc2/src/scf/potential_mixing.jl:304
 50   -82.90138432354    4.25e-10   5.10e-06   0.50  34.4 
┌ Debug: Iteration 51 linesearch step 1   α=0.5 diagtol=5.100815345171913e-8
└ @ DFTK /home/herbstm/.julia/packages/DFTK/C0bc2/src/scf/potential_mixing.jl:304
 51   -82.90138432476   -1.23e-09   4.17e-06   0.50  35.2 
┌ Debug: Iteration 52 linesearch step 1   α=0.5 diagtol=4.174219319595385e-8
└ @ DFTK /home/herbstm/.julia/packages/DFTK/C0bc2/src/scf/potential_mixing.jl:304
 52   -82.90138432418    5.88e-10   2.39e-06   0.50  35.9 
┌ Debug: Iteration 53 linesearch step 1   α=0.5 diagtol=2.3915649898823203e-8
└ @ DFTK /home/herbstm/.julia/packages/DFTK/C0bc2/src/scf/potential_mixing.jl:304
 53   -82.90138432483   -6.54e-10   1.97e-06   0.50  38.2 
┌ Debug: Iteration 54 linesearch step 1   α=0.5 diagtol=1.970660971129364e-8
└ @ DFTK /home/herbstm/.julia/packages/DFTK/C0bc2/src/scf/potential_mixing.jl:304
 54   -82.90138432479    4.35e-11   1.06e-06   0.50  38.2 
┌ Debug: Iteration 55 linesearch step 1   α=0.5 diagtol=1.064958372124362e-8
└ @ DFTK /home/herbstm/.julia/packages/DFTK/C0bc2/src/scf/potential_mixing.jl:304
 55   -82.90138432484   -5.12e-11   4.75e-07   0.50  40.3 
┌ Debug: Iteration 56 linesearch step 1   α=0.5 diagtol=4.7487719246563285e-9
└ @ DFTK /home/herbstm/.julia/packages/DFTK/C0bc2/src/scf/potential_mixing.jl:304
 56   -82.90138432484    2.70e-13   3.86e-07   0.50  41.1 

Energy breakdown:
    Kinetic             34.3223918
    AtomicLocal         -8387.9321599
    AtomicNonlocal      16.0295251
    Ewald               4103.8669667
    PspCorrection       -3.9591227
    Hartree             4186.6648334
    Xc                  -31.8935807
    Entropy             -0.0002381

    total               -82.901384324837

 ──────────────────────────────────────────────────────────────────────────────
                                       Time                   Allocations      
                               ──────────────────────   ───────────────────────
       Tot / % measured:           10413s / 100%             511GiB / 100%     

 Section               ncalls     time   %tot     avg     alloc   %tot      avg
 ──────────────────────────────────────────────────────────────────────────────
 scf_potential_mixing       1   10407s   100%  10407s    510GiB  100%    510GiB
   LOBPCG                 112   10227s  98.3%   91.3s    488GiB  95.8%  4.36GiB
     Hamiltonian mu...  2.30k    2449s  23.5%   1.07s   77.3GiB  15.2%  34.4MiB
       nonlocal         2.30k    1305s  12.5%   568ms   72.0GiB  14.1%  32.1MiB
       kinetic+local    2.30k    1141s  11.0%   497ms    389MiB  0.07%   173KiB
     rayleigh_ritz      2.19k    1817s  17.5%   831ms   5.09GiB  1.00%  2.39MiB
     ortho!             9.05k     724s  6.96%  80.0ms   3.98GiB  0.78%   461KiB
   energy_hamiltonian      57    75.8s  0.73%   1.33s   12.9GiB  2.54%   233MiB
     ene_ops               57    73.4s  0.71%   1.29s   12.0GiB  2.36%   216MiB
       ene_ops: non...     57    42.1s  0.40%   739ms    165MiB  0.03%  2.90MiB
       ene_ops: xc         57    21.6s  0.21%   378ms   9.85GiB  1.93%   177MiB
       ene_ops: har...     57    1.66s  0.02%  29.1ms   1.22GiB  0.24%  21.9MiB
       ene_ops: kin...     57    1.57s  0.02%  27.6ms   36.2MiB  0.01%   650KiB
       ene_ops: local      57    467ms  0.00%  8.19ms    266MiB  0.05%  4.66MiB
   compute_density         56    72.4s  0.70%   1.29s   2.42GiB  0.48%  44.3MiB
   QR orthonormaliz...    112    161μs  0.00%  1.43μs     0.00B  0.00%    0.00B
 ──────────────────────────────────────────────────────────────────────────────
┌ Debug: Library handles
│   libGR_handle[] = Ptr{Nothing} @0x00000000124d0550
│   libGR3_handle[] = Ptr{Nothing} @0x000000000c8a7930
│   libGRM_handle[] = Ptr{Nothing} @0x000000001003a2f0
└ @ GR /home/herbstm/.julia/packages/GR/4DHy8/src/funcptrs.jl:67
┌ Debug: Found GKS_ENCODING in ENV
│   text_encoding[] = 301
└ @ GR /home/herbstm/.julia/packages/GR/4DHy8/src/GR.jl:468
┌ Warning: No strict ticks found
└ @ PlotUtils /home/herbstm/.julia/packages/PlotUtils/es5pb/src/ticks.jl:283
┌ Warning: No strict ticks found
└ @ PlotUtils /home/herbstm/.julia/packages/PlotUtils/es5pb/src/ticks.jl:283
