#
#-- SCF AlVac -- case=standard_06
#
    keywords: (damping = DFTK.FixedDamping(0.6),)

hostname        = clustern16

started on      = 2021-07-02T18:49:37.397
julia threads   = 1
BLAS threads    = 1
MPI procs       = 8

temperature     = 0.001
smearing        = DFTK.Smearing.Gaussian()
lattice         = [7.653 0.0 0.0; 0.0 7.653 0.0; 0.0 0.0 145.4]
Ecut            = 20.0
fft_size        = (25, 25, 450)
kgrid           = [6, 6, 1]
kshift          = [0.0, 0.0, 0.0]
n_irreducible_k = 10
n_bands         = 72
n_electr        = 120
type            = potmix
mixing          = SimpleMixing()
damping         = DFTK.FixedDamping(0.6)
n     Free energy       Eₙ-Eₙ₋₁     ρout-ρin  α      Diag
---   ---------------   ---------   --------  -----  ----
  1   -81.69398023098         NaN   4.38e-01    NaN   2.0 
┌ Debug: Iteration 2 linesearch step 1   α=0.6 diagtol=0.0002
└ @ DFTK /home/herbstm/.julia/packages/DFTK/C0bc2/src/scf/potential_mixing.jl:304
  2   +10912.36500630    1.10e+04   2.22e+00   0.60  34.0 
┌ Debug: Iteration 3 linesearch step 1   α=0.6 diagtol=0.0002
└ @ DFTK /home/herbstm/.julia/packages/DFTK/C0bc2/src/scf/potential_mixing.jl:304
  3   +672.2528551478   -1.02e+04   1.67e+00   0.60  21.5 
┌ Debug: Iteration 4 linesearch step 1   α=0.6 diagtol=0.0002
└ @ DFTK /home/herbstm/.julia/packages/DFTK/C0bc2/src/scf/potential_mixing.jl:304
  4   -19.79410061126   -6.92e+02   1.02e+00   0.60  17.6 
┌ Debug: Iteration 5 linesearch step 1   α=0.6 diagtol=0.0002
└ @ DFTK /home/herbstm/.julia/packages/DFTK/C0bc2/src/scf/potential_mixing.jl:304
  5   -74.23276372823   -5.44e+01   5.02e-01   0.60  15.6 
┌ Debug: Iteration 6 linesearch step 1   α=0.6 diagtol=0.0002
└ @ DFTK /home/herbstm/.julia/packages/DFTK/C0bc2/src/scf/potential_mixing.jl:304
  6   -81.52012698966   -7.29e+00   2.07e-01   0.60  17.5 
┌ Debug: Iteration 7 linesearch step 1   α=0.6 diagtol=0.0002
└ @ DFTK /home/herbstm/.julia/packages/DFTK/C0bc2/src/scf/potential_mixing.jl:304
  7   -80.88091609487    6.39e-01   3.11e-02   0.60  19.5 
┌ Debug: Iteration 8 linesearch step 1   α=0.6 diagtol=0.0002
└ @ DFTK /home/herbstm/.julia/packages/DFTK/C0bc2/src/scf/potential_mixing.jl:304
  8   -82.67797432562   -1.80e+00   7.34e-02   0.60  13.9 
┌ Debug: Iteration 9 linesearch step 1   α=0.6 diagtol=0.0002
└ @ DFTK /home/herbstm/.julia/packages/DFTK/C0bc2/src/scf/potential_mixing.jl:304
  9   -82.85119267271   -1.73e-01   4.43e-02   0.60  14.8 
┌ Debug: Iteration 10 linesearch step 1   α=0.6 diagtol=0.0002
└ @ DFTK /home/herbstm/.julia/packages/DFTK/C0bc2/src/scf/potential_mixing.jl:304
 10   -82.82725550165    2.39e-02   1.60e-02   0.60  14.9 
┌ Debug: Iteration 11 linesearch step 1   α=0.6 diagtol=0.00015966623257958375
└ @ DFTK /home/herbstm/.julia/packages/DFTK/C0bc2/src/scf/potential_mixing.jl:304
 11   -82.88953747345   -6.23e-02   2.83e-02   0.60  15.6 
┌ Debug: Iteration 12 linesearch step 1   α=0.6 diagtol=0.00015966623257958375
└ @ DFTK /home/herbstm/.julia/packages/DFTK/C0bc2/src/scf/potential_mixing.jl:304
 12   -82.89635451949   -6.82e-03   1.70e-02   0.60  15.2 
┌ Debug: Iteration 13 linesearch step 1   α=0.6 diagtol=0.00015966623257958375
└ @ DFTK /home/herbstm/.julia/packages/DFTK/C0bc2/src/scf/potential_mixing.jl:304
 13   -82.88550353067    1.09e-02   1.11e-02   0.60  15.1 
┌ Debug: Iteration 14 linesearch step 1   α=0.6 diagtol=0.00011121756747058918
└ @ DFTK /home/herbstm/.julia/packages/DFTK/C0bc2/src/scf/potential_mixing.jl:304
 14   -82.14067344908    7.45e-01   4.44e-02   0.60  14.4 
┌ Debug: Iteration 15 linesearch step 1   α=0.6 diagtol=0.00011121756747058918
└ @ DFTK /home/herbstm/.julia/packages/DFTK/C0bc2/src/scf/potential_mixing.jl:304
 15   -81.76293899396    3.78e-01   1.95e-02   0.60  15.8 
┌ Debug: Iteration 16 linesearch step 1   α=0.6 diagtol=0.00011121756747058918
└ @ DFTK /home/herbstm/.julia/packages/DFTK/C0bc2/src/scf/potential_mixing.jl:304
 16   -81.98656012459   -2.24e-01   1.50e-02   0.60  15.9 
┌ Debug: Iteration 17 linesearch step 1   α=0.6 diagtol=0.00011121756747058918
└ @ DFTK /home/herbstm/.julia/packages/DFTK/C0bc2/src/scf/potential_mixing.jl:304
 17   -81.47174781330    5.15e-01   2.74e-02   0.60  16.9 
┌ Debug: Iteration 18 linesearch step 1   α=0.6 diagtol=0.00011121756747058918
└ @ DFTK /home/herbstm/.julia/packages/DFTK/C0bc2/src/scf/potential_mixing.jl:304
 18   -82.07812519110   -6.06e-01   3.00e-02   0.60  15.4 
┌ Debug: Iteration 19 linesearch step 1   α=0.6 diagtol=0.00011121756747058918
└ @ DFTK /home/herbstm/.julia/packages/DFTK/C0bc2/src/scf/potential_mixing.jl:304
 19   -82.52208069745   -4.44e-01   4.39e-02   0.60  15.9 
┌ Debug: Iteration 20 linesearch step 1   α=0.6 diagtol=0.00011121756747058918
└ @ DFTK /home/herbstm/.julia/packages/DFTK/C0bc2/src/scf/potential_mixing.jl:304
 20   -82.29727394371    2.25e-01   5.11e-02   0.60  15.3 
┌ Debug: Iteration 21 linesearch step 1   α=0.6 diagtol=0.00011121756747058918
└ @ DFTK /home/herbstm/.julia/packages/DFTK/C0bc2/src/scf/potential_mixing.jl:304
 21   -82.54949794150   -2.52e-01   6.09e-02   0.60  16.8 
┌ Debug: Iteration 22 linesearch step 1   α=0.6 diagtol=0.00011121756747058918
└ @ DFTK /home/herbstm/.julia/packages/DFTK/C0bc2/src/scf/potential_mixing.jl:304
 22   -82.27520365935    2.74e-01   4.31e-02   0.60  19.1 
┌ Debug: Iteration 23 linesearch step 1   α=0.6 diagtol=0.00011121756747058918
└ @ DFTK /home/herbstm/.julia/packages/DFTK/C0bc2/src/scf/potential_mixing.jl:304
 23   -82.78384901633   -5.09e-01   5.82e-02   0.60  17.2 
┌ Debug: Iteration 24 linesearch step 1   α=0.6 diagtol=0.00011121756747058918
└ @ DFTK /home/herbstm/.julia/packages/DFTK/C0bc2/src/scf/potential_mixing.jl:304
 24   -82.82771103254   -4.39e-02   5.07e-02   0.60  15.8 
┌ Debug: Iteration 25 linesearch step 1   α=0.6 diagtol=0.00011121756747058918
└ @ DFTK /home/herbstm/.julia/packages/DFTK/C0bc2/src/scf/potential_mixing.jl:304
 25   -82.87129444527   -4.36e-02   1.30e-02   0.60  16.5 
┌ Debug: Iteration 26 linesearch step 1   α=0.6 diagtol=0.00011121756747058918
└ @ DFTK /home/herbstm/.julia/packages/DFTK/C0bc2/src/scf/potential_mixing.jl:304
 26   -82.89045504268   -1.92e-02   2.11e-02   0.60  15.8 
┌ Debug: Iteration 27 linesearch step 1   α=0.6 diagtol=0.00011121756747058918
└ @ DFTK /home/herbstm/.julia/packages/DFTK/C0bc2/src/scf/potential_mixing.jl:304
 27   -82.89717235832   -6.72e-03   1.07e-02   0.60  15.7 
┌ Debug: Iteration 28 linesearch step 1   α=0.6 diagtol=0.0001065865139692065
└ @ DFTK /home/herbstm/.julia/packages/DFTK/C0bc2/src/scf/potential_mixing.jl:304
 28   -82.84171275383    5.55e-02   1.63e-02   0.60  16.2 
┌ Debug: Iteration 29 linesearch step 1   α=0.6 diagtol=0.0001065865139692065
└ @ DFTK /home/herbstm/.julia/packages/DFTK/C0bc2/src/scf/potential_mixing.jl:304
 29   -82.89324684442   -5.15e-02   1.41e-02   0.60  16.9 
┌ Debug: Iteration 30 linesearch step 1   α=0.6 diagtol=0.0001065865139692065
└ @ DFTK /home/herbstm/.julia/packages/DFTK/C0bc2/src/scf/potential_mixing.jl:304
 30   -82.90081222296   -7.57e-03   7.08e-03   0.60  15.9 
┌ Debug: Iteration 31 linesearch step 1   α=0.6 diagtol=7.077906825106908e-5
└ @ DFTK /home/herbstm/.julia/packages/DFTK/C0bc2/src/scf/potential_mixing.jl:304
 31   -82.90075670434    5.55e-05   3.23e-03   0.60  16.6 
┌ Debug: Iteration 32 linesearch step 1   α=0.6 diagtol=3.228306277698699e-5
└ @ DFTK /home/herbstm/.julia/packages/DFTK/C0bc2/src/scf/potential_mixing.jl:304
 32   -82.90056660659    1.90e-04   2.44e-03   0.60  19.2 
┌ Debug: Iteration 33 linesearch step 1   α=0.6 diagtol=2.440464540182555e-5
└ @ DFTK /home/herbstm/.julia/packages/DFTK/C0bc2/src/scf/potential_mixing.jl:304
 33   -82.90123536140   -6.69e-04   2.92e-03   0.60  20.2 
┌ Debug: Iteration 34 linesearch step 1   α=0.6 diagtol=2.440464540182555e-5
└ @ DFTK /home/herbstm/.julia/packages/DFTK/C0bc2/src/scf/potential_mixing.jl:304
 34   -82.90127634161   -4.10e-05   1.76e-03   0.60  19.9 
┌ Debug: Iteration 35 linesearch step 1   α=0.6 diagtol=1.7621364907363593e-5
└ @ DFTK /home/herbstm/.julia/packages/DFTK/C0bc2/src/scf/potential_mixing.jl:304
 35   -82.90125100059    2.53e-05   1.70e-03   0.60  21.1 
┌ Debug: Iteration 36 linesearch step 1   α=0.6 diagtol=1.7018032817497975e-5
└ @ DFTK /home/herbstm/.julia/packages/DFTK/C0bc2/src/scf/potential_mixing.jl:304
 36   -82.90132296975   -7.20e-05   1.91e-03   0.60  20.7 
┌ Debug: Iteration 37 linesearch step 1   α=0.6 diagtol=1.7018032817497975e-5
└ @ DFTK /home/herbstm/.julia/packages/DFTK/C0bc2/src/scf/potential_mixing.jl:304
 37   -82.90119411644    1.29e-04   1.01e-03   0.60  20.8 
┌ Debug: Iteration 38 linesearch step 1   α=0.6 diagtol=1.0107939476963035e-5
└ @ DFTK /home/herbstm/.julia/packages/DFTK/C0bc2/src/scf/potential_mixing.jl:304
 38   -82.90137745012   -1.83e-04   9.21e-04   0.60  22.6 
┌ Debug: Iteration 39 linesearch step 1   α=0.6 diagtol=9.206366994697286e-6
└ @ DFTK /home/herbstm/.julia/packages/DFTK/C0bc2/src/scf/potential_mixing.jl:304
 39   -82.90136940336    8.05e-06   3.85e-04   0.60  22.6 
┌ Debug: Iteration 40 linesearch step 1   α=0.6 diagtol=3.849460980592782e-6
└ @ DFTK /home/herbstm/.julia/packages/DFTK/C0bc2/src/scf/potential_mixing.jl:304
 40   -82.90133269536    3.67e-05   4.86e-04   0.60  24.6 
┌ Debug: Iteration 41 linesearch step 1   α=0.6 diagtol=3.849460980592782e-6
└ @ DFTK /home/herbstm/.julia/packages/DFTK/C0bc2/src/scf/potential_mixing.jl:304
 41   -82.90136555192   -3.29e-05   4.91e-04   0.60  24.4 
┌ Debug: Iteration 42 linesearch step 1   α=0.6 diagtol=3.849460980592782e-6
└ @ DFTK /home/herbstm/.julia/packages/DFTK/C0bc2/src/scf/potential_mixing.jl:304
 42   -82.90137797840   -1.24e-05   3.37e-04   0.60  25.0 
┌ Debug: Iteration 43 linesearch step 1   α=0.6 diagtol=3.366159539527976e-6
└ @ DFTK /home/herbstm/.julia/packages/DFTK/C0bc2/src/scf/potential_mixing.jl:304
 43   -82.90137858233   -6.04e-07   3.18e-04   0.60  25.5 
┌ Debug: Iteration 44 linesearch step 1   α=0.6 diagtol=3.1819474234104562e-6
└ @ DFTK /home/herbstm/.julia/packages/DFTK/C0bc2/src/scf/potential_mixing.jl:304
 44   -82.90138338126   -4.80e-06   2.19e-04   0.60  25.8 
┌ Debug: Iteration 45 linesearch step 1   α=0.6 diagtol=2.189064510755119e-6
└ @ DFTK /home/herbstm/.julia/packages/DFTK/C0bc2/src/scf/potential_mixing.jl:304
 45   -82.90138294049    4.41e-07   1.21e-04   0.60  25.6 
┌ Debug: Iteration 46 linesearch step 1   α=0.6 diagtol=1.2119140644498109e-6
└ @ DFTK /home/herbstm/.julia/packages/DFTK/C0bc2/src/scf/potential_mixing.jl:304
 46   -82.90138333635   -3.96e-07   8.06e-05   0.60  27.4 
┌ Debug: Iteration 47 linesearch step 1   α=0.6 diagtol=8.055650767011298e-7
└ @ DFTK /home/herbstm/.julia/packages/DFTK/C0bc2/src/scf/potential_mixing.jl:304
 47   -82.90138379907   -4.63e-07   5.36e-05   0.60  28.2 
┌ Debug: Iteration 48 linesearch step 1   α=0.6 diagtol=5.35527779004774e-7
└ @ DFTK /home/herbstm/.julia/packages/DFTK/C0bc2/src/scf/potential_mixing.jl:304
 48   -82.90138422633   -4.27e-07   6.01e-05   0.60  29.2 
┌ Debug: Iteration 49 linesearch step 1   α=0.6 diagtol=5.35527779004774e-7
└ @ DFTK /home/herbstm/.julia/packages/DFTK/C0bc2/src/scf/potential_mixing.jl:304
 49   -82.90138418824    3.81e-08   5.86e-05   0.60  29.1 
┌ Debug: Iteration 50 linesearch step 1   α=0.6 diagtol=5.35527779004774e-7
└ @ DFTK /home/herbstm/.julia/packages/DFTK/C0bc2/src/scf/potential_mixing.jl:304
 50   -82.90138421165   -2.34e-08   5.42e-05   0.60  28.9 
┌ Debug: Iteration 51 linesearch step 1   α=0.6 diagtol=5.35527779004774e-7
└ @ DFTK /home/herbstm/.julia/packages/DFTK/C0bc2/src/scf/potential_mixing.jl:304
 51   -82.90138430430   -9.27e-08   4.58e-05   0.60  29.6 
┌ Debug: Iteration 52 linesearch step 1   α=0.6 diagtol=4.5776517838873283e-7
└ @ DFTK /home/herbstm/.julia/packages/DFTK/C0bc2/src/scf/potential_mixing.jl:304
 52   -82.90138430060    3.70e-09   2.42e-05   0.60  29.5 
┌ Debug: Iteration 53 linesearch step 1   α=0.6 diagtol=2.417249878917798e-7
└ @ DFTK /home/herbstm/.julia/packages/DFTK/C0bc2/src/scf/potential_mixing.jl:304
 53   -82.90138431719   -1.66e-08   1.52e-05   0.60  30.9 
┌ Debug: Iteration 54 linesearch step 1   α=0.6 diagtol=1.5172907249888858e-7
└ @ DFTK /home/herbstm/.julia/packages/DFTK/C0bc2/src/scf/potential_mixing.jl:304
 54   -82.90138430835    8.84e-09   1.23e-05   0.60  32.8 
┌ Debug: Iteration 55 linesearch step 1   α=0.6 diagtol=1.2332959316304898e-7
└ @ DFTK /home/herbstm/.julia/packages/DFTK/C0bc2/src/scf/potential_mixing.jl:304
 55   -82.90138432329   -1.49e-08   1.19e-05   0.60  32.5 
┌ Debug: Iteration 56 linesearch step 1   α=0.6 diagtol=1.1940263338012212e-7
└ @ DFTK /home/herbstm/.julia/packages/DFTK/C0bc2/src/scf/potential_mixing.jl:304
 56   -82.90138432312    1.65e-10   7.75e-06   0.60  33.1 
┌ Debug: Iteration 57 linesearch step 1   α=0.6 diagtol=7.754645844117624e-8
└ @ DFTK /home/herbstm/.julia/packages/DFTK/C0bc2/src/scf/potential_mixing.jl:304
 57   -82.90138432461   -1.49e-09   5.86e-06   0.60  33.8 
┌ Debug: Iteration 58 linesearch step 1   α=0.6 diagtol=5.855192927774303e-8
└ @ DFTK /home/herbstm/.julia/packages/DFTK/C0bc2/src/scf/potential_mixing.jl:304
 58   -82.90138431557    9.04e-09   7.70e-06   0.60  34.9 
┌ Debug: Iteration 59 linesearch step 1   α=0.6 diagtol=5.855192927774303e-8
└ @ DFTK /home/herbstm/.julia/packages/DFTK/C0bc2/src/scf/potential_mixing.jl:304
 59   -82.90138432412   -8.55e-09   5.83e-06   0.60  34.9 
┌ Debug: Iteration 60 linesearch step 1   α=0.6 diagtol=5.830785660917782e-8
└ @ DFTK /home/herbstm/.julia/packages/DFTK/C0bc2/src/scf/potential_mixing.jl:304
 60   -82.90138432476   -6.42e-10   2.87e-06   0.60  35.1 
┌ Debug: Iteration 61 linesearch step 1   α=0.6 diagtol=2.8732190504125777e-8
└ @ DFTK /home/herbstm/.julia/packages/DFTK/C0bc2/src/scf/potential_mixing.jl:304
 61   -82.90138432477   -1.07e-11   1.46e-06   0.60  37.3 
┌ Debug: Iteration 62 linesearch step 1   α=0.6 diagtol=1.4621455630581241e-8
└ @ DFTK /home/herbstm/.julia/packages/DFTK/C0bc2/src/scf/potential_mixing.jl:304
 62   -82.90138432461    1.62e-10   8.49e-07   0.60  39.5 
┌ Debug: Iteration 63 linesearch step 1   α=0.6 diagtol=8.488043353316777e-9
└ @ DFTK /home/herbstm/.julia/packages/DFTK/C0bc2/src/scf/potential_mixing.jl:304
 63   -82.90138432471   -1.02e-10   1.89e-06   0.60  40.6 
┌ Debug: Iteration 64 linesearch step 1   α=0.6 diagtol=8.488043353316777e-9
└ @ DFTK /home/herbstm/.julia/packages/DFTK/C0bc2/src/scf/potential_mixing.jl:304
 64   -82.90138432484   -1.29e-10   8.83e-07   0.60  41.1 
┌ Debug: Iteration 65 linesearch step 1   α=0.6 diagtol=8.488043353316777e-9
└ @ DFTK /home/herbstm/.julia/packages/DFTK/C0bc2/src/scf/potential_mixing.jl:304
 65   -82.90138432483    1.09e-11   4.01e-07   0.60  41.1 
┌ Debug: Iteration 66 linesearch step 1   α=0.6 diagtol=4.005142410407359e-9
└ @ DFTK /home/herbstm/.julia/packages/DFTK/C0bc2/src/scf/potential_mixing.jl:304
 66   -82.90138432481    2.30e-11   6.42e-07   0.60  41.9 
┌ Debug: Iteration 67 linesearch step 1   α=0.6 diagtol=4.005142410407359e-9
└ @ DFTK /home/herbstm/.julia/packages/DFTK/C0bc2/src/scf/potential_mixing.jl:304
 67   -82.90138432483   -2.62e-11   4.58e-07   0.60  41.4 
┌ Debug: Iteration 68 linesearch step 1   α=0.6 diagtol=4.005142410407359e-9
└ @ DFTK /home/herbstm/.julia/packages/DFTK/C0bc2/src/scf/potential_mixing.jl:304
 68   -82.90138432484   -4.23e-12   4.36e-07   0.60  42.8 

Energy breakdown:
    Kinetic             34.3223919
    AtomicLocal         -8387.9320492
    AtomicNonlocal      16.0295255
    Ewald               4103.8669667
    PspCorrection       -3.9591227
    Hartree             4186.6647224
    Xc                  -31.8935808
    Entropy             -0.0002381

    total               -82.901384324838

 ──────────────────────────────────────────────────────────────────────────────
                                       Time                   Allocations      
                               ──────────────────────   ───────────────────────
       Tot / % measured:           13396s / 100%             656GiB / 100%     

 Section               ncalls     time   %tot     avg     alloc   %tot      avg
 ──────────────────────────────────────────────────────────────────────────────
 scf_potential_mixing       1   13396s   100%  13396s    656GiB  100%    656GiB
   LOBPCG                 136   13183s  98.4%   96.9s    634GiB  96.6%  4.66GiB
     Hamiltonian mu...  2.97k    3140s  23.4%   1.06s    101GiB  15.3%  34.7MiB
       nonlocal         2.97k    1663s  12.4%   560ms   94.0GiB  14.3%  32.4MiB
       kinetic+local    2.97k    1474s  11.0%   497ms    403MiB  0.06%   139KiB
     rayleigh_ritz      2.83k    2371s  17.7%   837ms   6.73GiB  1.03%  2.43MiB
     ortho!             11.7k     939s  7.01%  80.0ms   5.28GiB  0.80%   472KiB
   compute_density         68    85.7s  0.64%   1.26s   2.75GiB  0.42%  41.4MiB
   energy_hamiltonian      69    76.7s  0.57%   1.11s   14.1GiB  2.14%   209MiB
     ene_ops               69    76.3s  0.57%   1.11s   13.2GiB  2.01%   196MiB
       ene_ops: non...     69    50.6s  0.38%   733ms    161MiB  0.02%  2.34MiB
       ene_ops: xc         69    19.6s  0.15%   285ms   11.3GiB  1.72%   167MiB
       ene_ops: kin...     69    1.42s  0.01%  20.6ms   2.63MiB  0.00%  39.0KiB
       ene_ops: har...     69    1.38s  0.01%  20.0ms   1.45GiB  0.22%  21.5MiB
       ene_ops: local      69    162ms  0.00%  2.35ms    296MiB  0.04%  4.30MiB
   QR orthonormaliz...    136    206μs  0.00%  1.52μs     0.00B  0.00%    0.00B
 ──────────────────────────────────────────────────────────────────────────────
