#
#-- SCF Mn3Si_AFM -- case=standard_02
#
    keywords: (damping = DFTK.FixedDamping(0.2),)

hostname        = clustern13

started on      = 2022-01-19T18:43:05.244
julia threads   = 1
BLAS threads    = 1
MPI procs       = 16

temperature     = 0.01
smearing        = DFTK.Smearing.Gaussian()
lattice         = [0.0 5.407 5.407; 5.407 0.0 5.407; 5.407 5.407 0.0]
Ecut            = 45.0
fft_size        = (50, 50, 50)
kgrid           = [13, 13, 13]
kshift          = [0.0, 0.0, 0.0]
n_irreducible_k = 280
n_bands         = 59
n_electrons     = 49
type            = potmix
mixing          = KerkerMixing(0.8, 0.0)
damping         = DFTK.FixedDamping(0.2)
n     Free energy       Eₙ-Eₙ₋₁     ρout-ρin   Magnet   α      Diag
---   ---------------   ---------   --------   ------   ----   ----
  1   -277.5901529003         NaN   5.80e+00    3.504    NaN    2.0
┌ Debug: Iteration 2 linesearch step 1   α=0.2 diagtol=0.0002
└ @ DFTK /home/herbstm/.julia/packages/DFTK/ogFMK/src/scf/potential_mixing.jl:296
  2   -296.0601745062   -1.85e+01   2.26e+00   -0.585   0.20   15.6
┌ Debug: Iteration 3 linesearch step 1   α=0.2 diagtol=0.0002
└ @ DFTK /home/herbstm/.julia/packages/DFTK/ogFMK/src/scf/potential_mixing.jl:296
  3   -305.4424999277   -9.38e+00   2.59e+00    1.598   0.20   18.3
┌ Debug: Iteration 4 linesearch step 1   α=0.2 diagtol=0.0002
└ @ DFTK /home/herbstm/.julia/packages/DFTK/ogFMK/src/scf/potential_mixing.jl:296
  4   -312.8020410725   -7.36e+00   1.48e+00    1.661   0.20   19.2
┌ Debug: Iteration 5 linesearch step 1   α=0.2 diagtol=0.0002
└ @ DFTK /home/herbstm/.julia/packages/DFTK/ogFMK/src/scf/potential_mixing.jl:296
  5   -313.7823946238   -9.80e-01   4.61e-01    2.512   0.20   18.9
┌ Debug: Iteration 6 linesearch step 1   α=0.2 diagtol=0.0002
└ @ DFTK /home/herbstm/.julia/packages/DFTK/ogFMK/src/scf/potential_mixing.jl:296
  6   -313.6405199877    1.42e-01   3.11e-01    2.118   0.20   18.9
┌ Debug: Iteration 7 linesearch step 1   α=0.2 diagtol=0.0002
└ @ DFTK /home/herbstm/.julia/packages/DFTK/ogFMK/src/scf/potential_mixing.jl:296
  7   -313.8666085676   -2.26e-01   1.98e-01    1.953   0.20   18.7
┌ Debug: Iteration 8 linesearch step 1   α=0.2 diagtol=0.0002
└ @ DFTK /home/herbstm/.julia/packages/DFTK/ogFMK/src/scf/potential_mixing.jl:296
  8   -313.9503032482   -8.37e-02   1.58e-01    1.939   0.20   18.6
┌ Debug: Iteration 9 linesearch step 1   α=0.2 diagtol=0.0002
└ @ DFTK /home/herbstm/.julia/packages/DFTK/ogFMK/src/scf/potential_mixing.jl:296
  9   -313.9628588856   -1.26e-02   6.75e-02    1.738   0.20   18.7
┌ Debug: Iteration 10 linesearch step 1   α=0.2 diagtol=0.0002
└ @ DFTK /home/herbstm/.julia/packages/DFTK/ogFMK/src/scf/potential_mixing.jl:296
 10   -313.9690987908   -6.24e-03   1.29e-01    1.431   0.20   18.9
┌ Debug: Iteration 11 linesearch step 1   α=0.2 diagtol=0.0002
└ @ DFTK /home/herbstm/.julia/packages/DFTK/ogFMK/src/scf/potential_mixing.jl:296
 11   -313.9742388944   -5.14e-03   5.07e-02    1.368   0.20   18.8
┌ Debug: Iteration 12 linesearch step 1   α=0.2 diagtol=0.0002
└ @ DFTK /home/herbstm/.julia/packages/DFTK/ogFMK/src/scf/potential_mixing.jl:296
 12   -313.9774888860   -3.25e-03   9.47e-02    1.248   0.20   18.9
┌ Debug: Iteration 13 linesearch step 1   α=0.2 diagtol=0.0002
└ @ DFTK /home/herbstm/.julia/packages/DFTK/ogFMK/src/scf/potential_mixing.jl:296
 13   -313.9785784628   -1.09e-03   1.10e-01    1.149   0.20   18.9
┌ Debug: Iteration 14 linesearch step 1   α=0.2 diagtol=0.0002
└ @ DFTK /home/herbstm/.julia/packages/DFTK/ogFMK/src/scf/potential_mixing.jl:296
 14   -313.9790330400   -4.55e-04   1.75e-02    1.173   0.20   18.9
┌ Debug: Iteration 15 linesearch step 1   α=0.2 diagtol=0.00017458967060322985
└ @ DFTK /home/herbstm/.julia/packages/DFTK/ogFMK/src/scf/potential_mixing.jl:296
 15   -313.9788974154    1.36e-04   3.74e-02    1.154   0.20   19.2
┌ Debug: Iteration 16 linesearch step 1   α=0.2 diagtol=0.00017458967060322985
└ @ DFTK /home/herbstm/.julia/packages/DFTK/ogFMK/src/scf/potential_mixing.jl:296
 16   -313.9791997790   -3.02e-04   2.32e-02    1.135   0.20   19.3
┌ Debug: Iteration 17 linesearch step 1   α=0.2 diagtol=0.00017458967060322985
└ @ DFTK /home/herbstm/.julia/packages/DFTK/ogFMK/src/scf/potential_mixing.jl:296
 17   -313.9792816151   -8.18e-05   3.68e-02    1.156   0.20   19.2
┌ Debug: Iteration 18 linesearch step 1   α=0.2 diagtol=0.00017458967060322985
└ @ DFTK /home/herbstm/.julia/packages/DFTK/ogFMK/src/scf/potential_mixing.jl:296
 18   -313.9793038950   -2.23e-05   3.86e-03    1.152   0.20   19.3
┌ Debug: Iteration 19 linesearch step 1   α=0.2 diagtol=3.861634908233148e-5
└ @ DFTK /home/herbstm/.julia/packages/DFTK/ogFMK/src/scf/potential_mixing.jl:296
 19   -313.9793301534   -2.63e-05   1.45e-02    1.136   0.20   22.4
┌ Debug: Iteration 20 linesearch step 1   α=0.2 diagtol=3.861634908233148e-5
└ @ DFTK /home/herbstm/.julia/packages/DFTK/ogFMK/src/scf/potential_mixing.jl:296
 20   -313.9793426690   -1.25e-05   6.35e-03    1.123   0.20   22.5
┌ Debug: Iteration 21 linesearch step 1   α=0.2 diagtol=3.861634908233148e-5
└ @ DFTK /home/herbstm/.julia/packages/DFTK/ogFMK/src/scf/potential_mixing.jl:296
 21   -313.9793454093   -2.74e-06   4.14e-03    1.115   0.20   22.5
┌ Debug: Iteration 22 linesearch step 1   α=0.2 diagtol=3.861634908233148e-5
└ @ DFTK /home/herbstm/.julia/packages/DFTK/ogFMK/src/scf/potential_mixing.jl:296
 22   -313.9793517671   -6.36e-06   2.38e-03    1.110   0.20   22.4
┌ Debug: Iteration 23 linesearch step 1   α=0.2 diagtol=2.3807235513645936e-5
└ @ DFTK /home/herbstm/.julia/packages/DFTK/ogFMK/src/scf/potential_mixing.jl:296
 23   -313.9793524463   -6.79e-07   1.61e-03    1.107   0.20   23.8
┌ Debug: Iteration 24 linesearch step 1   α=0.2 diagtol=1.608185404951208e-5
└ @ DFTK /home/herbstm/.julia/packages/DFTK/ogFMK/src/scf/potential_mixing.jl:296
┌ Warning: Eigensolver not converged
│   iterations = [200, 52, 23, 26, 23, 22, 19, 19, 22, 91, 35, 32, 24, 22, 23, 21, 20, 23]
└ @ DFTK /home/herbstm/.julia/packages/DFTK/ogFMK/src/scf/self_consistent_field.jl:26
 24   -313.9793522551    1.91e-07   1.61e-03    1.104   0.20   25.0
┌ Debug: Iteration 25 linesearch step 1   α=0.2 diagtol=1.608185404951208e-5
└ @ DFTK /home/herbstm/.julia/packages/DFTK/ogFMK/src/scf/potential_mixing.jl:296
 25   -313.9793509417    1.31e-06   3.72e-04    1.105   0.20   25.0
┌ Debug: Iteration 26 linesearch step 1   α=0.2 diagtol=3.7239545097781373e-6
└ @ DFTK /home/herbstm/.julia/packages/DFTK/ogFMK/src/scf/potential_mixing.jl:296
 26   -313.9793514846   -5.43e-07   1.06e-03    1.102   0.20   28.3
┌ Debug: Iteration 27 linesearch step 1   α=0.2 diagtol=3.7239545097781373e-6
└ @ DFTK /home/herbstm/.julia/packages/DFTK/ogFMK/src/scf/potential_mixing.jl:296
 27   -313.9793523867   -9.02e-07   8.65e-04    1.104   0.20   28.4
┌ Debug: Iteration 28 linesearch step 1   α=0.2 diagtol=3.7239545097781373e-6
└ @ DFTK /home/herbstm/.julia/packages/DFTK/ogFMK/src/scf/potential_mixing.jl:296
 28   -313.9793524407   -5.40e-08   7.26e-04    1.106   0.20   28.3
┌ Debug: Iteration 29 linesearch step 1   α=0.2 diagtol=3.7239545097781373e-6
└ @ DFTK /home/herbstm/.julia/packages/DFTK/ogFMK/src/scf/potential_mixing.jl:296
┌ Warning: Eigensolver not converged
│   iterations = [200, 55, 26, 29, 26, 25, 21, 21, 24, 107, 42, 36, 29, 25, 27, 26, 24, 26]
└ @ DFTK /home/herbstm/.julia/packages/DFTK/ogFMK/src/scf/self_consistent_field.jl:26
 29   -313.9793523388    1.02e-07   1.96e-04    1.105   0.20   28.4
┌ Debug: Iteration 30 linesearch step 1   α=0.2 diagtol=1.962513585771779e-6
└ @ DFTK /home/herbstm/.julia/packages/DFTK/ogFMK/src/scf/potential_mixing.jl:296
 30   -313.9793526478   -3.09e-07   1.03e-04    1.105   0.20   29.9
┌ Debug: Iteration 31 linesearch step 1   α=0.2 diagtol=1.0260902095673198e-6
└ @ DFTK /home/herbstm/.julia/packages/DFTK/ogFMK/src/scf/potential_mixing.jl:296
 31   -313.9793527202   -7.24e-08   3.36e-05    1.105   0.20   31.3
┌ Debug: Iteration 32 linesearch step 1   α=0.2 diagtol=3.362885919089037e-7
└ @ DFTK /home/herbstm/.julia/packages/DFTK/ogFMK/src/scf/potential_mixing.jl:296
┌ Warning: Eigensolver not converged
│   iterations = [200, 61, 33, 34, 31, 33, 29, 27, 33, 128, 52, 45, 36, 29, 30, 32, 31, 30]
└ @ DFTK /home/herbstm/.julia/packages/DFTK/ogFMK/src/scf/self_consistent_field.jl:26
 32   -313.9793527723   -5.21e-08   9.33e-05    1.105   0.20   34.1
┌ Debug: Iteration 33 linesearch step 1   α=0.2 diagtol=3.362885919089037e-7
└ @ DFTK /home/herbstm/.julia/packages/DFTK/ogFMK/src/scf/potential_mixing.jl:296
 33   -313.9793527956   -2.33e-08   9.96e-05    1.105   0.20   34.1
┌ Debug: Iteration 34 linesearch step 1   α=0.2 diagtol=3.362885919089037e-7
└ @ DFTK /home/herbstm/.julia/packages/DFTK/ogFMK/src/scf/potential_mixing.jl:296
┌ Warning: Eigensolver not converged
│   iterations = [200, 63, 34, 33, 32, 34, 29, 30, 34, 125, 52, 44, 35, 30, 30, 34, 33, 30]
└ @ DFTK /home/herbstm/.julia/packages/DFTK/ogFMK/src/scf/self_consistent_field.jl:26
 34   -313.9793528204   -2.48e-08   1.21e-04    1.105   0.20   34.1
┌ Debug: Iteration 35 linesearch step 1   α=0.2 diagtol=3.362885919089037e-7
└ @ DFTK /home/herbstm/.julia/packages/DFTK/ogFMK/src/scf/potential_mixing.jl:296
┌ Warning: Eigensolver not converged
│   iterations = [200, 66, 32, 34, 31, 32, 28, 26, 33, 122, 51, 43, 35, 29, 30, 32, 33, 30]
└ @ DFTK /home/herbstm/.julia/packages/DFTK/ogFMK/src/scf/self_consistent_field.jl:26
 35   -313.9793528066    1.38e-08   7.97e-05    1.105   0.20   34.1
┌ Debug: Iteration 36 linesearch step 1   α=0.2 diagtol=3.362885919089037e-7
└ @ DFTK /home/herbstm/.julia/packages/DFTK/ogFMK/src/scf/potential_mixing.jl:296
 36   -313.9793527991    7.51e-09   8.73e-05    1.105   0.20   34.1
┌ Debug: Iteration 37 linesearch step 1   α=0.2 diagtol=3.362885919089037e-7
└ @ DFTK /home/herbstm/.julia/packages/DFTK/ogFMK/src/scf/potential_mixing.jl:296
 37   -313.9793528239   -2.48e-08   1.42e-04    1.105   0.20   34.0
┌ Debug: Iteration 38 linesearch step 1   α=0.2 diagtol=3.362885919089037e-7
└ @ DFTK /home/herbstm/.julia/packages/DFTK/ogFMK/src/scf/potential_mixing.jl:296
┌ Warning: Eigensolver not converged
│   iterations = [200, 62, 33, 34, 31, 34, 30, 31, 33, 126, 51, 46, 35, 29, 31, 33, 32, 30]
└ @ DFTK /home/herbstm/.julia/packages/DFTK/ogFMK/src/scf/self_consistent_field.jl:26
 38   -313.9793528338   -9.92e-09   7.40e-05    1.105   0.20   34.1
┌ Debug: Iteration 39 linesearch step 1   α=0.2 diagtol=3.362885919089037e-7
└ @ DFTK /home/herbstm/.julia/packages/DFTK/ogFMK/src/scf/potential_mixing.jl:296
 39   -313.9793528443   -1.04e-08   8.86e-05    1.105   0.20   34.2
┌ Debug: Iteration 40 linesearch step 1   α=0.2 diagtol=3.362885919089037e-7
└ @ DFTK /home/herbstm/.julia/packages/DFTK/ogFMK/src/scf/potential_mixing.jl:296
 40   -313.9793528547   -1.04e-08   1.57e-04    1.104   0.20   34.2
┌ Debug: Iteration 41 linesearch step 1   α=0.2 diagtol=3.362885919089037e-7
└ @ DFTK /home/herbstm/.julia/packages/DFTK/ogFMK/src/scf/potential_mixing.jl:296
 41   -313.9793528430    1.16e-08   6.48e-05    1.104   0.20   33.8
┌ Debug: Iteration 42 linesearch step 1   α=0.2 diagtol=3.362885919089037e-7
└ @ DFTK /home/herbstm/.julia/packages/DFTK/ogFMK/src/scf/potential_mixing.jl:296
┌ Warning: Eigensolver not converged
│   iterations = [200, 65, 31, 33, 31, 34, 30, 30, 33, 124, 53, 46, 35, 29, 31, 32, 33, 30]
└ @ DFTK /home/herbstm/.julia/packages/DFTK/ogFMK/src/scf/self_consistent_field.jl:26
 42   -313.9793528548   -1.18e-08   1.44e-04    1.104   0.20   34.1
┌ Debug: Iteration 43 linesearch step 1   α=0.2 diagtol=3.362885919089037e-7
└ @ DFTK /home/herbstm/.julia/packages/DFTK/ogFMK/src/scf/potential_mixing.jl:296
┌ Warning: Eigensolver not converged
│   iterations = [200, 63, 31, 34, 32, 33, 30, 29, 34, 131, 54, 47, 35, 28, 31, 30, 30, 31]
└ @ DFTK /home/herbstm/.julia/packages/DFTK/ogFMK/src/scf/self_consistent_field.jl:26
 43   -313.9793528684   -1.36e-08   5.98e-05    1.104   0.20   34.2
┌ Debug: Iteration 44 linesearch step 1   α=0.2 diagtol=3.362885919089037e-7
└ @ DFTK /home/herbstm/.julia/packages/DFTK/ogFMK/src/scf/potential_mixing.jl:296
 44   -313.9793528688   -3.29e-10   8.68e-05    1.104   0.20   34.2
┌ Debug: Iteration 45 linesearch step 1   α=0.2 diagtol=3.362885919089037e-7
└ @ DFTK /home/herbstm/.julia/packages/DFTK/ogFMK/src/scf/potential_mixing.jl:296
┌ Warning: Eigensolver not converged
│   iterations = [200, 64, 32, 35, 32, 31, 29, 30, 33, 125, 53, 45, 35, 29, 30, 32, 32, 30]
└ @ DFTK /home/herbstm/.julia/packages/DFTK/ogFMK/src/scf/self_consistent_field.jl:26
 45   -313.9793528732   -4.44e-09   8.14e-05    1.104   0.20   34.1
┌ Debug: Iteration 46 linesearch step 1   α=0.2 diagtol=3.362885919089037e-7
└ @ DFTK /home/herbstm/.julia/packages/DFTK/ogFMK/src/scf/potential_mixing.jl:296
┌ Warning: Eigensolver not converged
│   iterations = [200, 65, 32, 33, 30, 30, 27, 27, 29, 123, 54, 45, 35, 30, 31, 33, 33, 31]
└ @ DFTK /home/herbstm/.julia/packages/DFTK/ogFMK/src/scf/self_consistent_field.jl:26
 46   -313.9793528750   -1.79e-09   4.83e-05    1.104   0.20   34.2
┌ Debug: Iteration 47 linesearch step 1   α=0.2 diagtol=3.362885919089037e-7
└ @ DFTK /home/herbstm/.julia/packages/DFTK/ogFMK/src/scf/potential_mixing.jl:296
┌ Warning: Eigensolver not converged
│   iterations = [200, 64, 32, 34, 32, 29, 27, 28, 29, 129, 55, 46, 35, 30, 30, 30, 30, 30]
└ @ DFTK /home/herbstm/.julia/packages/DFTK/ogFMK/src/scf/self_consistent_field.jl:26
 47   -313.9793528720    3.00e-09   5.89e-05    1.104   0.20   34.1
┌ Debug: Iteration 48 linesearch step 1   α=0.2 diagtol=3.362885919089037e-7
└ @ DFTK /home/herbstm/.julia/packages/DFTK/ogFMK/src/scf/potential_mixing.jl:296
┌ Warning: Eigensolver not converged
│   iterations = [200, 66, 31, 35, 30, 29, 28, 28, 31, 125, 52, 46, 34, 29, 30, 32, 32, 30]
└ @ DFTK /home/herbstm/.julia/packages/DFTK/ogFMK/src/scf/self_consistent_field.jl:26
 48   -313.9793528760   -3.98e-09   5.39e-05    1.104   0.20   34.1
┌ Debug: Iteration 49 linesearch step 1   α=0.2 diagtol=3.362885919089037e-7
└ @ DFTK /home/herbstm/.julia/packages/DFTK/ogFMK/src/scf/potential_mixing.jl:296
┌ Warning: Eigensolver not converged
│   iterations = [200, 64, 31, 34, 31, 30, 30, 30, 30, 131, 54, 46, 34, 29, 31, 33, 33, 31]
└ @ DFTK /home/herbstm/.julia/packages/DFTK/ogFMK/src/scf/self_consistent_field.jl:26
 49   -313.9793528798   -3.81e-09   2.08e-05    1.104   0.20   34.2
┌ Debug: Iteration 50 linesearch step 1   α=0.2 diagtol=2.08433192835508e-7
└ @ DFTK /home/herbstm/.julia/packages/DFTK/ogFMK/src/scf/potential_mixing.jl:296
 50   -313.9793528786    1.15e-09   2.14e-05    1.104   0.20   35.1
┌ Debug: Iteration 51 linesearch step 1   α=0.2 diagtol=2.08433192835508e-7
└ @ DFTK /home/herbstm/.julia/packages/DFTK/ogFMK/src/scf/potential_mixing.jl:296
┌ Warning: Eigensolver not converged
│   iterations = [200, 61, 33, 34, 32, 30, 27, 27, 28, 131, 57, 48, 37, 31, 31, 32, 32, 31]
└ @ DFTK /home/herbstm/.julia/packages/DFTK/ogFMK/src/scf/self_consistent_field.jl:26
 51   -313.9793528912   -1.25e-08   4.40e-05    1.104   0.20   35.2
┌ Debug: Iteration 52 linesearch step 1   α=0.2 diagtol=2.08433192835508e-7
└ @ DFTK /home/herbstm/.julia/packages/DFTK/ogFMK/src/scf/potential_mixing.jl:296
 52   -313.9793528962   -4.98e-09   4.26e-05    1.104   0.20   35.3
┌ Debug: Iteration 53 linesearch step 1   α=0.2 diagtol=2.08433192835508e-7
└ @ DFTK /home/herbstm/.julia/packages/DFTK/ogFMK/src/scf/potential_mixing.jl:296
┌ Warning: Eigensolver not converged
│   iterations = [200, 64, 34, 35, 33, 29, 27, 26, 30, 129, 57, 45, 37, 30, 31, 33, 33, 31]
└ @ DFTK /home/herbstm/.julia/packages/DFTK/ogFMK/src/scf/self_consistent_field.jl:26
 53   -313.9793528968   -5.97e-10   1.43e-05    1.104   0.20   35.2
┌ Debug: Iteration 54 linesearch step 1   α=0.2 diagtol=1.4288693302787508e-7
└ @ DFTK /home/herbstm/.julia/packages/DFTK/ogFMK/src/scf/potential_mixing.jl:296
┌ Warning: Eigensolver not converged
│   iterations = [200, 65, 35, 35, 32, 30, 28, 27, 30, 136, 54, 48, 38, 32, 32, 32, 32, 32]
└ @ DFTK /home/herbstm/.julia/packages/DFTK/ogFMK/src/scf/self_consistent_field.jl:26
 54   -313.9793528969   -9.31e-11   1.86e-05    1.104   0.20   36.0
┌ Debug: Iteration 55 linesearch step 1   α=0.2 diagtol=1.4288693302787508e-7
└ @ DFTK /home/herbstm/.julia/packages/DFTK/ogFMK/src/scf/potential_mixing.jl:296
 55   -313.9793529004   -3.53e-09   3.25e-05    1.104   0.20   35.9
┌ Debug: Iteration 56 linesearch step 1   α=0.2 diagtol=1.4288693302787508e-7
└ @ DFTK /home/herbstm/.julia/packages/DFTK/ogFMK/src/scf/potential_mixing.jl:296
┌ Warning: Eigensolver not converged
│   iterations = [200, 64, 35, 33, 32, 30, 27, 28, 30, 135, 54, 48, 39, 31, 32, 33, 33, 33]
└ @ DFTK /home/herbstm/.julia/packages/DFTK/ogFMK/src/scf/self_consistent_field.jl:26
 56   -313.9793528998    5.46e-10   1.13e-05    1.104   0.20   36.0
┌ Debug: Iteration 57 linesearch step 1   α=0.2 diagtol=1.1330693930025391e-7
└ @ DFTK /home/herbstm/.julia/packages/DFTK/ogFMK/src/scf/potential_mixing.jl:296
┌ Warning: Eigensolver not converged
│   iterations = [200, 65, 37, 35, 33, 31, 29, 29, 31, 130, 54, 49, 38, 32, 33, 34, 35, 33]
└ @ DFTK /home/herbstm/.julia/packages/DFTK/ogFMK/src/scf/self_consistent_field.jl:26
 57   -313.9793529024   -2.56e-09   4.02e-05    1.104   0.20   36.6
┌ Debug: Iteration 58 linesearch step 1   α=0.2 diagtol=1.1330693930025391e-7
└ @ DFTK /home/herbstm/.julia/packages/DFTK/ogFMK/src/scf/potential_mixing.jl:296
┌ Warning: Eigensolver not converged
│   iterations = [200, 65, 38, 34, 33, 32, 29, 29, 31, 123, 56, 48, 38, 32, 33, 34, 34, 33]
└ @ DFTK /home/herbstm/.julia/packages/DFTK/ogFMK/src/scf/self_consistent_field.jl:26
 58   -313.9793529019    4.92e-10   5.36e-06    1.104   0.20   36.5
┌ Debug: Iteration 59 linesearch step 1   α=0.2 diagtol=5.357179961678736e-8
└ @ DFTK /home/herbstm/.julia/packages/DFTK/ogFMK/src/scf/potential_mixing.jl:296
 59   -313.9793529026   -7.19e-10   1.41e-05    1.104   0.20   38.3
┌ Debug: Iteration 60 linesearch step 1   α=0.2 diagtol=5.357179961678736e-8
└ @ DFTK /home/herbstm/.julia/packages/DFTK/ogFMK/src/scf/potential_mixing.jl:296
┌ Warning: Eigensolver not converged
│   iterations = [200, 58, 39, 37, 34, 31, 30, 30, 34, 140, 55, 51, 40, 32, 34, 35, 37, 35]
└ @ DFTK /home/herbstm/.julia/packages/DFTK/ogFMK/src/scf/self_consistent_field.jl:26
 60   -313.9793529019    7.51e-10   5.08e-06    1.104   0.20   38.3
┌ Debug: Iteration 61 linesearch step 1   α=0.2 diagtol=5.0755354584832615e-8
└ @ DFTK /home/herbstm/.julia/packages/DFTK/ogFMK/src/scf/potential_mixing.jl:296
 61   -313.9793529012    6.68e-10   7.62e-06    1.104   0.20   38.3
┌ Debug: Iteration 62 linesearch step 1   α=0.2 diagtol=5.0755354584832615e-8
└ @ DFTK /home/herbstm/.julia/packages/DFTK/ogFMK/src/scf/potential_mixing.jl:296
 62   -313.9793529016   -3.91e-10   8.83e-06    1.104   0.20   38.4
┌ Debug: Iteration 63 linesearch step 1   α=0.2 diagtol=5.0755354584832615e-8
└ @ DFTK /home/herbstm/.julia/packages/DFTK/ogFMK/src/scf/potential_mixing.jl:296
┌ Warning: Eigensolver not converged
│   iterations = [200, 66, 40, 37, 33, 32, 31, 31, 33, 141, 54, 51, 39, 33, 34, 35, 34, 33]
└ @ DFTK /home/herbstm/.julia/packages/DFTK/ogFMK/src/scf/self_consistent_field.jl:26
 63   -313.9793529047   -3.15e-09   3.40e-05    1.104   0.20   38.3
┌ Debug: Iteration 64 linesearch step 1   α=0.2 diagtol=5.0755354584832615e-8
└ @ DFTK /home/herbstm/.julia/packages/DFTK/ogFMK/src/scf/potential_mixing.jl:296
┌ Warning: Eigensolver not converged
│   iterations = [200, 57, 40, 38, 34, 32, 30, 31, 34, 144, 57, 52, 40, 34, 34, 33, 33, 34]
└ @ DFTK /home/herbstm/.julia/packages/DFTK/ogFMK/src/scf/self_consistent_field.jl:26
 64   -313.9793529052   -5.02e-10   3.88e-05    1.104   0.20   38.4
┌ Debug: Iteration 65 linesearch step 1   α=0.2 diagtol=5.0755354584832615e-8
└ @ DFTK /home/herbstm/.julia/packages/DFTK/ogFMK/src/scf/potential_mixing.jl:296
 65   -313.9793529058   -5.84e-10   1.53e-05    1.104   0.20   38.2
┌ Debug: Iteration 66 linesearch step 1   α=0.2 diagtol=5.0755354584832615e-8
└ @ DFTK /home/herbstm/.julia/packages/DFTK/ogFMK/src/scf/potential_mixing.jl:296
┌ Warning: Eigensolver not converged
│   iterations = [200, 60, 38, 38, 34, 33, 30, 30, 34, 147, 57, 51, 39, 33, 34, 34, 34, 34]
└ @ DFTK /home/herbstm/.julia/packages/DFTK/ogFMK/src/scf/self_consistent_field.jl:26
 66   -313.9793529055    3.61e-10   7.04e-06    1.104   0.20   38.4
┌ Debug: Iteration 67 linesearch step 1   α=0.2 diagtol=5.0755354584832615e-8
└ @ DFTK /home/herbstm/.julia/packages/DFTK/ogFMK/src/scf/potential_mixing.jl:296
 67   -313.9793529043    1.14e-09   8.19e-06    1.104   0.20   38.4
┌ Debug: Iteration 68 linesearch step 1   α=0.2 diagtol=5.0755354584832615e-8
└ @ DFTK /home/herbstm/.julia/packages/DFTK/ogFMK/src/scf/potential_mixing.jl:296
 68   -313.9793528974    6.95e-09   4.86e-05    1.104   0.20   38.4
┌ Debug: Iteration 69 linesearch step 1   α=0.2 diagtol=5.0755354584832615e-8
└ @ DFTK /home/herbstm/.julia/packages/DFTK/ogFMK/src/scf/potential_mixing.jl:296
┌ Warning: Eigensolver not converged
│   iterations = [200, 62, 37, 37, 34, 33, 30, 30, 34, 146, 55, 53, 39, 34, 35, 33, 33, 34]
└ @ DFTK /home/herbstm/.julia/packages/DFTK/ogFMK/src/scf/self_consistent_field.jl:26
 69   -313.9793529080   -1.06e-08   8.87e-05    1.104   0.20   38.5
┌ Debug: Iteration 70 linesearch step 1   α=0.2 diagtol=5.0755354584832615e-8
└ @ DFTK /home/herbstm/.julia/packages/DFTK/ogFMK/src/scf/potential_mixing.jl:296
┌ Warning: Eigensolver not converged
│   iterations = [200, 61, 37, 36, 34, 33, 29, 30, 32, 152, 55, 51, 38, 32, 33, 33, 34, 34]
└ @ DFTK /home/herbstm/.julia/packages/DFTK/ogFMK/src/scf/self_consistent_field.jl:26
 70   -313.9793529078    1.23e-10   4.26e-06    1.104   0.20   38.4
┌ Debug: Iteration 71 linesearch step 1   α=0.2 diagtol=4.2576759913639705e-8
└ @ DFTK /home/herbstm/.julia/packages/DFTK/ogFMK/src/scf/potential_mixing.jl:296
┌ Warning: Eigensolver not converged
│   iterations = [200, 60, 39, 38, 35, 33, 31, 31, 33, 133, 59, 53, 41, 33, 34, 33, 33, 35]
└ @ DFTK /home/herbstm/.julia/packages/DFTK/ogFMK/src/scf/self_consistent_field.jl:26
 71   -313.9793529073    5.66e-10   2.08e-05    1.104   0.20   38.8
┌ Debug: Iteration 72 linesearch step 1   α=0.2 diagtol=4.2576759913639705e-8
└ @ DFTK /home/herbstm/.julia/packages/DFTK/ogFMK/src/scf/potential_mixing.jl:296
┌ Warning: Eigensolver not converged
│   iterations = [200, 61, 39, 38, 35, 34, 30, 30, 34, 146, 61, 52, 39, 34, 35, 34, 34, 34]
└ @ DFTK /home/herbstm/.julia/packages/DFTK/ogFMK/src/scf/self_consistent_field.jl:26
 72   -313.9793529062    1.06e-09   1.98e-05    1.104   0.20   38.9
┌ Debug: Iteration 73 linesearch step 1   α=0.2 diagtol=4.2576759913639705e-8
└ @ DFTK /home/herbstm/.julia/packages/DFTK/ogFMK/src/scf/potential_mixing.jl:296
 73   -313.9793529069   -7.14e-10   2.63e-05    1.104   0.20   38.7
┌ Debug: Iteration 74 linesearch step 1   α=0.2 diagtol=4.2576759913639705e-8
└ @ DFTK /home/herbstm/.julia/packages/DFTK/ogFMK/src/scf/potential_mixing.jl:296
┌ Warning: Eigensolver not converged
│   iterations = [200, 61, 39, 36, 35, 34, 29, 30, 33, 135, 59, 54, 40, 33, 35, 34, 34, 34]
└ @ DFTK /home/herbstm/.julia/packages/DFTK/ogFMK/src/scf/self_consistent_field.jl:26
 74   -313.9793529083   -1.37e-09   3.40e-05    1.104   0.20   38.7
┌ Debug: Iteration 75 linesearch step 1   α=0.2 diagtol=4.2576759913639705e-8
└ @ DFTK /home/herbstm/.julia/packages/DFTK/ogFMK/src/scf/potential_mixing.jl:296
┌ Warning: Eigensolver not converged
│   iterations = [200, 64, 39, 35, 34, 33, 30, 31, 33, 136, 58, 53, 41, 32, 34, 34, 34, 34]
└ @ DFTK /home/herbstm/.julia/packages/DFTK/ogFMK/src/scf/self_consistent_field.jl:26
 75   -313.9793529065    1.83e-09   1.82e-05    1.104   0.20   38.8
┌ Debug: Iteration 76 linesearch step 1   α=0.2 diagtol=4.2576759913639705e-8
└ @ DFTK /home/herbstm/.julia/packages/DFTK/ogFMK/src/scf/potential_mixing.jl:296
 76   -313.9793529089   -2.45e-09   4.30e-05    1.104   0.20   38.7
┌ Debug: Iteration 77 linesearch step 1   α=0.2 diagtol=4.2576759913639705e-8
└ @ DFTK /home/herbstm/.julia/packages/DFTK/ogFMK/src/scf/potential_mixing.jl:296
┌ Warning: Eigensolver not converged
│   iterations = [200, 60, 37, 37, 34, 34, 32, 30, 34, 139, 56, 53, 39, 33, 35, 33, 33, 34]
└ @ DFTK /home/herbstm/.julia/packages/DFTK/ogFMK/src/scf/self_consistent_field.jl:26
 77   -313.9793529092   -3.09e-10   2.13e-05    1.104   0.20   38.7
┌ Debug: Iteration 78 linesearch step 1   α=0.2 diagtol=4.2576759913639705e-8
└ @ DFTK /home/herbstm/.julia/packages/DFTK/ogFMK/src/scf/potential_mixing.jl:296
┌ Warning: Eigensolver not converged
│   iterations = [200, 62, 39, 37, 35, 33, 32, 32, 34, 145, 58, 50, 39, 33, 35, 34, 34, 34]
└ @ DFTK /home/herbstm/.julia/packages/DFTK/ogFMK/src/scf/self_consistent_field.jl:26
 78   -313.9793529111   -1.91e-09   3.58e-05    1.104   0.20   38.8
┌ Debug: Iteration 79 linesearch step 1   α=0.2 diagtol=4.2576759913639705e-8
└ @ DFTK /home/herbstm/.julia/packages/DFTK/ogFMK/src/scf/potential_mixing.jl:296
┌ Warning: Eigensolver not converged
│   iterations = [200, 62, 39, 37, 35, 36, 32, 31, 35, 142, 58, 52, 41, 35, 34, 34, 35, 36]
└ @ DFTK /home/herbstm/.julia/packages/DFTK/ogFMK/src/scf/self_consistent_field.jl:26
 79   -313.9793529094    1.77e-09   6.90e-05    1.103   0.20   38.8
┌ Debug: Iteration 80 linesearch step 1   α=0.2 diagtol=4.2576759913639705e-8
└ @ DFTK /home/herbstm/.julia/packages/DFTK/ogFMK/src/scf/potential_mixing.jl:296
┌ Warning: Eigensolver not converged
│   iterations = [200, 63, 39, 34, 35, 37, 36, 35, 37, 138, 57, 54, 40, 34, 34, 37, 37, 34]
└ @ DFTK /home/herbstm/.julia/packages/DFTK/ogFMK/src/scf/self_consistent_field.jl:26
 80   -313.9793529088    5.21e-10   2.49e-05    1.103   0.20   38.9
┌ Debug: Iteration 81 linesearch step 1   α=0.2 diagtol=4.2576759913639705e-8
└ @ DFTK /home/herbstm/.julia/packages/DFTK/ogFMK/src/scf/potential_mixing.jl:296
┌ Warning: Eigensolver not converged
│   iterations = [200, 59, 39, 38, 35, 36, 35, 36, 35, 136, 58, 54, 39, 32, 34, 38, 38, 33]
└ @ DFTK /home/herbstm/.julia/packages/DFTK/ogFMK/src/scf/self_consistent_field.jl:26
 81   -313.9793529100   -1.13e-09   2.42e-05    1.103   0.20   38.8
┌ Debug: Iteration 82 linesearch step 1   α=0.2 diagtol=4.2576759913639705e-8
└ @ DFTK /home/herbstm/.julia/packages/DFTK/ogFMK/src/scf/potential_mixing.jl:296
 82   -313.9793529105   -5.03e-10   1.48e-05    1.103   0.20   38.8
┌ Debug: Iteration 83 linesearch step 1   α=0.2 diagtol=4.2576759913639705e-8
└ @ DFTK /home/herbstm/.julia/packages/DFTK/ogFMK/src/scf/potential_mixing.jl:296
 83   -313.9793529100    5.03e-10   1.34e-05    1.103   0.20   38.8
┌ Debug: Iteration 84 linesearch step 1   α=0.2 diagtol=4.2576759913639705e-8
└ @ DFTK /home/herbstm/.julia/packages/DFTK/ogFMK/src/scf/potential_mixing.jl:296
┌ Warning: Eigensolver not converged
│   iterations = [200, 61, 40, 37, 34, 34, 34, 34, 35, 144, 59, 54, 41, 33, 34, 37, 37, 35]
└ @ DFTK /home/herbstm/.julia/packages/DFTK/ogFMK/src/scf/self_consistent_field.jl:26
 84   -313.9793529119   -1.94e-09   2.66e-05    1.104   0.20   38.8
┌ Debug: Iteration 85 linesearch step 1   α=0.2 diagtol=4.2576759913639705e-8
└ @ DFTK /home/herbstm/.julia/packages/DFTK/ogFMK/src/scf/potential_mixing.jl:296
┌ Warning: Eigensolver not converged
│   iterations = [200, 62, 36, 38, 34, 34, 36, 35, 33, 146, 56, 55, 41, 33, 34, 37, 37, 35]
└ @ DFTK /home/herbstm/.julia/packages/DFTK/ogFMK/src/scf/self_consistent_field.jl:26
 85   -313.9793529111    8.50e-10   4.75e-05    1.103   0.20   38.8
┌ Debug: Iteration 86 linesearch step 1   α=0.2 diagtol=4.2576759913639705e-8
└ @ DFTK /home/herbstm/.julia/packages/DFTK/ogFMK/src/scf/potential_mixing.jl:296
┌ Warning: Eigensolver not converged
│   iterations = [200, 60, 38, 41, 35, 34, 33, 31, 33, 141, 59, 54, 41, 34, 35, 37, 37, 34]
└ @ DFTK /home/herbstm/.julia/packages/DFTK/ogFMK/src/scf/self_consistent_field.jl:26
 86   -313.9793529119   -8.74e-10   5.04e-05    1.104   0.20   38.9
┌ Debug: Iteration 87 linesearch step 1   α=0.2 diagtol=4.2576759913639705e-8
└ @ DFTK /home/herbstm/.julia/packages/DFTK/ogFMK/src/scf/potential_mixing.jl:296
 87   -313.9793529099    2.06e-09   3.45e-05    1.104   0.20   38.7
┌ Debug: Iteration 88 linesearch step 1   α=0.2 diagtol=4.2576759913639705e-8
└ @ DFTK /home/herbstm/.julia/packages/DFTK/ogFMK/src/scf/potential_mixing.jl:296
┌ Warning: Eigensolver not converged
│   iterations = [200, 60, 39, 37, 34, 34, 31, 30, 33, 140, 56, 52, 40, 33, 35, 34, 34, 34]
└ @ DFTK /home/herbstm/.julia/packages/DFTK/ogFMK/src/scf/self_consistent_field.jl:26
 88   -313.9793529116   -1.70e-09   2.49e-05    1.104   0.20   38.7
┌ Debug: Iteration 89 linesearch step 1   α=0.2 diagtol=4.2576759913639705e-8
└ @ DFTK /home/herbstm/.julia/packages/DFTK/ogFMK/src/scf/potential_mixing.jl:296
 89   -313.9793529127   -1.08e-09   5.24e-05    1.103   0.20   38.8
┌ Debug: Iteration 90 linesearch step 1   α=0.2 diagtol=4.2576759913639705e-8
└ @ DFTK /home/herbstm/.julia/packages/DFTK/ogFMK/src/scf/potential_mixing.jl:296
┌ Warning: Eigensolver not converged
│   iterations = [200, 62, 39, 39, 34, 34, 31, 31, 34, 137, 55, 56, 40, 34, 34, 34, 35, 35]
└ @ DFTK /home/herbstm/.julia/packages/DFTK/ogFMK/src/scf/self_consistent_field.jl:26
 90   -313.9793529134   -7.09e-10   2.17e-05    1.103   0.20   38.8
┌ Debug: Iteration 91 linesearch step 1   α=0.2 diagtol=4.2576759913639705e-8
└ @ DFTK /home/herbstm/.julia/packages/DFTK/ogFMK/src/scf/potential_mixing.jl:296
┌ Warning: Eigensolver not converged
│   iterations = [200, 62, 39, 36, 34, 34, 33, 31, 34, 140, 58, 55, 41, 33, 34, 35, 34, 34]
└ @ DFTK /home/herbstm/.julia/packages/DFTK/ogFMK/src/scf/self_consistent_field.jl:26
 91   -313.9793529131    2.93e-10   6.45e-06    1.103   0.20   38.8
┌ Debug: Iteration 92 linesearch step 1   α=0.2 diagtol=4.2576759913639705e-8
└ @ DFTK /home/herbstm/.julia/packages/DFTK/ogFMK/src/scf/potential_mixing.jl:296
 92   -313.9793529094    3.62e-09   1.02e-04    1.103   0.20   38.9
┌ Debug: Iteration 93 linesearch step 1   α=0.2 diagtol=4.2576759913639705e-8
└ @ DFTK /home/herbstm/.julia/packages/DFTK/ogFMK/src/scf/potential_mixing.jl:296
 93   -313.9793529103   -8.09e-10   1.42e-05    1.103   0.20   38.8
┌ Debug: Iteration 94 linesearch step 1   α=0.2 diagtol=4.2576759913639705e-8
└ @ DFTK /home/herbstm/.julia/packages/DFTK/ogFMK/src/scf/potential_mixing.jl:296
┌ Warning: Eigensolver not converged
│   iterations = [200, 62, 39, 39, 35, 36, 35, 35, 37, 136, 57, 55, 41, 33, 33, 37, 37, 34]
└ @ DFTK /home/herbstm/.julia/packages/DFTK/ogFMK/src/scf/self_consistent_field.jl:26
 94   -313.9793529008    9.43e-09   6.88e-05    1.103   0.20   38.9
┌ Debug: Iteration 95 linesearch step 1   α=0.2 diagtol=4.2576759913639705e-8
└ @ DFTK /home/herbstm/.julia/packages/DFTK/ogFMK/src/scf/potential_mixing.jl:296
 95   -313.9793529113   -1.05e-08   2.64e-04    1.104   0.20   38.8
┌ Debug: Iteration 96 linesearch step 1   α=0.2 diagtol=4.2576759913639705e-8
└ @ DFTK /home/herbstm/.julia/packages/DFTK/ogFMK/src/scf/potential_mixing.jl:296
┌ Warning: Eigensolver not converged
│   iterations = [200, 61, 39, 37, 34, 33, 30, 32, 33, 142, 58, 51, 39, 33, 33, 37, 37, 34]
└ @ DFTK /home/herbstm/.julia/packages/DFTK/ogFMK/src/scf/self_consistent_field.jl:26
 96   -313.9793529115   -2.20e-10   9.05e-05    1.103   0.20   38.8
┌ Debug: Iteration 97 linesearch step 1   α=0.2 diagtol=4.2576759913639705e-8
└ @ DFTK /home/herbstm/.julia/packages/DFTK/ogFMK/src/scf/potential_mixing.jl:296
┌ Warning: Eigensolver not converged
│   iterations = [200, 59, 40, 37, 34, 34, 31, 31, 33, 143, 56, 54, 40, 33, 34, 36, 37, 35]
└ @ DFTK /home/herbstm/.julia/packages/DFTK/ogFMK/src/scf/self_consistent_field.jl:26
 97   -313.9793529105    1.02e-09   5.96e-06    1.103   0.20   38.8
┌ Debug: Iteration 98 linesearch step 1   α=0.2 diagtol=4.2576759913639705e-8
└ @ DFTK /home/herbstm/.julia/packages/DFTK/ogFMK/src/scf/potential_mixing.jl:296
┌ Warning: Eigensolver not converged
│   iterations = [200, 61, 40, 38, 35, 34, 32, 31, 34, 147, 59, 54, 40, 33, 34, 36, 37, 34]
└ @ DFTK /home/herbstm/.julia/packages/DFTK/ogFMK/src/scf/self_consistent_field.jl:26
 98   -313.9793529128   -2.33e-09   8.46e-06    1.103   0.20   38.8
┌ Debug: Iteration 99 linesearch step 1   α=0.2 diagtol=4.2576759913639705e-8
└ @ DFTK /home/herbstm/.julia/packages/DFTK/ogFMK/src/scf/potential_mixing.jl:296
┌ Warning: Eigensolver not converged
│   iterations = [200, 61, 39, 37, 34, 34, 30, 32, 34, 142, 59, 53, 40, 33, 35, 36, 35, 35]
└ @ DFTK /home/herbstm/.julia/packages/DFTK/ogFMK/src/scf/self_consistent_field.jl:26
 99   -313.9793529123    5.64e-10   1.36e-05    1.103   0.20   38.8
┌ Debug: Iteration 100 linesearch step 1   α=0.2 diagtol=4.2576759913639705e-8
└ @ DFTK /home/herbstm/.julia/packages/DFTK/ogFMK/src/scf/potential_mixing.jl:296
┌ Warning: Eigensolver not converged
│   iterations = [200, 61, 38, 38, 35, 33, 31, 31, 34, 145, 56, 52, 40, 33, 35, 34, 33, 34]
└ @ DFTK /home/herbstm/.julia/packages/DFTK/ogFMK/src/scf/self_consistent_field.jl:26
┌ Warning: SCF not converged.
└ @ DFTK /home/herbstm/.julia/packages/DFTK/ogFMK/src/scf/scf_callbacks.jl:37

Energy breakdown:
    Kinetic             152.2848058
    AtomicLocal         -271.4788319
    AtomicNonlocal      -32.1787904
    Ewald               -217.4923166
    PspCorrection       6.9833366 
    Hartree             83.2620820
    Xc                  -35.3550201
    Entropy             -0.0046183

    total               -313.979352912827

 ──────────────────────────────────────────────────────────────────────────────
                                       Time                   Allocations      
                               ──────────────────────   ───────────────────────
       Tot / % measured:           18075s / 100%            1075GiB / 100%     

 Section               ncalls     time   %tot     avg     alloc   %tot      avg
 ──────────────────────────────────────────────────────────────────────────────
 scf_potential_mixing       1   18074s   100%  18074s   1075GiB  100%   1075GiB
   LOBPCG               1.80k   17368s  96.1%   9.65s   1032GiB  96.0%   587MiB
     Hamiltonian mu...  81.8k    7090s  39.2%  86.7ms    212GiB  19.7%  2.65MiB
       kinetic+local    81.8k    6428s  35.6%  78.6ms   4.43GiB  0.41%  56.8KiB
       nonlocal         81.8k     627s  3.47%  7.67ms    131GiB  12.2%  1.64MiB
     rayleigh_ritz      80.0k    2374s  13.1%  29.7ms   45.7GiB  4.25%   599KiB
     ortho!              338k     969s  5.36%  2.87ms   37.9GiB  3.53%   118KiB
   compute_density        100     475s  2.63%   4.75s   10.0GiB  0.93%   103MiB
   energy_hamiltonian     101    57.2s  0.32%   567ms   20.3GiB  1.89%   206MiB
     ene_ops              101    53.9s  0.30%   533ms   16.8GiB  1.56%   170MiB
       ene_ops: xc        101    27.7s  0.15%   274ms   15.3GiB  1.43%   156MiB
       ene_ops: non...    101    18.1s  0.10%   179ms    245MiB  0.02%  2.43MiB
       ene_ops: kin...    101    2.63s  0.01%  26.0ms   28.4MiB  0.00%   288KiB
       ene_ops: har...    101    1.02s  0.01%  10.1ms   0.94GiB  0.09%  9.55MiB
       ene_ops: local     101    154ms  0.00%  1.52ms    196MiB  0.02%  1.94MiB
   KerkerMixing           100    2.84s  0.02%  28.4ms   2.68GiB  0.25%  27.5MiB
   QR orthonormaliz...  1.80k   1.77ms  0.00%   981ns     0.00B  0.00%    0.00B
 ──────────────────────────────────────────────────────────────────────────────
