#
#-- SCF Mn3Si_AFM -- case=standard_10
#
    keywords: (damping = DFTK.FixedDamping(1.0),)

hostname        = clustern14

started on      = 2022-01-19T20:45:01.077
julia threads   = 1
BLAS threads    = 1
MPI procs       = 16

temperature     = 0.01
smearing        = DFTK.Smearing.Gaussian()
lattice         = [0.0 5.407 5.407; 5.407 0.0 5.407; 5.407 5.407 0.0]
Ecut            = 45.0
fft_size        = (50, 50, 50)
kgrid           = [13, 13, 13]
kshift          = [0.0, 0.0, 0.0]
n_irreducible_k = 280
n_bands         = 59
n_electrons     = 49
type            = potmix
mixing          = KerkerMixing(0.8, 0.0)
damping         = DFTK.FixedDamping(1.0)
n     Free energy       Eₙ-Eₙ₋₁     ρout-ρin   Magnet   α      Diag
---   ---------------   ---------   --------   ------   ----   ----
  1   -277.5901529003         NaN   5.80e+00    3.504    NaN    2.0
┌ Debug: Iteration 2 linesearch step 1   α=1.0 diagtol=0.0002
└ @ DFTK /home/herbstm/.julia/packages/DFTK/ogFMK/src/scf/potential_mixing.jl:296
  2   -263.3064486841    1.43e+01   6.43e+00    1.156   1.00   22.7
┌ Debug: Iteration 3 linesearch step 1   α=1.0 diagtol=0.0002
└ @ DFTK /home/herbstm/.julia/packages/DFTK/ogFMK/src/scf/potential_mixing.jl:296
  3   -307.8445951078   -4.45e+01   2.30e+00    0.801   1.00   19.0
┌ Debug: Iteration 4 linesearch step 1   α=1.0 diagtol=0.0002
└ @ DFTK /home/herbstm/.julia/packages/DFTK/ogFMK/src/scf/potential_mixing.jl:296
  4   -310.7003647965   -2.86e+00   1.35e+00    0.553   1.00   19.2
┌ Debug: Iteration 5 linesearch step 1   α=1.0 diagtol=0.0002
└ @ DFTK /home/herbstm/.julia/packages/DFTK/ogFMK/src/scf/potential_mixing.jl:296
  5   -311.9373811329   -1.24e+00   1.17e+00    1.140   1.00   19.0
┌ Debug: Iteration 6 linesearch step 1   α=1.0 diagtol=0.0002
└ @ DFTK /home/herbstm/.julia/packages/DFTK/ogFMK/src/scf/potential_mixing.jl:296
  6   -311.4817408072    4.56e-01   1.21e+00    0.875   1.00   18.6
┌ Debug: Iteration 7 linesearch step 1   α=1.0 diagtol=0.0002
└ @ DFTK /home/herbstm/.julia/packages/DFTK/ogFMK/src/scf/potential_mixing.jl:296
  7   -308.5382181566    2.94e+00   6.98e-01    0.344   1.00   18.7
┌ Debug: Iteration 8 linesearch step 1   α=1.0 diagtol=0.0002
└ @ DFTK /home/herbstm/.julia/packages/DFTK/ogFMK/src/scf/potential_mixing.jl:296
  8   -313.9475127676   -5.41e+00   1.06e+00    1.083   1.00   18.9
┌ Debug: Iteration 9 linesearch step 1   α=1.0 diagtol=0.0002
└ @ DFTK /home/herbstm/.julia/packages/DFTK/ogFMK/src/scf/potential_mixing.jl:296
  9   -313.9612356325   -1.37e-02   1.07e-01    1.193   1.00   18.9
┌ Debug: Iteration 10 linesearch step 1   α=1.0 diagtol=0.0002
└ @ DFTK /home/herbstm/.julia/packages/DFTK/ogFMK/src/scf/potential_mixing.jl:296
 10   -313.8555974780    1.06e-01   1.13e-01    0.920   1.00   18.8
┌ Debug: Iteration 11 linesearch step 1   α=1.0 diagtol=0.0002
└ @ DFTK /home/herbstm/.julia/packages/DFTK/ogFMK/src/scf/potential_mixing.jl:296
 11   -313.7965462490    5.91e-02   4.92e-02    1.051   1.00   18.8
┌ Debug: Iteration 12 linesearch step 1   α=1.0 diagtol=0.0002
└ @ DFTK /home/herbstm/.julia/packages/DFTK/ogFMK/src/scf/potential_mixing.jl:296
 12   -313.7545265630    4.20e-02   7.63e-02    1.211   1.00   18.7
┌ Debug: Iteration 13 linesearch step 1   α=1.0 diagtol=0.0002
└ @ DFTK /home/herbstm/.julia/packages/DFTK/ogFMK/src/scf/potential_mixing.jl:296
 13   -313.9659304583   -2.11e-01   1.68e-01    1.502   1.00   19.0
┌ Debug: Iteration 14 linesearch step 1   α=1.0 diagtol=0.0002
└ @ DFTK /home/herbstm/.julia/packages/DFTK/ogFMK/src/scf/potential_mixing.jl:296
 14   -313.9764472410   -1.05e-02   3.42e-02    1.510   1.00   19.0
┌ Debug: Iteration 15 linesearch step 1   α=1.0 diagtol=0.0002
└ @ DFTK /home/herbstm/.julia/packages/DFTK/ogFMK/src/scf/potential_mixing.jl:296
 15   -313.9781221690   -1.67e-03   3.05e-02    1.449   1.00   19.0
┌ Debug: Iteration 16 linesearch step 1   α=1.0 diagtol=0.0002
└ @ DFTK /home/herbstm/.julia/packages/DFTK/ogFMK/src/scf/potential_mixing.jl:296
 16   -313.9786516047   -5.29e-04   3.79e-02    1.348   1.00   18.9
┌ Debug: Iteration 17 linesearch step 1   α=1.0 diagtol=0.0002
└ @ DFTK /home/herbstm/.julia/packages/DFTK/ogFMK/src/scf/potential_mixing.jl:296
 17   -313.9791468727   -4.95e-04   1.08e-01    1.043   1.00   18.9
┌ Debug: Iteration 18 linesearch step 1   α=1.0 diagtol=0.0002
└ @ DFTK /home/herbstm/.julia/packages/DFTK/ogFMK/src/scf/potential_mixing.jl:296
 18   -313.9793350773   -1.88e-04   2.50e-02    1.132   1.00   19.0
┌ Debug: Iteration 19 linesearch step 1   α=1.0 diagtol=0.0002
└ @ DFTK /home/herbstm/.julia/packages/DFTK/ogFMK/src/scf/potential_mixing.jl:296
 19   -313.9793485057   -1.34e-05   1.66e-02    1.089   1.00   18.9
┌ Debug: Iteration 20 linesearch step 1   α=1.0 diagtol=0.00016640039950725915
└ @ DFTK /home/herbstm/.julia/packages/DFTK/ogFMK/src/scf/potential_mixing.jl:296
 20   -313.9793514868   -2.98e-06   5.68e-03    1.109   1.00   19.4
┌ Debug: Iteration 21 linesearch step 1   α=1.0 diagtol=5.678739714595762e-5
└ @ DFTK /home/herbstm/.julia/packages/DFTK/ogFMK/src/scf/potential_mixing.jl:296
 21   -313.9793527583   -1.27e-06   1.18e-03    1.104   1.00   21.6
┌ Debug: Iteration 22 linesearch step 1   α=1.0 diagtol=1.1789363349249014e-5
└ @ DFTK /home/herbstm/.julia/packages/DFTK/ogFMK/src/scf/potential_mixing.jl:296
 22   -313.9793528199   -6.16e-08   3.29e-04    1.104   1.00   25.6
┌ Debug: Iteration 23 linesearch step 1   α=1.0 diagtol=3.2919402903105435e-6
└ @ DFTK /home/herbstm/.julia/packages/DFTK/ogFMK/src/scf/potential_mixing.jl:296
 23   -313.9793529138   -9.38e-08   6.71e-04    1.104   1.00   28.5
┌ Debug: Iteration 24 linesearch step 1   α=1.0 diagtol=3.2919402903105435e-6
└ @ DFTK /home/herbstm/.julia/packages/DFTK/ogFMK/src/scf/potential_mixing.jl:296
 24   -313.9793529207   -6.97e-09   2.85e-04    1.103   1.00   28.7
┌ Debug: Iteration 25 linesearch step 1   α=1.0 diagtol=2.853216554959116e-6
└ @ DFTK /home/herbstm/.julia/packages/DFTK/ogFMK/src/scf/potential_mixing.jl:296
 25   -313.9793529196    1.16e-09   3.75e-05    1.103   1.00   29.0
┌ Debug: Iteration 26 linesearch step 1   α=1.0 diagtol=3.75000304820472e-7
└ @ DFTK /home/herbstm/.julia/packages/DFTK/ogFMK/src/scf/potential_mixing.jl:296
┌ Warning: Eigensolver not converged
│   iterations = [200, 60, 31, 34, 31, 31, 29, 29, 34, 114, 51, 43, 36, 30, 30, 31, 31, 30]
└ @ DFTK /home/herbstm/.julia/packages/DFTK/ogFMK/src/scf/self_consistent_field.jl:26
 26   -313.9793529200   -4.18e-10   1.90e-05    1.103   1.00   33.8
┌ Debug: Iteration 27 linesearch step 1   α=1.0 diagtol=1.9006884235339884e-7
└ @ DFTK /home/herbstm/.julia/packages/DFTK/ogFMK/src/scf/potential_mixing.jl:296
┌ Warning: Eigensolver not converged
│   iterations = [200, 64, 36, 35, 32, 34, 31, 32, 35, 130, 56, 47, 36, 30, 31, 33, 33, 32]
└ @ DFTK /home/herbstm/.julia/packages/DFTK/ogFMK/src/scf/self_consistent_field.jl:26
 27   -313.9793529208   -7.80e-10   2.03e-05    1.103   1.00   35.5
┌ Debug: Iteration 28 linesearch step 1   α=1.0 diagtol=1.9006884235339884e-7
└ @ DFTK /home/herbstm/.julia/packages/DFTK/ogFMK/src/scf/potential_mixing.jl:296
┌ Warning: Eigensolver not converged
│   iterations = [200, 63, 36, 36, 31, 33, 32, 33, 35, 126, 53, 50, 37, 31, 31, 33, 32, 32]
└ @ DFTK /home/herbstm/.julia/packages/DFTK/ogFMK/src/scf/self_consistent_field.jl:26
 28   -313.9793529210   -2.67e-10   2.01e-05    1.103   1.00   35.5
┌ Debug: Iteration 29 linesearch step 1   α=1.0 diagtol=1.9006884235339884e-7
└ @ DFTK /home/herbstm/.julia/packages/DFTK/ogFMK/src/scf/potential_mixing.jl:296
┌ Warning: Eigensolver not converged
│   iterations = [200, 60, 36, 34, 32, 33, 30, 31, 34, 141, 53, 47, 37, 30, 32, 31, 29, 31]
└ @ DFTK /home/herbstm/.julia/packages/DFTK/ogFMK/src/scf/self_consistent_field.jl:26
 29   -313.9793529211   -4.92e-11   6.51e-06    1.103   1.00   35.5
┌ Debug: Iteration 30 linesearch step 1   α=1.0 diagtol=6.510176379400286e-8
└ @ DFTK /home/herbstm/.julia/packages/DFTK/ogFMK/src/scf/potential_mixing.jl:296
┌ Warning: Eigensolver not converged
│   iterations = [200, 66, 37, 36, 34, 36, 34, 34, 36, 144, 57, 51, 38, 33, 33, 36, 36, 33]
└ @ DFTK /home/herbstm/.julia/packages/DFTK/ogFMK/src/scf/self_consistent_field.jl:26
 30   -313.9793529211   -2.31e-11   7.56e-06    1.103   1.00   37.9
┌ Debug: Iteration 31 linesearch step 1   α=1.0 diagtol=6.510176379400286e-8
└ @ DFTK /home/herbstm/.julia/packages/DFTK/ogFMK/src/scf/potential_mixing.jl:296
┌ Warning: Eigensolver not converged
│   iterations = [200, 66, 37, 36, 34, 32, 28, 29, 33, 137, 54, 49, 39, 32, 33, 34, 33, 33]
└ @ DFTK /home/herbstm/.julia/packages/DFTK/ogFMK/src/scf/self_consistent_field.jl:26
 31   -313.9793529211   -9.95e-12   5.09e-06    1.103   1.00   37.6

Energy breakdown:
    Kinetic             152.2849357
    AtomicLocal         -271.4789398
    AtomicNonlocal      -32.1788394
    Ewald               -217.4923166
    PspCorrection       6.9833366 
    Hartree             83.2621409
    Xc                  -35.3550533
    Entropy             -0.0046170

    total               -313.979352921108

 ──────────────────────────────────────────────────────────────────────────────
                                       Time                   Allocations      
                               ──────────────────────   ───────────────────────
       Tot / % measured:            3982s / 100%             245GiB / 100%     

 Section               ncalls     time   %tot     avg     alloc   %tot      avg
 ──────────────────────────────────────────────────────────────────────────────
 scf_potential_mixing       1    3980s   100%   3980s    245GiB  100%    245GiB
   LOBPCG                 558    3785s  95.1%   6.78s    232GiB  94.7%   426MiB
     Hamiltonian mu...  17.5k    1600s  40.2%  91.3ms   46.6GiB  19.0%  2.73MiB
       kinetic+local    17.5k    1454s  36.5%  83.0ms   0.99GiB  0.40%  59.3KiB
       nonlocal         17.5k     138s  3.47%  7.89ms   29.3GiB  12.0%  1.71MiB
     rayleigh_ritz      17.0k     502s  12.6%  29.6ms   9.92GiB  4.05%   613KiB
     ortho!             72.4k     214s  5.38%  2.96ms   8.42GiB  3.44%   122KiB
   compute_density         31     148s  3.73%   4.79s   3.11GiB  1.27%   103MiB
   energy_hamiltonian      32    18.0s  0.45%   563ms   6.44GiB  2.63%   206MiB
     ene_ops               32    16.9s  0.43%   530ms   5.31GiB  2.17%   170MiB
       ene_ops: xc         32    8.97s  0.23%   280ms   4.86GiB  1.98%   156MiB
       ene_ops: non...     32    5.43s  0.14%   170ms   76.0MiB  0.03%  2.37MiB
       ene_ops: kin...     32    800ms  0.02%  25.0ms   8.82MiB  0.00%   282KiB
       ene_ops: har...     32    295ms  0.01%  9.21ms    306MiB  0.12%  9.55MiB
       ene_ops: local      32   47.1ms  0.00%  1.47ms   62.0MiB  0.02%  1.94MiB
   KerkerMixing            31    709ms  0.02%  22.9ms    828MiB  0.33%  26.7MiB
   QR orthonormaliz...    558    502μs  0.00%   899ns     0.00B  0.00%    0.00B
 ──────────────────────────────────────────────────────────────────────────────
