#
#-- SCF Mn3Si_AFM -- case=standard_08
#
    keywords: (damping = DFTK.FixedDamping(0.8),)

hostname        = clustern12

started on      = 2022-01-19T20:29:36.225
julia threads   = 1
BLAS threads    = 1
MPI procs       = 16

temperature     = 0.01
smearing        = DFTK.Smearing.Gaussian()
lattice         = [0.0 5.407 5.407; 5.407 0.0 5.407; 5.407 5.407 0.0]
Ecut            = 45.0
fft_size        = (50, 50, 50)
kgrid           = [13, 13, 13]
kshift          = [0.0, 0.0, 0.0]
n_irreducible_k = 280
n_bands         = 59
n_electrons     = 49
type            = potmix
mixing          = KerkerMixing(0.8, 0.0)
damping         = DFTK.FixedDamping(0.8)
n     Free energy       Eₙ-Eₙ₋₁     ρout-ρin   Magnet   α      Diag
---   ---------------   ---------   --------   ------   ----   ----
  1   -277.5901529003         NaN   5.80e+00    3.504    NaN    2.0
┌ Debug: Iteration 2 linesearch step 1   α=0.8 diagtol=0.0002
└ @ DFTK /home/herbstm/.julia/packages/DFTK/ogFMK/src/scf/potential_mixing.jl:296
  2   -288.3308441532   -1.07e+01   5.60e+00    2.016   0.80   23.0
┌ Debug: Iteration 3 linesearch step 1   α=0.8 diagtol=0.0002
└ @ DFTK /home/herbstm/.julia/packages/DFTK/ogFMK/src/scf/potential_mixing.jl:296
  3   -310.4698419203   -2.21e+01   1.61e+00    1.508   0.80   19.2
┌ Debug: Iteration 4 linesearch step 1   α=0.8 diagtol=0.0002
└ @ DFTK /home/herbstm/.julia/packages/DFTK/ogFMK/src/scf/potential_mixing.jl:296
  4   -310.7794478505   -3.10e-01   1.30e+00    0.412   0.80   19.0
┌ Debug: Iteration 5 linesearch step 1   α=0.8 diagtol=0.0002
└ @ DFTK /home/herbstm/.julia/packages/DFTK/ogFMK/src/scf/potential_mixing.jl:296
  5   -313.3878889022   -2.61e+00   1.03e+00    1.859   0.80   18.9
┌ Debug: Iteration 6 linesearch step 1   α=0.8 diagtol=0.0002
└ @ DFTK /home/herbstm/.julia/packages/DFTK/ogFMK/src/scf/potential_mixing.jl:296
  6   -313.2615779376    1.26e-01   6.82e-01    1.017   0.80   18.8
┌ Debug: Iteration 7 linesearch step 1   α=0.8 diagtol=0.0002
└ @ DFTK /home/herbstm/.julia/packages/DFTK/ogFMK/src/scf/potential_mixing.jl:296
  7   -313.4734628430   -2.12e-01   3.22e-01    1.122   0.80   18.9
┌ Debug: Iteration 8 linesearch step 1   α=0.8 diagtol=0.0002
└ @ DFTK /home/herbstm/.julia/packages/DFTK/ogFMK/src/scf/potential_mixing.jl:296
  8   -313.9512369095   -4.78e-01   3.73e-01    1.658   0.80   18.9
┌ Debug: Iteration 9 linesearch step 1   α=0.8 diagtol=0.0002
└ @ DFTK /home/herbstm/.julia/packages/DFTK/ogFMK/src/scf/potential_mixing.jl:296
  9   -313.9745656253   -2.33e-02   9.67e-02    1.483   0.80   18.9
┌ Debug: Iteration 10 linesearch step 1   α=0.8 diagtol=0.0002
└ @ DFTK /home/herbstm/.julia/packages/DFTK/ogFMK/src/scf/potential_mixing.jl:296
 10   -313.9711831438    3.38e-03   7.58e-02    1.545   0.80   19.0
┌ Debug: Iteration 11 linesearch step 1   α=0.8 diagtol=0.0002
└ @ DFTK /home/herbstm/.julia/packages/DFTK/ogFMK/src/scf/potential_mixing.jl:296
 11   -313.9753190967   -4.14e-03   6.58e-02    1.383   0.80   18.9
┌ Debug: Iteration 12 linesearch step 1   α=0.8 diagtol=0.0002
└ @ DFTK /home/herbstm/.julia/packages/DFTK/ogFMK/src/scf/potential_mixing.jl:296
 12   -313.9760894038   -7.70e-04   3.99e-02    1.264   0.80   18.9
┌ Debug: Iteration 13 linesearch step 1   α=0.8 diagtol=0.0002
└ @ DFTK /home/herbstm/.julia/packages/DFTK/ogFMK/src/scf/potential_mixing.jl:296
 13   -313.9791146014   -3.03e-03   5.57e-02    1.160   0.80   19.0
┌ Debug: Iteration 14 linesearch step 1   α=0.8 diagtol=0.0002
└ @ DFTK /home/herbstm/.julia/packages/DFTK/ogFMK/src/scf/potential_mixing.jl:296
 14   -313.9793000014   -1.85e-04   1.81e-02    1.127   0.80   19.0
┌ Debug: Iteration 15 linesearch step 1   α=0.8 diagtol=0.00018077462834186132
└ @ DFTK /home/herbstm/.julia/packages/DFTK/ogFMK/src/scf/potential_mixing.jl:296
 15   -313.9793303061   -3.03e-05   4.86e-03    1.118   0.80   19.2
┌ Debug: Iteration 16 linesearch step 1   α=0.8 diagtol=4.864239252106433e-5
└ @ DFTK /home/herbstm/.julia/packages/DFTK/ogFMK/src/scf/potential_mixing.jl:296
 16   -313.9793506996   -2.04e-05   5.12e-03    1.110   0.80   21.9
┌ Debug: Iteration 17 linesearch step 1   α=0.8 diagtol=4.864239252106433e-5
└ @ DFTK /home/herbstm/.julia/packages/DFTK/ogFMK/src/scf/potential_mixing.jl:296
 17   -313.9793525966   -1.90e-06   3.33e-03    1.105   0.80   22.0
┌ Debug: Iteration 18 linesearch step 1   α=0.8 diagtol=3.331984430641437e-5
└ @ DFTK /home/herbstm/.julia/packages/DFTK/ogFMK/src/scf/potential_mixing.jl:296
 18   -313.9793528185   -2.22e-07   1.56e-03    1.104   0.80   22.7
┌ Debug: Iteration 19 linesearch step 1   α=0.8 diagtol=1.5550949377248527e-5
└ @ DFTK /home/herbstm/.julia/packages/DFTK/ogFMK/src/scf/potential_mixing.jl:296
 19   -313.9793529135   -9.50e-08   3.80e-04    1.103   0.80   24.8
┌ Debug: Iteration 20 linesearch step 1   α=0.8 diagtol=3.800866973233496e-6
└ @ DFTK /home/herbstm/.julia/packages/DFTK/ogFMK/src/scf/potential_mixing.jl:296
 20   -313.9793529193   -5.74e-09   1.55e-04    1.103   0.80   28.2
┌ Debug: Iteration 21 linesearch step 1   α=0.8 diagtol=1.5508485284465781e-6
└ @ DFTK /home/herbstm/.julia/packages/DFTK/ogFMK/src/scf/potential_mixing.jl:296
 21   -313.9793529209   -1.67e-09   1.06e-04    1.103   0.80   30.7
┌ Debug: Iteration 22 linesearch step 1   α=0.8 diagtol=1.0605481055707714e-6
└ @ DFTK /home/herbstm/.julia/packages/DFTK/ogFMK/src/scf/potential_mixing.jl:296
┌ Warning: Eigensolver not converged
│   iterations = [200, 60, 29, 32, 29, 28, 27, 26, 30, 119, 48, 39, 32, 27, 30, 30, 30, 29]
└ @ DFTK /home/herbstm/.julia/packages/DFTK/ogFMK/src/scf/self_consistent_field.jl:26
 22   -313.9793529211   -1.83e-10   3.73e-05    1.103   0.80   31.6
┌ Debug: Iteration 23 linesearch step 1   α=0.8 diagtol=3.7326760042030975e-7
└ @ DFTK /home/herbstm/.julia/packages/DFTK/ogFMK/src/scf/potential_mixing.jl:296
┌ Warning: Eigensolver not converged
│   iterations = [200, 64, 32, 33, 31, 32, 30, 29, 34, 125, 57, 45, 36, 29, 30, 32, 31, 31]
└ @ DFTK /home/herbstm/.julia/packages/DFTK/ogFMK/src/scf/self_consistent_field.jl:26
 23   -313.9793529211    1.03e-11   1.86e-06    1.103   0.80   33.9
┌ Debug: Iteration 24 linesearch step 1   α=0.8 diagtol=1.8623094585158895e-8
└ @ DFTK /home/herbstm/.julia/packages/DFTK/ogFMK/src/scf/potential_mixing.jl:296
┌ Warning: Eigensolver not converged
│   iterations = [200, 64, 41, 38, 36, 37, 37, 37, 37, 152, 65, 56, 42, 35, 35, 40, 40, 35]
└ @ DFTK /home/herbstm/.julia/packages/DFTK/ogFMK/src/scf/self_consistent_field.jl:26
 24   -313.9793529211    1.71e-13   3.52e-06    1.103   0.80   40.9

Energy breakdown:
    Kinetic             152.2849272
    AtomicLocal         -271.4789338
    AtomicNonlocal      -32.1788362
    Ewald               -217.4923166
    PspCorrection       6.9833366 
    Hartree             83.2621379
    Xc                  -35.3550510
    Entropy             -0.0046171

    total               -313.979352921101

 ──────────────────────────────────────────────────────────────────────────────
                                       Time                   Allocations      
                               ──────────────────────   ───────────────────────
       Tot / % measured:            2963s / 100%             181GiB / 100%     

 Section               ncalls     time   %tot     avg     alloc   %tot      avg
 ──────────────────────────────────────────────────────────────────────────────
 scf_potential_mixing       1    2963s   100%   2963s    181GiB  100%    181GiB
   LOBPCG                 432    2823s  95.3%   6.53s    171GiB  94.5%   406MiB
     Hamiltonian mu...  12.8k    1181s  39.9%  92.2ms   34.3GiB  18.9%  2.74MiB
       kinetic+local    12.8k    1072s  36.2%  83.7ms    749MiB  0.40%  59.9KiB
       nonlocal         12.8k     104s  3.51%  8.12ms   21.6GiB  11.9%  1.73MiB
     rayleigh_ritz      12.4k     377s  12.7%  30.5ms   7.28GiB  4.02%   617KiB
     ortho!             52.9k     162s  5.46%  3.05ms   6.21GiB  3.42%   123KiB
   compute_density         24     114s  3.85%   4.75s   2.41GiB  1.33%   103MiB
   energy_hamiltonian      25    14.1s  0.48%   565ms   5.03GiB  2.78%   206MiB
     ene_ops               25    13.3s  0.45%   531ms   4.15GiB  2.29%   170MiB
       ene_ops: xc         25    7.02s  0.24%   281ms   3.80GiB  2.09%   156MiB
       ene_ops: non...     25    4.28s  0.14%   171ms   58.8MiB  0.03%  2.35MiB
       ene_ops: kin...     25    726ms  0.02%  29.0ms   6.83MiB  0.00%   280KiB
       ene_ops: har...     25    249ms  0.01%  10.0ms    239MiB  0.13%  9.55MiB
       ene_ops: local      25   42.8ms  0.00%  1.71ms   48.5MiB  0.03%  1.94MiB
   KerkerMixing            24    543ms  0.02%  22.6ms    641MiB  0.35%  26.7MiB
   QR orthonormaliz...    432    504μs  0.00%  1.17μs     0.00B  0.00%    0.00B
 ──────────────────────────────────────────────────────────────────────────────
