#
#-- SCF Al_nodiis_Kerker -- case=standard_06
#
    keywords: (damping = DFTK.FixedDamping(0.6), acceleration = DFTK.AndersonAcceleration(0, Any[], Any[], 1.0e6))

hostname        = clustern12

started on      = 2021-07-26T15:49:52.226
julia threads   = 1
BLAS threads    = 1
MPI procs       = 16

temperature     = 0.001
smearing        = DFTK.Smearing.Gaussian()
lattice         = [7.653 0.0 0.0; 0.0 7.653 0.0; 0.0 0.0 15.31]
Ecut            = 20.0
fft_size        = (25, 25, 50)
kgrid           = [7, 7, 4]
kshift          = [0.0, 0.0, 0.0]
n_irreducible_k = 196
n_bands         = 16
n_electr        = 24
type            = potmix
mixing          = KerkerMixing(0.8, 0.0)
damping         = DFTK.FixedDamping(0.6)
n     Free energy       Eₙ-Eₙ₋₁     ρout-ρin   α      Diag
---   ---------------   ---------   --------   ----   ----
  1   -16.19841499164         NaN   2.34e-01    NaN    2.0
┌ Debug: Iteration 2 linesearch step 1   α=0.6 diagtol=0.0002
└ @ DFTK /home/herbstm/.julia/packages/DFTK/CsmZm/src/scf/potential_mixing.jl:293
  2   -16.52142386564   -3.23e-01   8.05e-02   0.60   10.1
┌ Debug: Iteration 3 linesearch step 1   α=0.6 diagtol=0.0002
└ @ DFTK /home/herbstm/.julia/packages/DFTK/CsmZm/src/scf/potential_mixing.jl:293
  3   -16.57483975757   -5.34e-02   2.97e-02   0.60   10.6
┌ Debug: Iteration 4 linesearch step 1   α=0.6 diagtol=0.0002
└ @ DFTK /home/herbstm/.julia/packages/DFTK/CsmZm/src/scf/potential_mixing.jl:293
  4   -16.58583532076   -1.10e-02   1.37e-02   0.60   10.7
┌ Debug: Iteration 5 linesearch step 1   α=0.6 diagtol=0.00013664603055447497
└ @ DFTK /home/herbstm/.julia/packages/DFTK/CsmZm/src/scf/potential_mixing.jl:293
  5   -16.58815874643   -2.32e-03   6.44e-03   0.60   11.4
┌ Debug: Iteration 6 linesearch step 1   α=0.6 diagtol=6.443398233484265e-5
└ @ DFTK /home/herbstm/.julia/packages/DFTK/CsmZm/src/scf/potential_mixing.jl:293
  6   -16.58866061625   -5.02e-04   3.08e-03   0.60   12.4
┌ Debug: Iteration 7 linesearch step 1   α=0.6 diagtol=3.080585038442637e-5
└ @ DFTK /home/herbstm/.julia/packages/DFTK/CsmZm/src/scf/potential_mixing.jl:293
  7   -16.58877127763   -1.11e-04   1.49e-03   0.60   13.6
┌ Debug: Iteration 8 linesearch step 1   α=0.6 diagtol=1.487604518652468e-5
└ @ DFTK /home/herbstm/.julia/packages/DFTK/CsmZm/src/scf/potential_mixing.jl:293
  8   -16.58879614891   -2.49e-05   7.24e-04   0.60   14.6
┌ Debug: Iteration 9 linesearch step 1   α=0.6 diagtol=7.237220190746566e-6
└ @ DFTK /home/herbstm/.julia/packages/DFTK/CsmZm/src/scf/potential_mixing.jl:293
  9   -16.58880183430   -5.69e-06   3.54e-04   0.60   15.7
┌ Debug: Iteration 10 linesearch step 1   α=0.6 diagtol=3.541443909651132e-6
└ @ DFTK /home/herbstm/.julia/packages/DFTK/CsmZm/src/scf/potential_mixing.jl:293
 10   -16.58880315469   -1.32e-06   1.74e-04   0.60   16.7
┌ Debug: Iteration 11 linesearch step 1   α=0.6 diagtol=1.7413603169179402e-6
└ @ DFTK /home/herbstm/.julia/packages/DFTK/CsmZm/src/scf/potential_mixing.jl:293
 11   -16.58880346558   -3.11e-07   8.60e-05   0.60   17.8
┌ Debug: Iteration 12 linesearch step 1   α=0.6 diagtol=8.596557637529283e-7
└ @ DFTK /home/herbstm/.julia/packages/DFTK/CsmZm/src/scf/potential_mixing.jl:293
 12   -16.58880353971   -7.41e-08   4.26e-05   0.60   18.8
┌ Debug: Iteration 13 linesearch step 1   α=0.6 diagtol=4.2590639437964136e-7
└ @ DFTK /home/herbstm/.julia/packages/DFTK/CsmZm/src/scf/potential_mixing.jl:293
 13   -16.58880355757   -1.79e-08   2.12e-05   0.60   19.9
┌ Debug: Iteration 14 linesearch step 1   α=0.6 diagtol=2.11618160576539e-7
└ @ DFTK /home/herbstm/.julia/packages/DFTK/CsmZm/src/scf/potential_mixing.jl:293
 14   -16.58880356192   -4.35e-09   1.05e-05   0.60   20.9
┌ Debug: Iteration 15 linesearch step 1   α=0.6 diagtol=1.0545225618803317e-7
└ @ DFTK /home/herbstm/.julia/packages/DFTK/CsmZm/src/scf/potential_mixing.jl:293
 15   -16.58880356299   -1.07e-09   5.27e-06   0.60   21.9
┌ Debug: Iteration 16 linesearch step 1   α=0.6 diagtol=5.266126114332052e-8
└ @ DFTK /home/herbstm/.julia/packages/DFTK/CsmZm/src/scf/potential_mixing.jl:293
 16   -16.58880356325   -2.64e-10   2.64e-06   0.60   22.9
┌ Debug: Iteration 17 linesearch step 1   α=0.6 diagtol=2.635789898663544e-8
└ @ DFTK /home/herbstm/.julia/packages/DFTK/CsmZm/src/scf/potential_mixing.jl:293
 17   -16.58880356332   -6.56e-11   1.32e-06   0.60   23.8
┌ Debug: Iteration 18 linesearch step 1   α=0.6 diagtol=1.3217014565055588e-8
└ @ DFTK /home/herbstm/.julia/packages/DFTK/CsmZm/src/scf/potential_mixing.jl:293
 18   -16.58880356333   -1.64e-11   6.64e-07   0.60   24.8
┌ Debug: Iteration 19 linesearch step 1   α=0.6 diagtol=6.638337011605425e-9
└ @ DFTK /home/herbstm/.julia/packages/DFTK/CsmZm/src/scf/potential_mixing.jl:293
 19   -16.58880356334   -4.13e-12   3.34e-07   0.60   25.8

Energy breakdown:
    Kinetic             6.9421306 
    AtomicLocal         2.7102220 
    AtomicNonlocal      3.2005878 
    Ewald               -21.5543405
    PspCorrection       -1.5044666
    Hartree             0.0407542 
    Xc                  -6.4236618
    Entropy             -0.0000292

    total               -16.588803563336

 ──────────────────────────────────────────────────────────────────────────────
                                       Time                   Allocations      
                               ──────────────────────   ───────────────────────
       Tot / % measured:             196s / 100%            27.5GiB / 100%     

 Section               ncalls     time   %tot     avg     alloc   %tot      avg
 ──────────────────────────────────────────────────────────────────────────────
 scf_potential_mixing       1     196s   100%    196s   27.5GiB  100%   27.5GiB
   LOBPCG                 247     191s  97.4%   774ms   26.4GiB  96.0%   109MiB
     Hamiltonian mu...  4.45k    64.9s  33.1%  14.6ms   4.87GiB  17.7%  1.12MiB
       kinetic+local    4.45k    47.0s  23.9%  10.6ms    153MiB  0.54%  35.1KiB
       nonlocal         4.45k    17.2s  8.76%  3.86ms   3.68GiB  13.4%   866KiB
     rayleigh_ritz      4.21k    27.5s  14.0%  6.54ms    656MiB  2.33%   160KiB
     ortho!             17.6k    13.6s  6.94%   776μs    501MiB  1.78%  29.2KiB
   compute_density         19    2.41s  1.23%   127ms    336MiB  1.19%  17.7MiB
   energy_hamiltonian      20    1.94s  0.99%  97.0ms    582MiB  2.07%  29.1MiB
     ene_ops               20    1.86s  0.95%  93.0ms    447MiB  1.59%  22.4MiB
       ene_ops: non...     20    815ms  0.42%  40.7ms   13.7MiB  0.05%   701KiB
       ene_ops: xc         20    625ms  0.32%  31.2ms    373MiB  1.33%  18.7MiB
       ene_ops: kin...     20   91.7ms  0.05%  4.59ms   1.48MiB  0.01%  76.0KiB
       ene_ops: har...     20   26.4ms  0.01%  1.32ms   48.0MiB  0.17%  2.40MiB
       ene_ops: local      20   5.77ms  0.00%   288μs   10.0MiB  0.04%   512KiB
   KerkerMixing            19   41.3ms  0.02%  2.17ms   72.6MiB  0.26%  3.82MiB
   QR orthonormaliz...    247    260μs  0.00%  1.05μs     0.00B  0.00%    0.00B
 ──────────────────────────────────────────────────────────────────────────────
