#
#-- SCF Mn3Si -- case=standard_05
#
    keywords: (damping = DFTK.FixedDamping(0.5),)

hostname        = clustern16

started on      = 2021-07-11T00:56:51.535
julia threads   = 1
BLAS threads    = 1
MPI procs       = 16

temperature     = 0.01
smearing        = DFTK.Smearing.Gaussian()
lattice         = [0.0 5.407 5.407; 5.407 0.0 5.407; 5.407 5.407 0.0]
Ecut            = 45.0
fft_size        = (50, 50, 50)
kgrid           = [13, 13, 13]
kshift          = [0.0, 0.0, 0.0]
n_irreducible_k = 168
n_bands         = 59
n_electr        = 49
type            = potmix
mixing          = KerkerMixing(0.8, 0.0)
damping         = DFTK.FixedDamping(0.5)
n     Free energy       Eₙ-Eₙ₋₁     ρout-ρin   Magnet   α      Diag
---   ---------------   ---------   --------   ------   ----   ----
  1   -277.6965891563         NaN   5.79e+00    5.000    NaN    2.0
┌ Debug: Iteration 2 linesearch step 1   α=0.5 diagtol=0.0002
└ @ DFTK /home/herbstm/.julia/packages/DFTK/CsmZm/src/scf/potential_mixing.jl:293
  2   -301.9373225209   -2.42e+01   4.43e+00    1.783   0.50   20.4
┌ Debug: Iteration 3 linesearch step 1   α=0.5 diagtol=0.0002
└ @ DFTK /home/herbstm/.julia/packages/DFTK/CsmZm/src/scf/potential_mixing.jl:293
  3   -305.9595363753   -4.02e+00   2.51e+00    1.363   0.50   19.4
┌ Debug: Iteration 4 linesearch step 1   α=0.5 diagtol=0.0002
└ @ DFTK /home/herbstm/.julia/packages/DFTK/CsmZm/src/scf/potential_mixing.jl:293
  4   -313.6681388765   -7.71e+00   1.37e+00    3.382   0.50   18.9
┌ Debug: Iteration 5 linesearch step 1   α=0.5 diagtol=0.0002
└ @ DFTK /home/herbstm/.julia/packages/DFTK/CsmZm/src/scf/potential_mixing.jl:293
  5   -313.6351394234    3.30e-02   4.84e-01    2.345   0.50   18.2
┌ Debug: Iteration 6 linesearch step 1   α=0.5 diagtol=0.0002
└ @ DFTK /home/herbstm/.julia/packages/DFTK/CsmZm/src/scf/potential_mixing.jl:293
┌ Warning: Eigensolver not converged
│   iterations = [16, 39, 24, 19, 18, 16, 200, 28, 25, 18, 16, 16]
└ @ DFTK /home/herbstm/.julia/packages/DFTK/CsmZm/src/scf/self_consistent_field.jl:26
  6   -311.8503176335    1.78e+00   8.44e-01    1.997   0.50   19.6
┌ Debug: Iteration 7 linesearch step 1   α=0.5 diagtol=0.0002
└ @ DFTK /home/herbstm/.julia/packages/DFTK/CsmZm/src/scf/potential_mixing.jl:293
  7   -313.9051146661   -2.05e+00   7.07e-01    1.741   0.50   18.7
┌ Debug: Iteration 8 linesearch step 1   α=0.5 diagtol=0.0002
└ @ DFTK /home/herbstm/.julia/packages/DFTK/CsmZm/src/scf/potential_mixing.jl:293
  8   -313.9747632702   -6.96e-02   1.44e-01    2.166   0.50   18.6
┌ Debug: Iteration 9 linesearch step 1   α=0.5 diagtol=0.0002
└ @ DFTK /home/herbstm/.julia/packages/DFTK/CsmZm/src/scf/potential_mixing.jl:293
  9   -313.9463362235    2.84e-02   9.62e-02    1.856   0.50   18.6
┌ Debug: Iteration 10 linesearch step 1   α=0.5 diagtol=0.0002
└ @ DFTK /home/herbstm/.julia/packages/DFTK/CsmZm/src/scf/potential_mixing.jl:293
 10   -313.9732951921   -2.70e-02   5.99e-02    1.848   0.50   18.7
┌ Debug: Iteration 11 linesearch step 1   α=0.5 diagtol=0.0002
└ @ DFTK /home/herbstm/.julia/packages/DFTK/CsmZm/src/scf/potential_mixing.jl:293
 11   -313.9719851360    1.31e-03   1.05e-02    1.806   0.50   18.7
┌ Debug: Iteration 12 linesearch step 1   α=0.5 diagtol=0.00010534915114237676
└ @ DFTK /home/herbstm/.julia/packages/DFTK/CsmZm/src/scf/potential_mixing.jl:293
 12   -313.9771593729   -5.17e-03   5.50e-02    1.680   0.50   20.2
┌ Debug: Iteration 13 linesearch step 1   α=0.5 diagtol=0.00010534915114237676
└ @ DFTK /home/herbstm/.julia/packages/DFTK/CsmZm/src/scf/potential_mixing.jl:293
 13   -313.9766952751    4.64e-04   6.98e-02    1.421   0.50   20.3
┌ Debug: Iteration 14 linesearch step 1   α=0.5 diagtol=0.00010534915114237676
└ @ DFTK /home/herbstm/.julia/packages/DFTK/CsmZm/src/scf/potential_mixing.jl:293
 14   -313.9793236398   -2.63e-03   1.10e-01    1.122   0.50   20.1
┌ Debug: Iteration 15 linesearch step 1   α=0.5 diagtol=0.00010534915114237676
└ @ DFTK /home/herbstm/.julia/packages/DFTK/CsmZm/src/scf/potential_mixing.jl:293
 15   -313.9788043889    5.19e-04   8.00e-02    1.363   0.50   20.3
┌ Debug: Iteration 16 linesearch step 1   α=0.5 diagtol=0.00010534915114237676
└ @ DFTK /home/herbstm/.julia/packages/DFTK/CsmZm/src/scf/potential_mixing.jl:293
 16   -313.9792534608   -4.49e-04   1.12e-01    1.058   0.50   20.1
┌ Debug: Iteration 17 linesearch step 1   α=0.5 diagtol=0.00010534915114237676
└ @ DFTK /home/herbstm/.julia/packages/DFTK/CsmZm/src/scf/potential_mixing.jl:293
 17   -313.9793445905   -9.11e-05   3.01e-02    1.118   0.50   20.1
┌ Debug: Iteration 18 linesearch step 1   α=0.5 diagtol=0.00010534915114237676
└ @ DFTK /home/herbstm/.julia/packages/DFTK/CsmZm/src/scf/potential_mixing.jl:293
 18   -313.9793459250   -1.33e-06   1.35e-02    1.089   0.50   20.1
┌ Debug: Iteration 19 linesearch step 1   α=0.5 diagtol=0.00010534915114237676
└ @ DFTK /home/herbstm/.julia/packages/DFTK/CsmZm/src/scf/potential_mixing.jl:293
 19   -313.9793510057   -5.08e-06   3.10e-03    1.095   0.50   20.1
┌ Debug: Iteration 20 linesearch step 1   α=0.5 diagtol=3.099120811086e-5
└ @ DFTK /home/herbstm/.julia/packages/DFTK/CsmZm/src/scf/potential_mixing.jl:293
 20   -313.9793526370   -1.63e-06   2.30e-03    1.101   0.50   23.2
┌ Debug: Iteration 21 linesearch step 1   α=0.5 diagtol=2.3039632448795084e-5
└ @ DFTK /home/herbstm/.julia/packages/DFTK/CsmZm/src/scf/potential_mixing.jl:293
 21   -313.9793529024   -2.65e-07   9.27e-04    1.103   0.50   23.9
┌ Debug: Iteration 22 linesearch step 1   α=0.5 diagtol=9.265207320984128e-6
└ @ DFTK /home/herbstm/.julia/packages/DFTK/CsmZm/src/scf/potential_mixing.jl:293
 22   -313.9793529146   -1.21e-08   3.28e-04    1.103   0.50   25.6
┌ Debug: Iteration 23 linesearch step 1   α=0.5 diagtol=3.2812421804036473e-6
└ @ DFTK /home/herbstm/.julia/packages/DFTK/CsmZm/src/scf/potential_mixing.jl:293
 23   -313.9793529198   -5.27e-09   6.28e-05    1.103   0.50   28.3
┌ Debug: Iteration 24 linesearch step 1   α=0.5 diagtol=6.280662517750181e-7
└ @ DFTK /home/herbstm/.julia/packages/DFTK/CsmZm/src/scf/potential_mixing.jl:293
┌ Warning: Eigensolver not converged
│   iterations = [200, 48, 34, 30, 29, 29, 133, 45, 37, 33, 27, 28]
└ @ DFTK /home/herbstm/.julia/packages/DFTK/CsmZm/src/scf/self_consistent_field.jl:26
 24   -313.9793529208   -1.01e-09   7.44e-05    1.103   0.50   32.2
┌ Debug: Iteration 25 linesearch step 1   α=0.5 diagtol=6.280662517750181e-7
└ @ DFTK /home/herbstm/.julia/packages/DFTK/CsmZm/src/scf/potential_mixing.jl:293
┌ Warning: Eigensolver not converged
│   iterations = [200, 52, 34, 29, 28, 27, 116, 42, 37, 33, 28, 29]
└ @ DFTK /home/herbstm/.julia/packages/DFTK/CsmZm/src/scf/self_consistent_field.jl:26
 25   -313.9793529209   -5.41e-11   1.05e-06    1.103   0.50   32.2
┌ Debug: Iteration 26 linesearch step 1   α=0.5 diagtol=1.052419529836218e-8
└ @ DFTK /home/herbstm/.julia/packages/DFTK/CsmZm/src/scf/potential_mixing.jl:293
┌ Warning: Eigensolver not converged
│   iterations = [200, 63, 42, 39, 35, 36, 157, 54, 50, 44, 34, 37]
└ @ DFTK /home/herbstm/.julia/packages/DFTK/CsmZm/src/scf/self_consistent_field.jl:26
 26   -313.9793529210   -1.41e-10   1.75e-05    1.103   0.50   41.8
┌ Debug: Iteration 27 linesearch step 1   α=0.5 diagtol=1.052419529836218e-8
└ @ DFTK /home/herbstm/.julia/packages/DFTK/CsmZm/src/scf/potential_mixing.jl:293
┌ Warning: Eigensolver not converged
│   iterations = [200, 60, 42, 38, 36, 35, 144, 55, 48, 43, 34, 39]
└ @ DFTK /home/herbstm/.julia/packages/DFTK/CsmZm/src/scf/self_consistent_field.jl:26
 27   -313.9793529210   -9.38e-12   2.24e-06    1.103   0.50   41.7

Energy breakdown:
    Kinetic             152.2848931
    AtomicLocal         -271.4789073
    AtomicNonlocal      -32.1788232
    Ewald               -217.4923166
    PspCorrection       6.9833366 
    Hartree             83.2621241
    Xc                  -35.3550422
    Entropy             -0.0046174

    total               -313.979352921037

 ──────────────────────────────────────────────────────────────────────────────
                                       Time                   Allocations      
                               ──────────────────────   ───────────────────────
       Tot / % measured:            2315s / 100%             148GiB / 100%     

 Section               ncalls     time   %tot     avg     alloc   %tot      avg
 ──────────────────────────────────────────────────────────────────────────────
 scf_potential_mixing       1    2315s   100%   2315s    148GiB  100%    148GiB
   LOBPCG                 324    2188s  94.5%   6.75s    138GiB  93.3%   437MiB
     Hamiltonian mu...  11.6k     925s  40.0%  79.7ms   28.8GiB  19.4%  2.54MiB
       kinetic+local    11.6k     838s  36.2%  72.2ms    603MiB  0.40%  53.3KiB
       nonlocal         11.6k    82.1s  3.55%  7.08ms   17.4GiB  11.7%  1.54MiB
     rayleigh_ritz      11.3k     289s  12.5%  25.6ms   5.67GiB  3.82%   527KiB
     ortho!             47.4k     123s  5.31%  2.59ms   4.80GiB  3.24%   106KiB
   compute_density         27     107s  4.64%   3.98s   1.97GiB  1.33%  74.6MiB
   energy_hamiltonian      28    13.8s  0.60%   494ms   5.30GiB  3.57%   194MiB
     ene_ops               28    13.2s  0.57%   471ms   4.62GiB  3.11%   169MiB
       ene_ops: xc         28    7.67s  0.33%   274ms   4.25GiB  2.87%   156MiB
       ene_ops: non...     28    3.00s  0.13%   107ms   44.1MiB  0.03%  1.58MiB
       ene_ops: kin...     28    515ms  0.02%  18.4ms   5.13MiB  0.00%   188KiB
       ene_ops: har...     28    269ms  0.01%  9.60ms    267MiB  0.18%  9.55MiB
       ene_ops: local      28   40.9ms  0.00%  1.46ms   54.0MiB  0.04%  1.93MiB
   KerkerMixing            27    563ms  0.02%  20.8ms    670MiB  0.44%  24.8MiB
   QR orthonormaliz...    324    306μs  0.00%   943ns     0.00B  0.00%    0.00B
 ──────────────────────────────────────────────────────────────────────────────
