#
#-- SCF Mn3Si -- case=standard_08
#
    keywords: (damping = DFTK.FixedDamping(0.8),)

hostname        = clustern16

started on      = 2021-07-11T02:52:46.030
julia threads   = 1
BLAS threads    = 1
MPI procs       = 16

temperature     = 0.01
smearing        = DFTK.Smearing.Gaussian()
lattice         = [0.0 5.407 5.407; 5.407 0.0 5.407; 5.407 5.407 0.0]
Ecut            = 45.0
fft_size        = (50, 50, 50)
kgrid           = [13, 13, 13]
kshift          = [0.0, 0.0, 0.0]
n_irreducible_k = 168
n_bands         = 59
n_electr        = 49
type            = potmix
mixing          = KerkerMixing(0.8, 0.0)
damping         = DFTK.FixedDamping(0.8)
n     Free energy       Eₙ-Eₙ₋₁     ρout-ρin   Magnet   α      Diag
---   ---------------   ---------   --------   ------   ----   ----
  1   -277.6965891563         NaN   5.79e+00    5.000    NaN    2.0
┌ Debug: Iteration 2 linesearch step 1   α=0.8 diagtol=0.0002
└ @ DFTK /home/herbstm/.julia/packages/DFTK/CsmZm/src/scf/potential_mixing.jl:293
  2   -288.2479377524   -1.06e+01   5.59e+00    2.219   0.80   23.4
┌ Debug: Iteration 3 linesearch step 1   α=0.8 diagtol=0.0002
└ @ DFTK /home/herbstm/.julia/packages/DFTK/CsmZm/src/scf/potential_mixing.jl:293
  3   -310.3005356224   -2.21e+01   1.63e+00    2.082   0.80   19.1
┌ Debug: Iteration 4 linesearch step 1   α=0.8 diagtol=0.0002
└ @ DFTK /home/herbstm/.julia/packages/DFTK/CsmZm/src/scf/potential_mixing.jl:293
  4   -310.9445755969   -6.44e-01   1.29e+00    1.000   0.80   18.8
┌ Debug: Iteration 5 linesearch step 1   α=0.8 diagtol=0.0002
└ @ DFTK /home/herbstm/.julia/packages/DFTK/CsmZm/src/scf/potential_mixing.jl:293
  5   -313.3517744005   -2.41e+00   1.02e+00    2.627   0.80   18.7
┌ Debug: Iteration 6 linesearch step 1   α=0.8 diagtol=0.0002
└ @ DFTK /home/herbstm/.julia/packages/DFTK/CsmZm/src/scf/potential_mixing.jl:293
  6   -313.2243359916    1.27e-01   7.20e-01    1.078   0.80   18.6
┌ Debug: Iteration 7 linesearch step 1   α=0.8 diagtol=0.0002
└ @ DFTK /home/herbstm/.julia/packages/DFTK/CsmZm/src/scf/potential_mixing.jl:293
  7   -313.9539570531   -7.30e-01   4.54e-01    2.059   0.80   18.8
┌ Debug: Iteration 8 linesearch step 1   α=0.8 diagtol=0.0002
└ @ DFTK /home/herbstm/.julia/packages/DFTK/CsmZm/src/scf/potential_mixing.jl:293
  8   -313.9711389780   -1.72e-02   1.01e-01    1.828   0.80   18.6
┌ Debug: Iteration 9 linesearch step 1   α=0.8 diagtol=0.0002
└ @ DFTK /home/herbstm/.julia/packages/DFTK/CsmZm/src/scf/potential_mixing.jl:293
  9   -313.9682589634    2.88e-03   8.74e-02    1.905   0.80   18.8
┌ Debug: Iteration 10 linesearch step 1   α=0.8 diagtol=0.0002
└ @ DFTK /home/herbstm/.julia/packages/DFTK/CsmZm/src/scf/potential_mixing.jl:293
 10   -313.9771578524   -8.90e-03   5.79e-02    1.728   0.80   18.7
┌ Debug: Iteration 11 linesearch step 1   α=0.8 diagtol=0.0002
└ @ DFTK /home/herbstm/.julia/packages/DFTK/CsmZm/src/scf/potential_mixing.jl:293
 11   -313.9731187293    4.04e-03   5.48e-02    1.494   0.80   18.9
┌ Debug: Iteration 12 linesearch step 1   α=0.8 diagtol=0.0002
└ @ DFTK /home/herbstm/.julia/packages/DFTK/CsmZm/src/scf/potential_mixing.jl:293
 12   -313.9792307560   -6.11e-03   1.13e-01    1.175   0.80   18.6
┌ Debug: Iteration 13 linesearch step 1   α=0.8 diagtol=0.0002
└ @ DFTK /home/herbstm/.julia/packages/DFTK/CsmZm/src/scf/potential_mixing.jl:293
 13   -313.9789022704    3.28e-04   2.96e-02    1.114   0.80   18.7
┌ Debug: Iteration 14 linesearch step 1   α=0.8 diagtol=0.0002
└ @ DFTK /home/herbstm/.julia/packages/DFTK/CsmZm/src/scf/potential_mixing.jl:293
 14   -313.9793277507   -4.25e-04   7.70e-03    1.113   0.80   18.6
┌ Debug: Iteration 15 linesearch step 1   α=0.8 diagtol=7.697687341166548e-5
└ @ DFTK /home/herbstm/.julia/packages/DFTK/CsmZm/src/scf/potential_mixing.jl:293
 15   -313.9793503150   -2.26e-05   4.16e-03    1.101   0.80   20.7
┌ Debug: Iteration 16 linesearch step 1   α=0.8 diagtol=4.155614941053293e-5
└ @ DFTK /home/herbstm/.julia/packages/DFTK/CsmZm/src/scf/potential_mixing.jl:293
 16   -313.9793528822   -2.57e-06   1.13e-03    1.103   0.80   21.9
┌ Debug: Iteration 17 linesearch step 1   α=0.8 diagtol=1.1278871276971917e-5
└ @ DFTK /home/herbstm/.julia/packages/DFTK/CsmZm/src/scf/potential_mixing.jl:293
 17   -313.9793528628    1.94e-08   1.03e-03    1.105   0.80   25.3
┌ Debug: Iteration 18 linesearch step 1   α=0.8 diagtol=1.0274968696660052e-5
└ @ DFTK /home/herbstm/.julia/packages/DFTK/CsmZm/src/scf/potential_mixing.jl:293
 18   -313.9793529203   -5.75e-08   8.41e-04    1.103   0.80   25.4
┌ Debug: Iteration 19 linesearch step 1   α=0.8 diagtol=8.411001309841366e-6
└ @ DFTK /home/herbstm/.julia/packages/DFTK/CsmZm/src/scf/potential_mixing.jl:293
 19   -313.9793529195    8.00e-10   1.94e-04    1.104   0.80   25.8
┌ Debug: Iteration 20 linesearch step 1   α=0.8 diagtol=1.944875742112127e-6
└ @ DFTK /home/herbstm/.julia/packages/DFTK/CsmZm/src/scf/potential_mixing.jl:293
 20   -313.9793529211   -1.61e-09   1.23e-04    1.103   0.80   29.5
┌ Debug: Iteration 21 linesearch step 1   α=0.8 diagtol=1.2252974190213012e-6
└ @ DFTK /home/herbstm/.julia/packages/DFTK/CsmZm/src/scf/potential_mixing.jl:293
 21   -313.9793529210    1.40e-10   1.01e-05    1.103   0.80   30.4
┌ Debug: Iteration 22 linesearch step 1   α=0.8 diagtol=1.0066777352295486e-7
└ @ DFTK /home/herbstm/.julia/packages/DFTK/CsmZm/src/scf/potential_mixing.jl:293
┌ Warning: Eigensolver not converged
│   iterations = [200, 56, 38, 36, 31, 32, 130, 50, 41, 36, 30, 33]
└ @ DFTK /home/herbstm/.julia/packages/DFTK/CsmZm/src/scf/self_consistent_field.jl:26
 22   -313.9793529211   -1.51e-10   6.35e-06    1.103   0.80   36.5
┌ Debug: Iteration 23 linesearch step 1   α=0.8 diagtol=6.346966963807396e-8
└ @ DFTK /home/herbstm/.julia/packages/DFTK/CsmZm/src/scf/potential_mixing.jl:293
┌ Warning: Eigensolver not converged
│   iterations = [200, 57, 37, 37, 31, 31, 148, 48, 41, 38, 31, 34]
└ @ DFTK /home/herbstm/.julia/packages/DFTK/CsmZm/src/scf/self_consistent_field.jl:26
 23   -313.9793529211   -1.36e-12   1.77e-06    1.103   0.80   37.4

Energy breakdown:
    Kinetic             152.2849268
    AtomicLocal         -271.4789334
    AtomicNonlocal      -32.1788360
    Ewald               -217.4923166
    PspCorrection       6.9833366 
    Hartree             83.2621377
    Xc                  -35.3550508
    Entropy             -0.0046171

    total               -313.979352921118

 ──────────────────────────────────────────────────────────────────────────────
                                       Time                   Allocations      
                               ──────────────────────   ───────────────────────
       Tot / % measured:            1932s / 100%             124GiB / 100%     

 Section               ncalls     time   %tot     avg     alloc   %tot      avg
 ──────────────────────────────────────────────────────────────────────────────
 scf_potential_mixing       1    1932s   100%   1932s    124GiB  100%    124GiB
   LOBPCG                 276    1821s  94.2%   6.60s    115GiB  93.1%   428MiB
     Hamiltonian mu...  9.43k     772s  40.0%  81.9ms   23.8GiB  19.2%  2.59MiB
       kinetic+local    9.43k     700s  36.3%  74.3ms    503MiB  0.40%  54.6KiB
       nonlocal         9.43k    67.8s  3.51%  7.19ms   14.5GiB  11.7%  1.58MiB
     rayleigh_ritz      9.15k     240s  12.4%  26.2ms   4.75GiB  3.84%   544KiB
     ortho!             38.6k     103s  5.31%  2.66ms   4.04GiB  3.26%   110KiB
   compute_density         23    91.7s  4.75%   3.99s   1.68GiB  1.35%  74.6MiB
   energy_hamiltonian      24    11.3s  0.58%   470ms   4.54GiB  3.67%   194MiB
     ene_ops               24    10.8s  0.56%   450ms   3.96GiB  3.20%   169MiB
       ene_ops: xc         24    6.45s  0.33%   269ms   3.65GiB  2.95%   156MiB
       ene_ops: non...     24    2.61s  0.13%   109ms   37.6MiB  0.03%  1.57MiB
       ene_ops: kin...     24    416ms  0.02%  17.3ms   4.37MiB  0.00%   187KiB
       ene_ops: har...     24    329ms  0.02%  13.7ms    229MiB  0.18%  9.55MiB
       ene_ops: local      24   35.0ms  0.00%  1.46ms   46.3MiB  0.04%  1.93MiB
   KerkerMixing            23    492ms  0.03%  21.4ms    570MiB  0.45%  24.8MiB
   QR orthonormaliz...    276    264μs  0.00%   956ns     0.00B  0.00%    0.00B
 ──────────────────────────────────────────────────────────────────────────────
