#
#-- SCF Mn3Si -- case=standard_09
#
    keywords: (damping = DFTK.FixedDamping(0.9),)

hostname        = clustern14

started on      = 2021-08-30T18:17:11.117
julia threads   = 1
BLAS threads    = 1
MPI procs       = 16

temperature     = 0.01
smearing        = DFTK.Smearing.Gaussian()
lattice         = [0.0 5.407 5.407; 5.407 0.0 5.407; 5.407 5.407 0.0]
Ecut            = 45.0
fft_size        = (50, 50, 50)
kgrid           = [13, 13, 13]
kshift          = [0.0, 0.0, 0.0]
n_irreducible_k = 168
n_bands         = 59
n_electr        = 49
type            = potmix
mixing          = KerkerMixing(0.8, 0.0)
damping         = DFTK.FixedDamping(0.9)
n     Free energy       Eₙ-Eₙ₋₁     ρout-ρin   Magnet   α      Diag
---   ---------------   ---------   --------   ------   ----   ----
  1   -277.6965891563         NaN   5.79e+00    5.000    NaN    2.0
┌ Debug: Iteration 2 linesearch step 1   α=0.9 diagtol=0.0002
└ @ DFTK /home/herbstm/.julia/packages/DFTK/ogFMK/src/scf/potential_mixing.jl:296
  2   -277.9478443667   -2.51e-01   5.99e+00    1.732   0.90   22.4
┌ Debug: Iteration 3 linesearch step 1   α=0.9 diagtol=0.0002
└ @ DFTK /home/herbstm/.julia/packages/DFTK/ogFMK/src/scf/potential_mixing.jl:296
  3   -308.0713279773   -3.01e+01   1.99e+00    1.181   0.90   18.8
┌ Debug: Iteration 4 linesearch step 1   α=0.9 diagtol=0.0002
└ @ DFTK /home/herbstm/.julia/packages/DFTK/ogFMK/src/scf/potential_mixing.jl:296
  4   -311.7059812162   -3.63e+00   1.23e+00    0.984   0.90   19.3
┌ Debug: Iteration 5 linesearch step 1   α=0.9 diagtol=0.0002
└ @ DFTK /home/herbstm/.julia/packages/DFTK/ogFMK/src/scf/potential_mixing.jl:296
  5   -312.7585889847   -1.05e+00   9.51e-01    2.050   0.90   18.8
┌ Debug: Iteration 6 linesearch step 1   α=0.9 diagtol=0.0002
└ @ DFTK /home/herbstm/.julia/packages/DFTK/ogFMK/src/scf/potential_mixing.jl:296
  6   -310.7754802910    1.98e+00   1.24e+00    0.861   0.90   18.4
┌ Debug: Iteration 7 linesearch step 1   α=0.9 diagtol=0.0002
└ @ DFTK /home/herbstm/.julia/packages/DFTK/ogFMK/src/scf/potential_mixing.jl:296
  7   -313.7736505685   -3.00e+00   9.66e-01    1.897   0.90   18.7
┌ Debug: Iteration 8 linesearch step 1   α=0.9 diagtol=0.0002
└ @ DFTK /home/herbstm/.julia/packages/DFTK/ogFMK/src/scf/potential_mixing.jl:296
  8   -313.9698623652   -1.96e-01   2.22e-01    1.647   0.90   18.7
┌ Debug: Iteration 9 linesearch step 1   α=0.9 diagtol=0.0002
└ @ DFTK /home/herbstm/.julia/packages/DFTK/ogFMK/src/scf/potential_mixing.jl:296
  9   -313.9524755912    1.74e-02   3.58e-02    1.560   0.90   18.6
┌ Debug: Iteration 10 linesearch step 1   α=0.9 diagtol=0.0002
└ @ DFTK /home/herbstm/.julia/packages/DFTK/ogFMK/src/scf/potential_mixing.jl:296
 10   -313.9752692009   -2.28e-02   7.88e-02    1.792   0.90   18.6
┌ Debug: Iteration 11 linesearch step 1   α=0.9 diagtol=0.0002
└ @ DFTK /home/herbstm/.julia/packages/DFTK/ogFMK/src/scf/potential_mixing.jl:296
 11   -313.9535925671    2.17e-02   6.08e-02    1.688   0.90   18.6
┌ Debug: Iteration 12 linesearch step 1   α=0.9 diagtol=0.0002
└ @ DFTK /home/herbstm/.julia/packages/DFTK/ogFMK/src/scf/potential_mixing.jl:296
 12   -313.9597177104   -6.13e-03   1.25e-02    1.651   0.90   18.7
┌ Debug: Iteration 13 linesearch step 1   α=0.9 diagtol=0.000124758591222885
└ @ DFTK /home/herbstm/.julia/packages/DFTK/ogFMK/src/scf/potential_mixing.jl:296
 13   -313.9736565358   -1.39e-02   3.38e-02    1.690   0.90   19.7
┌ Debug: Iteration 14 linesearch step 1   α=0.9 diagtol=0.000124758591222885
└ @ DFTK /home/herbstm/.julia/packages/DFTK/ogFMK/src/scf/potential_mixing.jl:296
 14   -313.9778138583   -4.16e-03   2.96e-02    1.704   0.90   19.8
┌ Debug: Iteration 15 linesearch step 1   α=0.9 diagtol=0.000124758591222885
└ @ DFTK /home/herbstm/.julia/packages/DFTK/ogFMK/src/scf/potential_mixing.jl:296
 15   -313.9773262146    4.88e-04   1.91e-02    1.599   0.90   19.9
┌ Debug: Iteration 16 linesearch step 1   α=0.9 diagtol=0.000124758591222885
└ @ DFTK /home/herbstm/.julia/packages/DFTK/ogFMK/src/scf/potential_mixing.jl:296
 16   -313.9786501996   -1.32e-03   1.06e-01    1.185   0.90   19.5
┌ Debug: Iteration 17 linesearch step 1   α=0.9 diagtol=0.000124758591222885
└ @ DFTK /home/herbstm/.julia/packages/DFTK/ogFMK/src/scf/potential_mixing.jl:296
 17   -313.9793266466   -6.76e-04   5.38e-02    1.099   0.90   19.7
┌ Debug: Iteration 18 linesearch step 1   α=0.9 diagtol=0.000124758591222885
└ @ DFTK /home/herbstm/.julia/packages/DFTK/ogFMK/src/scf/potential_mixing.jl:296
 18   -313.9793376117   -1.10e-05   7.02e-03    1.093   0.90   19.7
┌ Debug: Iteration 19 linesearch step 1   α=0.9 diagtol=7.016772808265079e-5
└ @ DFTK /home/herbstm/.julia/packages/DFTK/ogFMK/src/scf/potential_mixing.jl:296
 19   -313.9793519310   -1.43e-05   7.15e-03    1.110   0.90   20.8
┌ Debug: Iteration 20 linesearch step 1   α=0.9 diagtol=7.016772808265079e-5
└ @ DFTK /home/herbstm/.julia/packages/DFTK/ogFMK/src/scf/potential_mixing.jl:296
 20   -313.9793518358    9.52e-08   7.29e-04    1.112   0.90   20.8
┌ Debug: Iteration 21 linesearch step 1   α=0.9 diagtol=7.285608848776145e-6
└ @ DFTK /home/herbstm/.julia/packages/DFTK/ogFMK/src/scf/potential_mixing.jl:296
 21   -313.9793507548    1.08e-06   7.07e-03    1.096   0.90   26.3
┌ Debug: Iteration 22 linesearch step 1   α=0.9 diagtol=7.285608848776145e-6
└ @ DFTK /home/herbstm/.julia/packages/DFTK/ogFMK/src/scf/potential_mixing.jl:296
 22   -313.9793503071    4.48e-07   2.35e-03    1.099   0.90   26.1
┌ Debug: Iteration 23 linesearch step 1   α=0.9 diagtol=7.285608848776145e-6
└ @ DFTK /home/herbstm/.julia/packages/DFTK/ogFMK/src/scf/potential_mixing.jl:296
 23   -313.9793527065   -2.40e-06   1.66e-04    1.100   0.90   26.3
┌ Debug: Iteration 24 linesearch step 1   α=0.9 diagtol=1.660964357108354e-6
└ @ DFTK /home/herbstm/.julia/packages/DFTK/ogFMK/src/scf/potential_mixing.jl:296
 24   -313.9793529034   -1.97e-07   9.05e-04    1.102   0.90   29.9
┌ Debug: Iteration 25 linesearch step 1   α=0.9 diagtol=1.660964357108354e-6
└ @ DFTK /home/herbstm/.julia/packages/DFTK/ogFMK/src/scf/potential_mixing.jl:296
 25   -313.9793529169   -1.36e-08   1.99e-04    1.103   0.90   29.8
┌ Debug: Iteration 26 linesearch step 1   α=0.9 diagtol=1.660964357108354e-6
└ @ DFTK /home/herbstm/.julia/packages/DFTK/ogFMK/src/scf/potential_mixing.jl:296
 26   -313.9793529169    7.96e-12   8.05e-06    1.103   0.90   29.8
┌ Debug: Iteration 27 linesearch step 1   α=0.9 diagtol=8.05165630880704e-8
└ @ DFTK /home/herbstm/.julia/packages/DFTK/ogFMK/src/scf/potential_mixing.jl:296
 27   -313.9793529193   -2.35e-09   1.35e-05    1.103   0.90   36.8
┌ Debug: Iteration 28 linesearch step 1   α=0.9 diagtol=8.05165630880704e-8
└ @ DFTK /home/herbstm/.julia/packages/DFTK/ogFMK/src/scf/potential_mixing.jl:296
┌ Warning: Eigensolver not converged
│   iterations = [200, 56, 37, 37, 32, 31, 130, 49, 41, 37, 30, 32]
└ @ DFTK /home/herbstm/.julia/packages/DFTK/ogFMK/src/scf/self_consistent_field.jl:26
 28   -313.9793529194   -1.43e-10   8.74e-06    1.103   0.90   36.8
┌ Debug: Iteration 29 linesearch step 1   α=0.9 diagtol=8.05165630880704e-8
└ @ DFTK /home/herbstm/.julia/packages/DFTK/ogFMK/src/scf/potential_mixing.jl:296
┌ Warning: Eigensolver not converged
│   iterations = [200, 57, 38, 37, 32, 32, 129, 47, 43, 37, 30, 33]
└ @ DFTK /home/herbstm/.julia/packages/DFTK/ogFMK/src/scf/self_consistent_field.jl:26
 29   -313.9793529196   -1.41e-10   8.72e-06    1.103   0.90   36.9
┌ Debug: Iteration 30 linesearch step 1   α=0.9 diagtol=8.05165630880704e-8
└ @ DFTK /home/herbstm/.julia/packages/DFTK/ogFMK/src/scf/potential_mixing.jl:296
┌ Warning: Eigensolver not converged
│   iterations = [200, 54, 38, 37, 32, 32, 138, 50, 41, 38, 31, 32]
└ @ DFTK /home/herbstm/.julia/packages/DFTK/ogFMK/src/scf/self_consistent_field.jl:26
 30   -313.9793529199   -2.99e-10   1.03e-05    1.103   0.90   37.0
┌ Debug: Iteration 31 linesearch step 1   α=0.9 diagtol=8.05165630880704e-8
└ @ DFTK /home/herbstm/.julia/packages/DFTK/ogFMK/src/scf/potential_mixing.jl:296
 31   -313.9793529200   -9.74e-11   2.42e-06    1.103   0.90   37.0
┌ Debug: Iteration 32 linesearch step 1   α=0.9 diagtol=2.4182829797875824e-8
└ @ DFTK /home/herbstm/.julia/packages/DFTK/ogFMK/src/scf/potential_mixing.jl:296
┌ Warning: Eigensolver not converged
│   iterations = [200, 59, 42, 39, 34, 35, 146, 52, 43, 38, 33, 35]
└ @ DFTK /home/herbstm/.julia/packages/DFTK/ogFMK/src/scf/self_consistent_field.jl:26
 32   -313.9793529203   -2.90e-10   1.55e-05    1.103   0.90   39.8
┌ Debug: Iteration 33 linesearch step 1   α=0.9 diagtol=2.4182829797875824e-8
└ @ DFTK /home/herbstm/.julia/packages/DFTK/ogFMK/src/scf/potential_mixing.jl:296
┌ Warning: Eigensolver not converged
│   iterations = [200, 57, 39, 39, 34, 33, 151, 52, 46, 40, 34, 35]
└ @ DFTK /home/herbstm/.julia/packages/DFTK/ogFMK/src/scf/self_consistent_field.jl:26
 33   -313.9793529205   -2.53e-10   1.74e-05    1.103   0.90   39.7
┌ Debug: Iteration 34 linesearch step 1   α=0.9 diagtol=2.4182829797875824e-8
└ @ DFTK /home/herbstm/.julia/packages/DFTK/ogFMK/src/scf/potential_mixing.jl:296
┌ Warning: Eigensolver not converged
│   iterations = [200, 58, 40, 38, 34, 34, 143, 52, 46, 41, 33, 36]
└ @ DFTK /home/herbstm/.julia/packages/DFTK/ogFMK/src/scf/self_consistent_field.jl:26
 34   -313.9793529205    2.55e-11   2.68e-06    1.103   0.90   39.8
┌ Debug: Iteration 35 linesearch step 1   α=0.9 diagtol=2.4182829797875824e-8
└ @ DFTK /home/herbstm/.julia/packages/DFTK/ogFMK/src/scf/potential_mixing.jl:296
┌ Warning: Eigensolver not converged
│   iterations = [200, 62, 41, 39, 34, 34, 142, 54, 48, 40, 33, 37]
└ @ DFTK /home/herbstm/.julia/packages/DFTK/ogFMK/src/scf/self_consistent_field.jl:26
 35   -313.9793529204    1.20e-10   2.38e-05    1.103   0.90   39.8
┌ Debug: Iteration 36 linesearch step 1   α=0.9 diagtol=2.4182829797875824e-8
└ @ DFTK /home/herbstm/.julia/packages/DFTK/ogFMK/src/scf/potential_mixing.jl:296
 36   -313.9793529205   -1.68e-10   1.08e-06    1.103   0.90   39.5
┌ Debug: Iteration 37 linesearch step 1   α=0.9 diagtol=1.0774494649287327e-8
└ @ DFTK /home/herbstm/.julia/packages/DFTK/ogFMK/src/scf/potential_mixing.jl:296
┌ Warning: Eigensolver not converged
│   iterations = [200, 61, 43, 40, 36, 35, 141, 56, 50, 42, 34, 38]
└ @ DFTK /home/herbstm/.julia/packages/DFTK/ogFMK/src/scf/self_consistent_field.jl:26
 37   -313.9793529205    8.19e-11   9.15e-07    1.103   0.90   41.6
┌ Debug: Iteration 38 linesearch step 1   α=0.9 diagtol=9.148712038217217e-9
└ @ DFTK /home/herbstm/.julia/packages/DFTK/ogFMK/src/scf/potential_mixing.jl:296
┌ Warning: Eigensolver not converged
│   iterations = [200, 61, 41, 43, 36, 36, 151, 54, 48, 41, 34, 38]
└ @ DFTK /home/herbstm/.julia/packages/DFTK/ogFMK/src/scf/self_consistent_field.jl:26
 38   -313.9793529205    1.71e-13   3.16e-07    1.103   0.90   42.0

Energy breakdown:
    Kinetic             152.2849549
    AtomicLocal         -271.4789418
    AtomicNonlocal      -32.1788471
    Ewald               -217.4923166
    PspCorrection       6.9833366 
    Hartree             83.2621382
    Xc                  -35.3550603
    Entropy             -0.0046167

    total               -313.979352920458

 ──────────────────────────────────────────────────────────────────────────────
                                       Time                   Allocations      
                               ──────────────────────   ───────────────────────
       Tot / % measured:            3869s / 100%             243GiB / 100%     

 Section               ncalls     time   %tot     avg     alloc   %tot      avg
 ──────────────────────────────────────────────────────────────────────────────
 scf_potential_mixing       1    3869s   100%   3869s    243GiB  100%    243GiB
   LOBPCG                 456    3693s  95.5%   8.10s    228GiB  94.1%   513MiB
     Hamiltonian mu...  19.1k    1578s  40.8%  82.7ms   47.6GiB  19.6%  2.56MiB
       kinetic+local    19.1k    1434s  37.1%  75.2ms   0.98GiB  0.40%  53.7KiB
       nonlocal         19.1k     135s  3.48%  7.06ms   28.8GiB  11.9%  1.55MiB
     rayleigh_ritz      18.6k     485s  12.5%  26.0ms   9.62GiB  3.96%   542KiB
     ortho!             78.3k     206s  5.31%  2.62ms   8.09GiB  3.33%   108KiB
   compute_density         38     148s  3.82%   3.89s   2.77GiB  1.14%  74.6MiB
   energy_hamiltonian      39    19.2s  0.50%   493ms   7.38GiB  3.04%   194MiB
     ene_ops               39    18.4s  0.48%   472ms   6.43GiB  2.65%   169MiB
       ene_ops: xc         39    10.7s  0.28%   274ms   5.92GiB  2.44%   156MiB
       ene_ops: non...     39    4.34s  0.11%   111ms   62.1MiB  0.02%  1.59MiB
       ene_ops: kin...     39    875ms  0.02%  22.4ms   7.22MiB  0.00%   190KiB
       ene_ops: har...     39    357ms  0.01%  9.16ms    372MiB  0.15%  9.55MiB
       ene_ops: local      39   58.9ms  0.00%  1.51ms   75.2MiB  0.03%  1.93MiB
   KerkerMixing            38    859ms  0.02%  22.6ms   0.99GiB  0.41%  26.7MiB
   QR orthonormaliz...    456    542μs  0.00%  1.19μs     0.00B  0.00%    0.00B
 ──────────────────────────────────────────────────────────────────────────────
