#
#-- SCF FeNiF6 -- case=standard_02
#
    keywords: (damping = DFTK.FixedDamping(0.2),)

hostname        = clustern25

started on      = 2021-07-09T22:40:04.726
julia threads   = 1
BLAS threads    = 1
MPI procs       = 16

temperature     = 0.01
smearing        = DFTK.Smearing.Gaussian()
lattice         = [4.76 -4.76 -0.0; 2.748 2.748 -5.496; 8.305 8.305 8.305]
Ecut            = 45.0
fft_size        = (64, 64, 64)
kgrid           = [11, 11, 11]
kshift          = [0.0, 0.0, 0.0]
n_irreducible_k = 452
n_bands         = 92
n_electr        = 76
type            = potmix
mixing          = KerkerMixing(0.8, 0.0)
damping         = DFTK.FixedDamping(0.2)
n     Free energy       Eₙ-Eₙ₋₁     ρout-ρin   Magnet   α      Diag
---   ---------------   ---------   --------   ------   ----   ----
  1   -365.3440297385         NaN   7.63e+00    0.876    NaN    2.0
┌ Debug: Iteration 2 linesearch step 1   α=0.2 diagtol=0.0002
└ @ DFTK /home/herbstm/.julia/packages/DFTK/wsJoZ/src/scf/potential_mixing.jl:293
  2   -403.0943856619   -3.78e+01   1.58e+00    0.966   0.20   20.5
┌ Debug: Iteration 3 linesearch step 1   α=0.2 diagtol=0.0002
└ @ DFTK /home/herbstm/.julia/packages/DFTK/wsJoZ/src/scf/potential_mixing.jl:293
  3   -418.0866273180   -1.50e+01   4.42e+00    1.852   0.20   22.0
┌ Debug: Iteration 4 linesearch step 1   α=0.2 diagtol=0.0002
└ @ DFTK /home/herbstm/.julia/packages/DFTK/wsJoZ/src/scf/potential_mixing.jl:293
  4   -419.6485215178   -1.56e+00   9.65e-01    0.144   0.20   22.3
┌ Debug: Iteration 5 linesearch step 1   α=0.2 diagtol=0.0002
└ @ DFTK /home/herbstm/.julia/packages/DFTK/wsJoZ/src/scf/potential_mixing.jl:293
  5   -418.5919579562    1.06e+00   4.08e-01    0.199   0.20   21.4
┌ Debug: Iteration 6 linesearch step 1   α=0.2 diagtol=0.0002
└ @ DFTK /home/herbstm/.julia/packages/DFTK/wsJoZ/src/scf/potential_mixing.jl:293
  6   -412.4477428238    6.14e+00   2.94e+00    0.661   0.20   22.2
┌ Debug: Iteration 7 linesearch step 1   α=0.2 diagtol=0.0002
└ @ DFTK /home/herbstm/.julia/packages/DFTK/wsJoZ/src/scf/potential_mixing.jl:293
  7   -414.0927631031   -1.65e+00   8.19e-01    1.646   0.20   22.5
┌ Debug: Iteration 8 linesearch step 1   α=0.2 diagtol=0.0002
└ @ DFTK /home/herbstm/.julia/packages/DFTK/wsJoZ/src/scf/potential_mixing.jl:293
  8   -415.4689064401   -1.38e+00   3.48e-01    1.997   0.20   22.8
┌ Debug: Iteration 9 linesearch step 1   α=0.2 diagtol=0.0002
└ @ DFTK /home/herbstm/.julia/packages/DFTK/wsJoZ/src/scf/potential_mixing.jl:293
  9   -416.8370787409   -1.37e+00   2.10e-01    2.000   0.20   23.0
┌ Debug: Iteration 10 linesearch step 1   α=0.2 diagtol=0.0002
└ @ DFTK /home/herbstm/.julia/packages/DFTK/wsJoZ/src/scf/potential_mixing.jl:293
 10   -430.9006000348   -1.41e+01   2.09e+00    2.197   0.20   23.0
┌ Debug: Iteration 11 linesearch step 1   α=0.2 diagtol=0.0002
└ @ DFTK /home/herbstm/.julia/packages/DFTK/wsJoZ/src/scf/potential_mixing.jl:293
 11   -430.1894124783    7.11e-01   1.50e-01    1.927   0.20   23.0
┌ Debug: Iteration 12 linesearch step 1   α=0.2 diagtol=0.0002
└ @ DFTK /home/herbstm/.julia/packages/DFTK/wsJoZ/src/scf/potential_mixing.jl:293
 12   -430.1219079347    6.75e-02   1.27e-02    1.908   0.20   23.0
┌ Debug: Iteration 13 linesearch step 1   α=0.2 diagtol=0.00012721854345182113
└ @ DFTK /home/herbstm/.julia/packages/DFTK/wsJoZ/src/scf/potential_mixing.jl:293
 13   -427.9385392779    2.18e+00   3.26e-01    1.921   0.20   24.1
┌ Debug: Iteration 14 linesearch step 1   α=0.2 diagtol=0.00012721854345182113
└ @ DFTK /home/herbstm/.julia/packages/DFTK/wsJoZ/src/scf/potential_mixing.jl:293
 14   -429.7514183795   -1.81e+00   2.60e-01    2.573   0.20   24.2
┌ Debug: Iteration 15 linesearch step 1   α=0.2 diagtol=0.00012721854345182113
└ @ DFTK /home/herbstm/.julia/packages/DFTK/wsJoZ/src/scf/potential_mixing.jl:293
 15   -426.9255322595    2.83e+00   3.52e-01    2.000   0.20   24.2
┌ Debug: Iteration 16 linesearch step 1   α=0.2 diagtol=0.00012721854345182113
└ @ DFTK /home/herbstm/.julia/packages/DFTK/wsJoZ/src/scf/potential_mixing.jl:293
 16   -426.4146726738    5.11e-01   7.58e-02    2.000   0.20   24.3
┌ Debug: Iteration 17 linesearch step 1   α=0.2 diagtol=0.00012721854345182113
└ @ DFTK /home/herbstm/.julia/packages/DFTK/wsJoZ/src/scf/potential_mixing.jl:293
 17   -426.9230159950   -5.08e-01   9.37e-02    2.001   0.20   24.1
┌ Debug: Iteration 18 linesearch step 1   α=0.2 diagtol=0.00012721854345182113
└ @ DFTK /home/herbstm/.julia/packages/DFTK/wsJoZ/src/scf/potential_mixing.jl:293
 18   -429.7586539318   -2.84e+00   4.67e-01    3.976   0.20   24.2
┌ Debug: Iteration 19 linesearch step 1   α=0.2 diagtol=0.00012721854345182113
└ @ DFTK /home/herbstm/.julia/packages/DFTK/wsJoZ/src/scf/potential_mixing.jl:293
 19   -429.8165068187   -5.79e-02   1.03e-02    3.986   0.20   24.2
┌ Debug: Iteration 20 linesearch step 1   α=0.2 diagtol=0.00010262689553774455
└ @ DFTK /home/herbstm/.julia/packages/DFTK/wsJoZ/src/scf/potential_mixing.jl:293
 20   -429.7473067658    6.92e-02   3.01e-02    3.897   0.20   24.7
┌ Debug: Iteration 21 linesearch step 1   α=0.2 diagtol=0.00010262689553774455
└ @ DFTK /home/herbstm/.julia/packages/DFTK/wsJoZ/src/scf/potential_mixing.jl:293
 21   -430.4734140119   -7.26e-01   1.23e-01    4.004   0.20   24.8
┌ Debug: Iteration 22 linesearch step 1   α=0.2 diagtol=0.00010262689553774455
└ @ DFTK /home/herbstm/.julia/packages/DFTK/wsJoZ/src/scf/potential_mixing.jl:293
 22   -430.3655131157    1.08e-01   2.95e-02    4.006   0.20   24.7
┌ Debug: Iteration 23 linesearch step 1   α=0.2 diagtol=0.00010262689553774455
└ @ DFTK /home/herbstm/.julia/packages/DFTK/wsJoZ/src/scf/potential_mixing.jl:293
 23   -431.8717633003   -1.51e+00   4.53e-01    4.091   0.20   24.7
┌ Debug: Iteration 24 linesearch step 1   α=0.2 diagtol=0.00010262689553774455
└ @ DFTK /home/herbstm/.julia/packages/DFTK/wsJoZ/src/scf/potential_mixing.jl:293
 24   -431.4683481404    4.03e-01   2.21e-01    4.623   0.20   24.7
┌ Debug: Iteration 25 linesearch step 1   α=0.2 diagtol=0.00010262689553774455
└ @ DFTK /home/herbstm/.julia/packages/DFTK/wsJoZ/src/scf/potential_mixing.jl:293
 25   -431.6173816600   -1.49e-01   9.68e-02    5.013   0.20   24.7
┌ Debug: Iteration 26 linesearch step 1   α=0.2 diagtol=0.00010262689553774455
└ @ DFTK /home/herbstm/.julia/packages/DFTK/wsJoZ/src/scf/potential_mixing.jl:293
 26   -431.3232473159    2.94e-01   1.25e-01    4.616   0.20   24.7
┌ Debug: Iteration 27 linesearch step 1   α=0.2 diagtol=0.00010262689553774455
└ @ DFTK /home/herbstm/.julia/packages/DFTK/wsJoZ/src/scf/potential_mixing.jl:293
 27   -431.7757392688   -4.52e-01   1.69e-01    4.746   0.20   24.7
┌ Debug: Iteration 28 linesearch step 1   α=0.2 diagtol=0.00010262689553774455
└ @ DFTK /home/herbstm/.julia/packages/DFTK/wsJoZ/src/scf/potential_mixing.jl:293
 28   -431.7512730184    2.45e-02   9.40e-02    5.228   0.20   24.7
┌ Debug: Iteration 29 linesearch step 1   α=0.2 diagtol=0.00010262689553774455
└ @ DFTK /home/herbstm/.julia/packages/DFTK/wsJoZ/src/scf/potential_mixing.jl:293
 29   -431.9039982664   -1.53e-01   9.90e-02    5.180   0.20   24.7
┌ Debug: Iteration 30 linesearch step 1   α=0.2 diagtol=0.00010262689553774455
└ @ DFTK /home/herbstm/.julia/packages/DFTK/wsJoZ/src/scf/potential_mixing.jl:293
 30   -431.9752245474   -7.12e-02   1.11e-01    5.115   0.20   24.6
┌ Debug: Iteration 31 linesearch step 1   α=0.2 diagtol=0.00010262689553774455
└ @ DFTK /home/herbstm/.julia/packages/DFTK/wsJoZ/src/scf/potential_mixing.jl:293
 31   -431.9764537542   -1.23e-03   3.73e-02    4.939   0.20   24.7
┌ Debug: Iteration 32 linesearch step 1   α=0.2 diagtol=0.00010262689553774455
└ @ DFTK /home/herbstm/.julia/packages/DFTK/wsJoZ/src/scf/potential_mixing.jl:293
 32   -431.9777282112   -1.27e-03   9.97e-02    4.602   0.20   24.6
┌ Debug: Iteration 33 linesearch step 1   α=0.2 diagtol=0.00010262689553774455
└ @ DFTK /home/herbstm/.julia/packages/DFTK/wsJoZ/src/scf/potential_mixing.jl:293
 33   -431.9448755665    3.29e-02   6.84e-02    4.359   0.20   24.6
┌ Debug: Iteration 34 linesearch step 1   α=0.2 diagtol=0.00010262689553774455
└ @ DFTK /home/herbstm/.julia/packages/DFTK/wsJoZ/src/scf/potential_mixing.jl:293
 34   -431.9759127973   -3.10e-02   5.31e-02    4.453   0.20   24.7
┌ Debug: Iteration 35 linesearch step 1   α=0.2 diagtol=0.00010262689553774455
└ @ DFTK /home/herbstm/.julia/packages/DFTK/wsJoZ/src/scf/potential_mixing.jl:293
 35   -431.9815481561   -5.64e-03   4.70e-02    4.594   0.20   24.7
┌ Debug: Iteration 36 linesearch step 1   α=0.2 diagtol=0.00010262689553774455
└ @ DFTK /home/herbstm/.julia/packages/DFTK/wsJoZ/src/scf/potential_mixing.jl:293
 36   -431.9819684958   -4.20e-04   1.15e-02    4.574   0.20   24.7
┌ Debug: Iteration 37 linesearch step 1   α=0.2 diagtol=0.00010262689553774455
└ @ DFTK /home/herbstm/.julia/packages/DFTK/wsJoZ/src/scf/potential_mixing.jl:293
 37   -431.9910800574   -9.11e-03   1.23e-01    4.340   0.20   24.7
┌ Debug: Iteration 38 linesearch step 1   α=0.2 diagtol=0.00010262689553774455
└ @ DFTK /home/herbstm/.julia/packages/DFTK/wsJoZ/src/scf/potential_mixing.jl:293
 38   -431.9844927479    6.59e-03   3.57e-02    4.424   0.20   24.8
┌ Debug: Iteration 39 linesearch step 1   α=0.2 diagtol=0.00010262689553774455
└ @ DFTK /home/herbstm/.julia/packages/DFTK/wsJoZ/src/scf/potential_mixing.jl:293
 39   -431.9689124966    1.56e-02   4.04e-02    4.566   0.20   24.7
┌ Debug: Iteration 40 linesearch step 1   α=0.2 diagtol=0.00010262689553774455
└ @ DFTK /home/herbstm/.julia/packages/DFTK/wsJoZ/src/scf/potential_mixing.jl:293
 40   -431.9342967948    3.46e-02   2.57e-01    5.768   0.20   24.7
┌ Debug: Iteration 41 linesearch step 1   α=0.2 diagtol=0.00010262689553774455
└ @ DFTK /home/herbstm/.julia/packages/DFTK/wsJoZ/src/scf/potential_mixing.jl:293
 41   -431.9529350036   -1.86e-02   2.62e-02    5.813   0.20   24.7
┌ Debug: Iteration 42 linesearch step 1   α=0.2 diagtol=0.00010262689553774455
└ @ DFTK /home/herbstm/.julia/packages/DFTK/wsJoZ/src/scf/potential_mixing.jl:293
 42   -431.9777401436   -2.48e-02   4.53e-02    5.716   0.20   24.6
┌ Debug: Iteration 43 linesearch step 1   α=0.2 diagtol=0.00010262689553774455
└ @ DFTK /home/herbstm/.julia/packages/DFTK/wsJoZ/src/scf/potential_mixing.jl:293
 43   -431.9904423390   -1.27e-02   3.99e-02    5.636   0.20   24.7
┌ Debug: Iteration 44 linesearch step 1   α=0.2 diagtol=0.00010262689553774455
└ @ DFTK /home/herbstm/.julia/packages/DFTK/wsJoZ/src/scf/potential_mixing.jl:293
 44   -431.9864999030    3.94e-03   1.86e-02    5.645   0.20   24.7
┌ Debug: Iteration 45 linesearch step 1   α=0.2 diagtol=0.00010262689553774455
└ @ DFTK /home/herbstm/.julia/packages/DFTK/wsJoZ/src/scf/potential_mixing.jl:293
 45   -431.9925406108   -6.04e-03   8.02e-02    5.317   0.20   24.7
┌ Debug: Iteration 46 linesearch step 1   α=0.2 diagtol=0.00010262689553774455
└ @ DFTK /home/herbstm/.julia/packages/DFTK/wsJoZ/src/scf/potential_mixing.jl:293
 46   -431.9924823883    5.82e-05   5.84e-02    5.151   0.20   24.7
┌ Debug: Iteration 47 linesearch step 1   α=0.2 diagtol=0.00010262689553774455
└ @ DFTK /home/herbstm/.julia/packages/DFTK/wsJoZ/src/scf/potential_mixing.jl:293
 47   -431.9929470476   -4.65e-04   4.96e-03    5.147   0.20   24.8
┌ Debug: Iteration 48 linesearch step 1   α=0.2 diagtol=4.956860576612028e-5
└ @ DFTK /home/herbstm/.julia/packages/DFTK/wsJoZ/src/scf/potential_mixing.jl:293
 48   -431.9932495359   -3.02e-04   3.87e-02    4.966   0.20   26.4
┌ Debug: Iteration 49 linesearch step 1   α=0.2 diagtol=4.956860576612028e-5
└ @ DFTK /home/herbstm/.julia/packages/DFTK/wsJoZ/src/scf/potential_mixing.jl:293
 49   -431.9942300062   -9.80e-04   5.96e-02    4.725   0.20   26.4
┌ Debug: Iteration 50 linesearch step 1   α=0.2 diagtol=4.956860576612028e-5
└ @ DFTK /home/herbstm/.julia/packages/DFTK/wsJoZ/src/scf/potential_mixing.jl:293
 50   -431.9939027114    3.27e-04   2.95e-02    4.854   0.20   26.5
┌ Debug: Iteration 51 linesearch step 1   α=0.2 diagtol=4.956860576612028e-5
└ @ DFTK /home/herbstm/.julia/packages/DFTK/wsJoZ/src/scf/potential_mixing.jl:293
 51   -431.9935061285    3.97e-04   1.34e-02    4.898   0.20   26.4
┌ Debug: Iteration 52 linesearch step 1   α=0.2 diagtol=4.956860576612028e-5
└ @ DFTK /home/herbstm/.julia/packages/DFTK/wsJoZ/src/scf/potential_mixing.jl:293
 52   -431.9939209488   -4.15e-04   1.45e-02    4.865   0.20   26.5
┌ Debug: Iteration 53 linesearch step 1   α=0.2 diagtol=4.956860576612028e-5
└ @ DFTK /home/herbstm/.julia/packages/DFTK/wsJoZ/src/scf/potential_mixing.jl:293
 53   -431.9935484650    3.72e-04   3.49e-02    5.014   0.20   26.4
┌ Debug: Iteration 54 linesearch step 1   α=0.2 diagtol=4.956860576612028e-5
└ @ DFTK /home/herbstm/.julia/packages/DFTK/wsJoZ/src/scf/potential_mixing.jl:293
 54   -431.9924696844    1.08e-03   1.27e-01    5.573   0.20   26.4
┌ Debug: Iteration 55 linesearch step 1   α=0.2 diagtol=4.956860576612028e-5
└ @ DFTK /home/herbstm/.julia/packages/DFTK/wsJoZ/src/scf/potential_mixing.jl:293
 55   -431.9924900664   -2.04e-05   1.07e-02    5.536   0.20   26.4
┌ Debug: Iteration 56 linesearch step 1   α=0.2 diagtol=4.956860576612028e-5
└ @ DFTK /home/herbstm/.julia/packages/DFTK/wsJoZ/src/scf/potential_mixing.jl:293
 56   -431.9929440826   -4.54e-04   3.43e-02    5.386   0.20   26.4
┌ Debug: Iteration 57 linesearch step 1   α=0.2 diagtol=4.956860576612028e-5
└ @ DFTK /home/herbstm/.julia/packages/DFTK/wsJoZ/src/scf/potential_mixing.jl:293
 57   -431.9928528256    9.13e-05   8.68e-03    5.423   0.20   26.4
┌ Debug: Iteration 58 linesearch step 1   α=0.2 diagtol=4.956860576612028e-5
└ @ DFTK /home/herbstm/.julia/packages/DFTK/wsJoZ/src/scf/potential_mixing.jl:293
 58   -431.9929220745   -6.92e-05   9.75e-03    5.381   0.20   26.4
┌ Debug: Iteration 59 linesearch step 1   α=0.2 diagtol=4.956860576612028e-5
└ @ DFTK /home/herbstm/.julia/packages/DFTK/wsJoZ/src/scf/potential_mixing.jl:293
 59   -431.9929744869   -5.24e-05   7.31e-03    5.348   0.20   26.4
┌ Debug: Iteration 60 linesearch step 1   α=0.2 diagtol=4.956860576612028e-5
└ @ DFTK /home/herbstm/.julia/packages/DFTK/wsJoZ/src/scf/potential_mixing.jl:293
 60   -431.9934150409   -4.41e-04   5.49e-02    5.101   0.20   26.3
┌ Debug: Iteration 61 linesearch step 1   α=0.2 diagtol=4.956860576612028e-5
└ @ DFTK /home/herbstm/.julia/packages/DFTK/wsJoZ/src/scf/potential_mixing.jl:293
 61   -431.9934308151   -1.58e-05   3.14e-03    5.086   0.20   26.4
┌ Debug: Iteration 62 linesearch step 1   α=0.2 diagtol=3.137608225785319e-5
└ @ DFTK /home/herbstm/.julia/packages/DFTK/wsJoZ/src/scf/potential_mixing.jl:293
 62   -431.9932900239    1.41e-04   1.90e-02    5.172   0.20   27.5
┌ Debug: Iteration 63 linesearch step 1   α=0.2 diagtol=3.137608225785319e-5
└ @ DFTK /home/herbstm/.julia/packages/DFTK/wsJoZ/src/scf/potential_mixing.jl:293
 63   -431.9936398757   -3.50e-04   4.35e-02    4.983   0.20   27.4
┌ Debug: Iteration 64 linesearch step 1   α=0.2 diagtol=3.137608225785319e-5
└ @ DFTK /home/herbstm/.julia/packages/DFTK/wsJoZ/src/scf/potential_mixing.jl:293
 64   -431.9915088522    2.13e-03   1.81e-01    5.778   0.20   27.6
┌ Debug: Iteration 65 linesearch step 1   α=0.2 diagtol=3.137608225785319e-5
└ @ DFTK /home/herbstm/.julia/packages/DFTK/wsJoZ/src/scf/potential_mixing.jl:293
 65   -431.9946964201   -3.19e-03   2.64e-01    4.634   0.20   27.6
┌ Debug: Iteration 66 linesearch step 1   α=0.2 diagtol=3.137608225785319e-5
└ @ DFTK /home/herbstm/.julia/packages/DFTK/wsJoZ/src/scf/potential_mixing.jl:293
 66   -431.9945307276    1.66e-04   1.19e-02    4.679   0.20   27.5
┌ Debug: Iteration 67 linesearch step 1   α=0.2 diagtol=3.137608225785319e-5
└ @ DFTK /home/herbstm/.julia/packages/DFTK/wsJoZ/src/scf/potential_mixing.jl:293
 67   -431.9942078762    3.23e-04   1.82e-01    4.031   0.20   27.5
┌ Debug: Iteration 68 linesearch step 1   α=0.2 diagtol=3.137608225785319e-5
└ @ DFTK /home/herbstm/.julia/packages/DFTK/wsJoZ/src/scf/potential_mixing.jl:293
 68   -431.9929180182    1.29e-03   8.80e-03    4.018   0.20   27.5
┌ Debug: Iteration 69 linesearch step 1   α=0.2 diagtol=3.137608225785319e-5
└ @ DFTK /home/herbstm/.julia/packages/DFTK/wsJoZ/src/scf/potential_mixing.jl:293
 69   -431.9947805375   -1.86e-03   1.71e-02    4.049   0.20   27.6
┌ Debug: Iteration 70 linesearch step 1   α=0.2 diagtol=3.137608225785319e-5
└ @ DFTK /home/herbstm/.julia/packages/DFTK/wsJoZ/src/scf/potential_mixing.jl:293
 70   -431.9937916279    9.89e-04   1.22e-02    4.025   0.20   27.5
┌ Debug: Iteration 71 linesearch step 1   α=0.2 diagtol=3.137608225785319e-5
└ @ DFTK /home/herbstm/.julia/packages/DFTK/wsJoZ/src/scf/potential_mixing.jl:293
 71   -431.9937570957    3.45e-05   1.65e-03    4.027   0.20   27.5
┌ Debug: Iteration 72 linesearch step 1   α=0.2 diagtol=1.6539666322575568e-5
└ @ DFTK /home/herbstm/.julia/packages/DFTK/wsJoZ/src/scf/potential_mixing.jl:293
 72   -431.9962439520   -2.49e-03   6.73e-02    4.221   0.20   29.3
┌ Debug: Iteration 73 linesearch step 1   α=0.2 diagtol=1.6539666322575568e-5
└ @ DFTK /home/herbstm/.julia/packages/DFTK/wsJoZ/src/scf/potential_mixing.jl:293
 73   -431.9964016797   -1.58e-04   7.54e-03    4.195   0.20   29.3
┌ Debug: Iteration 74 linesearch step 1   α=0.2 diagtol=1.6539666322575568e-5
└ @ DFTK /home/herbstm/.julia/packages/DFTK/wsJoZ/src/scf/potential_mixing.jl:293
 74   -431.9958524105    5.49e-04   1.45e-02    4.245   0.20   29.3
┌ Debug: Iteration 75 linesearch step 1   α=0.2 diagtol=1.6539666322575568e-5
└ @ DFTK /home/herbstm/.julia/packages/DFTK/wsJoZ/src/scf/potential_mixing.jl:293
 75   -431.9960783039   -2.26e-04   7.03e-03    4.220   0.20   29.2
┌ Debug: Iteration 76 linesearch step 1   α=0.2 diagtol=1.6539666322575568e-5
└ @ DFTK /home/herbstm/.julia/packages/DFTK/wsJoZ/src/scf/potential_mixing.jl:293
 76   -431.9932218021    2.86e-03   2.25e-01    5.150   0.20   29.2
┌ Debug: Iteration 77 linesearch step 1   α=0.2 diagtol=1.6539666322575568e-5
└ @ DFTK /home/herbstm/.julia/packages/DFTK/wsJoZ/src/scf/potential_mixing.jl:293
 77   -431.9928760172    3.46e-04   3.38e-02    5.302   0.20   29.3
┌ Debug: Iteration 78 linesearch step 1   α=0.2 diagtol=1.6539666322575568e-5
└ @ DFTK /home/herbstm/.julia/packages/DFTK/wsJoZ/src/scf/potential_mixing.jl:293
 78   -431.9919782259    8.98e-04   4.59e-02    5.508   0.20   29.2
┌ Debug: Iteration 79 linesearch step 1   α=0.2 diagtol=1.6539666322575568e-5
└ @ DFTK /home/herbstm/.julia/packages/DFTK/wsJoZ/src/scf/potential_mixing.jl:293
 79   -431.9926518600   -6.74e-04   8.68e-03    5.496   0.20   29.2
┌ Debug: Iteration 80 linesearch step 1   α=0.2 diagtol=1.6539666322575568e-5
└ @ DFTK /home/herbstm/.julia/packages/DFTK/wsJoZ/src/scf/potential_mixing.jl:293
 80   -431.9925948428    5.70e-05   6.50e-03    5.525   0.20   29.2
┌ Debug: Iteration 81 linesearch step 1   α=0.2 diagtol=1.6539666322575568e-5
└ @ DFTK /home/herbstm/.julia/packages/DFTK/wsJoZ/src/scf/potential_mixing.jl:293
 81   -431.9925061740    8.87e-05   3.50e-03    5.540   0.20   29.1
┌ Debug: Iteration 82 linesearch step 1   α=0.2 diagtol=1.6539666322575568e-5
└ @ DFTK /home/herbstm/.julia/packages/DFTK/wsJoZ/src/scf/potential_mixing.jl:293
 82   -431.9922150256    2.91e-04   1.60e-02    5.610   0.20   29.3
┌ Debug: Iteration 83 linesearch step 1   α=0.2 diagtol=1.6539666322575568e-5
└ @ DFTK /home/herbstm/.julia/packages/DFTK/wsJoZ/src/scf/potential_mixing.jl:293
 83   -431.9927723006   -5.57e-04   3.51e-02    5.455   0.20   29.2
┌ Debug: Iteration 84 linesearch step 1   α=0.2 diagtol=1.6539666322575568e-5
└ @ DFTK /home/herbstm/.julia/packages/DFTK/wsJoZ/src/scf/potential_mixing.jl:293
 84   -431.9923427914    4.30e-04   2.59e-02    5.571   0.20   29.2
┌ Debug: Iteration 85 linesearch step 1   α=0.2 diagtol=1.6539666322575568e-5
└ @ DFTK /home/herbstm/.julia/packages/DFTK/wsJoZ/src/scf/potential_mixing.jl:293
 85   -431.9927557686   -4.13e-04   2.38e-02    5.465   0.20   29.2
┌ Debug: Iteration 86 linesearch step 1   α=0.2 diagtol=1.6539666322575568e-5
└ @ DFTK /home/herbstm/.julia/packages/DFTK/wsJoZ/src/scf/potential_mixing.jl:293
 86   -431.9926944521    6.13e-05   6.20e-03    5.492   0.20   29.2
┌ Debug: Iteration 87 linesearch step 1   α=0.2 diagtol=1.6539666322575568e-5
└ @ DFTK /home/herbstm/.julia/packages/DFTK/wsJoZ/src/scf/potential_mixing.jl:293
 87   -431.9926742388    2.02e-05   4.31e-03    5.509   0.20   29.2
┌ Debug: Iteration 88 linesearch step 1   α=0.2 diagtol=1.6539666322575568e-5
└ @ DFTK /home/herbstm/.julia/packages/DFTK/wsJoZ/src/scf/potential_mixing.jl:293
 88   -431.9934243585   -7.50e-04   9.06e-02    5.106   0.20   29.3
┌ Debug: Iteration 89 linesearch step 1   α=0.2 diagtol=1.6539666322575568e-5
└ @ DFTK /home/herbstm/.julia/packages/DFTK/wsJoZ/src/scf/potential_mixing.jl:293
 89   -431.9941008229   -6.76e-04   6.99e-02    4.803   0.20   29.3
┌ Debug: Iteration 90 linesearch step 1   α=0.2 diagtol=1.6539666322575568e-5
└ @ DFTK /home/herbstm/.julia/packages/DFTK/wsJoZ/src/scf/potential_mixing.jl:293
 90   -431.9928188635    1.28e-03   1.43e-01    5.434   0.20   29.2
┌ Debug: Iteration 91 linesearch step 1   α=0.2 diagtol=1.6539666322575568e-5
└ @ DFTK /home/herbstm/.julia/packages/DFTK/wsJoZ/src/scf/potential_mixing.jl:293
 91   -431.9914962158    1.32e-03   8.11e-02    5.782   0.20   29.2
┌ Debug: Iteration 92 linesearch step 1   α=0.2 diagtol=1.6539666322575568e-5
└ @ DFTK /home/herbstm/.julia/packages/DFTK/wsJoZ/src/scf/potential_mixing.jl:293
 92   -431.9921124203   -6.16e-04   2.89e-02    5.663   0.20   29.2
┌ Debug: Iteration 93 linesearch step 1   α=0.2 diagtol=1.6539666322575568e-5
└ @ DFTK /home/herbstm/.julia/packages/DFTK/wsJoZ/src/scf/potential_mixing.jl:293
 93   -431.9920818167    3.06e-05   2.48e-03    5.673   0.20   29.2
┌ Debug: Iteration 94 linesearch step 1   α=0.2 diagtol=1.6539666322575568e-5
└ @ DFTK /home/herbstm/.julia/packages/DFTK/wsJoZ/src/scf/potential_mixing.jl:293
 94   -431.9920457256    3.61e-05   2.07e-03    5.682   0.20   29.2
┌ Debug: Iteration 95 linesearch step 1   α=0.2 diagtol=1.6539666322575568e-5
└ @ DFTK /home/herbstm/.julia/packages/DFTK/wsJoZ/src/scf/potential_mixing.jl:293
 95   -431.9920275673    1.82e-05   6.55e-04    5.685   0.20   29.2
┌ Debug: Iteration 96 linesearch step 1   α=0.2 diagtol=6.55197898766974e-6
└ @ DFTK /home/herbstm/.julia/packages/DFTK/wsJoZ/src/scf/potential_mixing.jl:293
 96   -431.9920367529   -9.19e-06   1.18e-03    5.680   0.20   31.5
┌ Debug: Iteration 97 linesearch step 1   α=0.2 diagtol=6.55197898766974e-6
└ @ DFTK /home/herbstm/.julia/packages/DFTK/wsJoZ/src/scf/potential_mixing.jl:293
 97   -431.9920549392   -1.82e-05   5.20e-04    5.680   0.20   31.5
┌ Debug: Iteration 98 linesearch step 1   α=0.2 diagtol=5.203527074450535e-6
└ @ DFTK /home/herbstm/.julia/packages/DFTK/wsJoZ/src/scf/potential_mixing.jl:293
 98   -431.9920655355   -1.06e-05   5.87e-04    5.681   0.20   32.3
┌ Debug: Iteration 99 linesearch step 1   α=0.2 diagtol=5.203527074450535e-6
└ @ DFTK /home/herbstm/.julia/packages/DFTK/wsJoZ/src/scf/potential_mixing.jl:293
 99   -431.9919537389    1.12e-04   5.84e-03    5.705   0.20   32.2
┌ Debug: Iteration 100 linesearch step 1   α=0.2 diagtol=5.203527074450535e-6
└ @ DFTK /home/herbstm/.julia/packages/DFTK/wsJoZ/src/scf/potential_mixing.jl:293
┌ Warning: SCF not converged.
└ @ DFTK /home/herbstm/.julia/packages/DFTK/wsJoZ/src/scf/scf_callbacks.jl:37

Energy breakdown:
    Kinetic             255.9741790
    AtomicLocal         -549.3302598
    AtomicNonlocal      -32.9233714
    Ewald               -226.7105490
    PspCorrection       4.0853615 
    Hartree             173.8547158
    Xc                  -56.9381946
    Entropy             -0.0047814

    total               -431.992899873944

 ──────────────────────────────────────────────────────────────────────────────
                                       Time                   Allocations      
                               ──────────────────────   ───────────────────────
       Tot / % measured:           87300s / 100%            3535GiB / 100%     

 Section               ncalls     time   %tot     avg     alloc   %tot      avg
 ──────────────────────────────────────────────────────────────────────────────
 scf_potential_mixing       1   87294s   100%  87294s   3534GiB  100%   3534GiB
   LOBPCG               3.00k   80946s  92.7%   27.0s   3424GiB  96.9%  1.14GiB
     Hamiltonian mu...  80.7k   24776s  28.4%   307ms    609GiB  17.2%  7.73MiB
       kinetic+local    80.7k   22905s  26.2%   284ms   7.53GiB  0.21%  97.8KiB
       nonlocal         80.7k    1802s  2.06%  22.3ms    444GiB  12.6%  5.63MiB
     rayleigh_ritz      77.7k   13076s  15.0%   168ms    119GiB  3.37%  1.57MiB
     ortho!              346k    5353s  6.13%  15.5ms    103GiB  2.92%   312KiB
   compute_density        100    2536s  2.90%   25.4s   32.7GiB  0.93%   335MiB
   energy_hamiltonian     101     222s  0.25%   2.20s   48.6GiB  1.38%   493MiB
     ene_ops              101     207s  0.24%   2.05s   36.2GiB  1.02%   367MiB
       ene_ops: non...    101    93.9s  0.11%   930ms    437MiB  0.01%  4.32MiB
       ene_ops: xc        101    73.2s  0.08%   725ms   32.7GiB  0.92%   331MiB
       ene_ops: kin...    101    18.0s  0.02%   178ms    104MiB  0.00%  1.03MiB
       ene_ops: har...    101    3.36s  0.00%  33.3ms   2.00GiB  0.06%  20.3MiB
       ene_ops: local     101    900ms  0.00%  8.91ms    430MiB  0.01%  4.26MiB
   KerkerMixing           100    6.40s  0.01%  64.0ms   5.19GiB  0.15%  53.2MiB
   QR orthonormaliz...  3.00k   5.83ms  0.00%  1.94μs     0.00B  0.00%    0.00B
 ──────────────────────────────────────────────────────────────────────────────
┌ Debug: Library handles
│   libGR_handle[] = Ptr{Nothing} @0x0000000004103200
│   libGR3_handle[] = Ptr{Nothing} @0x0000000012cbe340
│   libGRM_handle[] = Ptr{Nothing} @0x000000000e452100
└ @ GR /home/herbstm/.julia/packages/GR/4DHy8/src/funcptrs.jl:67
┌ Debug: Found GKS_ENCODING in ENV
│   text_encoding[] = 301
└ @ GR /home/herbstm/.julia/packages/GR/4DHy8/src/GR.jl:468
