#
#-- SCF FeNiF6 -- case=adaptive_05
#
    keywords: (damping = DFTK.AdaptiveDamping(0.125, 1.0, 0.8, 0.5, 1.1, 0.1),)

hostname        = clustern11

started on      = 2021-08-21T23:40:14.367
julia threads   = 1
BLAS threads    = 1
MPI procs       = 16

temperature     = 0.01
smearing        = DFTK.Smearing.Gaussian()
lattice         = [4.76 -4.76 -0.0; 2.748 2.748 -5.496; 8.305 8.305 8.305]
Ecut            = 45.0
fft_size        = (64, 64, 64)
kgrid           = [11, 11, 11]
kshift          = [0.0, 0.0, 0.0]
n_irreducible_k = 452
n_bands         = 92
n_electr        = 76
type            = potmix
mixing          = KerkerMixing(0.8, 0.0)
damping         = DFTK.AdaptiveDamping(0.125, 1.0, 0.8, 0.5, 1.1, 0.1)
n     Free energy       Eₙ-Eₙ₋₁     ρout-ρin   Magnet   α      Diag
---   ---------------   ---------   --------   ------   ----   ----
  1   -365.3440297385         NaN   7.63e+00    0.876    NaN    2.0
┌ Debug: Iteration 2 linesearch step 1   α=0.8 diagtol=0.0002
└ @ DFTK /home/herbstm/.julia/packages/DFTK/CsmZm/src/scf/potential_mixing.jl:293
┌ Debug: Step accepted
│   energy_change = -9.28902287845898
│   relative_residual = 1.0039086280630338
└ @ DFTK /home/herbstm/.julia/packages/DFTK/CsmZm/src/scf/potential_mixing.jl:86
┌ Debug: Quadratic model discarded
│   model_relerror = 0.3132352327682979
│   slope = -347.3493208911739
│   curv = 848.4377596187632
│   α_model = 0.40939870597844646
└ @ DFTK /home/herbstm/.julia/packages/DFTK/CsmZm/src/scf/potential_mixing.jl:142
  2   -374.6330526170   -9.29e+00   7.89e+00    0.186   0.80   24.6
┌ Debug: Iteration 3 linesearch step 1   α=0.8 diagtol=0.0002
└ @ DFTK /home/herbstm/.julia/packages/DFTK/CsmZm/src/scf/potential_mixing.jl:293
┌ Debug: Step accepted
│   energy_change = -47.601658185660256
│   relative_residual = 0.38594501569646333
└ @ DFTK /home/herbstm/.julia/packages/DFTK/CsmZm/src/scf/potential_mixing.jl:86
┌ Debug: Quadratic model accepted
│   model_relerror = 0.09409247127448322
│   slope = -139.5148349208139
│   curv = 186.03516279855904
│   α_model = 0.7499379838847032
└ @ DFTK /home/herbstm/.julia/packages/DFTK/CsmZm/src/scf/potential_mixing.jl:139
  3   -422.2347108026   -4.76e+01   3.37e+00    1.195   0.80   22.5
┌ Debug: Iteration 4 linesearch step 1   α=0.8249317822731737 diagtol=0.0002
└ @ DFTK /home/herbstm/.julia/packages/DFTK/CsmZm/src/scf/potential_mixing.jl:293
┌ Debug: Step accepted
│   energy_change = -4.323286206550506
│   relative_residual = 0.7327671013305369
└ @ DFTK /home/herbstm/.julia/packages/DFTK/CsmZm/src/scf/potential_mixing.jl:86
┌ Debug: Quadratic model accepted
│   model_relerror = 0.005675430027391125
│   slope = -6.054346773848056
│   curv = 2.0445573953906986
│   α_model = 2.9612016701008868
└ @ DFTK /home/herbstm/.julia/packages/DFTK/CsmZm/src/scf/potential_mixing.jl:139
  4   -426.5579970092   -4.32e+00   3.94e-01    1.973   0.82   22.8
┌ Debug: Iteration 5 linesearch step 1   α=1.0 diagtol=0.0002
└ @ DFTK /home/herbstm/.julia/packages/DFTK/CsmZm/src/scf/potential_mixing.jl:293
┌ Debug: Step accepted
│   energy_change = -0.6488909712857662
│   relative_residual = 0.9054594651740764
└ @ DFTK /home/herbstm/.julia/packages/DFTK/CsmZm/src/scf/potential_mixing.jl:86
  5   -427.2068879805   -6.49e-01   1.73e+00    1.875   1.00   23.0
┌ Debug: Iteration 6 linesearch step 1   α=1.0 diagtol=0.0002
└ @ DFTK /home/herbstm/.julia/packages/DFTK/CsmZm/src/scf/potential_mixing.jl:293
┌ Debug: Step accepted
│   energy_change = -1.3908016961688077
│   relative_residual = 0.8406315766680355
└ @ DFTK /home/herbstm/.julia/packages/DFTK/CsmZm/src/scf/potential_mixing.jl:86
  6   -428.5976896766   -1.39e+00   1.67e+00    2.037   1.00   23.0
┌ Debug: Iteration 7 linesearch step 1   α=1.0 diagtol=0.0002
└ @ DFTK /home/herbstm/.julia/packages/DFTK/CsmZm/src/scf/potential_mixing.jl:293
┌ Debug: Step accepted
│   energy_change = -2.517245954102748
│   relative_residual = 0.5062338680401467
└ @ DFTK /home/herbstm/.julia/packages/DFTK/CsmZm/src/scf/potential_mixing.jl:86
  7   -431.1149356307   -2.52e+00   1.25e+00    3.465   1.00   23.0
┌ Debug: Iteration 8 linesearch step 1   α=1.0 diagtol=0.0002
└ @ DFTK /home/herbstm/.julia/packages/DFTK/CsmZm/src/scf/potential_mixing.jl:293
┌ Debug: Step accepted
│   energy_change = -0.6140306061957972
│   relative_residual = 0.5573527760725313
└ @ DFTK /home/herbstm/.julia/packages/DFTK/CsmZm/src/scf/potential_mixing.jl:86
  8   -431.7289662369   -6.14e-01   2.27e-01    3.998   1.00   23.1
┌ Debug: Iteration 9 linesearch step 1   α=1.0 diagtol=0.0002
└ @ DFTK /home/herbstm/.julia/packages/DFTK/CsmZm/src/scf/potential_mixing.jl:293
┌ Debug: Step accepted
│   energy_change = -0.13819676905507094
│   relative_residual = 0.6969398444750701
└ @ DFTK /home/herbstm/.julia/packages/DFTK/CsmZm/src/scf/potential_mixing.jl:86
  9   -431.8671630060   -1.38e-01   9.25e-02    4.000   1.00   23.1
┌ Debug: Iteration 10 linesearch step 1   α=1.0 diagtol=0.0002
└ @ DFTK /home/herbstm/.julia/packages/DFTK/CsmZm/src/scf/potential_mixing.jl:293
┌ Debug: Step accepted
│   energy_change = -0.12187545960603074
│   relative_residual = 0.2698066978990473
└ @ DFTK /home/herbstm/.julia/packages/DFTK/CsmZm/src/scf/potential_mixing.jl:86
 10   -431.9890384656   -1.22e-01   1.58e-01    4.009   1.00   23.1
┌ Debug: Iteration 11 linesearch step 1   α=1.0 diagtol=0.0002
└ @ DFTK /home/herbstm/.julia/packages/DFTK/CsmZm/src/scf/potential_mixing.jl:293
┌ Debug: Step accepted
│   energy_change = -0.004623692801089874
│   relative_residual = 0.7423550564019256
└ @ DFTK /home/herbstm/.julia/packages/DFTK/CsmZm/src/scf/potential_mixing.jl:86
 11   -431.9936621584   -4.62e-03   1.94e-02    4.005   1.00   23.2
┌ Debug: Iteration 12 linesearch step 1   α=1.0 diagtol=0.0001940023780248147
└ @ DFTK /home/herbstm/.julia/packages/DFTK/CsmZm/src/scf/potential_mixing.jl:293
┌ Debug: Step accepted
│   energy_change = -0.003725193873435728
│   relative_residual = 0.6238950026451049
└ @ DFTK /home/herbstm/.julia/packages/DFTK/CsmZm/src/scf/potential_mixing.jl:86
 12   -431.9973873523   -3.73e-03   2.33e-02    4.003   1.00   23.1
┌ Debug: Iteration 13 linesearch step 1   α=1.0 diagtol=0.0001940023780248147
└ @ DFTK /home/herbstm/.julia/packages/DFTK/CsmZm/src/scf/potential_mixing.jl:293
┌ Debug: Step accepted
│   energy_change = -0.0009908023524189957
│   relative_residual = 1.0606504120885394
└ @ DFTK /home/herbstm/.julia/packages/DFTK/CsmZm/src/scf/potential_mixing.jl:86
 13   -431.9983781546   -9.91e-04   7.12e-02    4.000   1.00   23.1
┌ Debug: Iteration 14 linesearch step 1   α=1.0 diagtol=0.0001940023780248147
└ @ DFTK /home/herbstm/.julia/packages/DFTK/CsmZm/src/scf/potential_mixing.jl:293
┌ Debug: Step discarded
│   energy_change = 0.0015754149357576352
│   relative_residual = 1.3070037675707529
└ @ DFTK /home/herbstm/.julia/packages/DFTK/CsmZm/src/scf/potential_mixing.jl:86
┌ Debug: Quadratic model accepted
│   model_relerror = 0.0008220051973373342
│   slope = 0.0012530545604545786
│   curv = 0.000642130752092154
│   α_model = -1.9514009512423243
└ @ DFTK /home/herbstm/.julia/packages/DFTK/CsmZm/src/scf/potential_mixing.jl:139
┌ Debug: Iteration 14 linesearch step 2   α=-0.95 diagtol=0.00014219595955241917
└ @ DFTK /home/herbstm/.julia/packages/DFTK/CsmZm/src/scf/potential_mixing.jl:293
┌ Debug: Step accepted
│   energy_change = -0.0007973611136549152
│   relative_residual = 0.7936744735025288
└ @ DFTK /home/herbstm/.julia/packages/DFTK/CsmZm/src/scf/potential_mixing.jl:86
 14   -431.9991755157   -7.97e-04   1.23e-02    4.000  -0.95   47.0
┌ Debug: Iteration 15 linesearch step 1   α=0.95 diagtol=0.00012266977789993062
└ @ DFTK /home/herbstm/.julia/packages/DFTK/CsmZm/src/scf/potential_mixing.jl:293
┌ Debug: Step accepted
│   energy_change = -9.976207508088919e-5
│   relative_residual = 0.9118087091107461
└ @ DFTK /home/herbstm/.julia/packages/DFTK/CsmZm/src/scf/potential_mixing.jl:86
┌ Debug: Quadratic model accepted
│   model_relerror = 0.02373545645924142
│   slope = -0.00040939415119806995
│   curv = 0.000635555612546653
│   α_model = 0.6441515787385456
└ @ DFTK /home/herbstm/.julia/packages/DFTK/CsmZm/src/scf/potential_mixing.jl:139
 15   -431.9992752778   -9.98e-05   1.72e-02    4.000   0.95   24.3
┌ Debug: Iteration 16 linesearch step 1   α=0.95 diagtol=0.00012266977789993062
└ @ DFTK /home/herbstm/.julia/packages/DFTK/CsmZm/src/scf/potential_mixing.jl:293
┌ Debug: Step accepted
│   energy_change = -0.0008026363447015683
│   relative_residual = 0.5242659836348363
└ @ DFTK /home/herbstm/.julia/packages/DFTK/CsmZm/src/scf/potential_mixing.jl:86
┌ Debug: Quadratic model accepted
│   model_relerror = 0.00020481514190748724
│   slope = -0.0011083818304132157
│   curv = 0.0005551042354756953
│   α_model = 1.9967093738050663
└ @ DFTK /home/herbstm/.julia/packages/DFTK/CsmZm/src/scf/potential_mixing.jl:139
 16   -432.0000779142   -8.03e-04   7.81e-03    4.000   0.95   24.3
┌ Debug: Iteration 17 linesearch step 1   α=1.0 diagtol=7.808756839888021e-5
└ @ DFTK /home/herbstm/.julia/packages/DFTK/CsmZm/src/scf/potential_mixing.jl:293
┌ Debug: Step accepted
│   energy_change = -0.0002968072112707887
│   relative_residual = 0.17045831302015377
└ @ DFTK /home/herbstm/.julia/packages/DFTK/CsmZm/src/scf/potential_mixing.jl:86
 17   -432.0003747214   -2.97e-04   7.06e-03    4.000   1.00   25.4
┌ Debug: Iteration 18 linesearch step 1   α=1.0 diagtol=7.056492478430276e-5
└ @ DFTK /home/herbstm/.julia/packages/DFTK/CsmZm/src/scf/potential_mixing.jl:293
┌ Debug: Step accepted
│   energy_change = -1.1875534255523235e-5
│   relative_residual = 0.2005622503772441
└ @ DFTK /home/herbstm/.julia/packages/DFTK/CsmZm/src/scf/potential_mixing.jl:86
 18   -432.0003865969   -1.19e-05   3.43e-03    4.000   1.00   25.6
┌ Debug: Iteration 19 linesearch step 1   α=1.0 diagtol=3.4323470039825e-5
└ @ DFTK /home/herbstm/.julia/packages/DFTK/CsmZm/src/scf/potential_mixing.jl:293
┌ Debug: Step accepted
│   energy_change = -4.0868894757295493e-7
│   relative_residual = 0.3763764279123641
└ @ DFTK /home/herbstm/.julia/packages/DFTK/CsmZm/src/scf/potential_mixing.jl:86
 19   -432.0003870056   -4.09e-07   7.45e-04    4.000   1.00   27.4
┌ Debug: Iteration 20 linesearch step 1   α=1.0 diagtol=7.454955844223394e-6
└ @ DFTK /home/herbstm/.julia/packages/DFTK/CsmZm/src/scf/potential_mixing.jl:293
┌ Debug: Step accepted
│   energy_change = -4.8808090014063055e-8
│   relative_residual = 0.29250468954706454
└ @ DFTK /home/herbstm/.julia/packages/DFTK/CsmZm/src/scf/potential_mixing.jl:86
 20   -432.0003870544   -4.88e-08   1.77e-04    4.000   1.00   31.3
┌ Debug: Iteration 21 linesearch step 1   α=1.0 diagtol=1.7691032594450019e-6
└ @ DFTK /home/herbstm/.julia/packages/DFTK/CsmZm/src/scf/potential_mixing.jl:293
┌ Debug: Step accepted
│   energy_change = -6.576840405614348e-9
│   relative_residual = 0.19913469320524374
└ @ DFTK /home/herbstm/.julia/packages/DFTK/CsmZm/src/scf/potential_mixing.jl:86
 21   -432.0003870610   -6.58e-09   8.22e-05    4.000   1.00   35.2
┌ Debug: Iteration 22 linesearch step 1   α=1.0 diagtol=8.224021462007425e-7
└ @ DFTK /home/herbstm/.julia/packages/DFTK/CsmZm/src/scf/potential_mixing.jl:293
┌ Debug: Step accepted
│   energy_change = -5.263132152322214e-10
│   relative_residual = 0.7620551072568214
└ @ DFTK /home/herbstm/.julia/packages/DFTK/CsmZm/src/scf/potential_mixing.jl:86
 22   -432.0003870615   -5.26e-10   3.83e-05    4.000   1.00   37.3
┌ Debug: Iteration 23 linesearch step 1   α=1.0 diagtol=3.8292687606091305e-7
└ @ DFTK /home/herbstm/.julia/packages/DFTK/CsmZm/src/scf/potential_mixing.jl:293
┌ Debug: Step accepted
│   energy_change = -1.3670842236024328e-10
│   relative_residual = 0.20694884027635926
└ @ DFTK /home/herbstm/.julia/packages/DFTK/CsmZm/src/scf/potential_mixing.jl:86
 23   -432.0003870616   -1.37e-10   1.58e-05    4.000   1.00   39.7
┌ Debug: Iteration 24 linesearch step 1   α=1.0 diagtol=1.5838739178977737e-7
└ @ DFTK /home/herbstm/.julia/packages/DFTK/CsmZm/src/scf/potential_mixing.jl:293
┌ Debug: Step accepted
│   energy_change = -5.059064278611913e-12
│   relative_residual = 0.4207445882880283
└ @ DFTK /home/herbstm/.julia/packages/DFTK/CsmZm/src/scf/potential_mixing.jl:86
 24   -432.0003870616   -5.06e-12   2.68e-06    4.000   1.00   42.2

Energy breakdown:
    Kinetic             255.9986171
    AtomicLocal         -549.3959248
    AtomicNonlocal      -32.9393774
    Ewald               -226.7105490
    PspCorrection       4.0853615 
    Hartree             173.9078292
    Xc                  -56.9429347
    Entropy             -0.0034090

    total               -432.000387061640

 ──────────────────────────────────────────────────────────────────────────────
                                       Time                   Allocations      
                               ──────────────────────   ───────────────────────
       Tot / % measured:           18807s / 100%             874GiB / 100%     

 Section               ncalls     time   %tot     avg     alloc   %tot      avg
 ──────────────────────────────────────────────────────────────────────────────
 scf_potential_mixing       1   18799s   100%  18799s    873GiB  100%    873GiB
   LOBPCG                 750   17885s  95.1%   23.8s    840GiB  96.2%  1.12GiB
     Hamiltonian mu...  19.7k    5727s  30.5%   291ms    149GiB  17.1%  7.76MiB
       kinetic+local    19.7k    5316s  28.3%   270ms   1.89GiB  0.22%   101KiB
       nonlocal         19.7k     395s  2.10%  20.1ms    109GiB  12.4%  5.66MiB
     rayleigh_ritz      18.9k    2807s  14.9%   149ms   29.0GiB  3.32%  1.57MiB
     ortho!             84.2k    1172s  6.23%  13.9ms   25.2GiB  2.88%   314KiB
   compute_density         25     534s  2.84%   21.3s   8.30GiB  0.95%   340MiB
   energy_hamiltonian      26    55.7s  0.30%   2.14s   13.5GiB  1.55%   532MiB
     ene_ops               26    50.6s  0.27%   1.95s   10.2GiB  1.16%   400MiB
       ene_ops: xc         26    22.8s  0.12%   878ms   8.81GiB  1.01%   347MiB
       ene_ops: non...     26    16.4s  0.09%   632ms    133MiB  0.01%  5.13MiB
       ene_ops: kin...     26    3.95s  0.02%   152ms   51.5MiB  0.01%  1.98MiB
       ene_ops: har...     26    1.18s  0.01%  45.4ms    545MiB  0.06%  21.0MiB
       ene_ops: local      26    486ms  0.00%  18.7ms    126MiB  0.01%  4.85MiB
   apply_kernel             6    13.1s  0.07%   2.18s   3.61GiB  0.41%   616MiB
   KerkerMixing            25    2.37s  0.01%  94.8ms   1.38GiB  0.16%  56.7MiB
   QR orthonormaliz...    750   1.43ms  0.00%  1.91μs     0.00B  0.00%    0.00B
 ──────────────────────────────────────────────────────────────────────────────
