#
#-- SCF GaAs -- case=standard_08
#
    keywords: (damping = DFTK.FixedDamping(0.8),)

hostname        = clustern19

started on      = 2021-07-03T10:04:23.363
julia threads   = 1
BLAS threads    = 1
MPI procs       = 8

temperature     = 0.0
smearing        = DFTK.Smearing.None()
lattice         = [0.0 5.341 106.8; 5.341 0.0 106.8; 5.341 5.341 0.0]
Ecut            = 20.0
fft_size        = (25, 25, 480)
kgrid           = [4, 4, 1]
kshift          = [0.0, 0.0, 0.0]
n_irreducible_k = 16
n_bands         = 80
n_electr        = 160
type            = potmix
mixing          = SimpleMixing()
damping         = DFTK.FixedDamping(0.8)
n     Energy            Eₙ-Eₙ₋₁     ρout-ρin  α      Diag
---   ---------------   ---------   --------  -----  ----
  1   -169.1251177519         NaN   9.52e-01    NaN   2.0 
┌ Debug: Iteration 2 linesearch step 1   α=0.8 diagtol=0.0002
└ @ DFTK /home/herbstm/.julia/packages/DFTK/C0bc2/src/scf/potential_mixing.jl:304
  2   -65.14387759510    1.04e+02   5.56e-01   0.80  28.4 
┌ Debug: Iteration 3 linesearch step 1   α=0.8 diagtol=0.0002
└ @ DFTK /home/herbstm/.julia/packages/DFTK/C0bc2/src/scf/potential_mixing.jl:304
  3   +2631.340164094    2.70e+03   1.55e+00   0.80  28.8 
┌ Debug: Iteration 4 linesearch step 1   α=0.8 diagtol=0.0002
└ @ DFTK /home/herbstm/.julia/packages/DFTK/C0bc2/src/scf/potential_mixing.jl:304
  4   +3307.954929162    6.77e+02   2.87e+00   0.80  30.8 
┌ Debug: Iteration 5 linesearch step 1   α=0.8 diagtol=0.0002
└ @ DFTK /home/herbstm/.julia/packages/DFTK/C0bc2/src/scf/potential_mixing.jl:304
  5   +3764.349948193    4.56e+02   2.86e+00   0.80  32.2 
┌ Debug: Iteration 6 linesearch step 1   α=0.8 diagtol=0.0002
└ @ DFTK /home/herbstm/.julia/packages/DFTK/C0bc2/src/scf/potential_mixing.jl:304
  6   +1626.119777413   -2.14e+03   3.27e+00   0.80  28.4 
┌ Debug: Iteration 7 linesearch step 1   α=0.8 diagtol=0.0002
└ @ DFTK /home/herbstm/.julia/packages/DFTK/C0bc2/src/scf/potential_mixing.jl:304
  7   +168.9369635658   -1.46e+03   2.35e+00   0.80  28.9 
┌ Debug: Iteration 8 linesearch step 1   α=0.8 diagtol=0.0002
└ @ DFTK /home/herbstm/.julia/packages/DFTK/C0bc2/src/scf/potential_mixing.jl:304
  8   -37.37826947938   -2.06e+02   1.18e+00   0.80  25.9 
┌ Debug: Iteration 9 linesearch step 1   α=0.8 diagtol=0.0002
└ @ DFTK /home/herbstm/.julia/packages/DFTK/C0bc2/src/scf/potential_mixing.jl:304
  9   -160.7970660863   -1.23e+02   7.51e-01   0.80  18.9 
┌ Debug: Iteration 10 linesearch step 1   α=0.8 diagtol=0.0002
└ @ DFTK /home/herbstm/.julia/packages/DFTK/C0bc2/src/scf/potential_mixing.jl:304
 10   -167.0041406177   -6.21e+00   3.26e-01   0.80  14.7 
┌ Debug: Iteration 11 linesearch step 1   α=0.8 diagtol=0.0002
└ @ DFTK /home/herbstm/.julia/packages/DFTK/C0bc2/src/scf/potential_mixing.jl:304
 11   -169.3277428955   -2.32e+00   1.35e-01   0.80  10.8 
┌ Debug: Iteration 12 linesearch step 1   α=0.8 diagtol=0.0002
└ @ DFTK /home/herbstm/.julia/packages/DFTK/C0bc2/src/scf/potential_mixing.jl:304
 12   -170.3251417975   -9.97e-01   7.92e-02   0.80  10.4 
┌ Debug: Iteration 13 linesearch step 1   α=0.8 diagtol=0.0002
└ @ DFTK /home/herbstm/.julia/packages/DFTK/C0bc2/src/scf/potential_mixing.jl:304
 13   -170.3055772110    1.96e-02   1.33e-01   0.80  10.8 
┌ Debug: Iteration 14 linesearch step 1   α=0.8 diagtol=0.0002
└ @ DFTK /home/herbstm/.julia/packages/DFTK/C0bc2/src/scf/potential_mixing.jl:304
 14   -170.6099281212   -3.04e-01   5.44e-02   0.80  10.4 
┌ Debug: Iteration 15 linesearch step 1   α=0.8 diagtol=0.0002
└ @ DFTK /home/herbstm/.julia/packages/DFTK/C0bc2/src/scf/potential_mixing.jl:304
 15   -164.5029289739    6.11e+00   2.96e-01   0.80  20.7 
┌ Debug: Iteration 16 linesearch step 1   α=0.8 diagtol=0.0002
└ @ DFTK /home/herbstm/.julia/packages/DFTK/C0bc2/src/scf/potential_mixing.jl:304
 16   -170.6027488206   -6.10e+00   2.93e-01   0.80  10.2 
┌ Debug: Iteration 17 linesearch step 1   α=0.8 diagtol=0.0002
└ @ DFTK /home/herbstm/.julia/packages/DFTK/C0bc2/src/scf/potential_mixing.jl:304
 17   -170.0687306008    5.34e-01   7.47e-02   0.80  10.7 
┌ Debug: Iteration 18 linesearch step 1   α=0.8 diagtol=0.0002
└ @ DFTK /home/herbstm/.julia/packages/DFTK/C0bc2/src/scf/potential_mixing.jl:304
 18   -138.9076665619    3.12e+01   3.43e-01   0.80  30.2 
┌ Debug: Iteration 19 linesearch step 1   α=0.8 diagtol=0.0002
└ @ DFTK /home/herbstm/.julia/packages/DFTK/C0bc2/src/scf/potential_mixing.jl:304
 19   -170.4156530520   -3.15e+01   3.46e-01   0.80  11.6 
┌ Debug: Iteration 20 linesearch step 1   α=0.8 diagtol=0.0002
└ @ DFTK /home/herbstm/.julia/packages/DFTK/C0bc2/src/scf/potential_mixing.jl:304
 20   -170.5866698572   -1.71e-01   6.64e-02   0.80  10.3 
┌ Debug: Iteration 21 linesearch step 1   α=0.8 diagtol=0.0002
└ @ DFTK /home/herbstm/.julia/packages/DFTK/C0bc2/src/scf/potential_mixing.jl:304
 21   -170.7341218214   -1.47e-01   4.41e-02   0.80   9.2 
┌ Debug: Iteration 22 linesearch step 1   α=0.8 diagtol=0.0002
└ @ DFTK /home/herbstm/.julia/packages/DFTK/C0bc2/src/scf/potential_mixing.jl:304
 22   -170.3877427959    3.46e-01   7.38e-02   0.80  10.4 
┌ Debug: Iteration 23 linesearch step 1   α=0.8 diagtol=0.0002
└ @ DFTK /home/herbstm/.julia/packages/DFTK/C0bc2/src/scf/potential_mixing.jl:304
 23   -170.6799693405   -2.92e-01   5.80e-02   0.80   9.3 
┌ Debug: Iteration 24 linesearch step 1   α=0.8 diagtol=0.0002
└ @ DFTK /home/herbstm/.julia/packages/DFTK/C0bc2/src/scf/potential_mixing.jl:304
 24   -170.6115907773    6.84e-02   5.92e-02   0.80  10.2 
┌ Debug: Iteration 25 linesearch step 1   α=0.8 diagtol=0.0002
└ @ DFTK /home/herbstm/.julia/packages/DFTK/C0bc2/src/scf/potential_mixing.jl:304
 25   -170.7328585041   -1.21e-01   4.01e-02   0.80   9.2 
┌ Debug: Iteration 26 linesearch step 1   α=0.8 diagtol=0.0002
└ @ DFTK /home/herbstm/.julia/packages/DFTK/C0bc2/src/scf/potential_mixing.jl:304
 26   -170.7084223337    2.44e-02   3.81e-02   0.80   9.3 
┌ Debug: Iteration 27 linesearch step 1   α=0.8 diagtol=0.0002
└ @ DFTK /home/herbstm/.julia/packages/DFTK/C0bc2/src/scf/potential_mixing.jl:304
 27   -170.7191054547   -1.07e-02   4.09e-02   0.80   9.4 
┌ Debug: Iteration 28 linesearch step 1   α=0.8 diagtol=0.0002
└ @ DFTK /home/herbstm/.julia/packages/DFTK/C0bc2/src/scf/potential_mixing.jl:304
 28   -170.7070787209    1.20e-02   3.93e-02   0.80   9.1 
┌ Debug: Iteration 29 linesearch step 1   α=0.8 diagtol=0.0002
└ @ DFTK /home/herbstm/.julia/packages/DFTK/C0bc2/src/scf/potential_mixing.jl:304
 29   -170.6988124213    8.27e-03   3.97e-02   0.80   9.7 
┌ Debug: Iteration 30 linesearch step 1   α=0.8 diagtol=0.0002
└ @ DFTK /home/herbstm/.julia/packages/DFTK/C0bc2/src/scf/potential_mixing.jl:304
 30   -170.4332201504    2.66e-01   5.19e-02   0.80  10.6 
┌ Debug: Iteration 31 linesearch step 1   α=0.8 diagtol=0.0002
└ @ DFTK /home/herbstm/.julia/packages/DFTK/C0bc2/src/scf/potential_mixing.jl:304
 31   -170.0484777678    3.85e-01   6.62e-02   0.80  12.2 
┌ Debug: Iteration 32 linesearch step 1   α=0.8 diagtol=0.0002
└ @ DFTK /home/herbstm/.julia/packages/DFTK/C0bc2/src/scf/potential_mixing.jl:304
 32   -170.6583908014   -6.10e-01   1.04e-01   0.80   9.8 
┌ Debug: Iteration 33 linesearch step 1   α=0.8 diagtol=0.0002
└ @ DFTK /home/herbstm/.julia/packages/DFTK/C0bc2/src/scf/potential_mixing.jl:304
 33   -170.6999427063   -4.16e-02   6.83e-02   0.80   9.3 
┌ Debug: Iteration 34 linesearch step 1   α=0.8 diagtol=0.0002
└ @ DFTK /home/herbstm/.julia/packages/DFTK/C0bc2/src/scf/potential_mixing.jl:304
 34   -170.6772408293    2.27e-02   5.43e-02   0.80   9.9 
┌ Debug: Iteration 35 linesearch step 1   α=0.8 diagtol=0.0002
└ @ DFTK /home/herbstm/.julia/packages/DFTK/C0bc2/src/scf/potential_mixing.jl:304
 35   -170.7546149642   -7.74e-02   3.40e-02   0.80   9.1 
┌ Debug: Iteration 36 linesearch step 1   α=0.8 diagtol=0.0002
└ @ DFTK /home/herbstm/.julia/packages/DFTK/C0bc2/src/scf/potential_mixing.jl:304
 36   -170.7320656166    2.25e-02   2.70e-02   0.80   9.0 
┌ Debug: Iteration 37 linesearch step 1   α=0.8 diagtol=0.0002
└ @ DFTK /home/herbstm/.julia/packages/DFTK/C0bc2/src/scf/potential_mixing.jl:304
 37   -170.7525535506   -2.05e-02   2.51e-02   0.80   9.4 
┌ Debug: Iteration 38 linesearch step 1   α=0.8 diagtol=0.0002
└ @ DFTK /home/herbstm/.julia/packages/DFTK/C0bc2/src/scf/potential_mixing.jl:304
 38   -170.7521164371    4.37e-04   1.44e-02   0.80   9.3 
┌ Debug: Iteration 39 linesearch step 1   α=0.8 diagtol=0.00014396656658321268
└ @ DFTK /home/herbstm/.julia/packages/DFTK/C0bc2/src/scf/potential_mixing.jl:304
 39   -170.7542015300   -2.09e-03   1.26e-02   0.80   9.9 
┌ Debug: Iteration 40 linesearch step 1   α=0.8 diagtol=0.00012597258839046604
└ @ DFTK /home/herbstm/.julia/packages/DFTK/C0bc2/src/scf/potential_mixing.jl:304
 40   -170.7556519814   -1.45e-03   8.47e-03   0.80  10.1 
┌ Debug: Iteration 41 linesearch step 1   α=0.8 diagtol=8.46861276976853e-5
└ @ DFTK /home/herbstm/.julia/packages/DFTK/C0bc2/src/scf/potential_mixing.jl:304
 41   -170.7566206841   -9.69e-04   5.13e-03   0.80  10.6 
┌ Debug: Iteration 42 linesearch step 1   α=0.8 diagtol=5.125189418979522e-5
└ @ DFTK /home/herbstm/.julia/packages/DFTK/C0bc2/src/scf/potential_mixing.jl:304
 42   -170.7557758568    8.45e-04   3.12e-03   0.80  11.5 
┌ Debug: Iteration 43 linesearch step 1   α=0.8 diagtol=3.1169597240513256e-5
└ @ DFTK /home/herbstm/.julia/packages/DFTK/C0bc2/src/scf/potential_mixing.jl:304
 43   -170.7523919403    3.38e-03   5.57e-03   0.80  12.4 
┌ Debug: Iteration 44 linesearch step 1   α=0.8 diagtol=3.1169597240513256e-5
└ @ DFTK /home/herbstm/.julia/packages/DFTK/C0bc2/src/scf/potential_mixing.jl:304
 44   -170.7567658034   -4.37e-03   6.34e-03   0.80  12.1 
┌ Debug: Iteration 45 linesearch step 1   α=0.8 diagtol=3.1169597240513256e-5
└ @ DFTK /home/herbstm/.julia/packages/DFTK/C0bc2/src/scf/potential_mixing.jl:304
 45   -170.7567812304   -1.54e-05   1.14e-03   0.80  12.1 
┌ Debug: Iteration 46 linesearch step 1   α=0.8 diagtol=1.1429388857309639e-5
└ @ DFTK /home/herbstm/.julia/packages/DFTK/C0bc2/src/scf/potential_mixing.jl:304
 46   -170.7568050431   -2.38e-05   9.46e-04   0.80  13.8 
┌ Debug: Iteration 47 linesearch step 1   α=0.8 diagtol=9.457252183211658e-6
└ @ DFTK /home/herbstm/.julia/packages/DFTK/C0bc2/src/scf/potential_mixing.jl:304
 47   -170.7568086028   -3.56e-06   4.83e-04   0.80  13.8 
┌ Debug: Iteration 48 linesearch step 1   α=0.8 diagtol=4.831973838982505e-6
└ @ DFTK /home/herbstm/.julia/packages/DFTK/C0bc2/src/scf/potential_mixing.jl:304
 48   -170.7568003234    8.28e-06   4.80e-04   0.80  14.8 
┌ Debug: Iteration 49 linesearch step 1   α=0.8 diagtol=4.798143677732684e-6
└ @ DFTK /home/herbstm/.julia/packages/DFTK/C0bc2/src/scf/potential_mixing.jl:304
 49   -170.7568014529   -1.13e-06   8.48e-04   0.80  14.8 
┌ Debug: Iteration 50 linesearch step 1   α=0.8 diagtol=4.798143677732684e-6
└ @ DFTK /home/herbstm/.julia/packages/DFTK/C0bc2/src/scf/potential_mixing.jl:304
 50   -170.7568083931   -6.94e-06   5.32e-04   0.80  15.0 
┌ Debug: Iteration 51 linesearch step 1   α=0.8 diagtol=4.798143677732684e-6
└ @ DFTK /home/herbstm/.julia/packages/DFTK/C0bc2/src/scf/potential_mixing.jl:304
 51   -170.7568105746   -2.18e-06   3.77e-04   0.80  14.9 
┌ Debug: Iteration 52 linesearch step 1   α=0.8 diagtol=3.7664696106919865e-6
└ @ DFTK /home/herbstm/.julia/packages/DFTK/C0bc2/src/scf/potential_mixing.jl:304
 52   -170.7568112245   -6.50e-07   2.84e-04   0.80  15.1 
┌ Debug: Iteration 53 linesearch step 1   α=0.8 diagtol=2.8420733535651087e-6
└ @ DFTK /home/herbstm/.julia/packages/DFTK/C0bc2/src/scf/potential_mixing.jl:304
 53   -170.7568121110   -8.87e-07   2.64e-04   0.80  15.8 
┌ Debug: Iteration 54 linesearch step 1   α=0.8 diagtol=2.643104258063256e-6
└ @ DFTK /home/herbstm/.julia/packages/DFTK/C0bc2/src/scf/potential_mixing.jl:304
 54   -170.7568129726   -8.62e-07   1.17e-04   0.80  15.8 
┌ Debug: Iteration 55 linesearch step 1   α=0.8 diagtol=1.171660334480321e-6
└ @ DFTK /home/herbstm/.julia/packages/DFTK/C0bc2/src/scf/potential_mixing.jl:304
 55   -170.7568130062   -3.36e-08   2.05e-05   0.80  17.1 
┌ Debug: Iteration 56 linesearch step 1   α=0.8 diagtol=2.0544891532563873e-7
└ @ DFTK /home/herbstm/.julia/packages/DFTK/C0bc2/src/scf/potential_mixing.jl:304
 56   -170.7568126915    3.15e-07   8.37e-05   0.80  19.4 
┌ Debug: Iteration 57 linesearch step 1   α=0.8 diagtol=2.0544891532563873e-7
└ @ DFTK /home/herbstm/.julia/packages/DFTK/C0bc2/src/scf/potential_mixing.jl:304
 57   -170.7568128629   -1.71e-07   9.08e-05   0.80  19.6 
┌ Debug: Iteration 58 linesearch step 1   α=0.8 diagtol=2.0544891532563873e-7
└ @ DFTK /home/herbstm/.julia/packages/DFTK/C0bc2/src/scf/potential_mixing.jl:304
 58   -170.7568128737   -1.07e-08   9.66e-05   0.80  19.6 
┌ Debug: Iteration 59 linesearch step 1   α=0.8 diagtol=2.0544891532563873e-7
└ @ DFTK /home/herbstm/.julia/packages/DFTK/C0bc2/src/scf/potential_mixing.jl:304
 59   -170.7568129852   -1.12e-07   6.17e-05   0.80  19.6 
┌ Debug: Iteration 60 linesearch step 1   α=0.8 diagtol=2.0544891532563873e-7
└ @ DFTK /home/herbstm/.julia/packages/DFTK/C0bc2/src/scf/potential_mixing.jl:304
 60   -170.7568130274   -4.21e-08   2.01e-05   0.80  19.6 
┌ Debug: Iteration 61 linesearch step 1   α=0.8 diagtol=2.0096371013524335e-7
└ @ DFTK /home/herbstm/.julia/packages/DFTK/C0bc2/src/scf/potential_mixing.jl:304
 61   -170.7568130346   -7.29e-09   2.29e-05   0.80  19.6 
┌ Debug: Iteration 62 linesearch step 1   α=0.8 diagtol=2.0096371013524335e-7
└ @ DFTK /home/herbstm/.julia/packages/DFTK/C0bc2/src/scf/potential_mixing.jl:304
 62   -170.7568130324    2.21e-09   1.36e-05   0.80  19.4 
┌ Debug: Iteration 63 linesearch step 1   α=0.8 diagtol=1.3595227268450197e-7
└ @ DFTK /home/herbstm/.julia/packages/DFTK/C0bc2/src/scf/potential_mixing.jl:304
 63   -170.7568130348   -2.36e-09   1.48e-05   0.80  20.1 
┌ Debug: Iteration 64 linesearch step 1   α=0.8 diagtol=1.3595227268450197e-7
└ @ DFTK /home/herbstm/.julia/packages/DFTK/C0bc2/src/scf/potential_mixing.jl:304
 64   -170.7568130367   -1.96e-09   1.14e-05   0.80  20.1 
┌ Debug: Iteration 65 linesearch step 1   α=0.8 diagtol=1.143185764814726e-7
└ @ DFTK /home/herbstm/.julia/packages/DFTK/C0bc2/src/scf/potential_mixing.jl:304
 65   -170.7568130375   -7.97e-10   1.04e-05   0.80  20.4 
┌ Debug: Iteration 66 linesearch step 1   α=0.8 diagtol=1.0367471397260988e-7
└ @ DFTK /home/herbstm/.julia/packages/DFTK/C0bc2/src/scf/potential_mixing.jl:304
 66   -170.7568130364    1.15e-09   7.65e-06   0.80  20.4 
┌ Debug: Iteration 67 linesearch step 1   α=0.8 diagtol=7.653558718689643e-8
└ @ DFTK /home/herbstm/.julia/packages/DFTK/C0bc2/src/scf/potential_mixing.jl:304
 67   -170.7568130374   -1.01e-09   3.91e-06   0.80  21.1 
┌ Debug: Iteration 68 linesearch step 1   α=0.8 diagtol=3.9111355480474684e-8
└ @ DFTK /home/herbstm/.julia/packages/DFTK/C0bc2/src/scf/potential_mixing.jl:304
 68   -170.7568130391   -1.67e-09   4.29e-06   0.80  21.9 
┌ Debug: Iteration 69 linesearch step 1   α=0.8 diagtol=3.9111355480474684e-8
└ @ DFTK /home/herbstm/.julia/packages/DFTK/C0bc2/src/scf/potential_mixing.jl:304
 69   -170.7568130391    2.67e-11   2.01e-06   0.80  22.2 
┌ Debug: Iteration 70 linesearch step 1   α=0.8 diagtol=2.0094976327113233e-8
└ @ DFTK /home/herbstm/.julia/packages/DFTK/C0bc2/src/scf/potential_mixing.jl:304
 70   -170.7568130391   -7.99e-11   2.02e-06   0.80  22.9 
┌ Debug: Iteration 71 linesearch step 1   α=0.8 diagtol=2.0094976327113233e-8
└ @ DFTK /home/herbstm/.julia/packages/DFTK/C0bc2/src/scf/potential_mixing.jl:304
 71   -170.7568130391    2.91e-11   1.52e-06   0.80  23.0 
┌ Debug: Iteration 72 linesearch step 1   α=0.8 diagtol=1.515774392432179e-8
└ @ DFTK /home/herbstm/.julia/packages/DFTK/C0bc2/src/scf/potential_mixing.jl:304
 72   -170.7568130391    9.69e-12   1.02e-06   0.80  23.3 

Energy breakdown:
    Kinetic             64.0197956
    AtomicLocal         -61.6641762
    AtomicNonlocal      20.2404923
    Ewald               -168.4379255
    PspCorrection       7.5623694 
    Hartree             15.7356756
    Xc                  -48.2130443

    total               -170.756813039097

 ──────────────────────────────────────────────────────────────────────────────
                                       Time                   Allocations      
                               ──────────────────────   ───────────────────────
       Tot / % measured:           14222s / 100%             458GiB / 100%     

 Section               ncalls     time   %tot     avg     alloc   %tot      avg
 ──────────────────────────────────────────────────────────────────────────────
 scf_potential_mixing       1   14222s   100%  14222s    458GiB  100%    458GiB
   LOBPCG                 144   13694s  96.3%   95.1s    432GiB  94.3%  3.00GiB
     Hamiltonian mu...  3.02k    5710s  40.2%   1.89s   82.5GiB  18.0%  27.9MiB
       nonlocal         3.02k    3837s  27.0%   1.27s   75.4GiB  16.5%  25.5MiB
       kinetic+local    3.02k    1870s  13.1%   618ms    362MiB  0.08%   122KiB
     rayleigh_ritz      2.88k    1836s  12.9%   637ms   5.45GiB  1.19%  1.94MiB
     ortho!             12.8k     749s  5.27%  58.7ms   4.48GiB  0.98%   368KiB
   energy_hamiltonian      73     188s  1.32%   2.58s   16.6GiB  3.62%   233MiB
     ene_ops               73     188s  1.32%   2.57s   15.6GiB  3.41%   219MiB
       ene_ops: non...     73     155s  1.09%   2.12s    945MiB  0.20%  12.9MiB
       ene_ops: xc         73    27.7s  0.19%   380ms   12.7GiB  2.78%   179MiB
       ene_ops: har...     73    2.55s  0.02%  35.0ms   1.63GiB  0.36%  22.9MiB
       ene_ops: kin...     73    2.28s  0.02%  31.2ms   3.04MiB  0.00%  42.7KiB
       ene_ops: local      73    248ms  0.00%  3.39ms    335MiB  0.07%  4.58MiB
   compute_density         72    98.1s  0.69%   1.36s   3.06GiB  0.67%  43.6MiB
   QR orthonormaliz...    144    262μs  0.00%  1.82μs     0.00B  0.00%    0.00B
 ──────────────────────────────────────────────────────────────────────────────
