#
#-- SCF GaAs -- case=standard_10
#
    keywords: (damping = DFTK.FixedDamping(1.0),)

hostname        = clustern13

started on      = 2021-08-30T21:59:00.390
julia threads   = 1
BLAS threads    = 1
MPI procs       = 16

temperature     = 0.0
smearing        = DFTK.Smearing.None()
lattice         = [0.0 5.341 106.8; 5.341 0.0 106.8; 5.341 5.341 0.0]
Ecut            = 20.0
fft_size        = (25, 25, 480)
kgrid           = [4, 4, 1]
kshift          = [0.0, 0.0, 0.0]
n_irreducible_k = 16
n_bands         = 80
n_electr        = 160
type            = potmix
mixing          = SimpleMixing()
damping         = DFTK.FixedDamping(1.0)
n     Energy            Eₙ-Eₙ₋₁     ρout-ρin   α      Diag
---   ---------------   ---------   --------   ----   ----
  1   -169.1251177519         NaN   9.52e-01    NaN    2.0
┌ Debug: Iteration 2 linesearch step 1   α=1.0 diagtol=0.0002
└ @ DFTK /home/herbstm/.julia/packages/DFTK/ogFMK/src/scf/potential_mixing.jl:296
  2   +33.29427162062    2.02e+02   7.12e-01   1.00   24.1
┌ Debug: Iteration 3 linesearch step 1   α=1.0 diagtol=0.0002
└ @ DFTK /home/herbstm/.julia/packages/DFTK/ogFMK/src/scf/potential_mixing.jl:296
  3   +3187.614416006    3.15e+03   1.75e+00   1.00   25.3
┌ Debug: Iteration 4 linesearch step 1   α=1.0 diagtol=0.0002
└ @ DFTK /home/herbstm/.julia/packages/DFTK/ogFMK/src/scf/potential_mixing.jl:296
  4   +3544.171167390    3.57e+02   3.07e+00   1.00   30.2
┌ Debug: Iteration 5 linesearch step 1   α=1.0 diagtol=0.0002
└ @ DFTK /home/herbstm/.julia/packages/DFTK/ogFMK/src/scf/potential_mixing.jl:296
  5   +5596.260743023    2.05e+03   3.44e+00   1.00   39.1
┌ Debug: Iteration 6 linesearch step 1   α=1.0 diagtol=0.0002
└ @ DFTK /home/herbstm/.julia/packages/DFTK/ogFMK/src/scf/potential_mixing.jl:296
  6   +3717.428467652   -1.88e+03   4.06e+00   1.00   36.6
┌ Debug: Iteration 7 linesearch step 1   α=1.0 diagtol=0.0002
└ @ DFTK /home/herbstm/.julia/packages/DFTK/ogFMK/src/scf/potential_mixing.jl:296
  7   +870.4215023327   -2.85e+03   3.24e+00   1.00   29.8
┌ Debug: Iteration 8 linesearch step 1   α=1.0 diagtol=0.0002
└ @ DFTK /home/herbstm/.julia/packages/DFTK/ogFMK/src/scf/potential_mixing.jl:296
  8   +147.3935752377   -7.23e+02   1.76e+00   1.00   24.7
┌ Debug: Iteration 9 linesearch step 1   α=1.0 diagtol=0.0002
└ @ DFTK /home/herbstm/.julia/packages/DFTK/ogFMK/src/scf/potential_mixing.jl:296
  9   -103.0026449033   -2.50e+02   1.24e+00   1.00   26.2
┌ Debug: Iteration 10 linesearch step 1   α=1.0 diagtol=0.0002
└ @ DFTK /home/herbstm/.julia/packages/DFTK/ogFMK/src/scf/potential_mixing.jl:296
 10   -131.0631808642   -2.81e+01   4.83e-01   1.00   26.4
┌ Debug: Iteration 11 linesearch step 1   α=1.0 diagtol=0.0002
└ @ DFTK /home/herbstm/.julia/packages/DFTK/ogFMK/src/scf/potential_mixing.jl:296
 11   -164.5290957088   -3.35e+01   3.12e-01   1.00   18.5
┌ Debug: Iteration 12 linesearch step 1   α=1.0 diagtol=0.0002
└ @ DFTK /home/herbstm/.julia/packages/DFTK/ogFMK/src/scf/potential_mixing.jl:296
 12   -170.1354376495   -5.61e+00   1.91e-01   1.00   11.1
┌ Debug: Iteration 13 linesearch step 1   α=1.0 diagtol=0.0002
└ @ DFTK /home/herbstm/.julia/packages/DFTK/ogFMK/src/scf/potential_mixing.jl:296
 13   -170.3480600742   -2.13e-01   8.07e-02   1.00   10.6
┌ Debug: Iteration 14 linesearch step 1   α=1.0 diagtol=0.0002
└ @ DFTK /home/herbstm/.julia/packages/DFTK/ogFMK/src/scf/potential_mixing.jl:296
 14   -170.4724697884   -1.24e-01   1.42e-01   1.00   10.4
┌ Debug: Iteration 15 linesearch step 1   α=1.0 diagtol=0.0002
└ @ DFTK /home/herbstm/.julia/packages/DFTK/ogFMK/src/scf/potential_mixing.jl:296
 15   -169.6376886877    8.35e-01   1.90e-01   1.00   12.6
┌ Debug: Iteration 16 linesearch step 1   α=1.0 diagtol=0.0002
└ @ DFTK /home/herbstm/.julia/packages/DFTK/ogFMK/src/scf/potential_mixing.jl:296
 16   -170.2956000195   -6.58e-01   1.57e-01   1.00   11.2
┌ Debug: Iteration 17 linesearch step 1   α=1.0 diagtol=0.0002
└ @ DFTK /home/herbstm/.julia/packages/DFTK/ogFMK/src/scf/potential_mixing.jl:296
 17   -169.8728616773    4.23e-01   1.14e-01   1.00   11.9
┌ Debug: Iteration 18 linesearch step 1   α=1.0 diagtol=0.0002
└ @ DFTK /home/herbstm/.julia/packages/DFTK/ogFMK/src/scf/potential_mixing.jl:296
 18   -160.0010256408    9.87e+00   3.25e-01   1.00   23.9
┌ Debug: Iteration 19 linesearch step 1   α=1.0 diagtol=0.0002
└ @ DFTK /home/herbstm/.julia/packages/DFTK/ogFMK/src/scf/potential_mixing.jl:296
 19   -170.3294118922   -1.03e+01   2.88e-01   1.00   12.3
┌ Debug: Iteration 20 linesearch step 1   α=1.0 diagtol=0.0002
└ @ DFTK /home/herbstm/.julia/packages/DFTK/ogFMK/src/scf/potential_mixing.jl:296
 20   -170.1771187806    1.52e-01   1.06e-01   1.00   11.5
┌ Debug: Iteration 21 linesearch step 1   α=1.0 diagtol=0.0002
└ @ DFTK /home/herbstm/.julia/packages/DFTK/ogFMK/src/scf/potential_mixing.jl:296
 21   -170.1942819536   -1.72e-02   1.16e-01   1.00   11.2
┌ Debug: Iteration 22 linesearch step 1   α=1.0 diagtol=0.0002
└ @ DFTK /home/herbstm/.julia/packages/DFTK/ogFMK/src/scf/potential_mixing.jl:296
 22   -169.0647637709    1.13e+00   1.17e-01   1.00   12.5
┌ Debug: Iteration 23 linesearch step 1   α=1.0 diagtol=0.0002
└ @ DFTK /home/herbstm/.julia/packages/DFTK/ogFMK/src/scf/potential_mixing.jl:296
 23   -62.76379822259    1.06e+02   8.42e-01   1.00   23.8
┌ Debug: Iteration 24 linesearch step 1   α=1.0 diagtol=0.0002
└ @ DFTK /home/herbstm/.julia/packages/DFTK/ogFMK/src/scf/potential_mixing.jl:296
 24   -170.3312160460   -1.08e+02   7.94e-01   1.00   10.0
┌ Debug: Iteration 25 linesearch step 1   α=1.0 diagtol=0.0002
└ @ DFTK /home/herbstm/.julia/packages/DFTK/ogFMK/src/scf/potential_mixing.jl:296
 25   -170.7434247668   -4.12e-01   8.34e-02   1.00    9.4
┌ Debug: Iteration 26 linesearch step 1   α=1.0 diagtol=0.0002
└ @ DFTK /home/herbstm/.julia/packages/DFTK/ogFMK/src/scf/potential_mixing.jl:296
 26   -170.6464834997    9.69e-02   5.96e-02   1.00    9.6
┌ Debug: Iteration 27 linesearch step 1   α=1.0 diagtol=0.0002
└ @ DFTK /home/herbstm/.julia/packages/DFTK/ogFMK/src/scf/potential_mixing.jl:296
 27   -170.7416155614   -9.51e-02   4.31e-02   1.00    9.3
┌ Debug: Iteration 28 linesearch step 1   α=1.0 diagtol=0.0002
└ @ DFTK /home/herbstm/.julia/packages/DFTK/ogFMK/src/scf/potential_mixing.jl:296
 28   -170.7390790852    2.54e-03   1.76e-02   1.00    9.4
┌ Debug: Iteration 29 linesearch step 1   α=1.0 diagtol=0.00017629563607213266
└ @ DFTK /home/herbstm/.julia/packages/DFTK/ogFMK/src/scf/potential_mixing.jl:296
 29   -170.7308725490    8.21e-03   2.84e-02   1.00    9.8
┌ Debug: Iteration 30 linesearch step 1   α=1.0 diagtol=0.00017629563607213266
└ @ DFTK /home/herbstm/.julia/packages/DFTK/ogFMK/src/scf/potential_mixing.jl:296
 30   -170.5332516513    1.98e-01   6.02e-02   1.00   10.9
┌ Debug: Iteration 31 linesearch step 1   α=1.0 diagtol=0.00017629563607213266
└ @ DFTK /home/herbstm/.julia/packages/DFTK/ogFMK/src/scf/potential_mixing.jl:296
 31   -170.6863817726   -1.53e-01   7.48e-02   1.00    9.7
┌ Debug: Iteration 32 linesearch step 1   α=1.0 diagtol=0.00017629563607213266
└ @ DFTK /home/herbstm/.julia/packages/DFTK/ogFMK/src/scf/potential_mixing.jl:296
 32   -170.7082723535   -2.19e-02   5.38e-02   1.00    9.9
┌ Debug: Iteration 33 linesearch step 1   α=1.0 diagtol=0.00017629563607213266
└ @ DFTK /home/herbstm/.julia/packages/DFTK/ogFMK/src/scf/potential_mixing.jl:296
 33   -170.7498236135   -4.16e-02   2.71e-02   1.00    9.5
┌ Debug: Iteration 34 linesearch step 1   α=1.0 diagtol=0.00017629563607213266
└ @ DFTK /home/herbstm/.julia/packages/DFTK/ogFMK/src/scf/potential_mixing.jl:296
 34   -170.7508111843   -9.88e-04   7.64e-03   1.00    9.6
┌ Debug: Iteration 35 linesearch step 1   α=1.0 diagtol=7.637377246728017e-5
└ @ DFTK /home/herbstm/.julia/packages/DFTK/ogFMK/src/scf/potential_mixing.jl:296
 35   -162.1967854300    8.55e+00   1.45e-01   1.00   19.0
┌ Debug: Iteration 36 linesearch step 1   α=1.0 diagtol=7.637377246728017e-5
└ @ DFTK /home/herbstm/.julia/packages/DFTK/ogFMK/src/scf/potential_mixing.jl:296
 36   -169.2556234699   -7.06e+00   2.02e-01   1.00   13.1
┌ Debug: Iteration 37 linesearch step 1   α=1.0 diagtol=7.637377246728017e-5
└ @ DFTK /home/herbstm/.julia/packages/DFTK/ogFMK/src/scf/potential_mixing.jl:296
 37   -170.7435775352   -1.49e+00   1.11e-01   1.00   11.4
┌ Debug: Iteration 38 linesearch step 1   α=1.0 diagtol=7.637377246728017e-5
└ @ DFTK /home/herbstm/.julia/packages/DFTK/ogFMK/src/scf/potential_mixing.jl:296
 38   -170.7520413927   -8.46e-03   1.76e-02   1.00   11.0
┌ Debug: Iteration 39 linesearch step 1   α=1.0 diagtol=7.637377246728017e-5
└ @ DFTK /home/herbstm/.julia/packages/DFTK/ogFMK/src/scf/potential_mixing.jl:296
 39   -170.7535890485   -1.55e-03   8.64e-03   1.00   10.9
┌ Debug: Iteration 40 linesearch step 1   α=1.0 diagtol=7.637377246728017e-5
└ @ DFTK /home/herbstm/.julia/packages/DFTK/ogFMK/src/scf/potential_mixing.jl:296
 40   -170.7538235538   -2.35e-04   6.17e-03   1.00   10.8
┌ Debug: Iteration 41 linesearch step 1   α=1.0 diagtol=6.174535993985223e-5
└ @ DFTK /home/herbstm/.julia/packages/DFTK/ogFMK/src/scf/potential_mixing.jl:296
 41   -170.7549500515   -1.13e-03   4.10e-03   1.00   11.3
┌ Debug: Iteration 42 linesearch step 1   α=1.0 diagtol=4.103461906098011e-5
└ @ DFTK /home/herbstm/.julia/packages/DFTK/ogFMK/src/scf/potential_mixing.jl:296
 42   -170.7548414668    1.09e-04   2.03e-03   1.00   11.9
┌ Debug: Iteration 43 linesearch step 1   α=1.0 diagtol=2.0333070568074445e-5
└ @ DFTK /home/herbstm/.julia/packages/DFTK/ogFMK/src/scf/potential_mixing.jl:296
 43   -170.7550253970   -1.84e-04   1.69e-03   1.00   13.1
┌ Debug: Iteration 44 linesearch step 1   α=1.0 diagtol=1.686674093620233e-5
└ @ DFTK /home/herbstm/.julia/packages/DFTK/ogFMK/src/scf/potential_mixing.jl:296
 44   -170.7551257409   -1.00e-04   1.89e-03   1.00   13.4
┌ Debug: Iteration 45 linesearch step 1   α=1.0 diagtol=1.686674093620233e-5
└ @ DFTK /home/herbstm/.julia/packages/DFTK/ogFMK/src/scf/potential_mixing.jl:296
 45   -170.7547412072    3.85e-04   3.66e-03   1.00   13.3
┌ Debug: Iteration 46 linesearch step 1   α=1.0 diagtol=1.686674093620233e-5
└ @ DFTK /home/herbstm/.julia/packages/DFTK/ogFMK/src/scf/potential_mixing.jl:296
 46   -170.7551518729   -4.11e-04   3.60e-03   1.00   13.3
┌ Debug: Iteration 47 linesearch step 1   α=1.0 diagtol=1.686674093620233e-5
└ @ DFTK /home/herbstm/.julia/packages/DFTK/ogFMK/src/scf/potential_mixing.jl:296
 47   -170.1794740489    5.76e-01   7.15e-02   1.00   16.4
┌ Debug: Iteration 48 linesearch step 1   α=1.0 diagtol=1.686674093620233e-5
└ @ DFTK /home/herbstm/.julia/packages/DFTK/ogFMK/src/scf/potential_mixing.jl:296
 48   -170.7549125625   -5.75e-01   6.68e-02   1.00   13.4
┌ Debug: Iteration 49 linesearch step 1   α=1.0 diagtol=1.686674093620233e-5
└ @ DFTK /home/herbstm/.julia/packages/DFTK/ogFMK/src/scf/potential_mixing.jl:296
 49   -170.7523930820    2.52e-03   7.61e-03   1.00   13.1
┌ Debug: Iteration 50 linesearch step 1   α=1.0 diagtol=1.686674093620233e-5
└ @ DFTK /home/herbstm/.julia/packages/DFTK/ogFMK/src/scf/potential_mixing.jl:296
 50   -170.7524567904   -6.37e-05   1.38e-02   1.00   13.3
┌ Debug: Iteration 51 linesearch step 1   α=1.0 diagtol=1.686674093620233e-5
└ @ DFTK /home/herbstm/.julia/packages/DFTK/ogFMK/src/scf/potential_mixing.jl:296
 51   -170.7490033329    3.45e-03   1.61e-02   1.00   13.4
┌ Debug: Iteration 52 linesearch step 1   α=1.0 diagtol=1.686674093620233e-5
└ @ DFTK /home/herbstm/.julia/packages/DFTK/ogFMK/src/scf/potential_mixing.jl:296
 52   -170.7545934882   -5.59e-03   1.26e-02   1.00   13.1
┌ Debug: Iteration 53 linesearch step 1   α=1.0 diagtol=1.686674093620233e-5
└ @ DFTK /home/herbstm/.julia/packages/DFTK/ogFMK/src/scf/potential_mixing.jl:296
 53   -170.7544140467    1.79e-04   7.20e-03   1.00   13.2
┌ Debug: Iteration 54 linesearch step 1   α=1.0 diagtol=1.686674093620233e-5
└ @ DFTK /home/herbstm/.julia/packages/DFTK/ogFMK/src/scf/potential_mixing.jl:296
 54   -170.7562482585   -1.83e-03   6.96e-03   1.00   13.2
┌ Debug: Iteration 55 linesearch step 1   α=1.0 diagtol=1.686674093620233e-5
└ @ DFTK /home/herbstm/.julia/packages/DFTK/ogFMK/src/scf/potential_mixing.jl:296
 55   -170.7555062602    7.42e-04   5.04e-03   1.00   13.2
┌ Debug: Iteration 56 linesearch step 1   α=1.0 diagtol=1.686674093620233e-5
└ @ DFTK /home/herbstm/.julia/packages/DFTK/ogFMK/src/scf/potential_mixing.jl:296
 56   -170.7561693026   -6.63e-04   4.01e-03   1.00   13.3
┌ Debug: Iteration 57 linesearch step 1   α=1.0 diagtol=1.686674093620233e-5
└ @ DFTK /home/herbstm/.julia/packages/DFTK/ogFMK/src/scf/potential_mixing.jl:296
 57   -170.7567158387   -5.47e-04   2.81e-03   1.00   13.2
┌ Debug: Iteration 58 linesearch step 1   α=1.0 diagtol=1.686674093620233e-5
└ @ DFTK /home/herbstm/.julia/packages/DFTK/ogFMK/src/scf/potential_mixing.jl:296
 58   -170.7567476912   -3.19e-05   6.84e-04   1.00   13.2
┌ Debug: Iteration 59 linesearch step 1   α=1.0 diagtol=6.838228540393213e-6
└ @ DFTK /home/herbstm/.julia/packages/DFTK/ogFMK/src/scf/potential_mixing.jl:296
 59   -170.7520172872    4.73e-03   8.45e-03   1.00   14.6
┌ Debug: Iteration 60 linesearch step 1   α=1.0 diagtol=6.838228540393213e-6
└ @ DFTK /home/herbstm/.julia/packages/DFTK/ogFMK/src/scf/potential_mixing.jl:296
 60   -170.7562762908   -4.26e-03   7.77e-03   1.00   14.8
┌ Debug: Iteration 61 linesearch step 1   α=1.0 diagtol=6.838228540393213e-6
└ @ DFTK /home/herbstm/.julia/packages/DFTK/ogFMK/src/scf/potential_mixing.jl:296
 61   -170.7566188873   -3.43e-04   1.95e-03   1.00   14.7
┌ Debug: Iteration 62 linesearch step 1   α=1.0 diagtol=6.838228540393213e-6
└ @ DFTK /home/herbstm/.julia/packages/DFTK/ogFMK/src/scf/potential_mixing.jl:296
 62   -170.7567255135   -1.07e-04   2.50e-03   1.00   14.8
┌ Debug: Iteration 63 linesearch step 1   α=1.0 diagtol=6.838228540393213e-6
└ @ DFTK /home/herbstm/.julia/packages/DFTK/ogFMK/src/scf/potential_mixing.jl:296
 63   -170.7567959362   -7.04e-05   1.46e-03   1.00   14.6
┌ Debug: Iteration 64 linesearch step 1   α=1.0 diagtol=6.838228540393213e-6
└ @ DFTK /home/herbstm/.julia/packages/DFTK/ogFMK/src/scf/potential_mixing.jl:296
 64   -170.7567930727    2.86e-06   8.55e-04   1.00   14.8
┌ Debug: Iteration 65 linesearch step 1   α=1.0 diagtol=6.838228540393213e-6
└ @ DFTK /home/herbstm/.julia/packages/DFTK/ogFMK/src/scf/potential_mixing.jl:296
 65   -170.7568086010   -1.55e-05   5.78e-04   1.00   14.7
┌ Debug: Iteration 66 linesearch step 1   α=1.0 diagtol=5.78489381733753e-6
└ @ DFTK /home/herbstm/.julia/packages/DFTK/ogFMK/src/scf/potential_mixing.jl:296
 66   -170.7568016010    7.00e-06   5.78e-04   1.00   14.6
┌ Debug: Iteration 67 linesearch step 1   α=1.0 diagtol=5.784508557158259e-6
└ @ DFTK /home/herbstm/.julia/packages/DFTK/ogFMK/src/scf/potential_mixing.jl:296
 67   -170.7568129442   -1.13e-05   4.18e-04   1.00   14.7
┌ Debug: Iteration 68 linesearch step 1   α=1.0 diagtol=4.1805513867805975e-6
└ @ DFTK /home/herbstm/.julia/packages/DFTK/ogFMK/src/scf/potential_mixing.jl:296
 68   -170.7568129937   -4.94e-08   4.83e-05   1.00   14.9
┌ Debug: Iteration 69 linesearch step 1   α=1.0 diagtol=4.828112900942501e-7
└ @ DFTK /home/herbstm/.julia/packages/DFTK/ogFMK/src/scf/potential_mixing.jl:296
 69   -170.7568118556    1.14e-06   1.64e-04   1.00   18.4
┌ Debug: Iteration 70 linesearch step 1   α=1.0 diagtol=4.828112900942501e-7
└ @ DFTK /home/herbstm/.julia/packages/DFTK/ogFMK/src/scf/potential_mixing.jl:296
 70   -170.7568130209   -1.17e-06   1.43e-04   1.00   18.3
┌ Debug: Iteration 71 linesearch step 1   α=1.0 diagtol=4.828112900942501e-7
└ @ DFTK /home/herbstm/.julia/packages/DFTK/ogFMK/src/scf/potential_mixing.jl:296
 71   -170.7568130116    9.21e-09   2.71e-05   1.00   18.1
┌ Debug: Iteration 72 linesearch step 1   α=1.0 diagtol=2.7081397273041926e-7
└ @ DFTK /home/herbstm/.julia/packages/DFTK/ogFMK/src/scf/potential_mixing.jl:296
 72   -170.7568130374   -2.58e-08   1.77e-05   1.00   19.4
┌ Debug: Iteration 73 linesearch step 1   α=1.0 diagtol=1.773796948370038e-7
└ @ DFTK /home/herbstm/.julia/packages/DFTK/ogFMK/src/scf/potential_mixing.jl:296
 73   -170.7568130386   -1.23e-09   6.77e-06   1.00   19.4
┌ Debug: Iteration 74 linesearch step 1   α=1.0 diagtol=6.765859136582753e-8
└ @ DFTK /home/herbstm/.julia/packages/DFTK/ogFMK/src/scf/potential_mixing.jl:296
 74   -170.7568130383    2.94e-10   7.64e-06   1.00   21.2
┌ Debug: Iteration 75 linesearch step 1   α=1.0 diagtol=6.765859136582753e-8
└ @ DFTK /home/herbstm/.julia/packages/DFTK/ogFMK/src/scf/potential_mixing.jl:296
 75   -170.7568130385   -1.56e-10   6.28e-06   1.00   21.2
┌ Debug: Iteration 76 linesearch step 1   α=1.0 diagtol=6.282201980331322e-8
└ @ DFTK /home/herbstm/.julia/packages/DFTK/ogFMK/src/scf/potential_mixing.jl:296
 76   -170.7568130392   -6.89e-10   4.16e-06   1.00   21.2
┌ Debug: Iteration 77 linesearch step 1   α=1.0 diagtol=4.15998875523439e-8
└ @ DFTK /home/herbstm/.julia/packages/DFTK/ogFMK/src/scf/potential_mixing.jl:296
 77   -170.7568130389    2.83e-10   2.59e-06   1.00   21.8
┌ Debug: Iteration 78 linesearch step 1   α=1.0 diagtol=2.5919515493377843e-8
└ @ DFTK /home/herbstm/.julia/packages/DFTK/ogFMK/src/scf/potential_mixing.jl:296
 78   -170.7568130391   -2.49e-10   2.36e-06   1.00   22.4
┌ Debug: Iteration 79 linesearch step 1   α=1.0 diagtol=2.3606442146686636e-8
└ @ DFTK /home/herbstm/.julia/packages/DFTK/ogFMK/src/scf/potential_mixing.jl:296
 79   -170.7568130392   -2.38e-11   9.93e-07   1.00   22.6
┌ Debug: Iteration 80 linesearch step 1   α=1.0 diagtol=9.932242511952085e-9
└ @ DFTK /home/herbstm/.julia/packages/DFTK/ogFMK/src/scf/potential_mixing.jl:296
 80   -170.7568130392   -2.01e-11   6.10e-07   1.00   24.2
┌ Debug: Iteration 81 linesearch step 1   α=1.0 diagtol=6.096697080634913e-9
└ @ DFTK /home/herbstm/.julia/packages/DFTK/ogFMK/src/scf/potential_mixing.jl:296
 81   -170.7568130392   -5.12e-13   2.87e-07   1.00   24.6

Energy breakdown:
    Kinetic             64.0197957
    AtomicLocal         -61.6641765
    AtomicNonlocal      20.2404923
    Ewald               -168.4379255
    PspCorrection       7.5623694 
    Hartree             15.7356759
    Xc                  -48.2130444

    total               -170.756813039184

 ──────────────────────────────────────────────────────────────────────────────
                                       Time                   Allocations      
                               ──────────────────────   ───────────────────────
       Tot / % measured:            7149s / 100%             298GiB / 100%     

 Section               ncalls     time   %tot     avg     alloc   %tot      avg
 ──────────────────────────────────────────────────────────────────────────────
 scf_potential_mixing       1    7148s   100%   7148s    298GiB  100%    298GiB
   LOBPCG                  81    6944s  97.1%   85.7s    270GiB  90.7%  3.34GiB
     Hamiltonian mu...  2.02k    2947s  41.2%   1.46s   52.6GiB  17.6%  26.6MiB
       nonlocal         2.02k    1932s  27.0%   955ms   47.8GiB  16.0%  24.2MiB
       kinetic+local    2.02k    1013s  14.2%   501ms    227MiB  0.07%   115KiB
     rayleigh_ritz      1.94k     889s  12.4%   458ms   3.34GiB  1.12%  1.76MiB
     ortho!             8.61k     364s  5.09%  42.2ms   2.77GiB  0.93%   337KiB
   energy_hamiltonian      82     107s  1.50%   1.31s   17.8GiB  5.96%   222MiB
     ene_ops               82     107s  1.49%   1.30s   17.0GiB  5.71%   213MiB
       ene_ops: non...     82    72.0s  1.01%   879ms    531MiB  0.17%  6.48MiB
       ene_ops: xc         82    30.4s  0.43%   371ms   14.3GiB  4.80%   179MiB
       ene_ops: har...     82    2.48s  0.03%  30.3ms   1.83GiB  0.61%  22.9MiB
       ene_ops: kin...     82    1.38s  0.02%  16.8ms   1.76MiB  0.00%  22.0KiB
       ene_ops: local      82    394ms  0.01%  4.81ms    376MiB  0.12%  4.58MiB
   compute_density         81    67.0s  0.94%   828ms   2.54GiB  0.85%  32.1MiB
   QR orthonormaliz...     81    237μs  0.00%  2.93μs     0.00B  0.00%    0.00B
 ──────────────────────────────────────────────────────────────────────────────
