#
#-- SCF Cr19 -- case=adaptive
#
    keywords: (damping = DFTK.AdaptiveDamping(0.05, 1.0, 0.8, 0.2, 1.1, 0.1),)

hostname        = clustern18

started on      = 2022-01-19T22:14:23.129
julia threads   = 1
BLAS threads    = 1
MPI procs       = 15

temperature     = 0.01
smearing        = DFTK.Smearing.Gaussian()
lattice         = [5.442 0.0 0.0; 0.0 5.442 0.0; 0.0 0.0 54.42]
Ecut            = 30.0
fft_size        = (24, 24, 216)
kgrid           = [9, 9, 1]
kshift          = [0.0, 0.0, 0.0]
n_irreducible_k = 30
n_bands         = 320
n_electrons     = 266
type            = potmix
mixing          = KerkerMixing(0.8, 0.0)
damping         = DFTK.AdaptiveDamping(0.05, 1.0, 0.8, 0.2, 1.1, 0.1)
n     Free energy       Eₙ-Eₙ₋₁     ρout-ρin   Magnet   α      Diag
---   ---------------   ---------   --------   ------   ----   ----
  1   -1565.299405610         NaN   7.91e+00   78.040    NaN    2.0
┌ Debug: Iteration 2 linesearch step 1   α=0.8 diagtol=0.0002
└ @ DFTK /home/herbstm/.julia/packages/DFTK/ogFMK/src/scf/potential_mixing.jl:296
┌ Debug: Step accepted
│   energy_change = -28.965180791284865
│   relative_residual = 0.7050713139567416
└ @ DFTK /home/herbstm/.julia/packages/DFTK/ogFMK/src/scf/potential_mixing.jl:86
┌ Debug: Quadratic model accepted
│   model_relerror = 0.03180259323436294
│   slope = -234.82715271289902
│   curv = 493.67304223865426
│   α_model = 0.47567343691288194
└ @ DFTK /home/herbstm/.julia/packages/DFTK/ogFMK/src/scf/potential_mixing.jl:139
  2   -1594.264586402   -2.90e+01   6.50e+00   10.460   0.80   42.5
┌ Debug: Iteration 3 linesearch step 1   α=0.8 diagtol=0.0002
└ @ DFTK /home/herbstm/.julia/packages/DFTK/ogFMK/src/scf/potential_mixing.jl:296
┌ Debug: Step accepted
│   energy_change = -12.843206223368725
│   relative_residual = 0.44326375013941205
└ @ DFTK /home/herbstm/.julia/packages/DFTK/ogFMK/src/scf/potential_mixing.jl:86
┌ Debug: Quadratic model accepted
│   model_relerror = 0.040451834588464415
│   slope = -116.68257736824084
│   curv = 249.94788880465833
│   α_model = 0.4668276172535777
└ @ DFTK /home/herbstm/.julia/packages/DFTK/ogFMK/src/scf/potential_mixing.jl:139
  3   -1607.107792625   -1.28e+01   1.53e+00   10.200   0.80   46.9
┌ Debug: Iteration 4 linesearch step 1   α=0.8 diagtol=0.0002
└ @ DFTK /home/herbstm/.julia/packages/DFTK/ogFMK/src/scf/potential_mixing.jl:296
┌ Debug: Step accepted
│   energy_change = -6.376187502217135
│   relative_residual = 0.8280905629025535
└ @ DFTK /home/herbstm/.julia/packages/DFTK/ogFMK/src/scf/potential_mixing.jl:86
┌ Debug: Quadratic model accepted
│   model_relerror = 0.013829747435068275
│   slope = -87.56855744695724
│   curv = 198.7202418518567
│   α_model = 0.4406624943232428
└ @ DFTK /home/herbstm/.julia/packages/DFTK/ogFMK/src/scf/potential_mixing.jl:139
  4   -1613.483980127   -6.38e+00   8.19e-01    8.507   0.80   38.6
┌ Debug: Iteration 5 linesearch step 1   α=0.8 diagtol=0.0002
└ @ DFTK /home/herbstm/.julia/packages/DFTK/ogFMK/src/scf/potential_mixing.jl:296
┌ Debug: Step accepted
│   energy_change = -7.504421888445449
│   relative_residual = 0.7441657610950454
└ @ DFTK /home/herbstm/.julia/packages/DFTK/ogFMK/src/scf/potential_mixing.jl:86
┌ Debug: Quadratic model accepted
│   model_relerror = 0.0005057724299196938
│   slope = -55.58800086495631
│   curv = 115.5305447912917
│   α_model = 0.4811541481551668
└ @ DFTK /home/herbstm/.julia/packages/DFTK/ogFMK/src/scf/potential_mixing.jl:139
  5   -1620.988402016   -7.50e+00   8.71e-01    4.344   0.80   41.9
┌ Debug: Iteration 6 linesearch step 1   α=0.8 diagtol=0.0002
└ @ DFTK /home/herbstm/.julia/packages/DFTK/ogFMK/src/scf/potential_mixing.jl:296
┌ Debug: Step accepted
│   energy_change = -1.6979765601183772
│   relative_residual = 0.78870085670929
└ @ DFTK /home/herbstm/.julia/packages/DFTK/ogFMK/src/scf/potential_mixing.jl:86
┌ Debug: Quadratic model accepted
│   model_relerror = 0.002481829985018187
│   slope = -5.36472414018202
│   curv = 8.118802628649732
│   α_model = 0.6607777508041536
└ @ DFTK /home/herbstm/.julia/packages/DFTK/ogFMK/src/scf/potential_mixing.jl:139
  6   -1622.686378576   -1.70e+00   5.22e-01    2.816   0.80   43.5
┌ Debug: Iteration 7 linesearch step 1   α=0.8 diagtol=0.0002
└ @ DFTK /home/herbstm/.julia/packages/DFTK/ogFMK/src/scf/potential_mixing.jl:296
┌ Debug: Step accepted
│   energy_change = -4.141336289549145
│   relative_residual = 0.3881581155718862
└ @ DFTK /home/herbstm/.julia/packages/DFTK/ogFMK/src/scf/potential_mixing.jl:86
┌ Debug: Quadratic model accepted
│   model_relerror = 0.00014166379462454405
│   slope = -12.197505905610175
│   curv = 17.550255492266473
│   α_model = 0.6950044636663558
└ @ DFTK /home/herbstm/.julia/packages/DFTK/ogFMK/src/scf/potential_mixing.jl:139
  7   -1626.827714865   -4.14e+00   3.96e-01    1.286   0.80   40.9
┌ Debug: Iteration 8 linesearch step 1   α=0.8 diagtol=0.0002
└ @ DFTK /home/herbstm/.julia/packages/DFTK/ogFMK/src/scf/potential_mixing.jl:296
┌ Debug: Step accepted
│   energy_change = -0.08505467020131618
│   relative_residual = 0.5190923054220533
└ @ DFTK /home/herbstm/.julia/packages/DFTK/ogFMK/src/scf/potential_mixing.jl:86
┌ Debug: Quadratic model accepted
│   model_relerror = 0.00031254458577344293
│   slope = -0.3814218387783128
│   curv = 0.6876756795141051
│   α_model = 0.5546536690781564
└ @ DFTK /home/herbstm/.julia/packages/DFTK/ogFMK/src/scf/potential_mixing.jl:139
  8   -1626.912769536   -8.51e-02   1.53e-01    1.371   0.80   41.9
┌ Debug: Iteration 9 linesearch step 1   α=0.8 diagtol=0.0002
└ @ DFTK /home/herbstm/.julia/packages/DFTK/ogFMK/src/scf/potential_mixing.jl:296
┌ Debug: Step accepted
│   energy_change = -0.0746950910729538
│   relative_residual = 0.6859569632925685
└ @ DFTK /home/herbstm/.julia/packages/DFTK/ogFMK/src/scf/potential_mixing.jl:86
┌ Debug: Quadratic model accepted
│   model_relerror = 0.0004652295060999619
│   slope = -0.21831922212415933
│   curv = 0.3124844905837256
│   α_model = 0.6986561851960582
└ @ DFTK /home/herbstm/.julia/packages/DFTK/ogFMK/src/scf/potential_mixing.jl:139
  9   -1626.987464627   -7.47e-02   9.19e-02    1.571   0.80   41.0
┌ Debug: Iteration 10 linesearch step 1   α=0.8 diagtol=0.0002
└ @ DFTK /home/herbstm/.julia/packages/DFTK/ogFMK/src/scf/potential_mixing.jl:296
┌ Debug: Step accepted
│   energy_change = -0.058283040290689314
│   relative_residual = 0.4800723937830462
└ @ DFTK /home/herbstm/.julia/packages/DFTK/ogFMK/src/scf/potential_mixing.jl:86
┌ Debug: Quadratic model accepted
│   model_relerror = 7.193013116621876e-6
│   slope = -0.17069738200928633
│   curv = 0.24460764401895513
│   α_model = 0.6978415686635642
└ @ DFTK /home/herbstm/.julia/packages/DFTK/ogFMK/src/scf/potential_mixing.jl:139
 10   -1627.045747667   -5.83e-02   5.96e-02    1.658   0.80   41.8
┌ Debug: Iteration 11 linesearch step 1   α=0.8 diagtol=0.0002
└ @ DFTK /home/herbstm/.julia/packages/DFTK/ogFMK/src/scf/potential_mixing.jl:296
┌ Debug: Step accepted
│   energy_change = 0.0014870771674395655
│   relative_residual = 0.8783326943151313
└ @ DFTK /home/herbstm/.julia/packages/DFTK/ogFMK/src/scf/potential_mixing.jl:86
┌ Debug: Quadratic model accepted
│   model_relerror = 0.00046982030651173523
│   slope = -0.010373936271357968
│   curv = 0.030579773517051417
│   α_model = 0.33924176271526063
└ @ DFTK /home/herbstm/.julia/packages/DFTK/ogFMK/src/scf/potential_mixing.jl:139
 11   -1627.044260590    1.49e-03   2.66e-02    1.630   0.80   41.8
┌ Debug: Iteration 12 linesearch step 1   α=0.8 diagtol=0.0002
└ @ DFTK /home/herbstm/.julia/packages/DFTK/ogFMK/src/scf/potential_mixing.jl:296
┌ Debug: Step accepted
│   energy_change = -0.006450276511941411
│   relative_residual = 0.5572046228896995
└ @ DFTK /home/herbstm/.julia/packages/DFTK/ogFMK/src/scf/potential_mixing.jl:86
┌ Debug: Quadratic model accepted
│   model_relerror = 0.00010334751574539698
│   slope = -0.018488890303099255
│   curv = 0.02606302846974044
│   α_model = 0.7093914786059927
└ @ DFTK /home/herbstm/.julia/packages/DFTK/ogFMK/src/scf/potential_mixing.jl:139
 12   -1627.050710866   -6.45e-03   2.76e-02    1.537   0.80   41.5
┌ Debug: Iteration 13 linesearch step 1   α=0.8 diagtol=0.0002
└ @ DFTK /home/herbstm/.julia/packages/DFTK/ogFMK/src/scf/potential_mixing.jl:296
┌ Debug: Step accepted
│   energy_change = -0.0019629367641300632
│   relative_residual = 0.43843013931186303
└ @ DFTK /home/herbstm/.julia/packages/DFTK/ogFMK/src/scf/potential_mixing.jl:86
┌ Debug: Quadratic model accepted
│   model_relerror = 5.691695095352684e-5
│   slope = -0.0064095553114467615
│   curv = 0.009890060029041518
│   α_model = 0.6480805265716809
└ @ DFTK /home/herbstm/.julia/packages/DFTK/ogFMK/src/scf/potential_mixing.jl:139
 13   -1627.052673803   -1.96e-03   1.44e-02    1.520   0.80   41.9
┌ Debug: Iteration 14 linesearch step 1   α=0.8 diagtol=0.00014373169971863728
└ @ DFTK /home/herbstm/.julia/packages/DFTK/ogFMK/src/scf/potential_mixing.jl:296
┌ Debug: Step discarded
│   energy_change = 0.0010490195229522215
│   relative_residual = 1.323629956473294
└ @ DFTK /home/herbstm/.julia/packages/DFTK/ogFMK/src/scf/potential_mixing.jl:86
┌ Debug: Quadratic model accepted
│   model_relerror = 0.00011873171669117135
│   slope = -1.1442367372117155e-5
│   curv = 0.003307181152460399
│   α_model = 0.0034598550380599896
└ @ DFTK /home/herbstm/.julia/packages/DFTK/ogFMK/src/scf/potential_mixing.jl:139
┌ Debug: Iteration 14 linesearch step 2   α=0.05 diagtol=6.980502003641982e-5
└ @ DFTK /home/herbstm/.julia/packages/DFTK/ogFMK/src/scf/potential_mixing.jl:296
┌ Debug: Step accepted
│   energy_change = 3.5830157685268205e-6
│   relative_residual = 0.9674726616914225
└ @ DFTK /home/herbstm/.julia/packages/DFTK/ogFMK/src/scf/potential_mixing.jl:86
 14   -1627.052670220    3.58e-06   4.37e-04    1.520   0.05   93.4
┌ Debug: Iteration 15 linesearch step 1   α=0.2 diagtol=4.366238459553576e-6
└ @ DFTK /home/herbstm/.julia/packages/DFTK/ogFMK/src/scf/potential_mixing.jl:296
┌ Debug: Step accepted
│   energy_change = -0.0003292654946562834
│   relative_residual = 0.21388809844277237
└ @ DFTK /home/herbstm/.julia/packages/DFTK/ogFMK/src/scf/potential_mixing.jl:86
┌ Debug: Quadratic model accepted
│   model_relerror = 8.18665538366247e-5
│   slope = -0.0035849342021482436
│   curv = 0.019387415074590453
│   α_model = 0.18491037553772355
└ @ DFTK /home/herbstm/.julia/packages/DFTK/ogFMK/src/scf/potential_mixing.jl:139
 15   -1627.052999486   -3.29e-04   5.08e-03    1.527   0.20   62.7
┌ Debug: Iteration 16 linesearch step 1   α=0.20340141309149593 diagtol=4.366238459553576e-6
└ @ DFTK /home/herbstm/.julia/packages/DFTK/ogFMK/src/scf/potential_mixing.jl:296
┌ Debug: Step discarded
│   energy_change = 2.5744944650796242e-5
│   relative_residual = 1.0617982213439443
└ @ DFTK /home/herbstm/.julia/packages/DFTK/ogFMK/src/scf/potential_mixing.jl:86
┌ Debug: Quadratic model accepted
│   model_relerror = 5.360890181201974e-6
│   slope = 4.5097374895989664e-5
│   curv = 0.0008011292153263683
│   α_model = -0.05629226101511933
└ @ DFTK /home/herbstm/.julia/packages/DFTK/ogFMK/src/scf/potential_mixing.jl:139
┌ Debug: Iteration 16 linesearch step 2   α=-0.05629226101511933 diagtol=4.366238459553576e-6
└ @ DFTK /home/herbstm/.julia/packages/DFTK/ogFMK/src/scf/potential_mixing.jl:296
┌ Debug: Step accepted
│   energy_change = -1.2561831681523472e-6
│   relative_residual = 1.0736821467969522
└ @ DFTK /home/herbstm/.julia/packages/DFTK/ogFMK/src/scf/potential_mixing.jl:86
 16   -1627.053000742   -1.26e-06   3.12e-04    1.530  -0.06   123.5
┌ Debug: Iteration 17 linesearch step 1   α=0.2 diagtol=3.115217302141607e-6
└ @ DFTK /home/herbstm/.julia/packages/DFTK/ogFMK/src/scf/potential_mixing.jl:296
┌ Debug: Step accepted
│   energy_change = -7.721693691564724e-6
│   relative_residual = 0.5364335487736683
└ @ DFTK /home/herbstm/.julia/packages/DFTK/ogFMK/src/scf/potential_mixing.jl:86
┌ Debug: Quadratic model accepted
│   model_relerror = 0.0018797205024397852
│   slope = -9.247463275381336e-5
│   curv = 0.0005393873686968489
│   α_model = 0.17144382334579056
└ @ DFTK /home/herbstm/.julia/packages/DFTK/ogFMK/src/scf/potential_mixing.jl:139
 17   -1627.053008463   -7.72e-06   2.64e-03    1.493   0.20   63.7
┌ Debug: Iteration 18 linesearch step 1   α=0.2 diagtol=3.115217302141607e-6
└ @ DFTK /home/herbstm/.julia/packages/DFTK/ogFMK/src/scf/potential_mixing.jl:296
┌ Debug: Step accepted
│   energy_change = -4.835913614442688e-6
│   relative_residual = 0.7788470337634887
└ @ DFTK /home/herbstm/.julia/packages/DFTK/ogFMK/src/scf/potential_mixing.jl:86
┌ Debug: Quadratic model accepted
│   model_relerror = 0.00013635141389128458
│   slope = -2.9667358088835706e-5
│   curv = 5.491086979252685e-5
│   α_model = 0.5402820643877929
└ @ DFTK /home/herbstm/.julia/packages/DFTK/ogFMK/src/scf/potential_mixing.jl:139
 18   -1627.053013299   -4.84e-06   4.82e-04    1.493   0.20   63.2
┌ Debug: Iteration 19 linesearch step 1   α=0.5943102708265723 diagtol=3.115217302141607e-6
└ @ DFTK /home/herbstm/.julia/packages/DFTK/ogFMK/src/scf/potential_mixing.jl:296
┌ Debug: Step discarded
│   energy_change = 8.125327667585225e-6
│   relative_residual = 1.1687935553375264
└ @ DFTK /home/herbstm/.julia/packages/DFTK/ogFMK/src/scf/potential_mixing.jl:86
┌ Debug: Quadratic model accepted
│   model_relerror = 0.0004881690844211827
│   slope = 4.589062132542459e-6
│   curv = 3.058831044758e-5
│   α_model = -0.1500266626496699
└ @ DFTK /home/herbstm/.julia/packages/DFTK/ogFMK/src/scf/potential_mixing.jl:139
┌ Debug: Iteration 19 linesearch step 2   α=-0.1500266626496699 diagtol=3.115217302141607e-6
└ @ DFTK /home/herbstm/.julia/packages/DFTK/ogFMK/src/scf/potential_mixing.jl:296
┌ Debug: Step accepted
│   energy_change = -3.3809601518441923e-7
│   relative_residual = 1.1219045042771685
└ @ DFTK /home/herbstm/.julia/packages/DFTK/ogFMK/src/scf/potential_mixing.jl:86
 19   -1627.053013637   -3.38e-07   2.43e-04    1.489  -0.15   126.7
┌ Debug: Iteration 20 linesearch step 1   α=0.2 diagtol=2.4287584879854155e-6
└ @ DFTK /home/herbstm/.julia/packages/DFTK/ogFMK/src/scf/potential_mixing.jl:296
┌ Debug: Step accepted
│   energy_change = -5.0114963414671365e-6
│   relative_residual = 0.41921020353277505
└ @ DFTK /home/herbstm/.julia/packages/DFTK/ogFMK/src/scf/potential_mixing.jl:86
┌ Debug: Quadratic model accepted
│   model_relerror = 0.0020927558235878437
│   slope = -4.018358089411294e-5
│   curv = 0.0001517853923097216
│   α_model = 0.2647394474701321
└ @ DFTK /home/herbstm/.julia/packages/DFTK/ogFMK/src/scf/potential_mixing.jl:139
 20   -1627.053018649   -5.01e-06   1.41e-03    1.514   0.20   65.4
┌ Debug: Iteration 21 linesearch step 1   α=0.2912133922171454 diagtol=2.4287584879854155e-6
└ @ DFTK /home/herbstm/.julia/packages/DFTK/ogFMK/src/scf/potential_mixing.jl:296
┌ Debug: Step accepted
│   energy_change = -1.4018723959452473e-7
│   relative_residual = 0.6366843671791085
└ @ DFTK /home/herbstm/.julia/packages/DFTK/ogFMK/src/scf/potential_mixing.jl:86
┌ Debug: Quadratic model accepted
│   model_relerror = 0.0036087908523234125
│   slope = -3.1656002907846107e-6
│   curv = 1.8446592923340142e-5
│   α_model = 0.17160894176719396
└ @ DFTK /home/herbstm/.julia/packages/DFTK/ogFMK/src/scf/potential_mixing.jl:139
 21   -1627.053018789   -1.40e-07   5.90e-04    1.525   0.29   66.2
┌ Debug: Iteration 22 linesearch step 1   α=0.2912133922171454 diagtol=2.4287584879854155e-6
└ @ DFTK /home/herbstm/.julia/packages/DFTK/ogFMK/src/scf/potential_mixing.jl:296
┌ Debug: Step accepted
│   energy_change = -1.764394710335182e-7
│   relative_residual = 0.8949518838199354
└ @ DFTK /home/herbstm/.julia/packages/DFTK/ogFMK/src/scf/potential_mixing.jl:86
┌ Debug: Quadratic model accepted
│   model_relerror = 0.00022422998264150652
│   slope = -9.914931900705566e-7
│   curv = 2.6492737760258565e-6
│   α_model = 0.37425093587642855
└ @ DFTK /home/herbstm/.julia/packages/DFTK/ogFMK/src/scf/potential_mixing.jl:139
 22   -1627.053018966   -1.76e-07   2.20e-04    1.527   0.29   64.4
┌ Debug: Iteration 23 linesearch step 1   α=0.41167602946407145 diagtol=2.201316275592804e-6
└ @ DFTK /home/herbstm/.julia/packages/DFTK/ogFMK/src/scf/potential_mixing.jl:296
┌ Debug: Step accepted
│   energy_change = -1.7278125596931204e-7
│   relative_residual = 0.9410818871804181
└ @ DFTK /home/herbstm/.julia/packages/DFTK/ogFMK/src/scf/potential_mixing.jl:86
┌ Debug: Quadratic model accepted
│   model_relerror = 0.000676404790103961
│   slope = -7.059394156571371e-7
│   curv = 1.3919745948614318e-6
│   α_model = 0.507149640706921
└ @ DFTK /home/herbstm/.julia/packages/DFTK/ogFMK/src/scf/potential_mixing.jl:139
 23   -1627.053019138   -1.73e-07   2.48e-04    1.530   0.41   64.1
┌ Debug: Iteration 24 linesearch step 1   α=0.5578646047776132 diagtol=2.201316275592804e-6
└ @ DFTK /home/herbstm/.julia/packages/DFTK/ogFMK/src/scf/potential_mixing.jl:296
┌ Debug: Step accepted
│   energy_change = -1.6197714103327598e-7
│   relative_residual = 1.0108649747481824
└ @ DFTK /home/herbstm/.julia/packages/DFTK/ogFMK/src/scf/potential_mixing.jl:86
┌ Debug: Quadratic model accepted
│   model_relerror = 8.562809612245098e-5
│   slope = -7.205719551773079e-7
│   curv = 1.5424699517553736e-6
│   α_model = 0.46715461416754145
└ @ DFTK /home/herbstm/.julia/packages/DFTK/ogFMK/src/scf/potential_mixing.jl:139
 24   -1627.053019300   -1.62e-07   3.48e-04    1.533   0.56   64.8
┌ Debug: Iteration 25 linesearch step 1   α=0.5578646047776132 diagtol=2.201316275592804e-6
└ @ DFTK /home/herbstm/.julia/packages/DFTK/ogFMK/src/scf/potential_mixing.jl:296
┌ Debug: Step accepted
│   energy_change = -2.9205648388597183e-7
│   relative_residual = 0.8461014132167852
└ @ DFTK /home/herbstm/.julia/packages/DFTK/ogFMK/src/scf/potential_mixing.jl:86
┌ Debug: Quadratic model accepted
│   model_relerror = 0.001072809343562132
│   slope = -1.4961553088147655e-6
│   curv = 3.4849611575558557e-6
│   α_model = 0.4293176426287861
└ @ DFTK /home/herbstm/.julia/packages/DFTK/ogFMK/src/scf/potential_mixing.jl:139
 25   -1627.053019592   -2.92e-07   2.34e-04    1.535   0.56   64.9
┌ Debug: Iteration 26 linesearch step 1   α=0.5578646047776132 diagtol=2.201316275592804e-6
└ @ DFTK /home/herbstm/.julia/packages/DFTK/ogFMK/src/scf/potential_mixing.jl:296
┌ Debug: Step accepted
│   energy_change = -1.2975328900211025e-7
│   relative_residual = 0.5149959858264634
└ @ DFTK /home/herbstm/.julia/packages/DFTK/ogFMK/src/scf/potential_mixing.jl:86
┌ Debug: Quadratic model accepted
│   model_relerror = 0.00235866828116868
│   slope = -4.2624046408207323e-7
│   curv = 6.962256043391511e-7
│   α_model = 0.612216013639222
└ @ DFTK /home/herbstm/.julia/packages/DFTK/ogFMK/src/scf/potential_mixing.jl:139
 26   -1627.053019722   -1.30e-07   1.65e-04    1.536   0.56   65.0
┌ Debug: Iteration 27 linesearch step 1   α=0.6734376150031443 diagtol=1.6457049621644567e-6
└ @ DFTK /home/herbstm/.julia/packages/DFTK/ogFMK/src/scf/potential_mixing.jl:296
┌ Debug: Step accepted
│   energy_change = -6.778918759664521e-9
│   relative_residual = 1.4034208031804216
└ @ DFTK /home/herbstm/.julia/packages/DFTK/ogFMK/src/scf/potential_mixing.jl:86
┌ Debug: Quadratic model accepted
│   model_relerror = 0.02512242570604414
│   slope = -2.0213765834753233e-7
│   curv = 5.711722991706083e-7
│   α_model = 0.35389961775291573
└ @ DFTK /home/herbstm/.julia/packages/DFTK/ogFMK/src/scf/potential_mixing.jl:139
 27   -1627.053019729   -6.78e-09   2.42e-04    1.538   0.67   66.8
┌ Debug: Iteration 28 linesearch step 1   α=0.6734376150031443 diagtol=1.6457049621644567e-6
└ @ DFTK /home/herbstm/.julia/packages/DFTK/ogFMK/src/scf/potential_mixing.jl:296
┌ Debug: Step accepted
│   energy_change = -8.977849574876018e-8
│   relative_residual = 0.6882838462332191
└ @ DFTK /home/herbstm/.julia/packages/DFTK/ogFMK/src/scf/potential_mixing.jl:86
┌ Debug: Quadratic model accepted
│   model_relerror = 0.0018310750918070153
│   slope = -2.398772455467613e-7
│   curv = 3.1575152570443064e-7
│   α_model = 0.7597025699609956
└ @ DFTK /home/herbstm/.julia/packages/DFTK/ogFMK/src/scf/potential_mixing.jl:139
 28   -1627.053019819   -8.98e-08   1.03e-04    1.539   0.67   66.8
┌ Debug: Iteration 29 linesearch step 1   α=0.8356728269570952 diagtol=1.0314905162411781e-6
└ @ DFTK /home/herbstm/.julia/packages/DFTK/ogFMK/src/scf/potential_mixing.jl:296
┌ Debug: Step discarded
│   energy_change = 6.116806616773829e-8
│   relative_residual = 1.561572545767908
└ @ DFTK /home/herbstm/.julia/packages/DFTK/ogFMK/src/scf/potential_mixing.jl:86
┌ Debug: Quadratic model accepted
│   model_relerror = 0.0025537134785517807
│   slope = -1.519670843712356e-7
│   curv = 5.393261703088763e-7
│   α_model = 0.28177213110983074
└ @ DFTK /home/herbstm/.julia/packages/DFTK/ogFMK/src/scf/potential_mixing.jl:139
┌ Debug: Iteration 29 linesearch step 2   α=0.28177213110983074 diagtol=1.0314905162411781e-6
└ @ DFTK /home/herbstm/.julia/packages/DFTK/ogFMK/src/scf/potential_mixing.jl:296
┌ Debug: Step accepted
│   energy_change = -2.1466121324920096e-8
│   relative_residual = 0.9206650989025957
└ @ DFTK /home/herbstm/.julia/packages/DFTK/ogFMK/src/scf/potential_mixing.jl:86
 29   -1627.053019840   -2.15e-08   7.47e-05    1.540   0.28   140.0
┌ Debug: Iteration 30 linesearch step 1   α=0.28177213110983074 diagtol=7.473045113340215e-7
└ @ DFTK /home/herbstm/.julia/packages/DFTK/ogFMK/src/scf/potential_mixing.jl:296
┌ Debug: Step accepted
│   energy_change = -1.7987986211664975e-7
│   relative_residual = 0.7972471599881258
└ @ DFTK /home/herbstm/.julia/packages/DFTK/ogFMK/src/scf/potential_mixing.jl:86
┌ Debug: Quadratic model accepted
│   model_relerror = 0.0004285064212761654
│   slope = -7.199844066932468e-7
│   curv = 5.811078824765381e-7
│   α_model = 1.2389857862964295
└ @ DFTK /home/herbstm/.julia/packages/DFTK/ogFMK/src/scf/potential_mixing.jl:139
 30   -1627.053020020   -1.80e-07   6.39e-04    1.546   0.28   71.4
┌ Debug: Iteration 31 linesearch step 1   α=1.0 diagtol=7.473045113340215e-7
└ @ DFTK /home/herbstm/.julia/packages/DFTK/ogFMK/src/scf/potential_mixing.jl:296
┌ Debug: Step accepted
│   energy_change = -1.6731155483284965e-7
│   relative_residual = 1.0893842835324148
└ @ DFTK /home/herbstm/.julia/packages/DFTK/ogFMK/src/scf/potential_mixing.jl:86
 31   -1627.053020187   -1.67e-07   8.73e-04    1.555   1.00   73.0
┌ Debug: Iteration 32 linesearch step 1   α=1.0 diagtol=7.473045113340215e-7
└ @ DFTK /home/herbstm/.julia/packages/DFTK/ogFMK/src/scf/potential_mixing.jl:296
┌ Debug: Step discarded
│   energy_change = 2.2776475816499442e-8
│   relative_residual = 1.8309279711378161
└ @ DFTK /home/herbstm/.julia/packages/DFTK/ogFMK/src/scf/potential_mixing.jl:86
┌ Debug: Quadratic model accepted
│   model_relerror = 0.0005790041129257676
│   slope = -3.653015745776031e-7
│   curv = 7.76182202382575e-7
│   α_model = 0.47063894721660776
└ @ DFTK /home/herbstm/.julia/packages/DFTK/ogFMK/src/scf/potential_mixing.jl:139
┌ Debug: Iteration 32 linesearch step 2   α=0.47063894721660776 diagtol=7.473045113340215e-7
└ @ DFTK /home/herbstm/.julia/packages/DFTK/ogFMK/src/scf/potential_mixing.jl:296
┌ Debug: Step accepted
│   energy_change = -8.598840395279694e-8
│   relative_residual = 0.8734823392137284
└ @ DFTK /home/herbstm/.julia/packages/DFTK/ogFMK/src/scf/potential_mixing.jl:86
 32   -1627.053020273   -8.60e-08   4.85e-04    1.560   0.47   140.5
┌ Debug: Iteration 33 linesearch step 1   α=0.47063894721660776 diagtol=7.473045113340215e-7
└ @ DFTK /home/herbstm/.julia/packages/DFTK/ogFMK/src/scf/potential_mixing.jl:296
┌ Debug: Step accepted
│   energy_change = -1.395812887494685e-7
│   relative_residual = 0.5158704938699724
└ @ DFTK /home/herbstm/.julia/packages/DFTK/ogFMK/src/scf/potential_mixing.jl:86
┌ Debug: Quadratic model accepted
│   model_relerror = 0.00201014848057861
│   slope = -4.5339916276357135e-7
│   curv = 6.68950389121093e-7
│   α_model = 0.677776962443021
└ @ DFTK /home/herbstm/.julia/packages/DFTK/ogFMK/src/scf/potential_mixing.jl:139
 33   -1627.053020413   -1.40e-07   1.18e-03    1.572   0.47   71.5
┌ Debug: Iteration 34 linesearch step 1   α=0.7455546586873232 diagtol=7.473045113340215e-7
└ @ DFTK /home/herbstm/.julia/packages/DFTK/ogFMK/src/scf/potential_mixing.jl:296
┌ Debug: Step accepted
│   energy_change = -1.634566615393851e-8
│   relative_residual = 1.356187216155965
└ @ DFTK /home/herbstm/.julia/packages/DFTK/ogFMK/src/scf/potential_mixing.jl:86
┌ Debug: Quadratic model accepted
│   model_relerror = 0.004326113869994018
│   slope = -3.9120534898555725e-8
│   curv = 4.638498207670017e-8
│   α_model = 0.8433879490104733
└ @ DFTK /home/herbstm/.julia/packages/DFTK/ogFMK/src/scf/potential_mixing.jl:139
 34   -1627.053020429   -1.63e-08   4.06e-04    1.576   0.75   70.8
┌ Debug: Iteration 35 linesearch step 1   α=0.9277267439115208 diagtol=7.473045113340215e-7
└ @ DFTK /home/herbstm/.julia/packages/DFTK/ogFMK/src/scf/potential_mixing.jl:296
┌ Debug: Step accepted
│   energy_change = -7.016978997853585e-9
│   relative_residual = 0.9368499569086634
└ @ DFTK /home/herbstm/.julia/packages/DFTK/ogFMK/src/scf/potential_mixing.jl:86
┌ Debug: Quadratic model accepted
│   model_relerror = 0.00022682349891448754
│   slope = -2.6657945398310856e-8
│   curv = 4.1159648933065726e-8
│   α_model = 0.6476718361145961
└ @ DFTK /home/herbstm/.julia/packages/DFTK/ogFMK/src/scf/potential_mixing.jl:139
 35   -1627.053020436   -7.02e-09   1.40e-04    1.577   0.93   71.0
┌ Debug: Iteration 36 linesearch step 1   α=0.9277267439115208 diagtol=7.473045113340215e-7
└ @ DFTK /home/herbstm/.julia/packages/DFTK/ogFMK/src/scf/potential_mixing.jl:296
┌ Debug: Step discarded
│   energy_change = 7.000835466897115e-10
│   relative_residual = 1.0840044191730744
└ @ DFTK /home/herbstm/.julia/packages/DFTK/ogFMK/src/scf/potential_mixing.jl:86
┌ Debug: Quadratic model accepted
│   model_relerror = 0.013965573238064306
│   slope = -2.0555248190241228e-8
│   curv = 4.5962434905646784e-8
│   α_model = 0.4472184346290123
└ @ DFTK /home/herbstm/.julia/packages/DFTK/ogFMK/src/scf/potential_mixing.jl:139
┌ Debug: Iteration 36 linesearch step 2   α=0.4472184346290123 diagtol=7.473045113340215e-7
└ @ DFTK /home/herbstm/.julia/packages/DFTK/ogFMK/src/scf/potential_mixing.jl:296
┌ Debug: Step accepted
│   energy_change = -4.598859959514812e-9
│   relative_residual = 0.6064881019766593
└ @ DFTK /home/herbstm/.julia/packages/DFTK/ogFMK/src/scf/potential_mixing.jl:86
 36   -1627.053020441   -4.60e-09   3.65e-05    1.577   0.45   141.0
┌ Debug: Iteration 37 linesearch step 1   α=0.4472184346290123 diagtol=3.648329579143566e-7
└ @ DFTK /home/herbstm/.julia/packages/DFTK/ogFMK/src/scf/potential_mixing.jl:296
┌ Debug: Step accepted
│   energy_change = -3.4024196793325245e-9
│   relative_residual = 0.5519614949602991
└ @ DFTK /home/herbstm/.julia/packages/DFTK/ogFMK/src/scf/potential_mixing.jl:86
┌ Debug: Quadratic model accepted
│   model_relerror = 0.006883186313819834
│   slope = -1.8324206149215576e-8
│   curv = 4.815980810882961e-8
│   α_model = 0.38048752411569553
└ @ DFTK /home/herbstm/.julia/packages/DFTK/ogFMK/src/scf/potential_mixing.jl:139
 37   -1627.053020444   -3.40e-09   1.55e-04    1.579   0.45   75.6
┌ Debug: Iteration 38 linesearch step 1   α=0.4472184346290123 diagtol=3.648329579143566e-7
└ @ DFTK /home/herbstm/.julia/packages/DFTK/ogFMK/src/scf/potential_mixing.jl:296
┌ Debug: Step accepted
│   energy_change = -2.2305357560981065e-9
│   relative_residual = 0.5972453610658909
└ @ DFTK /home/herbstm/.julia/packages/DFTK/ogFMK/src/scf/potential_mixing.jl:86
┌ Debug: Quadratic model accepted
│   model_relerror = 0.003975535168195718
│   slope = -8.519380141809393e-9
│   curv = 1.5706884044837556e-8
│   α_model = 0.5423978503622742
└ @ DFTK /home/herbstm/.julia/packages/DFTK/ogFMK/src/scf/potential_mixing.jl:139
 38   -1627.053020446   -2.23e-09   3.97e-05    1.579   0.45   75.5
┌ Debug: Iteration 39 linesearch step 1   α=0.5966376353985017 diagtol=3.648329579143566e-7
└ @ DFTK /home/herbstm/.julia/packages/DFTK/ogFMK/src/scf/potential_mixing.jl:296
┌ Debug: Step accepted
│   energy_change = -4.6293280320242047e-10
│   relative_residual = 0.8396826753365103
└ @ DFTK /home/herbstm/.julia/packages/DFTK/ogFMK/src/scf/potential_mixing.jl:86
┌ Debug: Quadratic model accepted
│   model_relerror = 0.055992141453831044
│   slope = -2.9945782625539337e-9
│   curv = 7.583570950682833e-9
│   α_model = 0.39487706807626016
└ @ DFTK /home/herbstm/.julia/packages/DFTK/ogFMK/src/scf/potential_mixing.jl:139
 39   -1627.053020447   -4.63e-10   7.34e-05    1.580   0.60   75.0
┌ Debug: Iteration 40 linesearch step 1   α=0.5966376353985017 diagtol=3.648329579143566e-7
└ @ DFTK /home/herbstm/.julia/packages/DFTK/ogFMK/src/scf/potential_mixing.jl:296
┌ Debug: Step accepted
│   energy_change = -8.071765478234738e-11
│   relative_residual = 1.2200772302590528
└ @ DFTK /home/herbstm/.julia/packages/DFTK/ogFMK/src/scf/potential_mixing.jl:86
┌ Debug: Quadratic model discarded
│   model_relerror = 0.4140845070422535
│   slope = -2.126531435540819e-9
│   curv = 6.486786910615575e-9
│   α_model = 0.3278250796339197
└ @ DFTK /home/herbstm/.julia/packages/DFTK/ogFMK/src/scf/potential_mixing.jl:142
 40   -1627.053020447   -8.07e-11   3.36e-05    1.579   0.60   75.3
┌ Debug: Iteration 41 linesearch step 1   α=0.5966376353985017 diagtol=3.361101258785907e-7
└ @ DFTK /home/herbstm/.julia/packages/DFTK/ogFMK/src/scf/potential_mixing.jl:296
┌ Debug: Step accepted
│   energy_change = -4.6475179260596633e-10
│   relative_residual = 0.3325943840020612
└ @ DFTK /home/herbstm/.julia/packages/DFTK/ogFMK/src/scf/potential_mixing.jl:86
┌ Debug: Quadratic model accepted
│   model_relerror = 0.030332681017612523
│   slope = -1.4052048363041795e-9
│   curv = 2.178043935240804e-9
│   α_model = 0.645168269366807
└ @ DFTK /home/herbstm/.julia/packages/DFTK/ogFMK/src/scf/potential_mixing.jl:139
 41   -1627.053020448   -4.65e-10   3.13e-05    1.580   0.60   75.4
┌ Debug: Iteration 42 linesearch step 1   α=0.7096850963034879 diagtol=3.133351366908203e-7
└ @ DFTK /home/herbstm/.julia/packages/DFTK/ogFMK/src/scf/potential_mixing.jl:296
┌ Debug: Step accepted
│   energy_change = -4.320099833421409e-12
│   relative_residual = 1.7669674777661124
└ @ DFTK /home/herbstm/.julia/packages/DFTK/ogFMK/src/scf/potential_mixing.jl:86
┌ Debug: Quadratic model discarded
│   model_relerror = 1.1578947368421053
│   slope = -2.0372701593765784e-10
│   curv = 5.770473419990236e-10
│   α_model = 0.35305078302917225
└ @ DFTK /home/herbstm/.julia/packages/DFTK/ogFMK/src/scf/potential_mixing.jl:142
 42   -1627.053020448   -4.32e-12   1.52e-05    1.580   0.71   76.1

Energy breakdown:
    Kinetic             687.3067440
    AtomicLocal         -1538.6242522
    AtomicNonlocal      -52.0770064
    Ewald               -1061.2171542
    PspCorrection       46.7919102
    Hartree             472.7875204
    Xc                  -182.0046029
    Entropy             -0.0161793

    total               -1627.053020447507

 ──────────────────────────────────────────────────────────────────────────────
                                       Time                   Allocations      
                               ──────────────────────   ───────────────────────
       Tot / % measured:           29572s / 100%             677GiB / 100%     

 Section               ncalls     time   %tot     avg     alloc   %tot      avg
 ──────────────────────────────────────────────────────────────────────────────
 scf_potential_mixing       1   29564s   100%  29564s    677GiB  100%    677GiB
   LOBPCG                  96   28840s  97.5%    300s    648GiB  95.8%  6.75GiB
     rayleigh_ritz      5.53k    6221s  21.0%   1.12s   45.5GiB  6.73%  8.43MiB
     Hamiltonian mu...  5.63k    3401s  11.5%   604ms   92.9GiB  13.7%  16.9MiB
       nonlocal         5.63k    1729s  5.85%   307ms   86.5GiB  12.8%  15.7MiB
       kinetic+local    5.63k    1669s  5.65%   297ms   1.11GiB  0.16%   208KiB
     ortho!             23.5k    2326s  7.87%  98.9ms   39.8GiB  5.89%  1.73MiB
   energy_hamiltonian      49     100s  0.34%   2.05s   10.1GiB  1.49%   210MiB
     ene_ops               49    97.9s  0.33%   2.00s   9.61GiB  1.42%   201MiB
       ene_ops: non...     49    67.7s  0.23%   1.38s    414MiB  0.06%  8.46MiB
       ene_ops: xc         49    19.4s  0.07%   396ms   7.95GiB  1.17%   166MiB
       ene_ops: kin...     49    2.29s  0.01%  46.8ms   41.4MiB  0.01%   865KiB
       ene_ops: har...     49    1.10s  0.00%  22.5ms    492MiB  0.07%  10.0MiB
       ene_ops: local      49    413ms  0.00%  8.43ms    114MiB  0.02%  2.32MiB
   compute_density         48    86.1s  0.29%   1.79s   1.45GiB  0.21%  30.9MiB
   apply_kernel            40    30.0s  0.10%   749ms   10.6GiB  1.56%   271MiB
   KerkerMixing            48    2.21s  0.01%  46.1ms   1.36GiB  0.20%  29.0MiB
   QR orthonormaliz...     96    224μs  0.00%  2.33μs     0.00B  0.00%    0.00B
 ──────────────────────────────────────────────────────────────────────────────
┌ Debug: Library handles
│   libGR_handle[] = Ptr{Nothing} @0x000000000f6c5d90
│   libGR3_handle[] = Ptr{Nothing} @0x00000000106f0a70
│   libGRM_handle[] = Ptr{Nothing} @0x000000000f6a2a80
└ @ GR /home/herbstm/.julia/packages/GR/4DHy8/src/funcptrs.jl:67
┌ Debug: Found GKS_ENCODING in ENV
│   text_encoding[] = 301
└ @ GR /home/herbstm/.julia/packages/GR/4DHy8/src/GR.jl:468
