#
#-- SCF Cr19 -- case=standard_03
#
    keywords: (damping = DFTK.FixedDamping(0.3), tol = 1.0e-12)

hostname        = clustern11

started on      = 2022-01-27T09:34:08.427
julia threads   = 1
BLAS threads    = 1
MPI procs       = 15

temperature     = 0.01
smearing        = DFTK.Smearing.Gaussian()
lattice         = [5.442 0.0 0.0; 0.0 5.442 0.0; 0.0 0.0 54.42]
Ecut            = 30.0
fft_size        = (24, 24, 216)
kgrid           = [9, 9, 1]
kshift          = [0.0, 0.0, 0.0]
n_irreducible_k = 30
n_bands         = 320
n_electrons     = 266
type            = potmix
mixing          = KerkerMixing(0.8, 0.0)
damping         = DFTK.FixedDamping(0.3)
n     Free energy       Eₙ-Eₙ₋₁     ρout-ρin   Magnet   α      Diag
---   ---------------   ---------   --------   ------   ----   ----
  1   -1565.299405610         NaN   7.91e+00   78.040    NaN    2.0
┌ Debug: Iteration 2 linesearch step 1   α=0.3 diagtol=0.0002
└ @ DFTK /home/herbstm/.julia/packages/DFTK/ogFMK/src/scf/potential_mixing.jl:296
  2   -1609.381837748   -4.41e+01   2.86e+00   61.450   0.30   39.7
┌ Debug: Iteration 3 linesearch step 1   α=0.3 diagtol=0.0002
└ @ DFTK /home/herbstm/.julia/packages/DFTK/ogFMK/src/scf/potential_mixing.jl:296
  3   -1552.810789641    5.66e+01   2.05e+00   26.880   0.30   45.6
┌ Debug: Iteration 4 linesearch step 1   α=0.3 diagtol=0.0002
└ @ DFTK /home/herbstm/.julia/packages/DFTK/ogFMK/src/scf/potential_mixing.jl:296
  4   -1625.646946177   -7.28e+01   7.67e-01   21.310   0.30   40.6
┌ Debug: Iteration 5 linesearch step 1   α=0.3 diagtol=0.0002
└ @ DFTK /home/herbstm/.julia/packages/DFTK/ogFMK/src/scf/potential_mixing.jl:296
  5   -1626.030049865   -3.83e-01   3.20e-01   16.030   0.30   40.7
┌ Debug: Iteration 6 linesearch step 1   α=0.3 diagtol=0.0002
└ @ DFTK /home/herbstm/.julia/packages/DFTK/ogFMK/src/scf/potential_mixing.jl:296
  6   -1626.076129451   -4.61e-02   2.22e-01   11.600   0.30   41.4
┌ Debug: Iteration 7 linesearch step 1   α=0.3 diagtol=0.0002
└ @ DFTK /home/herbstm/.julia/packages/DFTK/ogFMK/src/scf/potential_mixing.jl:296
  7   -1626.741710776   -6.66e-01   2.69e-01    4.957   0.30   41.0
┌ Debug: Iteration 8 linesearch step 1   α=0.3 diagtol=0.0002
└ @ DFTK /home/herbstm/.julia/packages/DFTK/ogFMK/src/scf/potential_mixing.jl:296
  8   -1626.906363294   -1.65e-01   9.55e-02    4.015   0.30   40.1
┌ Debug: Iteration 9 linesearch step 1   α=0.3 diagtol=0.0002
└ @ DFTK /home/herbstm/.julia/packages/DFTK/ogFMK/src/scf/potential_mixing.jl:296
  9   -1626.976805694   -7.04e-02   5.03e-02    3.729   0.30   41.4
┌ Debug: Iteration 10 linesearch step 1   α=0.3 diagtol=0.0002
└ @ DFTK /home/herbstm/.julia/packages/DFTK/ogFMK/src/scf/potential_mixing.jl:296
 10   -1627.032525421   -5.57e-02   2.07e-02    3.450   0.30   42.2
┌ Debug: Iteration 11 linesearch step 1   α=0.3 diagtol=0.0002
└ @ DFTK /home/herbstm/.julia/packages/DFTK/ogFMK/src/scf/potential_mixing.jl:296
 11   -1627.047472092   -1.49e-02   3.61e-02    2.714   0.30   43.1
┌ Debug: Iteration 12 linesearch step 1   α=0.3 diagtol=0.0002
└ @ DFTK /home/herbstm/.julia/packages/DFTK/ogFMK/src/scf/potential_mixing.jl:296
 12   -1627.045217518    2.25e-03   1.73e-02    2.428   0.30   44.1
┌ Debug: Iteration 13 linesearch step 1   α=0.3 diagtol=0.00017336186005299111
└ @ DFTK /home/herbstm/.julia/packages/DFTK/ogFMK/src/scf/potential_mixing.jl:296
 13   -1627.049550884   -4.33e-03   4.74e-03    2.389   0.30   43.2
┌ Debug: Iteration 14 linesearch step 1   α=0.3 diagtol=4.739275264461939e-5
└ @ DFTK /home/herbstm/.julia/packages/DFTK/ogFMK/src/scf/potential_mixing.jl:296
 14   -1627.052236468   -2.69e-03   4.11e-03    2.357   0.30   50.3
┌ Debug: Iteration 15 linesearch step 1   α=0.3 diagtol=4.11156717331246e-5
└ @ DFTK /home/herbstm/.julia/packages/DFTK/ogFMK/src/scf/potential_mixing.jl:296
 15   -1627.052571485   -3.35e-04   4.86e-03    2.308   0.30   51.3
┌ Debug: Iteration 16 linesearch step 1   α=0.3 diagtol=4.11156717331246e-5
└ @ DFTK /home/herbstm/.julia/packages/DFTK/ogFMK/src/scf/potential_mixing.jl:296
 16   -1627.052719058   -1.48e-04   4.01e-03    2.268   0.30   52.3
┌ Debug: Iteration 17 linesearch step 1   α=0.3 diagtol=4.0142089362401e-5
└ @ DFTK /home/herbstm/.julia/packages/DFTK/ogFMK/src/scf/potential_mixing.jl:296
 17   -1627.052757526   -3.85e-05   4.42e-03    2.236   0.30   51.1
┌ Debug: Iteration 18 linesearch step 1   α=0.3 diagtol=4.0142089362401e-5
└ @ DFTK /home/herbstm/.julia/packages/DFTK/ogFMK/src/scf/potential_mixing.jl:296
 18   -1627.052792650   -3.51e-05   6.93e-03    2.184   0.30   52.8
┌ Debug: Iteration 19 linesearch step 1   α=0.3 diagtol=4.0142089362401e-5
└ @ DFTK /home/herbstm/.julia/packages/DFTK/ogFMK/src/scf/potential_mixing.jl:296
 19   -1627.052861051   -6.84e-05   5.20e-03    2.139   0.30   51.9
┌ Debug: Iteration 20 linesearch step 1   α=0.3 diagtol=4.0142089362401e-5
└ @ DFTK /home/herbstm/.julia/packages/DFTK/ogFMK/src/scf/potential_mixing.jl:296
 20   -1627.052897515   -3.65e-05   5.61e-03    2.091   0.30   51.9
┌ Debug: Iteration 21 linesearch step 1   α=0.3 diagtol=4.0142089362401e-5
└ @ DFTK /home/herbstm/.julia/packages/DFTK/ogFMK/src/scf/potential_mixing.jl:296
 21   -1627.052936395   -3.89e-05   9.06e-03    2.001   0.30   51.8
┌ Debug: Iteration 22 linesearch step 1   α=0.3 diagtol=4.0142089362401e-5
└ @ DFTK /home/herbstm/.julia/packages/DFTK/ogFMK/src/scf/potential_mixing.jl:296
 22   -1627.052976600   -4.02e-05   1.19e-02    1.884   0.30   51.6
┌ Debug: Iteration 23 linesearch step 1   α=0.3 diagtol=4.0142089362401e-5
└ @ DFTK /home/herbstm/.julia/packages/DFTK/ogFMK/src/scf/potential_mixing.jl:296
 23   -1627.052988405   -1.18e-05   6.46e-03    1.821   0.30   52.0
┌ Debug: Iteration 24 linesearch step 1   α=0.3 diagtol=4.0142089362401e-5
└ @ DFTK /home/herbstm/.julia/packages/DFTK/ogFMK/src/scf/potential_mixing.jl:296
 24   -1627.053006773   -1.84e-05   7.15e-03    1.750   0.30   52.0
┌ Debug: Iteration 25 linesearch step 1   α=0.3 diagtol=4.0142089362401e-5
└ @ DFTK /home/herbstm/.julia/packages/DFTK/ogFMK/src/scf/potential_mixing.jl:296
 25   -1627.053014698   -7.92e-06   6.84e-03    1.686   0.30   51.4
┌ Debug: Iteration 26 linesearch step 1   α=0.3 diagtol=4.0142089362401e-5
└ @ DFTK /home/herbstm/.julia/packages/DFTK/ogFMK/src/scf/potential_mixing.jl:296
 26   -1627.053016964   -2.27e-06   2.31e-03    1.664   0.30   51.8
┌ Debug: Iteration 27 linesearch step 1   α=0.3 diagtol=2.3138404869064257e-5
└ @ DFTK /home/herbstm/.julia/packages/DFTK/ogFMK/src/scf/potential_mixing.jl:296
 27   -1627.053018041   -1.08e-06   1.39e-03    1.651   0.30   52.4
┌ Debug: Iteration 28 linesearch step 1   α=0.3 diagtol=1.3911303913965501e-5
└ @ DFTK /home/herbstm/.julia/packages/DFTK/ogFMK/src/scf/potential_mixing.jl:296
 28   -1627.053019723   -1.68e-06   3.76e-03    1.615   0.30   56.5
┌ Debug: Iteration 29 linesearch step 1   α=0.3 diagtol=1.3911303913965501e-5
└ @ DFTK /home/herbstm/.julia/packages/DFTK/ogFMK/src/scf/potential_mixing.jl:296
 29   -1627.053019929   -2.07e-07   6.15e-04    1.609   0.30   54.5
┌ Debug: Iteration 30 linesearch step 1   α=0.3 diagtol=6.152751091076252e-6
└ @ DFTK /home/herbstm/.julia/packages/DFTK/ogFMK/src/scf/potential_mixing.jl:296
 30   -1627.053020319   -3.89e-07   1.66e-03    1.593   0.30   59.1
┌ Debug: Iteration 31 linesearch step 1   α=0.3 diagtol=6.152751091076252e-6
└ @ DFTK /home/herbstm/.julia/packages/DFTK/ogFMK/src/scf/potential_mixing.jl:296
 31   -1627.053020369   -4.97e-08   4.33e-04    1.589   0.30   58.4
┌ Debug: Iteration 32 linesearch step 1   α=0.3 diagtol=4.326083477177563e-6
└ @ DFTK /home/herbstm/.julia/packages/DFTK/ogFMK/src/scf/potential_mixing.jl:296
 32   -1627.053020405   -3.63e-08   2.38e-04    1.587   0.30   60.9
┌ Debug: Iteration 33 linesearch step 1   α=0.3 diagtol=2.376591903756691e-6
└ @ DFTK /home/herbstm/.julia/packages/DFTK/ogFMK/src/scf/potential_mixing.jl:296
 33   -1627.053020405   -2.91e-10   1.02e-04    1.587   0.30   64.8
┌ Debug: Iteration 34 linesearch step 1   α=0.3 diagtol=1.020172424321766e-6
└ @ DFTK /home/herbstm/.julia/packages/DFTK/ogFMK/src/scf/potential_mixing.jl:296
 34   -1627.053020420   -1.51e-08   6.82e-05    1.587   0.30   70.4
┌ Debug: Iteration 35 linesearch step 1   α=0.3 diagtol=6.822575844505994e-7
└ @ DFTK /home/herbstm/.julia/packages/DFTK/ogFMK/src/scf/potential_mixing.jl:296
 35   -1627.053020364    5.59e-08   5.02e-05    1.587   0.30   70.1
┌ Debug: Iteration 36 linesearch step 1   α=0.3 diagtol=5.017493707696112e-7
└ @ DFTK /home/herbstm/.julia/packages/DFTK/ogFMK/src/scf/potential_mixing.jl:296
 36   -1627.053020418   -5.39e-08   3.71e-05    1.587   0.30   73.9
┌ Debug: Iteration 37 linesearch step 1   α=0.3 diagtol=3.709134069102135e-7
└ @ DFTK /home/herbstm/.julia/packages/DFTK/ogFMK/src/scf/potential_mixing.jl:296
 37   -1627.053020420   -1.70e-09   6.58e-05    1.588   0.30   76.1
┌ Debug: Iteration 38 linesearch step 1   α=0.3 diagtol=3.709134069102135e-7
└ @ DFTK /home/herbstm/.julia/packages/DFTK/ogFMK/src/scf/potential_mixing.jl:296
 38   -1627.053020428   -8.41e-09   1.13e-04    1.587   0.30   75.4
┌ Debug: Iteration 39 linesearch step 1   α=0.3 diagtol=3.709134069102135e-7
└ @ DFTK /home/herbstm/.julia/packages/DFTK/ogFMK/src/scf/potential_mixing.jl:296
 39   -1627.053020431   -2.59e-09   4.25e-05    1.586   0.30   75.7
┌ Debug: Iteration 40 linesearch step 1   α=0.3 diagtol=3.709134069102135e-7
└ @ DFTK /home/herbstm/.julia/packages/DFTK/ogFMK/src/scf/potential_mixing.jl:296
 40   -1627.053020433   -1.59e-09   2.91e-05    1.586   0.30   75.7
┌ Debug: Iteration 41 linesearch step 1   α=0.3 diagtol=2.9115547338809235e-7
└ @ DFTK /home/herbstm/.julia/packages/DFTK/ogFMK/src/scf/potential_mixing.jl:296
 41   -1627.053020434   -1.35e-09   4.46e-05    1.586   0.30   76.4
┌ Debug: Iteration 42 linesearch step 1   α=0.3 diagtol=2.9115547338809235e-7
└ @ DFTK /home/herbstm/.julia/packages/DFTK/ogFMK/src/scf/potential_mixing.jl:296
 42   -1627.053020433    1.17e-09   5.91e-06    1.586   0.30   76.9
┌ Debug: Iteration 43 linesearch step 1   α=0.3 diagtol=5.914331328509081e-8
└ @ DFTK /home/herbstm/.julia/packages/DFTK/ogFMK/src/scf/potential_mixing.jl:296
 43   -1627.053020434   -9.67e-10   1.62e-05    1.585   0.30   87.0
┌ Debug: Iteration 44 linesearch step 1   α=0.3 diagtol=5.914331328509081e-8
└ @ DFTK /home/herbstm/.julia/packages/DFTK/ogFMK/src/scf/potential_mixing.jl:296
 44   -1627.053020434   -4.80e-10   1.81e-05    1.585   0.30   87.3
┌ Debug: Iteration 45 linesearch step 1   α=0.3 diagtol=5.914331328509081e-8
└ @ DFTK /home/herbstm/.julia/packages/DFTK/ogFMK/src/scf/potential_mixing.jl:296
 45   -1627.053020433    1.18e-09   6.78e-06    1.585   0.30   87.5
┌ Debug: Iteration 46 linesearch step 1   α=0.3 diagtol=5.914331328509081e-8
└ @ DFTK /home/herbstm/.julia/packages/DFTK/ogFMK/src/scf/potential_mixing.jl:296
 46   -1627.053020432    7.04e-10   5.51e-06    1.585   0.30   85.3
┌ Debug: Iteration 47 linesearch step 1   α=0.3 diagtol=5.50999498720759e-8
└ @ DFTK /home/herbstm/.julia/packages/DFTK/ogFMK/src/scf/potential_mixing.jl:296
 47   -1627.053020433   -4.52e-10   1.99e-05    1.585   0.30   86.7
┌ Debug: Iteration 48 linesearch step 1   α=0.3 diagtol=5.50999498720759e-8
└ @ DFTK /home/herbstm/.julia/packages/DFTK/ogFMK/src/scf/potential_mixing.jl:296
 48   -1627.053020433   -1.75e-10   4.95e-06    1.585   0.30   86.9
┌ Debug: Iteration 49 linesearch step 1   α=0.3 diagtol=4.9511821353769385e-8
└ @ DFTK /home/herbstm/.julia/packages/DFTK/ogFMK/src/scf/potential_mixing.jl:296
 49   -1627.053020434   -8.70e-10   7.29e-06    1.585   0.30   89.4
┌ Debug: Iteration 50 linesearch step 1   α=0.3 diagtol=4.9511821353769385e-8
└ @ DFTK /home/herbstm/.julia/packages/DFTK/ogFMK/src/scf/potential_mixing.jl:296
 50   -1627.053020434   -5.59e-11   1.67e-06    1.585   0.30   88.1
┌ Debug: Iteration 51 linesearch step 1   α=0.3 diagtol=1.6695013551488775e-8
└ @ DFTK /home/herbstm/.julia/packages/DFTK/ogFMK/src/scf/potential_mixing.jl:296
 51   -1627.053020434    1.96e-10   1.09e-06    1.585   0.30   93.4
┌ Debug: Iteration 52 linesearch step 1   α=0.3 diagtol=1.0948265746564937e-8
└ @ DFTK /home/herbstm/.julia/packages/DFTK/ogFMK/src/scf/potential_mixing.jl:296
 52   -1627.053020437   -3.39e-09   3.51e-05    1.585   0.30   97.3
┌ Debug: Iteration 53 linesearch step 1   α=0.3 diagtol=1.0948265746564937e-8
└ @ DFTK /home/herbstm/.julia/packages/DFTK/ogFMK/src/scf/potential_mixing.jl:296
 53   -1627.053020437   -4.45e-10   1.35e-05    1.585   0.30   96.8
┌ Debug: Iteration 54 linesearch step 1   α=0.3 diagtol=1.0948265746564937e-8
└ @ DFTK /home/herbstm/.julia/packages/DFTK/ogFMK/src/scf/potential_mixing.jl:296
 54   -1627.053020437    2.09e-10   4.65e-06    1.585   0.30   95.4
┌ Debug: Iteration 55 linesearch step 1   α=0.3 diagtol=1.0948265746564937e-8
└ @ DFTK /home/herbstm/.julia/packages/DFTK/ogFMK/src/scf/potential_mixing.jl:296
 55   -1627.053020437    1.51e-10   1.59e-06    1.585   0.30   96.0
┌ Debug: Iteration 56 linesearch step 1   α=0.3 diagtol=1.0948265746564937e-8
└ @ DFTK /home/herbstm/.julia/packages/DFTK/ogFMK/src/scf/potential_mixing.jl:296
 56   -1627.053020437   -1.12e-10   4.07e-06    1.585   0.30   98.7
┌ Debug: Iteration 57 linesearch step 1   α=0.3 diagtol=1.0948265746564937e-8
└ @ DFTK /home/herbstm/.julia/packages/DFTK/ogFMK/src/scf/potential_mixing.jl:296
 57   -1627.053020437   -1.33e-10   7.52e-07    1.585   0.30   97.7
┌ Debug: Iteration 58 linesearch step 1   α=0.3 diagtol=7.523374185811886e-9
└ @ DFTK /home/herbstm/.julia/packages/DFTK/ogFMK/src/scf/potential_mixing.jl:296
 58   -1627.053020437   -1.22e-10   3.78e-06    1.585   0.30   98.6
┌ Debug: Iteration 59 linesearch step 1   α=0.3 diagtol=7.523374185811886e-9
└ @ DFTK /home/herbstm/.julia/packages/DFTK/ogFMK/src/scf/potential_mixing.jl:296
 59   -1627.053020438   -1.30e-10   3.11e-06    1.585   0.30   98.9
┌ Debug: Iteration 60 linesearch step 1   α=0.3 diagtol=7.523374185811886e-9
└ @ DFTK /home/herbstm/.julia/packages/DFTK/ogFMK/src/scf/potential_mixing.jl:296
 60   -1627.053020438   -1.55e-10   2.30e-06    1.585   0.30   98.3
┌ Debug: Iteration 61 linesearch step 1   α=0.3 diagtol=7.523374185811886e-9
└ @ DFTK /home/herbstm/.julia/packages/DFTK/ogFMK/src/scf/potential_mixing.jl:296
 61   -1627.053020438    3.84e-11   2.06e-06    1.585   0.30   99.1
┌ Debug: Iteration 62 linesearch step 1   α=0.3 diagtol=7.523374185811886e-9
└ @ DFTK /home/herbstm/.julia/packages/DFTK/ogFMK/src/scf/potential_mixing.jl:296
 62   -1627.053020438   -3.27e-11   3.82e-07    1.585   0.30   98.3
┌ Debug: Iteration 63 linesearch step 1   α=0.3 diagtol=3.817852056608113e-9
└ @ DFTK /home/herbstm/.julia/packages/DFTK/ogFMK/src/scf/potential_mixing.jl:296
 63   -1627.053020438   -1.49e-10   1.51e-05    1.585   0.30   103.1
┌ Debug: Iteration 64 linesearch step 1   α=0.3 diagtol=3.817852056608113e-9
└ @ DFTK /home/herbstm/.julia/packages/DFTK/ogFMK/src/scf/potential_mixing.jl:296
 64   -1627.053020438   -5.39e-10   1.44e-05    1.585   0.30   102.7
┌ Debug: Iteration 65 linesearch step 1   α=0.3 diagtol=3.817852056608113e-9
└ @ DFTK /home/herbstm/.julia/packages/DFTK/ogFMK/src/scf/potential_mixing.jl:296
 65   -1627.053020438    1.30e-11   5.70e-06    1.585   0.30   103.1
┌ Debug: Iteration 66 linesearch step 1   α=0.3 diagtol=3.817852056608113e-9
└ @ DFTK /home/herbstm/.julia/packages/DFTK/ogFMK/src/scf/potential_mixing.jl:296
 66   -1627.053020438    7.69e-10   6.27e-06    1.585   0.30   103.2
┌ Debug: Iteration 67 linesearch step 1   α=0.3 diagtol=3.817852056608113e-9
└ @ DFTK /home/herbstm/.julia/packages/DFTK/ogFMK/src/scf/potential_mixing.jl:296
 67   -1627.053020438   -7.94e-10   1.50e-05    1.585   0.30   104.3
┌ Debug: Iteration 68 linesearch step 1   α=0.3 diagtol=3.817852056608113e-9
└ @ DFTK /home/herbstm/.julia/packages/DFTK/ogFMK/src/scf/potential_mixing.jl:296
 68   -1627.053020438    8.33e-10   4.41e-06    1.585   0.30   102.0
┌ Debug: Iteration 69 linesearch step 1   α=0.3 diagtol=3.817852056608113e-9
└ @ DFTK /home/herbstm/.julia/packages/DFTK/ogFMK/src/scf/potential_mixing.jl:296
 69   -1627.053020438   -5.96e-10   1.01e-05    1.585   0.30   102.8
┌ Debug: Iteration 70 linesearch step 1   α=0.3 diagtol=3.817852056608113e-9
└ @ DFTK /home/herbstm/.julia/packages/DFTK/ogFMK/src/scf/potential_mixing.jl:296
 70   -1627.053020438    1.55e-10   1.06e-05    1.584   0.30   102.8
┌ Debug: Iteration 71 linesearch step 1   α=0.3 diagtol=3.817852056608113e-9
└ @ DFTK /home/herbstm/.julia/packages/DFTK/ogFMK/src/scf/potential_mixing.jl:296
 71   -1627.053020439   -5.90e-10   8.60e-06    1.585   0.30   102.8
┌ Debug: Iteration 72 linesearch step 1   α=0.3 diagtol=3.817852056608113e-9
└ @ DFTK /home/herbstm/.julia/packages/DFTK/ogFMK/src/scf/potential_mixing.jl:296
 72   -1627.053020438    6.13e-10   1.51e-05    1.584   0.30   104.1
┌ Debug: Iteration 73 linesearch step 1   α=0.3 diagtol=3.817852056608113e-9
└ @ DFTK /home/herbstm/.julia/packages/DFTK/ogFMK/src/scf/potential_mixing.jl:296
 73   -1627.053020438   -2.31e-10   1.25e-05    1.585   0.30   102.6
┌ Debug: Iteration 74 linesearch step 1   α=0.3 diagtol=3.817852056608113e-9
└ @ DFTK /home/herbstm/.julia/packages/DFTK/ogFMK/src/scf/potential_mixing.jl:296
 74   -1627.053020439   -8.93e-10   7.14e-06    1.584   0.30   103.0
┌ Debug: Iteration 75 linesearch step 1   α=0.3 diagtol=3.817852056608113e-9
└ @ DFTK /home/herbstm/.julia/packages/DFTK/ogFMK/src/scf/potential_mixing.jl:296
 75   -1627.053020439    1.43e-10   1.28e-06    1.584   0.30   102.7
┌ Debug: Iteration 76 linesearch step 1   α=0.3 diagtol=3.817852056608113e-9
└ @ DFTK /home/herbstm/.julia/packages/DFTK/ogFMK/src/scf/potential_mixing.jl:296
 76   -1627.053020438    6.72e-10   3.09e-06    1.584   0.30   104.0
┌ Debug: Iteration 77 linesearch step 1   α=0.3 diagtol=3.817852056608113e-9
└ @ DFTK /home/herbstm/.julia/packages/DFTK/ogFMK/src/scf/potential_mixing.jl:296
 77   -1627.053020437    1.15e-09   3.06e-06    1.584   0.30   104.1
┌ Debug: Iteration 78 linesearch step 1   α=0.3 diagtol=3.817852056608113e-9
└ @ DFTK /home/herbstm/.julia/packages/DFTK/ogFMK/src/scf/potential_mixing.jl:296
 78   -1627.053020437    2.60e-10   4.86e-06    1.584   0.30   103.0
┌ Debug: Iteration 79 linesearch step 1   α=0.3 diagtol=3.817852056608113e-9
└ @ DFTK /home/herbstm/.julia/packages/DFTK/ogFMK/src/scf/potential_mixing.jl:296
 79   -1627.053020439   -1.81e-09   3.52e-06    1.584   0.30   104.0
┌ Debug: Iteration 80 linesearch step 1   α=0.3 diagtol=3.817852056608113e-9
└ @ DFTK /home/herbstm/.julia/packages/DFTK/ogFMK/src/scf/potential_mixing.jl:296
 80   -1627.053020440   -7.98e-10   5.21e-06    1.584   0.30   102.2
┌ Debug: Iteration 81 linesearch step 1   α=0.3 diagtol=3.817852056608113e-9
└ @ DFTK /home/herbstm/.julia/packages/DFTK/ogFMK/src/scf/potential_mixing.jl:296
 81   -1627.053020439    4.88e-10   2.36e-05    1.584   0.30   103.3
┌ Debug: Iteration 82 linesearch step 1   α=0.3 diagtol=3.817852056608113e-9
└ @ DFTK /home/herbstm/.julia/packages/DFTK/ogFMK/src/scf/potential_mixing.jl:296
 82   -1627.053020440   -5.58e-10   6.24e-06    1.584   0.30   102.2
┌ Debug: Iteration 83 linesearch step 1   α=0.3 diagtol=3.817852056608113e-9
└ @ DFTK /home/herbstm/.julia/packages/DFTK/ogFMK/src/scf/potential_mixing.jl:296
 83   -1627.053020441   -1.27e-09   1.56e-05    1.584   0.30   101.5
┌ Debug: Iteration 84 linesearch step 1   α=0.3 diagtol=3.817852056608113e-9
└ @ DFTK /home/herbstm/.julia/packages/DFTK/ogFMK/src/scf/potential_mixing.jl:296
 84   -1627.053020440    8.12e-10   6.06e-06    1.584   0.30   102.9
┌ Debug: Iteration 85 linesearch step 1   α=0.3 diagtol=3.817852056608113e-9
└ @ DFTK /home/herbstm/.julia/packages/DFTK/ogFMK/src/scf/potential_mixing.jl:296
 85   -1627.053020440    4.47e-10   6.70e-06    1.584   0.30   102.5
┌ Debug: Iteration 86 linesearch step 1   α=0.3 diagtol=3.817852056608113e-9
└ @ DFTK /home/herbstm/.julia/packages/DFTK/ogFMK/src/scf/potential_mixing.jl:296
 86   -1627.053020441   -1.22e-09   8.42e-06    1.584   0.30   103.5
┌ Debug: Iteration 87 linesearch step 1   α=0.3 diagtol=3.817852056608113e-9
└ @ DFTK /home/herbstm/.julia/packages/DFTK/ogFMK/src/scf/potential_mixing.jl:296
 87   -1627.053020441    2.01e-10   2.15e-05    1.584   0.30   101.7
┌ Debug: Iteration 88 linesearch step 1   α=0.3 diagtol=3.817852056608113e-9
└ @ DFTK /home/herbstm/.julia/packages/DFTK/ogFMK/src/scf/potential_mixing.jl:296
 88   -1627.053020439    2.02e-09   7.66e-06    1.584   0.30   103.0
┌ Debug: Iteration 89 linesearch step 1   α=0.3 diagtol=3.817852056608113e-9
└ @ DFTK /home/herbstm/.julia/packages/DFTK/ogFMK/src/scf/potential_mixing.jl:296
 89   -1627.053020434    4.30e-09   3.40e-06    1.584   0.30   103.5
┌ Debug: Iteration 90 linesearch step 1   α=0.3 diagtol=3.817852056608113e-9
└ @ DFTK /home/herbstm/.julia/packages/DFTK/ogFMK/src/scf/potential_mixing.jl:296
 90   -1627.053020437   -2.29e-09   3.91e-06    1.584   0.30   102.8
┌ Debug: Iteration 91 linesearch step 1   α=0.3 diagtol=3.817852056608113e-9
└ @ DFTK /home/herbstm/.julia/packages/DFTK/ogFMK/src/scf/potential_mixing.jl:296
 91   -1627.053020438   -1.26e-09   2.18e-05    1.584   0.30   103.9
┌ Debug: Iteration 92 linesearch step 1   α=0.3 diagtol=3.817852056608113e-9
└ @ DFTK /home/herbstm/.julia/packages/DFTK/ogFMK/src/scf/potential_mixing.jl:296
 92   -1627.053020439   -1.12e-09   9.54e-06    1.584   0.30   102.4
┌ Debug: Iteration 93 linesearch step 1   α=0.3 diagtol=3.817852056608113e-9
└ @ DFTK /home/herbstm/.julia/packages/DFTK/ogFMK/src/scf/potential_mixing.jl:296
 93   -1627.053020440   -7.44e-10   3.45e-06    1.584   0.30   102.7
┌ Debug: Iteration 94 linesearch step 1   α=0.3 diagtol=3.817852056608113e-9
└ @ DFTK /home/herbstm/.julia/packages/DFTK/ogFMK/src/scf/potential_mixing.jl:296
 94   -1627.053020440   -5.71e-10   8.23e-06    1.584   0.30   103.5
┌ Debug: Iteration 95 linesearch step 1   α=0.3 diagtol=3.817852056608113e-9
└ @ DFTK /home/herbstm/.julia/packages/DFTK/ogFMK/src/scf/potential_mixing.jl:296
 95   -1627.053020440    6.76e-10   8.01e-06    1.584   0.30   102.7
┌ Debug: Iteration 96 linesearch step 1   α=0.3 diagtol=3.817852056608113e-9
└ @ DFTK /home/herbstm/.julia/packages/DFTK/ogFMK/src/scf/potential_mixing.jl:296
 96   -1627.053020437    2.43e-09   3.35e-06    1.584   0.30   103.3
┌ Debug: Iteration 97 linesearch step 1   α=0.3 diagtol=3.817852056608113e-9
└ @ DFTK /home/herbstm/.julia/packages/DFTK/ogFMK/src/scf/potential_mixing.jl:296
 97   -1627.053020441   -3.38e-09   7.41e-06    1.584   0.30   102.5
┌ Debug: Iteration 98 linesearch step 1   α=0.3 diagtol=3.817852056608113e-9
└ @ DFTK /home/herbstm/.julia/packages/DFTK/ogFMK/src/scf/potential_mixing.jl:296
 98   -1627.053020441   -3.33e-10   2.68e-06    1.584   0.30   102.2
┌ Debug: Iteration 99 linesearch step 1   α=0.3 diagtol=3.817852056608113e-9
└ @ DFTK /home/herbstm/.julia/packages/DFTK/ogFMK/src/scf/potential_mixing.jl:296
 99   -1627.053020442   -5.95e-10   3.74e-06    1.584   0.30   103.5
┌ Debug: Iteration 100 linesearch step 1   α=0.3 diagtol=3.817852056608113e-9
└ @ DFTK /home/herbstm/.julia/packages/DFTK/ogFMK/src/scf/potential_mixing.jl:296
┌ Warning: SCF not converged.
└ @ DFTK /home/herbstm/.julia/packages/DFTK/ogFMK/src/scf/scf_callbacks.jl:37

Energy breakdown:
    Kinetic             687.3069827
    AtomicLocal         -1538.6252639
    AtomicNonlocal      -52.0770542
    Ewald               -1061.2171542
    PspCorrection       46.7919102
    Hartree             472.7884173
    Xc                  -182.0046820
    Entropy             -0.0161763

    total               -1627.053020441298

 ──────────────────────────────────────────────────────────────────────────────
                                       Time                   Allocations      
                               ──────────────────────   ───────────────────────
       Tot / % measured:           80944s / 100%            1759GiB / 100%     

 Section               ncalls     time   %tot     avg     alloc   %tot      avg
 ──────────────────────────────────────────────────────────────────────────────
 scf_potential_mixing       1   80938s   100%  80938s   1758GiB  100%   1758GiB
   LOBPCG                 200   78720s  97.3%    394s   1724GiB  98.1%  8.62GiB
     rayleigh_ritz      15.6k   17125s  21.2%   1.10s    125GiB  7.12%  8.20MiB
     Hamiltonian mu...  15.8k    9007s  11.1%   569ms    249GiB  14.2%  16.1MiB
       nonlocal         15.8k    4606s  5.69%   291ms    232GiB  13.2%  15.0MiB
       kinetic+local    15.8k    4392s  5.43%   277ms   2.73GiB  0.16%   181KiB
     ortho!             66.2k    6245s  7.72%  94.4ms    108GiB  6.15%  1.67MiB
   energy_hamiltonian     101     192s  0.24%   1.91s   19.2GiB  1.09%   195MiB
     ene_ops              101     190s  0.23%   1.88s   18.5GiB  1.05%   187MiB
       ene_ops: non...    101     141s  0.17%   1.40s    829MiB  0.05%  8.20MiB
       ene_ops: xc        101    34.0s  0.04%   337ms   15.8GiB  0.90%   160MiB
       ene_ops: kin...    101    4.36s  0.01%  43.2ms   49.3MiB  0.00%   500KiB
       ene_ops: har...    101    1.85s  0.00%  18.3ms   0.96GiB  0.05%  9.76MiB
       ene_ops: local     101    492ms  0.00%  4.87ms    213MiB  0.01%  2.11MiB
   compute_density        100     181s  0.22%   1.81s   2.71GiB  0.15%  27.8MiB
   KerkerMixing           100    3.56s  0.00%  35.6ms   2.71GiB  0.15%  27.7MiB
   QR orthonormaliz...    200    500μs  0.00%  2.50μs     0.00B  0.00%    0.00B
 ──────────────────────────────────────────────────────────────────────────────
┌ Debug: Library handles
│   libGR_handle[] = Ptr{Nothing} @0x000000000ecffbf0
│   libGR3_handle[] = Ptr{Nothing} @0x000000000c14ad50
│   libGRM_handle[] = Ptr{Nothing} @0x000000001379fff0
└ @ GR /home/herbstm/.julia/packages/GR/4DHy8/src/funcptrs.jl:67
┌ Debug: Found GKS_ENCODING in ENV
│   text_encoding[] = 301
└ @ GR /home/herbstm/.julia/packages/GR/4DHy8/src/GR.jl:468
