#
#-- SCF Cr19 -- case=standard_01
#
    keywords: (damping = DFTK.FixedDamping(0.1),)

hostname        = clustern09

started on      = 2022-01-20T07:05:03.078
julia threads   = 1
BLAS threads    = 1
MPI procs       = 15

temperature     = 0.01
smearing        = DFTK.Smearing.Gaussian()
lattice         = [5.442 0.0 0.0; 0.0 5.442 0.0; 0.0 0.0 54.42]
Ecut            = 30.0
fft_size        = (24, 24, 216)
kgrid           = [9, 9, 1]
kshift          = [0.0, 0.0, 0.0]
n_irreducible_k = 30
n_bands         = 320
n_electrons     = 266
type            = potmix
mixing          = KerkerMixing(0.8, 0.0)
damping         = DFTK.FixedDamping(0.1)
n     Free energy       Eₙ-Eₙ₋₁     ρout-ρin   Magnet   α      Diag
---   ---------------   ---------   --------   ------   ----   ----
  1   -1565.299405610         NaN   7.91e+00   78.040    NaN    2.0
┌ Debug: Iteration 2 linesearch step 1   α=0.1 diagtol=0.0002
└ @ DFTK /home/herbstm/.julia/packages/DFTK/ogFMK/src/scf/potential_mixing.jl:296
  2   -1585.922186513   -2.06e+01   7.73e-01   81.620   0.10   29.3
┌ Debug: Iteration 3 linesearch step 1   α=0.1 diagtol=0.0002
└ @ DFTK /home/herbstm/.julia/packages/DFTK/ogFMK/src/scf/potential_mixing.jl:296
  3   -1623.518010234   -3.76e+01   3.75e+00   32.010   0.10   39.3
┌ Debug: Iteration 4 linesearch step 1   α=0.1 diagtol=0.0002
└ @ DFTK /home/herbstm/.julia/packages/DFTK/ogFMK/src/scf/potential_mixing.jl:296
  4   -1625.943128553   -2.43e+00   1.61e-01   29.430   0.10   41.5
┌ Debug: Iteration 5 linesearch step 1   α=0.1 diagtol=0.0002
└ @ DFTK /home/herbstm/.julia/packages/DFTK/ogFMK/src/scf/potential_mixing.jl:296
  5   -1626.336404923   -3.93e-01   2.03e-01   24.110   0.10   41.5
┌ Debug: Iteration 6 linesearch step 1   α=0.1 diagtol=0.0002
└ @ DFTK /home/herbstm/.julia/packages/DFTK/ogFMK/src/scf/potential_mixing.jl:296
  6   -1626.828175906   -4.92e-01   3.92e-01   13.260   0.10   42.4
┌ Debug: Iteration 7 linesearch step 1   α=0.1 diagtol=0.0002
└ @ DFTK /home/herbstm/.julia/packages/DFTK/ogFMK/src/scf/potential_mixing.jl:296
  7   -1626.991633752   -1.63e-01   2.53e-01    6.728   0.10   41.7
┌ Debug: Iteration 8 linesearch step 1   α=0.1 diagtol=0.0002
└ @ DFTK /home/herbstm/.julia/packages/DFTK/ogFMK/src/scf/potential_mixing.jl:296
  8   -1626.993238035   -1.60e-03   4.83e-02    5.794   0.10   40.3
┌ Debug: Iteration 9 linesearch step 1   α=0.1 diagtol=0.0002
└ @ DFTK /home/herbstm/.julia/packages/DFTK/ogFMK/src/scf/potential_mixing.jl:296
  9   -1627.017579407   -2.43e-02   2.38e-02    5.246   0.10   40.5
┌ Debug: Iteration 10 linesearch step 1   α=0.1 diagtol=0.0002
└ @ DFTK /home/herbstm/.julia/packages/DFTK/ogFMK/src/scf/potential_mixing.jl:296
 10   -1627.034781726   -1.72e-02   1.18e-01    2.449   0.10   43.4
┌ Debug: Iteration 11 linesearch step 1   α=0.1 diagtol=0.0002
└ @ DFTK /home/herbstm/.julia/packages/DFTK/ogFMK/src/scf/potential_mixing.jl:296
 11   -1627.050743819   -1.60e-02   1.62e-02    2.654   0.10   43.3
┌ Debug: Iteration 12 linesearch step 1   α=0.1 diagtol=0.00016173080974325168
└ @ DFTK /home/herbstm/.julia/packages/DFTK/ogFMK/src/scf/potential_mixing.jl:296
 12   -1627.043213032    7.53e-03   2.29e-02    2.429   0.10   44.1
┌ Debug: Iteration 13 linesearch step 1   α=0.1 diagtol=0.00016173080974325168
└ @ DFTK /home/herbstm/.julia/packages/DFTK/ogFMK/src/scf/potential_mixing.jl:296
 13   -1627.047937633   -4.72e-03   2.23e-02    2.593   0.10   43.7
┌ Debug: Iteration 14 linesearch step 1   α=0.1 diagtol=0.00016173080974325168
└ @ DFTK /home/herbstm/.julia/packages/DFTK/ogFMK/src/scf/potential_mixing.jl:296
 14   -1627.049304281   -1.37e-03   2.05e-02    2.281   0.10   43.1
┌ Debug: Iteration 15 linesearch step 1   α=0.1 diagtol=0.00016173080974325168
└ @ DFTK /home/herbstm/.julia/packages/DFTK/ogFMK/src/scf/potential_mixing.jl:296
 15   -1627.051858167   -2.55e-03   7.82e-03    2.349   0.10   44.0
┌ Debug: Iteration 16 linesearch step 1   α=0.1 diagtol=7.824425129787366e-5
└ @ DFTK /home/herbstm/.julia/packages/DFTK/ogFMK/src/scf/potential_mixing.jl:296
 16   -1627.052398148   -5.40e-04   3.89e-03    2.363   0.10   47.1
┌ Debug: Iteration 17 linesearch step 1   α=0.1 diagtol=3.894241267224961e-5
└ @ DFTK /home/herbstm/.julia/packages/DFTK/ogFMK/src/scf/potential_mixing.jl:296
 17   -1627.051716899    6.81e-04   4.73e-03    2.302   0.10   51.9
┌ Debug: Iteration 18 linesearch step 1   α=0.1 diagtol=3.894241267224961e-5
└ @ DFTK /home/herbstm/.julia/packages/DFTK/ogFMK/src/scf/potential_mixing.jl:296
 18   -1627.052712705   -9.96e-04   4.95e-03    2.290   0.10   51.4
┌ Debug: Iteration 19 linesearch step 1   α=0.1 diagtol=3.894241267224961e-5
└ @ DFTK /home/herbstm/.julia/packages/DFTK/ogFMK/src/scf/potential_mixing.jl:296
 19   -1627.052702486    1.02e-05   3.94e-03    2.253   0.10   51.8
┌ Debug: Iteration 20 linesearch step 1   α=0.1 diagtol=3.894241267224961e-5
└ @ DFTK /home/herbstm/.julia/packages/DFTK/ogFMK/src/scf/potential_mixing.jl:296
 20   -1627.052796156   -9.37e-05   3.06e-03    2.228   0.10   51.5
┌ Debug: Iteration 21 linesearch step 1   α=0.1 diagtol=3.0629098977518246e-5
└ @ DFTK /home/herbstm/.julia/packages/DFTK/ogFMK/src/scf/potential_mixing.jl:296
 21   -1627.052887249   -9.11e-05   1.42e-02    2.100   0.10   53.2
┌ Debug: Iteration 22 linesearch step 1   α=0.1 diagtol=3.0629098977518246e-5
└ @ DFTK /home/herbstm/.julia/packages/DFTK/ogFMK/src/scf/potential_mixing.jl:296
 22   -1627.052942951   -5.57e-05   1.22e-02    1.995   0.10   52.8
┌ Debug: Iteration 23 linesearch step 1   α=0.1 diagtol=3.0629098977518246e-5
└ @ DFTK /home/herbstm/.julia/packages/DFTK/ogFMK/src/scf/potential_mixing.jl:296
 23   -1627.052953317   -1.04e-05   3.01e-03    1.966   0.10   51.7
┌ Debug: Iteration 24 linesearch step 1   α=0.1 diagtol=3.0058832403215688e-5
└ @ DFTK /home/herbstm/.julia/packages/DFTK/ogFMK/src/scf/potential_mixing.jl:296
 24   -1627.052990614   -3.73e-05   1.28e-02    1.837   0.10   52.7
┌ Debug: Iteration 25 linesearch step 1   α=0.1 diagtol=3.0058832403215688e-5
└ @ DFTK /home/herbstm/.julia/packages/DFTK/ogFMK/src/scf/potential_mixing.jl:296
 25   -1627.053006844   -1.62e-05   8.61e-03    1.747   0.10   52.5
┌ Debug: Iteration 26 linesearch step 1   α=0.1 diagtol=3.0058832403215688e-5
└ @ DFTK /home/herbstm/.julia/packages/DFTK/ogFMK/src/scf/potential_mixing.jl:296
 26   -1627.053011474   -4.63e-06   3.40e-03    1.715   0.10   53.5
┌ Debug: Iteration 27 linesearch step 1   α=0.1 diagtol=3.0058832403215688e-5
└ @ DFTK /home/herbstm/.julia/packages/DFTK/ogFMK/src/scf/potential_mixing.jl:296
 27   -1627.053015569   -4.10e-06   3.95e-03    1.680   0.10   52.9
┌ Debug: Iteration 28 linesearch step 1   α=0.1 diagtol=3.0058832403215688e-5
└ @ DFTK /home/herbstm/.julia/packages/DFTK/ogFMK/src/scf/potential_mixing.jl:296
 28   -1627.053018606   -3.04e-06   4.32e-03    1.639   0.10   52.6
┌ Debug: Iteration 29 linesearch step 1   α=0.1 diagtol=3.0058832403215688e-5
└ @ DFTK /home/herbstm/.julia/packages/DFTK/ogFMK/src/scf/potential_mixing.jl:296
 29   -1627.053019109   -5.03e-07   2.39e-03    1.616   0.10   53.7
┌ Debug: Iteration 30 linesearch step 1   α=0.1 diagtol=2.388573230319619e-5
└ @ DFTK /home/herbstm/.julia/packages/DFTK/ogFMK/src/scf/potential_mixing.jl:296
 30   -1627.053006888    1.22e-05   2.14e-03    1.638   0.10   52.8
┌ Debug: Iteration 31 linesearch step 1   α=0.1 diagtol=2.1446784398461136e-5
└ @ DFTK /home/herbstm/.julia/packages/DFTK/ogFMK/src/scf/potential_mixing.jl:296
 31   -1627.053016452   -9.56e-06   1.71e-03    1.653   0.10   52.4
┌ Debug: Iteration 32 linesearch step 1   α=0.1 diagtol=1.705131141417604e-5
└ @ DFTK /home/herbstm/.julia/packages/DFTK/ogFMK/src/scf/potential_mixing.jl:296
 32   -1627.053018011   -1.56e-06   1.13e-03    1.643   0.10   53.8
┌ Debug: Iteration 33 linesearch step 1   α=0.1 diagtol=1.1252137342379453e-5
└ @ DFTK /home/herbstm/.julia/packages/DFTK/ogFMK/src/scf/potential_mixing.jl:296
 33   -1627.053018425   -4.14e-07   5.53e-04    1.648   0.10   56.0
┌ Debug: Iteration 34 linesearch step 1   α=0.1 diagtol=5.527709168511067e-6
└ @ DFTK /home/herbstm/.julia/packages/DFTK/ogFMK/src/scf/potential_mixing.jl:296
 34   -1627.053018430   -4.69e-09   1.45e-04    1.649   0.10   58.6
┌ Debug: Iteration 35 linesearch step 1   α=0.1 diagtol=1.4525110210122755e-6
└ @ DFTK /home/herbstm/.julia/packages/DFTK/ogFMK/src/scf/potential_mixing.jl:296
 35   -1627.053018318    1.12e-07   1.62e-04    1.649   0.10   67.1
┌ Debug: Iteration 36 linesearch step 1   α=0.1 diagtol=1.4525110210122755e-6
└ @ DFTK /home/herbstm/.julia/packages/DFTK/ogFMK/src/scf/potential_mixing.jl:296
 36   -1627.053018725   -4.06e-07   4.55e-04    1.645   0.10   68.0
┌ Debug: Iteration 37 linesearch step 1   α=0.1 diagtol=1.4525110210122755e-6
└ @ DFTK /home/herbstm/.julia/packages/DFTK/ogFMK/src/scf/potential_mixing.jl:296
 37   -1627.053018575    1.50e-07   5.55e-04    1.639   0.10   67.0
┌ Debug: Iteration 38 linesearch step 1   α=0.1 diagtol=1.4525110210122755e-6
└ @ DFTK /home/herbstm/.julia/packages/DFTK/ogFMK/src/scf/potential_mixing.jl:296
 38   -1627.053018462    1.13e-07   9.79e-04    1.648   0.10   67.4
┌ Debug: Iteration 39 linesearch step 1   α=0.1 diagtol=1.4525110210122755e-6
└ @ DFTK /home/herbstm/.julia/packages/DFTK/ogFMK/src/scf/potential_mixing.jl:296
 39   -1627.053018484   -2.19e-08   2.79e-04    1.646   0.10   67.7
┌ Debug: Iteration 40 linesearch step 1   α=0.1 diagtol=1.4525110210122755e-6
└ @ DFTK /home/herbstm/.julia/packages/DFTK/ogFMK/src/scf/potential_mixing.jl:296
 40   -1627.053018599   -1.15e-07   2.93e-05    1.646   0.10   67.8
┌ Debug: Iteration 41 linesearch step 1   α=0.1 diagtol=2.9319814428957224e-7
└ @ DFTK /home/herbstm/.julia/packages/DFTK/ogFMK/src/scf/potential_mixing.jl:296
 41   -1627.053018617   -1.82e-08   1.11e-04    1.647   0.10   75.7
┌ Debug: Iteration 42 linesearch step 1   α=0.1 diagtol=2.9319814428957224e-7
└ @ DFTK /home/herbstm/.julia/packages/DFTK/ogFMK/src/scf/potential_mixing.jl:296
 42   -1627.053018618   -1.20e-09   4.90e-05    1.647   0.10   76.2
┌ Debug: Iteration 43 linesearch step 1   α=0.1 diagtol=2.9319814428957224e-7
└ @ DFTK /home/herbstm/.julia/packages/DFTK/ogFMK/src/scf/potential_mixing.jl:296
 43   -1627.053018638   -2.02e-08   1.18e-04    1.646   0.10   77.8
┌ Debug: Iteration 44 linesearch step 1   α=0.1 diagtol=2.9319814428957224e-7
└ @ DFTK /home/herbstm/.julia/packages/DFTK/ogFMK/src/scf/potential_mixing.jl:296
 44   -1627.053018571    6.71e-08   9.26e-05    1.647   0.10   76.6
┌ Debug: Iteration 45 linesearch step 1   α=0.1 diagtol=2.9319814428957224e-7
└ @ DFTK /home/herbstm/.julia/packages/DFTK/ogFMK/src/scf/potential_mixing.jl:296
 45   -1627.053018540    3.12e-08   2.23e-05    1.647   0.10   76.9
┌ Debug: Iteration 46 linesearch step 1   α=0.1 diagtol=2.22588514360257e-7
└ @ DFTK /home/herbstm/.julia/packages/DFTK/ogFMK/src/scf/potential_mixing.jl:296
 46   -1627.053018617   -7.69e-08   7.28e-05    1.646   0.10   77.7
┌ Debug: Iteration 47 linesearch step 1   α=0.1 diagtol=2.22588514360257e-7
└ @ DFTK /home/herbstm/.julia/packages/DFTK/ogFMK/src/scf/potential_mixing.jl:296
 47   -1627.053018588    2.82e-08   3.43e-05    1.646   0.10   78.2
┌ Debug: Iteration 48 linesearch step 1   α=0.1 diagtol=2.22588514360257e-7
└ @ DFTK /home/herbstm/.julia/packages/DFTK/ogFMK/src/scf/potential_mixing.jl:296
 48   -1627.053018635   -4.65e-08   6.08e-05    1.646   0.10   77.5
┌ Debug: Iteration 49 linesearch step 1   α=0.1 diagtol=2.22588514360257e-7
└ @ DFTK /home/herbstm/.julia/packages/DFTK/ogFMK/src/scf/potential_mixing.jl:296
 49   -1627.053018605    2.98e-08   3.73e-05    1.646   0.10   77.8
┌ Debug: Iteration 50 linesearch step 1   α=0.1 diagtol=2.22588514360257e-7
└ @ DFTK /home/herbstm/.julia/packages/DFTK/ogFMK/src/scf/potential_mixing.jl:296
 50   -1627.053018826   -2.20e-07   2.96e-04    1.643   0.10   77.0
┌ Debug: Iteration 51 linesearch step 1   α=0.1 diagtol=2.22588514360257e-7
└ @ DFTK /home/herbstm/.julia/packages/DFTK/ogFMK/src/scf/potential_mixing.jl:296
 51   -1627.053018875   -4.97e-08   9.06e-05    1.643   0.10   77.8
┌ Debug: Iteration 52 linesearch step 1   α=0.1 diagtol=2.22588514360257e-7
└ @ DFTK /home/herbstm/.julia/packages/DFTK/ogFMK/src/scf/potential_mixing.jl:296
 52   -1627.053018884   -8.42e-09   9.70e-06    1.642   0.10   76.4
┌ Debug: Iteration 53 linesearch step 1   α=0.1 diagtol=9.69524033437191e-8
└ @ DFTK /home/herbstm/.julia/packages/DFTK/ogFMK/src/scf/potential_mixing.jl:296
 53   -1627.053018926   -4.19e-08   8.24e-05    1.642   0.10   82.5
┌ Debug: Iteration 54 linesearch step 1   α=0.1 diagtol=9.69524033437191e-8
└ @ DFTK /home/herbstm/.julia/packages/DFTK/ogFMK/src/scf/potential_mixing.jl:296
 54   -1627.053019032   -1.07e-07   2.71e-04    1.639   0.10   84.9
┌ Debug: Iteration 55 linesearch step 1   α=0.1 diagtol=9.69524033437191e-8
└ @ DFTK /home/herbstm/.julia/packages/DFTK/ogFMK/src/scf/potential_mixing.jl:296
 55   -1627.053019052   -1.98e-08   8.83e-05    1.638   0.10   83.3
┌ Debug: Iteration 56 linesearch step 1   α=0.1 diagtol=9.69524033437191e-8
└ @ DFTK /home/herbstm/.julia/packages/DFTK/ogFMK/src/scf/potential_mixing.jl:296
 56   -1627.053019083   -3.13e-08   6.33e-05    1.638   0.10   84.3
┌ Debug: Iteration 57 linesearch step 1   α=0.1 diagtol=9.69524033437191e-8
└ @ DFTK /home/herbstm/.julia/packages/DFTK/ogFMK/src/scf/potential_mixing.jl:296
 57   -1627.053019107   -2.39e-08   1.63e-04    1.636   0.10   83.4
┌ Debug: Iteration 58 linesearch step 1   α=0.1 diagtol=9.69524033437191e-8
└ @ DFTK /home/herbstm/.julia/packages/DFTK/ogFMK/src/scf/potential_mixing.jl:296
 58   -1627.053019113   -5.90e-09   9.49e-05    1.635   0.10   84.2
┌ Debug: Iteration 59 linesearch step 1   α=0.1 diagtol=9.69524033437191e-8
└ @ DFTK /home/herbstm/.julia/packages/DFTK/ogFMK/src/scf/potential_mixing.jl:296
 59   -1627.053019116   -2.69e-09   1.26e-04    1.636   0.10   85.0
┌ Debug: Iteration 60 linesearch step 1   α=0.1 diagtol=9.69524033437191e-8
└ @ DFTK /home/herbstm/.julia/packages/DFTK/ogFMK/src/scf/potential_mixing.jl:296
 60   -1627.053019112    3.55e-09   6.73e-05    1.636   0.10   84.4
┌ Debug: Iteration 61 linesearch step 1   α=0.1 diagtol=9.69524033437191e-8
└ @ DFTK /home/herbstm/.julia/packages/DFTK/ogFMK/src/scf/potential_mixing.jl:296
 61   -1627.053019112    2.21e-10   1.24e-05    1.636   0.10   82.9
┌ Debug: Iteration 62 linesearch step 1   α=0.1 diagtol=9.69524033437191e-8
└ @ DFTK /home/herbstm/.julia/packages/DFTK/ogFMK/src/scf/potential_mixing.jl:296
 62   -1627.053019140   -2.77e-08   6.39e-05    1.635   0.10   84.0
┌ Debug: Iteration 63 linesearch step 1   α=0.1 diagtol=9.69524033437191e-8
└ @ DFTK /home/herbstm/.julia/packages/DFTK/ogFMK/src/scf/potential_mixing.jl:296
 63   -1627.053019158   -1.86e-08   7.34e-05    1.635   0.10   83.0
┌ Debug: Iteration 64 linesearch step 1   α=0.1 diagtol=9.69524033437191e-8
└ @ DFTK /home/herbstm/.julia/packages/DFTK/ogFMK/src/scf/potential_mixing.jl:296
 64   -1627.053019155    3.51e-09   1.78e-05    1.635   0.10   83.3
┌ Debug: Iteration 65 linesearch step 1   α=0.1 diagtol=9.69524033437191e-8
└ @ DFTK /home/herbstm/.julia/packages/DFTK/ogFMK/src/scf/potential_mixing.jl:296
 65   -1627.053019155    3.91e-11   1.15e-05    1.635   0.10   83.8
┌ Debug: Iteration 66 linesearch step 1   α=0.1 diagtol=9.69524033437191e-8
└ @ DFTK /home/herbstm/.julia/packages/DFTK/ogFMK/src/scf/potential_mixing.jl:296
 66   -1627.053019135    1.92e-08   3.24e-05    1.635   0.10   83.5
┌ Debug: Iteration 67 linesearch step 1   α=0.1 diagtol=9.69524033437191e-8
└ @ DFTK /home/herbstm/.julia/packages/DFTK/ogFMK/src/scf/potential_mixing.jl:296
 67   -1627.053019140   -4.20e-09   3.93e-05    1.635   0.10   83.6
┌ Debug: Iteration 68 linesearch step 1   α=0.1 diagtol=9.69524033437191e-8
└ @ DFTK /home/herbstm/.julia/packages/DFTK/ogFMK/src/scf/potential_mixing.jl:296
 68   -1627.053019265   -1.25e-07   2.01e-04    1.633   0.10   84.2
┌ Debug: Iteration 69 linesearch step 1   α=0.1 diagtol=9.69524033437191e-8
└ @ DFTK /home/herbstm/.julia/packages/DFTK/ogFMK/src/scf/potential_mixing.jl:296
 69   -1627.053019389   -1.24e-07   1.97e-04    1.631   0.10   82.6
┌ Debug: Iteration 70 linesearch step 1   α=0.1 diagtol=9.69524033437191e-8
└ @ DFTK /home/herbstm/.julia/packages/DFTK/ogFMK/src/scf/potential_mixing.jl:296
 70   -1627.053019318    7.13e-08   1.47e-04    1.632   0.10   83.2
┌ Debug: Iteration 71 linesearch step 1   α=0.1 diagtol=9.69524033437191e-8
└ @ DFTK /home/herbstm/.julia/packages/DFTK/ogFMK/src/scf/potential_mixing.jl:296
 71   -1627.053019361   -4.31e-08   1.43e-04    1.631   0.10   82.5
┌ Debug: Iteration 72 linesearch step 1   α=0.1 diagtol=9.69524033437191e-8
└ @ DFTK /home/herbstm/.julia/packages/DFTK/ogFMK/src/scf/potential_mixing.jl:296
 72   -1627.053019377   -1.58e-08   2.06e-05    1.631   0.10   83.9
┌ Debug: Iteration 73 linesearch step 1   α=0.1 diagtol=9.69524033437191e-8
└ @ DFTK /home/herbstm/.julia/packages/DFTK/ogFMK/src/scf/potential_mixing.jl:296
 73   -1627.053019407   -2.96e-08   2.90e-05    1.631   0.10   82.7
┌ Debug: Iteration 74 linesearch step 1   α=0.1 diagtol=9.69524033437191e-8
└ @ DFTK /home/herbstm/.julia/packages/DFTK/ogFMK/src/scf/potential_mixing.jl:296
 74   -1627.053019409   -2.77e-09   4.30e-05    1.631   0.10   83.4
┌ Debug: Iteration 75 linesearch step 1   α=0.1 diagtol=9.69524033437191e-8
└ @ DFTK /home/herbstm/.julia/packages/DFTK/ogFMK/src/scf/potential_mixing.jl:296
 75   -1627.053019413   -3.38e-09   4.84e-05    1.630   0.10   83.6
┌ Debug: Iteration 76 linesearch step 1   α=0.1 diagtol=9.69524033437191e-8
└ @ DFTK /home/herbstm/.julia/packages/DFTK/ogFMK/src/scf/potential_mixing.jl:296
 76   -1627.053019386    2.63e-08   1.08e-05    1.630   0.10   83.6
┌ Debug: Iteration 77 linesearch step 1   α=0.1 diagtol=9.69524033437191e-8
└ @ DFTK /home/herbstm/.julia/packages/DFTK/ogFMK/src/scf/potential_mixing.jl:296
 77   -1627.053019400   -1.32e-08   1.17e-05    1.630   0.10   82.3
┌ Debug: Iteration 78 linesearch step 1   α=0.1 diagtol=9.69524033437191e-8
└ @ DFTK /home/herbstm/.julia/packages/DFTK/ogFMK/src/scf/potential_mixing.jl:296
 78   -1627.053019459   -5.89e-08   9.10e-05    1.629   0.10   83.7
┌ Debug: Iteration 79 linesearch step 1   α=0.1 diagtol=9.69524033437191e-8
└ @ DFTK /home/herbstm/.julia/packages/DFTK/ogFMK/src/scf/potential_mixing.jl:296
 79   -1627.053019483   -2.42e-08   3.31e-05    1.629   0.10   82.2
┌ Debug: Iteration 80 linesearch step 1   α=0.1 diagtol=9.69524033437191e-8
└ @ DFTK /home/herbstm/.julia/packages/DFTK/ogFMK/src/scf/potential_mixing.jl:296
 80   -1627.053019452    3.07e-08   8.32e-05    1.630   0.10   82.2
┌ Debug: Iteration 81 linesearch step 1   α=0.1 diagtol=9.69524033437191e-8
└ @ DFTK /home/herbstm/.julia/packages/DFTK/ogFMK/src/scf/potential_mixing.jl:296
 81   -1627.053019462   -9.99e-09   4.14e-05    1.629   0.10   84.1
┌ Debug: Iteration 82 linesearch step 1   α=0.1 diagtol=9.69524033437191e-8
└ @ DFTK /home/herbstm/.julia/packages/DFTK/ogFMK/src/scf/potential_mixing.jl:296
 82   -1627.053019521   -5.90e-08   1.25e-04    1.628   0.10   82.5
┌ Debug: Iteration 83 linesearch step 1   α=0.1 diagtol=9.69524033437191e-8
└ @ DFTK /home/herbstm/.julia/packages/DFTK/ogFMK/src/scf/potential_mixing.jl:296
 83   -1627.053019465    5.62e-08   1.48e-04    1.630   0.10   82.3
┌ Debug: Iteration 84 linesearch step 1   α=0.1 diagtol=9.69524033437191e-8
└ @ DFTK /home/herbstm/.julia/packages/DFTK/ogFMK/src/scf/potential_mixing.jl:296
 84   -1627.053019448    1.66e-08   1.91e-04    1.628   0.10   82.6
┌ Debug: Iteration 85 linesearch step 1   α=0.1 diagtol=9.69524033437191e-8
└ @ DFTK /home/herbstm/.julia/packages/DFTK/ogFMK/src/scf/potential_mixing.jl:296
 85   -1627.053019495   -4.71e-08   1.27e-04    1.627   0.10   83.6
┌ Debug: Iteration 86 linesearch step 1   α=0.1 diagtol=9.69524033437191e-8
└ @ DFTK /home/herbstm/.julia/packages/DFTK/ogFMK/src/scf/potential_mixing.jl:296
 86   -1627.053019542   -4.68e-08   9.42e-05    1.627   0.10   83.6
┌ Debug: Iteration 87 linesearch step 1   α=0.1 diagtol=9.69524033437191e-8
└ @ DFTK /home/herbstm/.julia/packages/DFTK/ogFMK/src/scf/potential_mixing.jl:296
 87   -1627.053019576   -3.35e-08   1.13e-04    1.626   0.10   84.5
┌ Debug: Iteration 88 linesearch step 1   α=0.1 diagtol=9.69524033437191e-8
└ @ DFTK /home/herbstm/.julia/packages/DFTK/ogFMK/src/scf/potential_mixing.jl:296
 88   -1627.053019557    1.91e-08   2.05e-05    1.626   0.10   83.1
┌ Debug: Iteration 89 linesearch step 1   α=0.1 diagtol=9.69524033437191e-8
└ @ DFTK /home/herbstm/.julia/packages/DFTK/ogFMK/src/scf/potential_mixing.jl:296
 89   -1627.053019605   -4.85e-08   8.47e-05    1.625   0.10   83.8
┌ Debug: Iteration 90 linesearch step 1   α=0.1 diagtol=9.69524033437191e-8
└ @ DFTK /home/herbstm/.julia/packages/DFTK/ogFMK/src/scf/potential_mixing.jl:296
 90   -1627.053019670   -6.51e-08   1.89e-04    1.624   0.10   83.3
┌ Debug: Iteration 91 linesearch step 1   α=0.1 diagtol=9.69524033437191e-8
└ @ DFTK /home/herbstm/.julia/packages/DFTK/ogFMK/src/scf/potential_mixing.jl:296
 91   -1627.053019581    8.91e-08   1.64e-04    1.625   0.10   82.9
┌ Debug: Iteration 92 linesearch step 1   α=0.1 diagtol=9.69524033437191e-8
└ @ DFTK /home/herbstm/.julia/packages/DFTK/ogFMK/src/scf/potential_mixing.jl:296
 92   -1627.053019584   -2.51e-09   5.78e-05    1.626   0.10   82.3
┌ Debug: Iteration 93 linesearch step 1   α=0.1 diagtol=9.69524033437191e-8
└ @ DFTK /home/herbstm/.julia/packages/DFTK/ogFMK/src/scf/potential_mixing.jl:296
 93   -1627.053019585   -1.61e-09   2.20e-05    1.625   0.10   84.5
┌ Debug: Iteration 94 linesearch step 1   α=0.1 diagtol=9.69524033437191e-8
└ @ DFTK /home/herbstm/.julia/packages/DFTK/ogFMK/src/scf/potential_mixing.jl:296
 94   -1627.053019611   -2.60e-08   4.01e-05    1.625   0.10   83.3
┌ Debug: Iteration 95 linesearch step 1   α=0.1 diagtol=9.69524033437191e-8
└ @ DFTK /home/herbstm/.julia/packages/DFTK/ogFMK/src/scf/potential_mixing.jl:296
 95   -1627.053019576    3.51e-08   1.50e-04    1.624   0.10   83.5
┌ Debug: Iteration 96 linesearch step 1   α=0.1 diagtol=9.69524033437191e-8
└ @ DFTK /home/herbstm/.julia/packages/DFTK/ogFMK/src/scf/potential_mixing.jl:296
 96   -1627.053019631   -5.49e-08   1.89e-05    1.624   0.10   83.1
┌ Debug: Iteration 97 linesearch step 1   α=0.1 diagtol=9.69524033437191e-8
└ @ DFTK /home/herbstm/.julia/packages/DFTK/ogFMK/src/scf/potential_mixing.jl:296
 97   -1627.053019644   -1.33e-08   3.63e-05    1.623   0.10   82.7
┌ Debug: Iteration 98 linesearch step 1   α=0.1 diagtol=9.69524033437191e-8
└ @ DFTK /home/herbstm/.julia/packages/DFTK/ogFMK/src/scf/potential_mixing.jl:296
 98   -1627.053019702   -5.79e-08   1.17e-04    1.622   0.10   82.8
┌ Debug: Iteration 99 linesearch step 1   α=0.1 diagtol=9.69524033437191e-8
└ @ DFTK /home/herbstm/.julia/packages/DFTK/ogFMK/src/scf/potential_mixing.jl:296
 99   -1627.053019713   -1.09e-08   1.95e-05    1.622   0.10   83.0
┌ Debug: Iteration 100 linesearch step 1   α=0.1 diagtol=9.69524033437191e-8
└ @ DFTK /home/herbstm/.julia/packages/DFTK/ogFMK/src/scf/potential_mixing.jl:296
┌ Warning: SCF not converged.
└ @ DFTK /home/herbstm/.julia/packages/DFTK/ogFMK/src/scf/scf_callbacks.jl:37

Energy breakdown:
    Kinetic             687.3094481
    AtomicLocal         -1538.6291784
    AtomicNonlocal      -52.0775436
    Ewald               -1061.2171542
    PspCorrection       46.7919102
    Hartree             472.7911445
    Xc                  -182.0055063
    Entropy             -0.0161400

    total               -1627.053019680164

 ──────────────────────────────────────────────────────────────────────────────
                                       Time                   Allocations      
                               ──────────────────────   ───────────────────────
       Tot / % measured:           76010s / 100%            1558GiB / 100%     

 Section               ncalls     time   %tot     avg     alloc   %tot      avg
 ──────────────────────────────────────────────────────────────────────────────
 scf_potential_mixing       1   76003s   100%  76003s   1558GiB  100%   1558GiB
   LOBPCG                 200   75281s  99.0%    376s   1524GiB  97.8%  7.62GiB
     rayleigh_ritz      13.3k   16338s  21.5%   1.22s    109GiB  7.02%  8.40MiB
     Hamiltonian mu...  13.5k    9223s  12.1%   681ms    219GiB  14.1%  16.6MiB
       kinetic+local    13.5k    4821s  6.34%   356ms   2.42GiB  0.16%   188KiB
       nonlocal         13.5k    4392s  5.78%   324ms    204GiB  13.1%  15.4MiB
     ortho!             56.6k    6040s  7.95%   107ms   95.5GiB  6.13%  1.73MiB
   compute_density        100     221s  0.29%   2.21s   2.71GiB  0.17%  27.8MiB
   energy_hamiltonian     101     199s  0.26%   1.97s   19.2GiB  1.23%   195MiB
     ene_ops              101     197s  0.26%   1.95s   18.5GiB  1.19%   187MiB
       ene_ops: non...    101     140s  0.18%   1.39s    829MiB  0.05%  8.20MiB
       ene_ops: xc        101    38.4s  0.05%   380ms   15.8GiB  1.01%   160MiB
       ene_ops: kin...    101    5.76s  0.01%  57.0ms   49.3MiB  0.00%   500KiB
       ene_ops: har...    101    2.00s  0.00%  19.9ms   0.96GiB  0.06%  9.76MiB
       ene_ops: local     101    589ms  0.00%  5.83ms    213MiB  0.01%  2.11MiB
   KerkerMixing           100    3.92s  0.01%  39.2ms   2.71GiB  0.17%  27.7MiB
   QR orthonormaliz...    200    482μs  0.00%  2.41μs     0.00B  0.00%    0.00B
 ──────────────────────────────────────────────────────────────────────────────
┌ Debug: Library handles
│   libGR_handle[] = Ptr{Nothing} @0x000000000cf20be0
│   libGR3_handle[] = Ptr{Nothing} @0x000000000ff34950
│   libGRM_handle[] = Ptr{Nothing} @0x000000001005f020
└ @ GR /home/herbstm/.julia/packages/GR/4DHy8/src/funcptrs.jl:67
┌ Debug: Found GKS_ENCODING in ENV
│   text_encoding[] = 301
└ @ GR /home/herbstm/.julia/packages/GR/4DHy8/src/GR.jl:468
