#
#-- SCF Fe2CrGa_nodiis -- case=adaptive_01
#
    keywords: (damping = DFTK.AdaptiveDamping(0.025, 1.0, 0.8, 0.1, 1.1, 0.1), acceleration = DFTK.AndersonAcceleration(0, Any[], Any[], 1.0e6))

hostname        = clustern12

started on      = 2021-07-26T15:56:06.029
julia threads   = 1
BLAS threads    = 1
MPI procs       = 16

temperature     = 0.01
smearing        = DFTK.Smearing.Gaussian()
lattice         = [0.0 5.503 5.503; 5.503 0.0 5.503; 5.503 5.503 0.0]
Ecut            = 45.0
fft_size        = (50, 50, 50)
kgrid           = [13, 13, 13]
kshift          = [0.0, 0.0, 0.0]
n_irreducible_k = 168
n_bands         = 59
n_electr        = 49
type            = potmix
mixing          = KerkerMixing(0.8, 0.0)
damping         = DFTK.AdaptiveDamping(0.025, 1.0, 0.8, 0.1, 1.1, 0.1)
n     Free energy       Eₙ-Eₙ₋₁     ρout-ρin   Magnet   α      Diag
---   ---------------   ---------   --------   ------   ----   ----
  1   -292.8700496343         NaN   6.58e+00    5.000    NaN    2.0
┌ Debug: Iteration 2 linesearch step 1   α=0.8 diagtol=0.0002
└ @ DFTK /home/herbstm/.julia/packages/DFTK/CsmZm/src/scf/potential_mixing.jl:293
┌ Debug: Step accepted
│   energy_change = -11.196672957018052
│   relative_residual = 0.9517613050284907
└ @ DFTK /home/herbstm/.julia/packages/DFTK/CsmZm/src/scf/potential_mixing.jl:86
┌ Debug: Quadratic model discarded
│   model_relerror = 5.277847892392777
│   slope = -199.77671530520706
│   curv = 279.7823828723083
│   α_model = 0.7140432262183729
└ @ DFTK /home/herbstm/.julia/packages/DFTK/CsmZm/src/scf/potential_mixing.jl:142
  2   -304.0667225913   -1.12e+01   6.25e+00    1.926   0.80   22.7
┌ Debug: Iteration 3 linesearch step 1   α=0.8 diagtol=0.0002
└ @ DFTK /home/herbstm/.julia/packages/DFTK/CsmZm/src/scf/potential_mixing.jl:293
┌ Debug: Step discarded
│   energy_change = 3.7327312890170674
│   relative_residual = 1.041431505292778
└ @ DFTK /home/herbstm/.julia/packages/DFTK/CsmZm/src/scf/potential_mixing.jl:86
┌ Debug: Quadratic model discarded
│   model_relerror = 0.8973788532037632
│   slope = -170.14373770419502
│   curv = 426.5563979028659
│   α_model = 0.3988774721014491
└ @ DFTK /home/herbstm/.julia/packages/DFTK/CsmZm/src/scf/potential_mixing.jl:142
┌ Debug: Iteration 3 linesearch step 2   α=0.4 diagtol=0.0002
└ @ DFTK /home/herbstm/.julia/packages/DFTK/CsmZm/src/scf/potential_mixing.jl:293
┌ Debug: Step accepted
│   energy_change = -26.17877593356951
│   relative_residual = 0.3324581827146887
└ @ DFTK /home/herbstm/.julia/packages/DFTK/CsmZm/src/scf/potential_mixing.jl:86
  3   -330.2454985249   -2.62e+01   2.43e+00    0.836   0.40   38.2
┌ Debug: Iteration 4 linesearch step 1   α=0.4 diagtol=0.0002
└ @ DFTK /home/herbstm/.julia/packages/DFTK/CsmZm/src/scf/potential_mixing.jl:293
┌ Debug: Step discarded
│   energy_change = 4.7347589362094595
│   relative_residual = 1.3671025474983494
└ @ DFTK /home/herbstm/.julia/packages/DFTK/CsmZm/src/scf/potential_mixing.jl:86
┌ Debug: Quadratic model discarded
│   model_relerror = 0.15935033892303083
│   slope = -36.709876171790135
│   curv = 233.3027995465209
│   α_model = 0.15734863123436346
└ @ DFTK /home/herbstm/.julia/packages/DFTK/CsmZm/src/scf/potential_mixing.jl:142
┌ Debug: Iteration 4 linesearch step 2   α=0.2 diagtol=0.0002
└ @ DFTK /home/herbstm/.julia/packages/DFTK/CsmZm/src/scf/potential_mixing.jl:293
┌ Debug: Step accepted
│   energy_change = -2.2355605350507517
│   relative_residual = 0.5003006668928375
└ @ DFTK /home/herbstm/.julia/packages/DFTK/CsmZm/src/scf/potential_mixing.jl:86
  4   -332.4810590599   -2.24e+00   4.04e-01    1.002   0.20   37.7
┌ Debug: Iteration 5 linesearch step 1   α=0.2 diagtol=0.0002
└ @ DFTK /home/herbstm/.julia/packages/DFTK/CsmZm/src/scf/potential_mixing.jl:293
┌ Debug: Step accepted
│   energy_change = -0.6091301095277686
│   relative_residual = 0.5322971744650078
└ @ DFTK /home/herbstm/.julia/packages/DFTK/CsmZm/src/scf/potential_mixing.jl:86
┌ Debug: Quadratic model accepted
│   model_relerror = 0.008394794609122371
│   slope = -5.819861926312323
│   curv = 27.486437678748437
│   α_model = 0.21173576562858995
└ @ DFTK /home/herbstm/.julia/packages/DFTK/CsmZm/src/scf/potential_mixing.jl:139
  5   -333.0901891695   -6.09e-01   3.27e-01    1.383   0.20   18.5
┌ Debug: Iteration 6 linesearch step 1   α=0.23290934219144896 diagtol=0.0002
└ @ DFTK /home/herbstm/.julia/packages/DFTK/CsmZm/src/scf/potential_mixing.jl:293
┌ Debug: Step discarded
│   energy_change = 0.13314398844624975
│   relative_residual = 1.2414544384502688
└ @ DFTK /home/herbstm/.julia/packages/DFTK/CsmZm/src/scf/potential_mixing.jl:86
┌ Debug: Quadratic model accepted
│   model_relerror = 0.007889622937211568
│   slope = -2.5197724443956497
│   curv = 26.50746524992138
│   α_model = 0.09505897378864331
└ @ DFTK /home/herbstm/.julia/packages/DFTK/CsmZm/src/scf/potential_mixing.jl:139
┌ Debug: Iteration 6 linesearch step 2   α=0.09505897378864331 diagtol=0.0002
└ @ DFTK /home/herbstm/.julia/packages/DFTK/CsmZm/src/scf/potential_mixing.jl:293
┌ Debug: Step accepted
│   energy_change = -0.11761262524424865
│   relative_residual = 0.8159217951452586
└ @ DFTK /home/herbstm/.julia/packages/DFTK/CsmZm/src/scf/potential_mixing.jl:86
  6   -333.2078017947   -1.18e-01   1.56e-01    1.108   0.10   36.9
┌ Debug: Iteration 7 linesearch step 1   α=0.1 diagtol=0.0002
└ @ DFTK /home/herbstm/.julia/packages/DFTK/CsmZm/src/scf/potential_mixing.jl:293
┌ Debug: Step accepted
│   energy_change = -0.04354385165089525
│   relative_residual = 0.8191135260679959
└ @ DFTK /home/herbstm/.julia/packages/DFTK/CsmZm/src/scf/potential_mixing.jl:86
┌ Debug: Quadratic model accepted
│   model_relerror = 0.00018348017252968628
│   slope = -0.5406405922989501
│   curv = 2.1024436291177495
│   α_model = 0.25714867443357786
└ @ DFTK /home/herbstm/.julia/packages/DFTK/CsmZm/src/scf/potential_mixing.jl:139
  7   -333.2513456463   -4.35e-02   4.70e-02    1.146   0.10   18.4
┌ Debug: Iteration 8 linesearch step 1   α=0.2828635418769357 diagtol=0.0002
└ @ DFTK /home/herbstm/.julia/packages/DFTK/CsmZm/src/scf/potential_mixing.jl:293
┌ Debug: Step accepted
│   energy_change = -0.03852990280910262
│   relative_residual = 0.6725763011621387
└ @ DFTK /home/herbstm/.julia/packages/DFTK/CsmZm/src/scf/potential_mixing.jl:86
┌ Debug: Quadratic model accepted
│   model_relerror = 0.001029707293207279
│   slope = -0.23173409193677838
│   curv = 0.6743893853459718
│   α_model = 0.34362060995057825
└ @ DFTK /home/herbstm/.julia/packages/DFTK/CsmZm/src/scf/potential_mixing.jl:139
  8   -333.2898755492   -3.85e-02   9.02e-02    1.106   0.28   18.4
┌ Debug: Iteration 9 linesearch step 1   α=0.3779826709456361 diagtol=0.0002
└ @ DFTK /home/herbstm/.julia/packages/DFTK/CsmZm/src/scf/potential_mixing.jl:293
┌ Debug: Step accepted
│   energy_change = 0.0015766603027032033
│   relative_residual = 0.7328373130053311
└ @ DFTK /home/herbstm/.julia/packages/DFTK/CsmZm/src/scf/potential_mixing.jl:86
┌ Debug: Quadratic model accepted
│   model_relerror = 0.0024620663310290936
│   slope = -0.06273568658941456
│   curv = 0.3539668459209515
│   α_model = 0.17723605278960167
└ @ DFTK /home/herbstm/.julia/packages/DFTK/CsmZm/src/scf/potential_mixing.jl:139
  9   -333.2882988889    1.58e-03   6.08e-02    1.110   0.38   18.6
┌ Debug: Iteration 10 linesearch step 1   α=0.3779826709456361 diagtol=0.0002
└ @ DFTK /home/herbstm/.julia/packages/DFTK/CsmZm/src/scf/potential_mixing.jl:293
┌ Debug: Step discarded
│   energy_change = 0.19314196789474636
│   relative_residual = 2.6285077140956035
└ @ DFTK /home/herbstm/.julia/packages/DFTK/CsmZm/src/scf/potential_mixing.jl:86
┌ Debug: Quadratic model accepted
│   model_relerror = 4.5961380514209954e-5
│   slope = -0.3377353674753479
│   curv = 4.4906444648705985
│   α_model = 0.07520866328149182
└ @ DFTK /home/herbstm/.julia/packages/DFTK/CsmZm/src/scf/potential_mixing.jl:139
┌ Debug: Iteration 10 linesearch step 2   α=0.07520866328149182 diagtol=0.0002
└ @ DFTK /home/herbstm/.julia/packages/DFTK/CsmZm/src/scf/potential_mixing.jl:293
┌ Debug: Step accepted
│   energy_change = -0.012797219000560744
│   relative_residual = 0.7681164480731314
└ @ DFTK /home/herbstm/.julia/packages/DFTK/CsmZm/src/scf/potential_mixing.jl:86
 10   -333.3010961079   -1.28e-02   4.90e-02    1.052   0.08   36.9
┌ Debug: Iteration 11 linesearch step 1   α=0.1 diagtol=0.0002
└ @ DFTK /home/herbstm/.julia/packages/DFTK/CsmZm/src/scf/potential_mixing.jl:293
┌ Debug: Step accepted
│   energy_change = -0.000812150073443263
│   relative_residual = 0.9015521838560728
└ @ DFTK /home/herbstm/.julia/packages/DFTK/CsmZm/src/scf/potential_mixing.jl:86
┌ Debug: Quadratic model accepted
│   model_relerror = 0.0001809317144807286
│   slope = -0.00866632219819147
│   curv = 0.010925818015713098
│   α_model = 0.7931966453887384
└ @ DFTK /home/herbstm/.julia/packages/DFTK/CsmZm/src/scf/potential_mixing.jl:139
 11   -333.3019082579   -8.12e-04   4.31e-03    1.043   0.10   18.6
┌ Debug: Iteration 12 linesearch step 1   α=0.8725163099276123 diagtol=4.312338764118667e-5
└ @ DFTK /home/herbstm/.julia/packages/DFTK/CsmZm/src/scf/potential_mixing.jl:293
┌ Debug: Step accepted
│   energy_change = -0.0030526788283395945
│   relative_residual = 0.17666028670829012
└ @ DFTK /home/herbstm/.julia/packages/DFTK/CsmZm/src/scf/potential_mixing.jl:86
┌ Debug: Quadratic model accepted
│   model_relerror = 0.0017164066919719298
│   slope = -0.00697686643683646
│   curv = 0.007986474768537375
│   α_model = 0.8735852349176316
└ @ DFTK /home/herbstm/.julia/packages/DFTK/CsmZm/src/scf/potential_mixing.jl:139
 12   -333.3049609368   -3.05e-03   2.87e-02    0.996   0.87   22.1
┌ Debug: Iteration 13 linesearch step 1   α=0.9609437584093948 diagtol=4.312338764118667e-5
└ @ DFTK /home/herbstm/.julia/packages/DFTK/CsmZm/src/scf/potential_mixing.jl:293
┌ Debug: Step discarded
│   energy_change = 0.008444841727737185
│   relative_residual = 4.242978660874151
└ @ DFTK /home/herbstm/.julia/packages/DFTK/CsmZm/src/scf/potential_mixing.jl:86
┌ Debug: Quadratic model accepted
│   model_relerror = 0.00085268403047723
│   slope = -0.0019573697648594774
│   curv = 0.022348752390686955
│   α_model = 0.08758295454895913
└ @ DFTK /home/herbstm/.julia/packages/DFTK/CsmZm/src/scf/potential_mixing.jl:139
┌ Debug: Iteration 13 linesearch step 2   α=0.08758295454895913 diagtol=4.312338764118667e-5
└ @ DFTK /home/herbstm/.julia/packages/DFTK/CsmZm/src/scf/potential_mixing.jl:293
┌ Debug: Step accepted
│   energy_change = -8.487156668479656e-5
│   relative_residual = 0.8496900676025309
└ @ DFTK /home/herbstm/.julia/packages/DFTK/CsmZm/src/scf/potential_mixing.jl:86
 13   -333.3050458083   -8.49e-05   4.14e-03    0.993   0.09   44.4
┌ Debug: Iteration 14 linesearch step 1   α=0.1 diagtol=4.135325469139426e-5
└ @ DFTK /home/herbstm/.julia/packages/DFTK/CsmZm/src/scf/potential_mixing.jl:293
┌ Debug: Step accepted
│   energy_change = -2.2409363396036497e-5
│   relative_residual = 0.8996747100569157
└ @ DFTK /home/herbstm/.julia/packages/DFTK/CsmZm/src/scf/potential_mixing.jl:86
┌ Debug: Quadratic model accepted
│   model_relerror = 3.3959897845339855e-5
│   slope = -0.0002461709156254147
│   curv = 0.0004416978419076449
│   α_model = 0.5573287715471493
└ @ DFTK /home/herbstm/.julia/packages/DFTK/CsmZm/src/scf/potential_mixing.jl:139
 14   -333.3050682177   -2.24e-05   1.16e-03    0.992   0.10   22.1
┌ Debug: Iteration 15 linesearch step 1   α=0.6130616487018643 diagtol=1.1567451943880253e-5
└ @ DFTK /home/herbstm/.julia/packages/DFTK/CsmZm/src/scf/potential_mixing.jl:293
┌ Debug: Step accepted
│   energy_change = -8.710883179219309e-5
│   relative_residual = 0.4458855038779805
└ @ DFTK /home/herbstm/.julia/packages/DFTK/CsmZm/src/scf/potential_mixing.jl:86
┌ Debug: Quadratic model accepted
│   model_relerror = 0.0013172084273537841
│   slope = -0.0001892693526497142
│   curv = 0.00015330916177189993
│   α_model = 1.2345599601628336
└ @ DFTK /home/herbstm/.julia/packages/DFTK/CsmZm/src/scf/potential_mixing.jl:139
 15   -333.3051553265   -8.71e-05   6.91e-03    0.984   0.61   25.1
┌ Debug: Iteration 16 linesearch step 1   α=1.0 diagtol=1.1567451943880253e-5
└ @ DFTK /home/herbstm/.julia/packages/DFTK/CsmZm/src/scf/potential_mixing.jl:293
┌ Debug: Step discarded
│   energy_change = 0.0002421003097765606
│   relative_residual = 2.334509595333349
└ @ DFTK /home/herbstm/.julia/packages/DFTK/CsmZm/src/scf/potential_mixing.jl:86
┌ Debug: Quadratic model accepted
│   model_relerror = 0.0006874588730848048
│   slope = -0.00015379620726898202
│   curv = 0.0007914601660544283
│   α_model = 0.1943195802710879
└ @ DFTK /home/herbstm/.julia/packages/DFTK/CsmZm/src/scf/potential_mixing.jl:139
┌ Debug: Iteration 16 linesearch step 2   α=0.1943195802710879 diagtol=1.1567451943880253e-5
└ @ DFTK /home/herbstm/.julia/packages/DFTK/CsmZm/src/scf/potential_mixing.jl:293
┌ Debug: Step accepted
│   energy_change = -1.4882473749366909e-5
│   relative_residual = 0.8667223608243311
└ @ DFTK /home/herbstm/.julia/packages/DFTK/CsmZm/src/scf/potential_mixing.jl:86
 16   -333.3051702090   -1.49e-05   2.19e-03    0.983   0.19   50.1
┌ Debug: Iteration 17 linesearch step 1   α=0.1943195802710879 diagtol=1.1567451943880253e-5
└ @ DFTK /home/herbstm/.julia/packages/DFTK/CsmZm/src/scf/potential_mixing.jl:293
┌ Debug: Step accepted
│   energy_change = -6.521751515720098e-6
│   relative_residual = 0.9671669210252374
└ @ DFTK /home/herbstm/.julia/packages/DFTK/CsmZm/src/scf/potential_mixing.jl:86
┌ Debug: Quadratic model accepted
│   model_relerror = 8.570417568210736e-5
│   slope = -0.0001896966948176974
│   curv = 0.0016069593173233703
│   α_model = 0.11804698026435757
└ @ DFTK /home/herbstm/.julia/packages/DFTK/CsmZm/src/scf/potential_mixing.jl:139
 17   -333.3051767307   -6.52e-06   2.99e-03    0.981   0.19   25.0
┌ Debug: Iteration 18 linesearch step 1   α=0.1943195802710879 diagtol=1.1567451943880253e-5
└ @ DFTK /home/herbstm/.julia/packages/DFTK/CsmZm/src/scf/potential_mixing.jl:293
┌ Debug: Step accepted
│   energy_change = -1.764061039466469e-7
│   relative_residual = 1.0187318072808074
└ @ DFTK /home/herbstm/.julia/packages/DFTK/CsmZm/src/scf/potential_mixing.jl:86
┌ Debug: Quadratic model accepted
│   model_relerror = 0.014095004493503673
│   slope = -0.0003330207447490482
│   curv = 0.0034180820496846603
│   α_model = 0.09742912543008482
└ @ DFTK /home/herbstm/.julia/packages/DFTK/CsmZm/src/scf/potential_mixing.jl:139
 18   -333.3051769071   -1.76e-07   3.45e-03    0.982   0.19   25.1
┌ Debug: Iteration 19 linesearch step 1   α=0.1943195802710879 diagtol=1.1567451943880253e-5
└ @ DFTK /home/herbstm/.julia/packages/DFTK/CsmZm/src/scf/potential_mixing.jl:293
┌ Debug: Step discarded
│   energy_change = 1.954437396989306e-5
│   relative_residual = 1.2872803663217174
└ @ DFTK /home/herbstm/.julia/packages/DFTK/CsmZm/src/scf/potential_mixing.jl:86
┌ Debug: Quadratic model accepted
│   model_relerror = 0.0001546673316963475
│   slope = -0.0006170869290610357
│   curv = 0.007386284825784448
│   α_model = 0.08354496795288407
└ @ DFTK /home/herbstm/.julia/packages/DFTK/CsmZm/src/scf/potential_mixing.jl:139
┌ Debug: Iteration 19 linesearch step 2   α=0.08354496795288407 diagtol=1.1567451943880253e-5
└ @ DFTK /home/herbstm/.julia/packages/DFTK/CsmZm/src/scf/potential_mixing.jl:293
┌ Debug: Step accepted
│   energy_change = -2.5775189328669512e-5
│   relative_residual = 0.6643770047019005
└ @ DFTK /home/herbstm/.julia/packages/DFTK/CsmZm/src/scf/potential_mixing.jl:86
 19   -333.3052026823   -2.58e-05   2.31e-03    0.980   0.08   50.2
┌ Debug: Iteration 20 linesearch step 1   α=0.1 diagtol=1.1567451943880253e-5
└ @ DFTK /home/herbstm/.julia/packages/DFTK/CsmZm/src/scf/potential_mixing.jl:293
┌ Debug: Step accepted
│   energy_change = -4.716812327387743e-6
│   relative_residual = 0.9233288550829766
└ @ DFTK /home/herbstm/.julia/packages/DFTK/CsmZm/src/scf/potential_mixing.jl:86
┌ Debug: Quadratic model accepted
│   model_relerror = 1.813711028712793e-5
│   slope = -4.956629826702097e-5
│   curv = 4.7946394322347674e-5
│   α_model = 1.0337857302424567
└ @ DFTK /home/herbstm/.julia/packages/DFTK/CsmZm/src/scf/potential_mixing.jl:139
 20   -333.3052073992   -4.72e-06   6.74e-04    0.980   0.10   25.0
┌ Debug: Iteration 21 linesearch step 1   α=1.0 diagtol=6.735175931881074e-6
└ @ DFTK /home/herbstm/.julia/packages/DFTK/CsmZm/src/scf/potential_mixing.jl:293
┌ Debug: Step accepted
│   energy_change = -3.392198959772941e-5
│   relative_residual = 0.5250872984802608
└ @ DFTK /home/herbstm/.julia/packages/DFTK/CsmZm/src/scf/potential_mixing.jl:86
 21   -333.3052413211   -3.39e-05   6.70e-03    0.975   1.00   26.2
┌ Debug: Iteration 22 linesearch step 1   α=1.0 diagtol=6.735175931881074e-6
└ @ DFTK /home/herbstm/.julia/packages/DFTK/CsmZm/src/scf/potential_mixing.jl:293
┌ Debug: Step discarded
│   energy_change = 0.00010539142721199823
│   relative_residual = 5.357810901320893
└ @ DFTK /home/herbstm/.julia/packages/DFTK/CsmZm/src/scf/potential_mixing.jl:86
┌ Debug: Quadratic model accepted
│   model_relerror = 0.00029274746344667486
│   slope = -4.198403882638349e-5
│   curv = 0.0002946892259954653
│   α_model = 0.14246886252648255
└ @ DFTK /home/herbstm/.julia/packages/DFTK/CsmZm/src/scf/potential_mixing.jl:139
┌ Debug: Iteration 22 linesearch step 2   α=0.14246886252648255 diagtol=6.735175931881074e-6
└ @ DFTK /home/herbstm/.julia/packages/DFTK/CsmZm/src/scf/potential_mixing.jl:293
┌ Debug: Step accepted
│   energy_change = -2.9824477110196312e-6
│   relative_residual = 0.8436280969879816
└ @ DFTK /home/herbstm/.julia/packages/DFTK/CsmZm/src/scf/potential_mixing.jl:86
 22   -333.3052443036   -2.98e-06   8.86e-04    0.975   0.14   52.5
┌ Debug: Iteration 23 linesearch step 1   α=0.14246886252648255 diagtol=6.735175931881074e-6
└ @ DFTK /home/herbstm/.julia/packages/DFTK/CsmZm/src/scf/potential_mixing.jl:293
┌ Debug: Step accepted
│   energy_change = -2.303607971043675e-6
│   relative_residual = 1.0047514378632456
└ @ DFTK /home/herbstm/.julia/packages/DFTK/CsmZm/src/scf/potential_mixing.jl:86
┌ Debug: Quadratic model accepted
│   model_relerror = 5.4780323500018505e-6
│   slope = -3.0203510278956488e-5
│   curv = 0.00019701702662293472
│   α_model = 0.15330406105844915
└ @ DFTK /home/herbstm/.julia/packages/DFTK/CsmZm/src/scf/potential_mixing.jl:139
 23   -333.3052466072   -2.30e-06   9.31e-04    0.975   0.14   26.2
┌ Debug: Iteration 24 linesearch step 1   α=0.1686344671642941 diagtol=6.735175931881074e-6
└ @ DFTK /home/herbstm/.julia/packages/DFTK/CsmZm/src/scf/potential_mixing.jl:293
┌ Debug: Step accepted
│   energy_change = -2.456236586567684e-6
│   relative_residual = 0.9001597681500081
└ @ DFTK /home/herbstm/.julia/packages/DFTK/CsmZm/src/scf/potential_mixing.jl:86
┌ Debug: Quadratic model accepted
│   model_relerror = 3.0455510527736374e-5
│   slope = -2.603042985299654e-5
│   curv = 0.00013596909987046723
│   α_model = 0.19144371682827035
└ @ DFTK /home/herbstm/.julia/packages/DFTK/CsmZm/src/scf/potential_mixing.jl:139
 24   -333.3052490634   -2.46e-06   8.39e-04    0.975   0.17   26.2
┌ Debug: Iteration 25 linesearch step 1   α=0.21058808851109742 diagtol=6.735175931881074e-6
└ @ DFTK /home/herbstm/.julia/packages/DFTK/CsmZm/src/scf/potential_mixing.jl:293
┌ Debug: Step accepted
│   energy_change = -1.5418409589074145e-6
│   relative_residual = 1.235521463762315
└ @ DFTK /home/herbstm/.julia/packages/DFTK/CsmZm/src/scf/potential_mixing.jl:86
┌ Debug: Quadratic model accepted
│   model_relerror = 1.9576503815593317e-5
│   slope = -2.609956709853099e-5
│   curv = 0.00017833975508735567
│   α_model = 0.14634744275468312
└ @ DFTK /home/herbstm/.julia/packages/DFTK/CsmZm/src/scf/potential_mixing.jl:139
 25   -333.3052506053   -1.54e-06   1.28e-03    0.975   0.21   26.1
┌ Debug: Iteration 26 linesearch step 1   α=0.21058808851109742 diagtol=6.735175931881074e-6
└ @ DFTK /home/herbstm/.julia/packages/DFTK/CsmZm/src/scf/potential_mixing.jl:293
┌ Debug: Step discarded
│   energy_change = 1.8147210312235984e-7
│   relative_residual = 1.2065897785740236
└ @ DFTK /home/herbstm/.julia/packages/DFTK/CsmZm/src/scf/potential_mixing.jl:86
┌ Debug: Quadratic model accepted
│   model_relerror = 0.0011636681199727736
│   slope = -5.261257537675468e-5
│   curv = 0.000507847451980132
│   α_model = 0.10359917170326374
└ @ DFTK /home/herbstm/.julia/packages/DFTK/CsmZm/src/scf/potential_mixing.jl:139
┌ Debug: Iteration 26 linesearch step 2   α=0.10359917170326374 diagtol=6.735175931881074e-6
└ @ DFTK /home/herbstm/.julia/packages/DFTK/CsmZm/src/scf/potential_mixing.jl:293
┌ Debug: Step accepted
│   energy_change = -2.7243787599218194e-6
│   relative_residual = 0.6899678637682822
└ @ DFTK /home/herbstm/.julia/packages/DFTK/CsmZm/src/scf/potential_mixing.jl:86
 26   -333.3052533297   -2.72e-06   7.39e-04    0.975   0.10   52.4
┌ Debug: Iteration 27 linesearch step 1   α=0.10359917170326374 diagtol=6.735175931881074e-6
└ @ DFTK /home/herbstm/.julia/packages/DFTK/CsmZm/src/scf/potential_mixing.jl:293
┌ Debug: Step accepted
│   energy_change = -1.2242842331033899e-6
│   relative_residual = 0.9681554779692615
└ @ DFTK /home/herbstm/.julia/packages/DFTK/CsmZm/src/scf/potential_mixing.jl:86
┌ Debug: Quadratic model accepted
│   model_relerror = 1.4857574363552587e-6
│   slope = -1.4742487495503155e-5
│   curv = 5.646754084013064e-5
│   α_model = 0.2610789716740398
└ @ DFTK /home/herbstm/.julia/packages/DFTK/CsmZm/src/scf/potential_mixing.jl:139
 27   -333.3052545539   -1.22e-06   4.75e-04    0.975   0.10   26.3
┌ Debug: Iteration 28 linesearch step 1   α=0.28718686884144384 diagtol=4.747702658102347e-6
└ @ DFTK /home/herbstm/.julia/packages/DFTK/CsmZm/src/scf/potential_mixing.jl:293
┌ Debug: Step accepted
│   energy_change = -2.7856376618728973e-6
│   relative_residual = 0.9067285209603998
└ @ DFTK /home/herbstm/.julia/packages/DFTK/CsmZm/src/scf/potential_mixing.jl:86
┌ Debug: Quadratic model accepted
│   model_relerror = 1.8773419841251962e-5
│   slope = -1.097745051064377e-5
│   curv = 8.896852302735496e-6
│   α_model = 1.233857788924804
└ @ DFTK /home/herbstm/.julia/packages/DFTK/CsmZm/src/scf/potential_mixing.jl:139
 28   -333.3052573396   -2.79e-06   1.02e-03    0.975   0.29   26.8
┌ Debug: Iteration 29 linesearch step 1   α=1.0 diagtol=4.747702658102347e-6
└ @ DFTK /home/herbstm/.julia/packages/DFTK/CsmZm/src/scf/potential_mixing.jl:293
┌ Debug: Step discarded
│   energy_change = 1.0128403687303944e-5
│   relative_residual = 3.695000350099287
└ @ DFTK /home/herbstm/.julia/packages/DFTK/CsmZm/src/scf/potential_mixing.jl:86
┌ Debug: Quadratic model accepted
│   model_relerror = 7.465452415115387e-5
│   slope = -1.1530622131234145e-5
│   curv = 4.3319563905407554e-5
│   α_model = 0.2661758589355232
└ @ DFTK /home/herbstm/.julia/packages/DFTK/CsmZm/src/scf/potential_mixing.jl:139
┌ Debug: Iteration 29 linesearch step 2   α=0.2661758589355232 diagtol=4.747702658102347e-6
└ @ DFTK /home/herbstm/.julia/packages/DFTK/CsmZm/src/scf/potential_mixing.jl:293
┌ Debug: Step accepted
│   energy_change = -1.534073305720085e-6
│   relative_residual = 1.218632507451481
└ @ DFTK /home/herbstm/.julia/packages/DFTK/CsmZm/src/scf/potential_mixing.jl:86
 29   -333.3052588736   -1.53e-06   1.08e-03    0.974   0.27   53.6
┌ Debug: Iteration 30 linesearch step 1   α=0.2661758589355232 diagtol=4.747702658102347e-6
└ @ DFTK /home/herbstm/.julia/packages/DFTK/CsmZm/src/scf/potential_mixing.jl:293
┌ Debug: Step discarded
│   energy_change = 1.4003136357132462e-6
│   relative_residual = 1.5232012007090676
└ @ DFTK /home/herbstm/.julia/packages/DFTK/CsmZm/src/scf/potential_mixing.jl:86
┌ Debug: Quadratic model accepted
│   model_relerror = 0.00012157707755334799
│   slope = -2.6832336721561587e-5
│   curv = 0.0002411379926898345
│   α_model = 0.11127378320709037
└ @ DFTK /home/herbstm/.julia/packages/DFTK/CsmZm/src/scf/potential_mixing.jl:139
┌ Debug: Iteration 30 linesearch step 2   α=0.11127378320709037 diagtol=4.747702658102347e-6
└ @ DFTK /home/herbstm/.julia/packages/DFTK/CsmZm/src/scf/potential_mixing.jl:293
┌ Debug: Step accepted
│   energy_change = -1.4923321032256354e-6
│   relative_residual = 0.7346122296829044
└ @ DFTK /home/herbstm/.julia/packages/DFTK/CsmZm/src/scf/potential_mixing.jl:86
 30   -333.3052603660   -1.49e-06   5.68e-04    0.975   0.11   53.7
┌ Debug: Iteration 31 linesearch step 1   α=0.11127378320709037 diagtol=4.747702658102347e-6
└ @ DFTK /home/herbstm/.julia/packages/DFTK/CsmZm/src/scf/potential_mixing.jl:293
┌ Debug: Step accepted
│   energy_change = -8.312165391544113e-7
│   relative_residual = 0.9698310997245123
└ @ DFTK /home/herbstm/.julia/packages/DFTK/CsmZm/src/scf/potential_mixing.jl:86
┌ Debug: Quadratic model accepted
│   model_relerror = 9.574013828705575e-7
│   slope = -9.97543576435056e-6
│   curv = 4.503156132529364e-5
│   α_model = 0.22152098374496038
└ @ DFTK /home/herbstm/.julia/packages/DFTK/CsmZm/src/scf/potential_mixing.jl:139
 31   -333.3052611972   -8.31e-07   4.24e-04    0.975   0.11   26.9
┌ Debug: Iteration 32 linesearch step 1   α=0.24367308211945643 diagtol=4.241196930660855e-6
└ @ DFTK /home/herbstm/.julia/packages/DFTK/CsmZm/src/scf/potential_mixing.jl:293
┌ Debug: Step accepted
│   energy_change = -1.4761487250325445e-6
│   relative_residual = 0.9240149129295488
└ @ DFTK /home/herbstm/.julia/packages/DFTK/CsmZm/src/scf/potential_mixing.jl:86
┌ Debug: Quadratic model accepted
│   model_relerror = 1.4324946705999685e-5
│   slope = -7.252786972537851e-6
│   curv = 9.80653117268236e-6
│   α_model = 0.7395874081083464
└ @ DFTK /home/herbstm/.julia/packages/DFTK/CsmZm/src/scf/potential_mixing.jl:139
 32   -333.3052626733   -1.48e-06   6.98e-04    0.975   0.24   27.1
┌ Debug: Iteration 33 linesearch step 1   α=0.8135461489191812 diagtol=4.241196930660855e-6
└ @ DFTK /home/herbstm/.julia/packages/DFTK/CsmZm/src/scf/potential_mixing.jl:293
┌ Debug: Step discarded
│   energy_change = 5.6059575399558526e-6
│   relative_residual = 3.451095914617869
└ @ DFTK /home/herbstm/.julia/packages/DFTK/CsmZm/src/scf/potential_mixing.jl:86
┌ Debug: Quadratic model accepted
│   model_relerror = 2.2723344006646532e-5
│   slope = -8.122419707537738e-6
│   curv = 3.690840151362143e-5
│   α_model = 0.22006966908442444
└ @ DFTK /home/herbstm/.julia/packages/DFTK/CsmZm/src/scf/potential_mixing.jl:139
┌ Debug: Iteration 33 linesearch step 2   α=0.22006966908442444 diagtol=4.241196930660855e-6
└ @ DFTK /home/herbstm/.julia/packages/DFTK/CsmZm/src/scf/potential_mixing.jl:293
┌ Debug: Step accepted
│   energy_change = -8.938910127653799e-7
│   relative_residual = 1.1659772445999947
└ @ DFTK /home/herbstm/.julia/packages/DFTK/CsmZm/src/scf/potential_mixing.jl:86
 33   -333.3052635672   -8.94e-07   7.59e-04    0.975   0.22   54.2
┌ Debug: Iteration 34 linesearch step 1   α=0.22006966908442444 diagtol=4.241196930660855e-6
└ @ DFTK /home/herbstm/.julia/packages/DFTK/CsmZm/src/scf/potential_mixing.jl:293
┌ Debug: Step accepted
│   energy_change = -3.2045772968558595e-7
│   relative_residual = 1.1682635253819287
└ @ DFTK /home/herbstm/.julia/packages/DFTK/CsmZm/src/scf/potential_mixing.jl:86
┌ Debug: Quadratic model accepted
│   model_relerror = 0.00011547565326226702
│   slope = -1.4593739290300406e-5
│   curv = 0.00011939315501873533
│   α_model = 0.1222326295675019
└ @ DFTK /home/herbstm/.julia/packages/DFTK/CsmZm/src/scf/potential_mixing.jl:139
 34   -333.3052638877   -3.20e-07   8.31e-04    0.975   0.22   27.0
┌ Debug: Iteration 35 linesearch step 1   α=0.22006966908442444 diagtol=4.241196930660855e-6
└ @ DFTK /home/herbstm/.julia/packages/DFTK/CsmZm/src/scf/potential_mixing.jl:293
┌ Debug: Step discarded
│   energy_change = 1.996932837755594e-6
│   relative_residual = 1.7154743954275453
└ @ DFTK /home/herbstm/.julia/packages/DFTK/CsmZm/src/scf/potential_mixing.jl:86
┌ Debug: Quadratic model accepted
│   model_relerror = 3.4813139406782966e-5
│   slope = -3.4056753493532434e-5
│   curv = 0.00039197161411412107
│   α_model = 0.08688576485443392
└ @ DFTK /home/herbstm/.julia/packages/DFTK/CsmZm/src/scf/potential_mixing.jl:139
┌ Debug: Iteration 35 linesearch step 2   α=0.08688576485443392 diagtol=4.241196930660855e-6
└ @ DFTK /home/herbstm/.julia/packages/DFTK/CsmZm/src/scf/potential_mixing.jl:293
┌ Debug: Step accepted
│   energy_change = -1.4795827496527636e-6
│   relative_residual = 0.6283182100158995
└ @ DFTK /home/herbstm/.julia/packages/DFTK/CsmZm/src/scf/potential_mixing.jl:86
 35   -333.3052653673   -1.48e-06   5.82e-04    0.975   0.09   54.2
┌ Debug: Iteration 36 linesearch step 1   α=0.1 diagtol=4.241196930660855e-6
└ @ DFTK /home/herbstm/.julia/packages/DFTK/CsmZm/src/scf/potential_mixing.jl:293
┌ Debug: Step accepted
│   energy_change = -4.316562467465701e-7
│   relative_residual = 0.9395882472708597
└ @ DFTK /home/herbstm/.julia/packages/DFTK/CsmZm/src/scf/potential_mixing.jl:86
┌ Debug: Quadratic model accepted
│   model_relerror = 1.3168677457871097e-7
│   slope = -4.632574514789082e-6
│   curv = 6.320248843538388e-6
│   α_model = 0.7329734365641746
└ @ DFTK /home/herbstm/.julia/packages/DFTK/CsmZm/src/scf/potential_mixing.jl:139
 36   -333.3052657989   -4.32e-07   2.31e-04    0.975   0.10   27.1
┌ Debug: Iteration 37 linesearch step 1   α=0.8062707802205921 diagtol=2.3134388345795986e-6
└ @ DFTK /home/herbstm/.julia/packages/DFTK/CsmZm/src/scf/potential_mixing.jl:293
┌ Debug: Step accepted
│   energy_change = -2.683466448161198e-6
│   relative_residual = 0.9264714423643191
└ @ DFTK /home/herbstm/.julia/packages/DFTK/CsmZm/src/scf/potential_mixing.jl:86
┌ Debug: Quadratic model accepted
│   model_relerror = 7.227582267181982e-5
│   slope = -3.9268229629768165e-6
│   curv = 1.4842103413805328e-6
│   α_model = 2.645732113228841
└ @ DFTK /home/herbstm/.julia/packages/DFTK/CsmZm/src/scf/potential_mixing.jl:139
 37   -333.3052684824   -2.68e-06   1.85e-03    0.975   0.81   28.4
┌ Debug: Iteration 38 linesearch step 1   α=1.0 diagtol=2.3134388345795986e-6
└ @ DFTK /home/herbstm/.julia/packages/DFTK/CsmZm/src/scf/potential_mixing.jl:293
┌ Debug: Step discarded
│   energy_change = 1.2761375160152966e-5
│   relative_residual = 5.494352974321725
└ @ DFTK /home/herbstm/.julia/packages/DFTK/CsmZm/src/scf/potential_mixing.jl:86
┌ Debug: Quadratic model accepted
│   model_relerror = 7.635172780873178e-5
│   slope = -5.295211639053414e-6
│   curv = 3.6111224875766697e-5
│   α_model = 0.1466361680411149
└ @ DFTK /home/herbstm/.julia/packages/DFTK/CsmZm/src/scf/potential_mixing.jl:139
┌ Debug: Iteration 38 linesearch step 2   α=0.1466361680411149 diagtol=2.3134388345795986e-6
└ @ DFTK /home/herbstm/.julia/packages/DFTK/CsmZm/src/scf/potential_mixing.jl:293
┌ Debug: Step accepted
│   energy_change = -3.87969691928447e-7
│   relative_residual = 0.8592161039754025
└ @ DFTK /home/herbstm/.julia/packages/DFTK/CsmZm/src/scf/potential_mixing.jl:86
 38   -333.3052688704   -3.88e-07   3.37e-04    0.975   0.15   57.0
┌ Debug: Iteration 39 linesearch step 1   α=0.1466361680411149 diagtol=2.3134388345795986e-6
└ @ DFTK /home/herbstm/.julia/packages/DFTK/CsmZm/src/scf/potential_mixing.jl:293
┌ Debug: Step accepted
│   energy_change = -3.105046744167339e-7
│   relative_residual = 1.0305092077957487
└ @ DFTK /home/herbstm/.julia/packages/DFTK/CsmZm/src/scf/potential_mixing.jl:86
┌ Debug: Quadratic model accepted
│   model_relerror = 7.322713446112884e-6
│   slope = -4.1740070603869144e-6
│   curv = 2.804865731547525e-5
│   α_model = 0.1488130791231848
└ @ DFTK /home/herbstm/.julia/packages/DFTK/CsmZm/src/scf/potential_mixing.jl:139
 39   -333.3052691809   -3.11e-07   3.65e-04    0.975   0.15   28.4
┌ Debug: Iteration 40 linesearch step 1   α=0.1636943870355033 diagtol=2.3134388345795986e-6
└ @ DFTK /home/herbstm/.julia/packages/DFTK/CsmZm/src/scf/potential_mixing.jl:293
┌ Debug: Step accepted
│   energy_change = -3.271675836913346e-7
│   relative_residual = 0.8990312371138575
└ @ DFTK /home/herbstm/.julia/packages/DFTK/CsmZm/src/scf/potential_mixing.jl:86
┌ Debug: Quadratic model accepted
│   model_relerror = 3.127392781247736e-6
│   slope = -3.8057002258190886e-6
│   curv = 2.2078279524099414e-5
│   α_model = 0.17237304300205997
└ @ DFTK /home/herbstm/.julia/packages/DFTK/CsmZm/src/scf/potential_mixing.jl:139
 40   -333.3052695080   -3.27e-07   3.22e-04    0.975   0.16   28.5
┌ Debug: Iteration 41 linesearch step 1   α=0.18961034730226597 diagtol=2.3134388345795986e-6
└ @ DFTK /home/herbstm/.julia/packages/DFTK/CsmZm/src/scf/potential_mixing.jl:293
┌ Debug: Step accepted
│   energy_change = -2.309718638571212e-7
│   relative_residual = 1.1937616750962237
└ @ DFTK /home/herbstm/.julia/packages/DFTK/CsmZm/src/scf/potential_mixing.jl:86
┌ Debug: Quadratic model accepted
│   model_relerror = 1.7719587527379223e-5
│   slope = -3.73134603767302e-6
│   curv = 2.6508943454031432e-5
│   α_model = 0.14075800660043145
└ @ DFTK /home/herbstm/.julia/packages/DFTK/CsmZm/src/scf/potential_mixing.jl:139
 41   -333.3052697390   -2.31e-07   4.46e-04    0.975   0.19   28.5
┌ Debug: Iteration 42 linesearch step 1   α=0.18961034730226597 diagtol=2.3134388345795986e-6
└ @ DFTK /home/herbstm/.julia/packages/DFTK/CsmZm/src/scf/potential_mixing.jl:293
┌ Debug: Step accepted
│   energy_change = -1.647956651140703e-7
│   relative_residual = 1.0500133054743996
└ @ DFTK /home/herbstm/.julia/packages/DFTK/CsmZm/src/scf/potential_mixing.jl:86
┌ Debug: Quadratic model accepted
│   model_relerror = 1.4142241979969066e-5
│   slope = -6.015429085828432e-6
│   curv = 5.428278400820307e-5
│   α_model = 0.11081651753379848
└ @ DFTK /home/herbstm/.julia/packages/DFTK/CsmZm/src/scf/potential_mixing.jl:139
 42   -333.3052699038   -1.65e-07   4.63e-04    0.975   0.19   28.4
┌ Debug: Iteration 43 linesearch step 1   α=0.18961034730226597 diagtol=2.3134388345795986e-6
└ @ DFTK /home/herbstm/.julia/packages/DFTK/CsmZm/src/scf/potential_mixing.jl:293
┌ Debug: Step discarded
│   energy_change = 1.264991169591667e-7
│   relative_residual = 1.403925978489015
└ @ DFTK /home/herbstm/.julia/packages/DFTK/CsmZm/src/scf/potential_mixing.jl:86
┌ Debug: Quadratic model accepted
│   model_relerror = 9.706137694145222e-5
│   slope = -9.861795039466644e-6
│   curv = 0.00011105810834132862
│   α_model = 0.08879851446017042
└ @ DFTK /home/herbstm/.julia/packages/DFTK/CsmZm/src/scf/potential_mixing.jl:139
┌ Debug: Iteration 43 linesearch step 2   α=0.08879851446017042 diagtol=2.3134388345795986e-6
└ @ DFTK /home/herbstm/.julia/packages/DFTK/CsmZm/src/scf/potential_mixing.jl:293
┌ Debug: Step accepted
│   energy_change = -4.3785394154838286e-7
│   relative_residual = 0.66757296629988
└ @ DFTK /home/herbstm/.julia/packages/DFTK/CsmZm/src/scf/potential_mixing.jl:86
 43   -333.3052703417   -4.38e-07   3.23e-04    0.975   0.09   56.9
┌ Debug: Iteration 44 linesearch step 1   α=0.1 diagtol=2.3134388345795986e-6
└ @ DFTK /home/herbstm/.julia/packages/DFTK/CsmZm/src/scf/potential_mixing.jl:293
┌ Debug: Step accepted
│   energy_change = -1.4902536804584088e-7
│   relative_residual = 0.9349016642152095
└ @ DFTK /home/herbstm/.julia/packages/DFTK/CsmZm/src/scf/potential_mixing.jl:86
┌ Debug: Quadratic model accepted
│   model_relerror = 2.6700415992481164e-6
│   slope = -1.6197808013557403e-6
│   curv = 2.5906267554434603e-6
│   α_model = 0.6252466890308436
└ @ DFTK /home/herbstm/.julia/packages/DFTK/CsmZm/src/scf/potential_mixing.jl:139
 44   -333.3052704907   -1.49e-07   1.38e-04    0.975   0.10   28.3
┌ Debug: Iteration 45 linesearch step 1   α=0.687771357933928 diagtol=1.381102888809461e-6
└ @ DFTK /home/herbstm/.julia/packages/DFTK/CsmZm/src/scf/potential_mixing.jl:293
┌ Debug: Step accepted
│   energy_change = -7.987740673343069e-7
│   relative_residual = 0.9574549779203418
└ @ DFTK /home/herbstm/.julia/packages/DFTK/CsmZm/src/scf/potential_mixing.jl:86
┌ Debug: Quadratic model accepted
│   model_relerror = 3.700492919889594e-5
│   slope = -1.3448241327657418e-6
│   curv = 5.332769394364537e-7
│   α_model = 2.5218119016863914
└ @ DFTK /home/herbstm/.julia/packages/DFTK/CsmZm/src/scf/potential_mixing.jl:139
 45   -333.3052712895   -7.99e-07   9.42e-04    0.976   0.69   29.5
┌ Debug: Iteration 46 linesearch step 1   α=1.0 diagtol=1.381102888809461e-6
└ @ DFTK /home/herbstm/.julia/packages/DFTK/CsmZm/src/scf/potential_mixing.jl:293
┌ Debug: Step discarded
│   energy_change = 3.7859874169043906e-6
│   relative_residual = 5.115088699832776
└ @ DFTK /home/herbstm/.julia/packages/DFTK/CsmZm/src/scf/potential_mixing.jl:86
┌ Debug: Quadratic model accepted
│   model_relerror = 4.3541062487505406e-5
│   slope = -1.7999831809303106e-6
│   curv = 1.1171611478021379e-5
│   α_model = 0.1611211761590109
└ @ DFTK /home/herbstm/.julia/packages/DFTK/CsmZm/src/scf/potential_mixing.jl:139
┌ Debug: Iteration 46 linesearch step 2   α=0.1611211761590109 diagtol=1.381102888809461e-6
└ @ DFTK /home/herbstm/.julia/packages/DFTK/CsmZm/src/scf/potential_mixing.jl:293
┌ Debug: Step accepted
│   energy_change = -1.4496254152618349e-7
│   relative_residual = 0.8927919512969769
└ @ DFTK /home/herbstm/.julia/packages/DFTK/CsmZm/src/scf/potential_mixing.jl:86
 46   -333.3052714344   -1.45e-07   2.18e-04    0.976   0.16   59.2
┌ Debug: Iteration 47 linesearch step 1   α=0.1611211761590109 diagtol=1.381102888809461e-6
└ @ DFTK /home/herbstm/.julia/packages/DFTK/CsmZm/src/scf/potential_mixing.jl:293
┌ Debug: Step accepted
│   energy_change = -1.1352670981068513e-7
│   relative_residual = 1.0893586964688446
└ @ DFTK /home/herbstm/.julia/packages/DFTK/CsmZm/src/scf/potential_mixing.jl:86
┌ Debug: Quadratic model accepted
│   model_relerror = 1.4520452056721893e-5
│   slope = -1.7265730057659676e-6
│   curv = 1.2685588140004385e-5
│   α_model = 0.1361050813498483
└ @ DFTK /home/herbstm/.julia/packages/DFTK/CsmZm/src/scf/potential_mixing.jl:139
 47   -333.3052715480   -1.14e-07   2.58e-04    0.976   0.16   29.6
┌ Debug: Iteration 48 linesearch step 1   α=0.1611211761590109 diagtol=1.381102888809461e-6
└ @ DFTK /home/herbstm/.julia/packages/DFTK/CsmZm/src/scf/potential_mixing.jl:293
┌ Debug: Step accepted
│   energy_change = -1.2128333537475555e-7
│   relative_residual = 0.892215612189006
└ @ DFTK /home/herbstm/.julia/packages/DFTK/CsmZm/src/scf/potential_mixing.jl:86
┌ Debug: Quadratic model accepted
│   model_relerror = 3.2807799257512635e-6
│   slope = -1.9268687632197064e-6
│   curv = 1.4574436428976035e-5
│   α_model = 0.13220880084178208
└ @ DFTK /home/herbstm/.julia/packages/DFTK/CsmZm/src/scf/potential_mixing.jl:139
 48   -333.3052716692   -1.21e-07   2.24e-04    0.976   0.16   29.6
┌ Debug: Iteration 49 linesearch step 1   α=0.1611211761590109 diagtol=1.381102888809461e-6
└ @ DFTK /home/herbstm/.julia/packages/DFTK/CsmZm/src/scf/potential_mixing.jl:293
┌ Debug: Step accepted
│   energy_change = -9.052740779225132e-8
│   relative_residual = 1.1117895282493895
└ @ DFTK /home/herbstm/.julia/packages/DFTK/CsmZm/src/scf/potential_mixing.jl:86
┌ Debug: Quadratic model accepted
│   model_relerror = 1.5069933912060656e-5
│   slope = -1.9000864562883747e-6
│   curv = 1.661133216110703e-5
│   α_model = 0.11438495346791903
└ @ DFTK /home/herbstm/.julia/packages/DFTK/CsmZm/src/scf/potential_mixing.jl:139
 49   -333.3052717598   -9.05e-08   2.68e-04    0.976   0.16   29.6
┌ Debug: Iteration 50 linesearch step 1   α=0.1611211761590109 diagtol=1.381102888809461e-6
└ @ DFTK /home/herbstm/.julia/packages/DFTK/CsmZm/src/scf/potential_mixing.jl:293
┌ Debug: Step accepted
│   energy_change = -1.0080611900775693e-7
│   relative_residual = 0.8967393922492513
└ @ DFTK /home/herbstm/.julia/packages/DFTK/CsmZm/src/scf/potential_mixing.jl:86
┌ Debug: Quadratic model accepted
│   model_relerror = 5.63888575617458e-7
│   slope = -2.1645178566524942e-6
│   curv = 1.9101941277053333e-5
│   α_model = 0.11331402527410517
└ @ DFTK /home/herbstm/.julia/packages/DFTK/CsmZm/src/scf/potential_mixing.jl:139
 50   -333.3052718606   -1.01e-07   2.37e-04    0.976   0.16   29.7
┌ Debug: Iteration 51 linesearch step 1   α=0.1611211761590109 diagtol=1.381102888809461e-6
└ @ DFTK /home/herbstm/.julia/packages/DFTK/CsmZm/src/scf/potential_mixing.jl:293
┌ Debug: Step accepted
│   energy_change = -7.02668785379501e-8
│   relative_residual = 1.1311172913804226
└ @ DFTK /home/herbstm/.julia/packages/DFTK/CsmZm/src/scf/potential_mixing.jl:86
┌ Debug: Quadratic model accepted
│   model_relerror = 2.3459974048414914e-5
│   slope = -2.194304961155503e-6
│   curv = 2.1824354096210486e-5
│   α_model = 0.10054386725408361
└ @ DFTK /home/herbstm/.julia/packages/DFTK/CsmZm/src/scf/potential_mixing.jl:139
 51   -333.3052719308   -7.03e-08   2.84e-04    0.976   0.16   29.7
┌ Debug: Iteration 52 linesearch step 1   α=0.1611211761590109 diagtol=1.381102888809461e-6
└ @ DFTK /home/herbstm/.julia/packages/DFTK/CsmZm/src/scf/potential_mixing.jl:293
┌ Debug: Step accepted
│   energy_change = -8.276026619569166e-8
│   relative_residual = 0.906980863574997
└ @ DFTK /home/herbstm/.julia/packages/DFTK/CsmZm/src/scf/potential_mixing.jl:86
┌ Debug: Quadratic model accepted
│   model_relerror = 1.2363197782317056e-5
│   slope = -2.5366388815364703e-6
│   curv = 2.511144486719262e-5
│   α_model = 0.10101525001655783
└ @ DFTK /home/herbstm/.julia/packages/DFTK/CsmZm/src/scf/potential_mixing.jl:139
 52   -333.3052720136   -8.28e-08   2.57e-04    0.976   0.16   29.6
┌ Debug: Iteration 53 linesearch step 1   α=0.1611211761590109 diagtol=1.381102888809461e-6
└ @ DFTK /home/herbstm/.julia/packages/DFTK/CsmZm/src/scf/potential_mixing.jl:293
┌ Debug: Step accepted
│   energy_change = -5.1995755256939447e-8
│   relative_residual = 1.1446406811055052
└ @ DFTK /home/herbstm/.julia/packages/DFTK/CsmZm/src/scf/potential_mixing.jl:86
┌ Debug: Quadratic model accepted
│   model_relerror = 4.482250833316024e-5
│   slope = -2.638299349974889e-6
│   curv = 2.874324690187751e-5
│   α_model = 0.0917884941454737
└ @ DFTK /home/herbstm/.julia/packages/DFTK/CsmZm/src/scf/potential_mixing.jl:139
 53   -333.3052720656   -5.20e-08   3.06e-04    0.976   0.16   29.6
┌ Debug: Iteration 54 linesearch step 1   α=0.1611211761590109 diagtol=1.381102888809461e-6
└ @ DFTK /home/herbstm/.julia/packages/DFTK/CsmZm/src/scf/potential_mixing.jl:293
┌ Debug: Step accepted
│   energy_change = -6.64151116325229e-8
│   relative_residual = 0.922308214736942
└ @ DFTK /home/herbstm/.julia/packages/DFTK/CsmZm/src/scf/potential_mixing.jl:86
┌ Debug: Quadratic model accepted
│   model_relerror = 1.2838211996538818e-5
│   slope = -3.0775979794012407e-6
│   curv = 3.308562510127289e-5
│   α_model = 0.09301918793980525
└ @ DFTK /home/herbstm/.julia/packages/DFTK/CsmZm/src/scf/potential_mixing.jl:139
 54   -333.3052721320   -6.64e-08   2.84e-04    0.976   0.16   29.7
┌ Debug: Iteration 55 linesearch step 1   α=0.1611211761590109 diagtol=1.381102888809461e-6
└ @ DFTK /home/herbstm/.julia/packages/DFTK/CsmZm/src/scf/potential_mixing.jl:293
┌ Debug: Step accepted
│   energy_change = -3.499030754028354e-8
│   relative_residual = 1.1510036047323906
└ @ DFTK /home/herbstm/.julia/packages/DFTK/CsmZm/src/scf/potential_mixing.jl:86
┌ Debug: Quadratic model accepted
│   model_relerror = 8.447647330218534e-5
│   slope = -3.272466265031007e-6
│   curv = 3.792525124061821e-5
│   α_model = 0.08628726660948716
└ @ DFTK /home/herbstm/.julia/packages/DFTK/CsmZm/src/scf/potential_mixing.jl:139
 55   -333.3052721670   -3.50e-08   3.36e-04    0.976   0.16   29.7
┌ Debug: Iteration 56 linesearch step 1   α=0.1611211761590109 diagtol=1.381102888809461e-6
└ @ DFTK /home/herbstm/.julia/packages/DFTK/CsmZm/src/scf/potential_mixing.jl:293
┌ Debug: Step accepted
│   energy_change = -5.105476930111763e-8
│   relative_residual = 0.940974553135737
└ @ DFTK /home/herbstm/.julia/packages/DFTK/CsmZm/src/scf/potential_mixing.jl:86
┌ Debug: Quadratic model accepted
│   model_relerror = 3.0061291633497186e-5
│   slope = -3.834773190861415e-6
│   curv = 4.36678892498525e-5
│   α_model = 0.08781677467670064
└ @ DFTK /home/herbstm/.julia/packages/DFTK/CsmZm/src/scf/potential_mixing.jl:139
 56   -333.3052722181   -5.11e-08   3.20e-04    0.976   0.16   29.5
┌ Debug: Iteration 57 linesearch step 1   α=0.1611211761590109 diagtol=1.381102888809461e-6
└ @ DFTK /home/herbstm/.julia/packages/DFTK/CsmZm/src/scf/potential_mixing.jl:293
┌ Debug: Step accepted
│   energy_change = -1.8520609046390746e-8
│   relative_residual = 1.150687338611796
└ @ DFTK /home/herbstm/.julia/packages/DFTK/CsmZm/src/scf/potential_mixing.jl:86
┌ Debug: Quadratic model accepted
│   model_relerror = 0.00020256707732537797
│   slope = -4.152076942564272e-6
│   curv = 5.0112659764474035e-5
│   α_model = 0.08285485069199561
└ @ DFTK /home/herbstm/.julia/packages/DFTK/CsmZm/src/scf/potential_mixing.jl:139
 57   -333.3052722366   -1.85e-08   3.74e-04    0.976   0.16   29.6
┌ Debug: Iteration 58 linesearch step 1   α=0.1611211761590109 diagtol=1.381102888809461e-6
└ @ DFTK /home/herbstm/.julia/packages/DFTK/CsmZm/src/scf/potential_mixing.jl:293
┌ Debug: Step accepted
│   energy_change = -3.593316932892776e-8
│   relative_residual = 0.9608000057772093
└ @ DFTK /home/herbstm/.julia/packages/DFTK/CsmZm/src/scf/potential_mixing.jl:86
┌ Debug: Quadratic model accepted
│   model_relerror = 5.694913967251081e-5
│   slope = -4.8725289086377105e-6
│   curv = 5.771459737527137e-5
│   α_model = 0.08442454994454165
└ @ DFTK /home/herbstm/.julia/packages/DFTK/CsmZm/src/scf/potential_mixing.jl:139
 58   -333.3052722725   -3.59e-08   3.63e-04    0.976   0.16   29.5
┌ Debug: Iteration 59 linesearch step 1   α=0.1611211761590109 diagtol=1.381102888809461e-6
└ @ DFTK /home/herbstm/.julia/packages/DFTK/CsmZm/src/scf/potential_mixing.jl:293
┌ Debug: Step accepted
│   energy_change = -1.8035848370345775e-9
│   relative_residual = 1.1454983276326394
└ @ DFTK /home/herbstm/.julia/packages/DFTK/CsmZm/src/scf/potential_mixing.jl:86
┌ Debug: Quadratic model accepted
│   model_relerror = 0.002678937249834536
│   slope = -5.351900175263334e-6
│   curv = 6.629390719428357e-5
│   α_model = 0.08072989512563865
└ @ DFTK /home/herbstm/.julia/packages/DFTK/CsmZm/src/scf/potential_mixing.jl:139
 59   -333.3052722743   -1.80e-09   4.19e-04    0.976   0.16   29.7
┌ Debug: Iteration 60 linesearch step 1   α=0.1611211761590109 diagtol=1.381102888809461e-6
└ @ DFTK /home/herbstm/.julia/packages/DFTK/CsmZm/src/scf/potential_mixing.jl:293
┌ Debug: Step accepted
│   energy_change = -2.023034539888613e-8
│   relative_residual = 0.9799145476452328
└ @ DFTK /home/herbstm/.julia/packages/DFTK/CsmZm/src/scf/potential_mixing.jl:86
┌ Debug: Quadratic model accepted
│   model_relerror = 0.00013206105154314743
│   slope = -6.277695597909334e-6
│   curv = 7.636677415086541e-5
│   α_model = 0.0822045407536465
└ @ DFTK /home/herbstm/.julia/packages/DFTK/CsmZm/src/scf/potential_mixing.jl:139
 60   -333.3052722945   -2.02e-08   4.15e-04    0.976   0.16   29.7
┌ Debug: Iteration 61 linesearch step 1   α=0.1611211761590109 diagtol=1.381102888809461e-6
└ @ DFTK /home/herbstm/.julia/packages/DFTK/CsmZm/src/scf/potential_mixing.jl:293
┌ Debug: Step discarded
│   energy_change = 1.6041497019614326e-8
│   relative_residual = 1.1375762948793378
└ @ DFTK /home/herbstm/.julia/packages/DFTK/CsmZm/src/scf/potential_mixing.jl:86
┌ Debug: Quadratic model accepted
│   model_relerror = 0.0003330911925727751
│   slope = -6.97255538386006e-6
│   curv = 8.778590320590449e-5
│   α_model = 0.07942682286364042
└ @ DFTK /home/herbstm/.julia/packages/DFTK/CsmZm/src/scf/potential_mixing.jl:139
┌ Debug: Iteration 61 linesearch step 2   α=0.07942682286364042 diagtol=1.381102888809461e-6
└ @ DFTK /home/herbstm/.julia/packages/DFTK/CsmZm/src/scf/potential_mixing.jl:293
┌ Debug: Step accepted
│   energy_change = -2.7689719672707724e-7
│   relative_residual = 0.34666731896941405
└ @ DFTK /home/herbstm/.julia/packages/DFTK/CsmZm/src/scf/potential_mixing.jl:86
 61   -333.3052725714   -2.77e-07   2.33e-04    0.976   0.08   59.3
┌ Debug: Iteration 62 linesearch step 1   α=0.1 diagtol=1.381102888809461e-6
└ @ DFTK /home/herbstm/.julia/packages/DFTK/CsmZm/src/scf/potential_mixing.jl:293
┌ Debug: Step accepted
│   energy_change = -2.3083202904672362e-8
│   relative_residual = 0.9630474296370258
└ @ DFTK /home/herbstm/.julia/packages/DFTK/CsmZm/src/scf/potential_mixing.jl:86
┌ Debug: Quadratic model accepted
│   model_relerror = 9.850178780744871e-6
│   slope = -2.3600525975816568e-7
│   curv = 1.0341771647000276e-7
│   α_model = 2.282058314704919
└ @ DFTK /home/herbstm/.julia/packages/DFTK/CsmZm/src/scf/potential_mixing.jl:139
 62   -333.3052725945   -2.31e-08   5.57e-05    0.976   0.10   29.6
┌ Debug: Iteration 63 linesearch step 1   α=1.0 diagtol=5.571164206687592e-7
└ @ DFTK /home/herbstm/.julia/packages/DFTK/CsmZm/src/scf/potential_mixing.jl:293
┌ Debug: Step accepted
│   energy_change = -1.8823016034730244e-7
│   relative_residual = 0.7929826699011068
└ @ DFTK /home/herbstm/.julia/packages/DFTK/CsmZm/src/scf/potential_mixing.jl:86
 63   -333.3052727827   -1.88e-07   5.52e-04    0.976   1.00   31.8
┌ Debug: Iteration 64 linesearch step 1   α=1.0 diagtol=5.571164206687592e-7
└ @ DFTK /home/herbstm/.julia/packages/DFTK/CsmZm/src/scf/potential_mixing.jl:293
┌ Debug: Step discarded
│   energy_change = 9.691859759186627e-8
│   relative_residual = 3.2411995527110395
└ @ DFTK /home/herbstm/.julia/packages/DFTK/CsmZm/src/scf/potential_mixing.jl:86
┌ Debug: Quadratic model accepted
│   model_relerror = 3.284438214438625e-5
│   slope = -1.611503684013399e-7
│   curv = 5.161315878549454e-7
│   α_model = 0.3122272927938483
└ @ DFTK /home/herbstm/.julia/packages/DFTK/CsmZm/src/scf/potential_mixing.jl:139
┌ Debug: Iteration 64 linesearch step 2   α=0.3122272927938483 diagtol=5.571164206687592e-7
└ @ DFTK /home/herbstm/.julia/packages/DFTK/CsmZm/src/scf/potential_mixing.jl:293
┌ Debug: Step accepted
│   energy_change = -2.515548658266198e-8
│   relative_residual = 1.1172748253894322
└ @ DFTK /home/herbstm/.julia/packages/DFTK/CsmZm/src/scf/potential_mixing.jl:86
 64   -333.3052728079   -2.52e-08   1.33e-04    0.976   0.31   63.3
┌ Debug: Iteration 65 linesearch step 1   α=0.3122272927938483 diagtol=5.571164206687592e-7
└ @ DFTK /home/herbstm/.julia/packages/DFTK/CsmZm/src/scf/potential_mixing.jl:293
┌ Debug: Step discarded
│   energy_change = 8.14112013358681e-8
│   relative_residual = 2.416475300392835
└ @ DFTK /home/herbstm/.julia/packages/DFTK/CsmZm/src/scf/potential_mixing.jl:86
┌ Debug: Quadratic model accepted
│   model_relerror = 1.1869842291689505e-5
│   slope = -4.287023168054287e-7
│   curv = 4.4162866178749465e-6
│   α_model = 0.09707302851908513
└ @ DFTK /home/herbstm/.julia/packages/DFTK/CsmZm/src/scf/potential_mixing.jl:139
┌ Debug: Iteration 65 linesearch step 2   α=0.09707302851908513 diagtol=5.571164206687592e-7
└ @ DFTK /home/herbstm/.julia/packages/DFTK/CsmZm/src/scf/potential_mixing.jl:293
┌ Debug: Step accepted
│   energy_change = -2.0807590317417635e-8
│   relative_residual = 0.7881814529497542
└ @ DFTK /home/herbstm/.julia/packages/DFTK/CsmZm/src/scf/potential_mixing.jl:86
 65   -333.3052728287   -2.08e-08   7.54e-05    0.976   0.10   63.2
┌ Debug: Iteration 66 linesearch step 1   α=0.1 diagtol=5.571164206687592e-7
└ @ DFTK /home/herbstm/.julia/packages/DFTK/CsmZm/src/scf/potential_mixing.jl:293
┌ Debug: Step accepted
│   energy_change = -1.0463566013640957e-8
│   relative_residual = 0.9152710890064564
└ @ DFTK /home/herbstm/.julia/packages/DFTK/CsmZm/src/scf/potential_mixing.jl:86
┌ Debug: Quadratic model accepted
│   model_relerror = 1.0865018443368808e-5
│   slope = -1.1962893798854852e-7
│   curv = 2.998777336905859e-7
│   α_model = 0.3989257105430234
└ @ DFTK /home/herbstm/.julia/packages/DFTK/CsmZm/src/scf/potential_mixing.jl:139
 66   -333.3052728392   -1.05e-08   3.71e-05    0.976   0.10   31.7
┌ Debug: Iteration 67 linesearch step 1   α=0.4388182815973258 diagtol=3.713821369198572e-7
└ @ DFTK /home/herbstm/.julia/packages/DFTK/CsmZm/src/scf/potential_mixing.jl:293
┌ Debug: Step accepted
│   energy_change = -3.558989192242734e-8
│   relative_residual = 0.9896252335895009
└ @ DFTK /home/herbstm/.julia/packages/DFTK/CsmZm/src/scf/potential_mixing.jl:86
┌ Debug: Quadratic model accepted
│   model_relerror = 1.1180251204272773e-5
│   slope = -9.113979493621007e-8
│   curv = 4.5736721731481065e-8
│   α_model = 1.9927050187656452
└ @ DFTK /home/herbstm/.julia/packages/DFTK/CsmZm/src/scf/potential_mixing.jl:139
 67   -333.3052728748   -3.56e-08   1.59e-04    0.977   0.44   32.5
┌ Debug: Iteration 68 linesearch step 1   α=1.0 diagtol=3.713821369198572e-7
└ @ DFTK /home/herbstm/.julia/packages/DFTK/CsmZm/src/scf/potential_mixing.jl:293
┌ Debug: Step discarded
│   energy_change = 1.4135042647467344e-7
│   relative_residual = 4.066850049825519
└ @ DFTK /home/herbstm/.julia/packages/DFTK/CsmZm/src/scf/potential_mixing.jl:86
┌ Debug: Quadratic model accepted
│   model_relerror = 1.0857924857529951e-5
│   slope = -1.1221415038607954e-7
│   curv = 5.07126005355893e-7
│   α_model = 0.22127469149867282
└ @ DFTK /home/herbstm/.julia/packages/DFTK/CsmZm/src/scf/potential_mixing.jl:139
┌ Debug: Iteration 68 linesearch step 2   α=0.22127469149867282 diagtol=3.713821369198572e-7
└ @ DFTK /home/herbstm/.julia/packages/DFTK/CsmZm/src/scf/potential_mixing.jl:293
┌ Debug: Step accepted
│   energy_change = -1.2414261618687306e-8
│   relative_residual = 0.9988051019284726
└ @ DFTK /home/herbstm/.julia/packages/DFTK/CsmZm/src/scf/potential_mixing.jl:86
 68   -333.3052728872   -1.24e-08   7.68e-05    0.977   0.22   65.1
┌ Debug: Iteration 69 linesearch step 1   α=0.22127469149867282 diagtol=3.713821369198572e-7
└ @ DFTK /home/herbstm/.julia/packages/DFTK/CsmZm/src/scf/potential_mixing.jl:293
┌ Debug: Step accepted
│   energy_change = -2.233946361229755e-11
│   relative_residual = 1.4991520408382586
└ @ DFTK /home/herbstm/.julia/packages/DFTK/CsmZm/src/scf/potential_mixing.jl:86
┌ Debug: Quadratic model accepted
│   model_relerror = 0.007633587786259542
│   slope = -1.8552150852667794e-7
│   curv = 1.6759258477071863e-6
│   α_model = 0.11069792185643992
└ @ DFTK /home/herbstm/.julia/packages/DFTK/CsmZm/src/scf/potential_mixing.jl:139
 69   -333.3052728872   -2.23e-11   1.15e-04    0.977   0.22   32.5
┌ Debug: Iteration 70 linesearch step 1   α=0.22127469149867282 diagtol=3.713821369198572e-7
└ @ DFTK /home/herbstm/.julia/packages/DFTK/CsmZm/src/scf/potential_mixing.jl:293
┌ Debug: Step discarded
│   energy_change = 2.712187097131391e-8
│   relative_residual = 1.4809008193905713
└ @ DFTK /home/herbstm/.julia/packages/DFTK/CsmZm/src/scf/potential_mixing.jl:86
┌ Debug: Quadratic model accepted
│   model_relerror = 2.0958516807682553e-6
│   slope = -5.081769912926879e-7
│   curv = 5.701042812505338e-6
│   α_model = 0.0891375504456821
└ @ DFTK /home/herbstm/.julia/packages/DFTK/CsmZm/src/scf/potential_mixing.jl:139
┌ Debug: Iteration 70 linesearch step 2   α=0.0891375504456821 diagtol=3.713821369198572e-7
└ @ DFTK /home/herbstm/.julia/packages/DFTK/CsmZm/src/scf/potential_mixing.jl:293
┌ Debug: Step accepted
│   energy_change = -2.2648691810900345e-8
│   relative_residual = 0.5199985992375886
└ @ DFTK /home/herbstm/.julia/packages/DFTK/CsmZm/src/scf/potential_mixing.jl:86
 70   -333.3052729099   -2.26e-08   6.42e-05    0.977   0.09   64.7
┌ Debug: Iteration 71 linesearch step 1   α=0.1 diagtol=3.713821369198572e-7
└ @ DFTK /home/herbstm/.julia/packages/DFTK/CsmZm/src/scf/potential_mixing.jl:293
┌ Debug: Step accepted
│   energy_change = -5.428717031463748e-9
│   relative_residual = 0.9845419114258064
└ @ DFTK /home/herbstm/.julia/packages/DFTK/CsmZm/src/scf/potential_mixing.jl:86
┌ Debug: Quadratic model accepted
│   model_relerror = 2.0941750520926045e-5
│   slope = -6.111820224012296e-8
│   curv = 1.3660029415243006e-7
│   α_model = 0.44742365028820613
└ @ DFTK /home/herbstm/.julia/packages/DFTK/CsmZm/src/scf/potential_mixing.jl:139
 71   -333.3052729153   -5.43e-09   3.06e-05    0.977   0.10   32.5
┌ Debug: Iteration 72 linesearch step 1   α=0.4921660153170268 diagtol=3.059115553722982e-7
└ @ DFTK /home/herbstm/.julia/packages/DFTK/CsmZm/src/scf/potential_mixing.jl:293
┌ Debug: Step accepted
│   energy_change = -2.2552796963282162e-8
│   relative_residual = 0.8914485572084597
└ @ DFTK /home/herbstm/.julia/packages/DFTK/CsmZm/src/scf/potential_mixing.jl:86
┌ Debug: Quadratic model accepted
│   model_relerror = 1.2602299163459382e-5
│   slope = -5.163230120452442e-8
│   curv = 2.360748229769768e-8
│   α_model = 2.1871159555866684
└ @ DFTK /home/herbstm/.julia/packages/DFTK/CsmZm/src/scf/potential_mixing.jl:139
 72   -333.3052729378   -2.26e-08   1.28e-04    0.977   0.49   32.8
┌ Debug: Iteration 73 linesearch step 1   α=1.0 diagtol=3.059115553722982e-7
└ @ DFTK /home/herbstm/.julia/packages/DFTK/CsmZm/src/scf/potential_mixing.jl:293
┌ Debug: Step discarded
│   energy_change = 9.092752861761255e-8
│   relative_residual = 4.760452687343325
└ @ DFTK /home/herbstm/.julia/packages/DFTK/CsmZm/src/scf/potential_mixing.jl:86
┌ Debug: Quadratic model accepted
│   model_relerror = 2.125512779958165e-5
│   slope = -5.8705984795172056e-8
│   curv = 2.992632269990936e-7
│   α_model = 0.19616838789000246
└ @ DFTK /home/herbstm/.julia/packages/DFTK/CsmZm/src/scf/potential_mixing.jl:139
┌ Debug: Iteration 73 linesearch step 2   α=0.19616838789000246 diagtol=3.059115553722982e-7
└ @ DFTK /home/herbstm/.julia/packages/DFTK/CsmZm/src/scf/potential_mixing.jl:293
┌ Debug: Step accepted
│   energy_change = -5.7577835832489654e-9
│   relative_residual = 1.150368710563352
└ @ DFTK /home/herbstm/.julia/packages/DFTK/CsmZm/src/scf/potential_mixing.jl:86
 73   -333.3052729436   -5.76e-09   5.90e-05    0.977   0.20   65.8
┌ Debug: Iteration 74 linesearch step 1   α=0.19616838789000246 diagtol=3.059115553722982e-7
└ @ DFTK /home/herbstm/.julia/packages/DFTK/CsmZm/src/scf/potential_mixing.jl:293
┌ Debug: Step accepted
│   energy_change = -4.4422563405532856e-9
│   relative_residual = 1.0265216452516357
└ @ DFTK /home/herbstm/.julia/packages/DFTK/CsmZm/src/scf/potential_mixing.jl:86
┌ Debug: Quadratic model accepted
│   model_relerror = 0.00011516462142829723
│   slope = -8.992115035462197e-8
│   curv = 6.859295627535166e-7
│   α_model = 0.1310938545842125
└ @ DFTK /home/herbstm/.julia/packages/DFTK/CsmZm/src/scf/potential_mixing.jl:139
 74   -333.3052729480   -4.44e-09   5.91e-05    0.977   0.20   32.8
┌ Debug: Iteration 75 linesearch step 1   α=0.19616838789000246 diagtol=3.059115553722982e-7
└ @ DFTK /home/herbstm/.julia/packages/DFTK/CsmZm/src/scf/potential_mixing.jl:293
┌ Debug: Step discarded
│   energy_change = 1.1910969988093711e-9
│   relative_residual = 1.4323209664018959
└ @ DFTK /home/herbstm/.julia/packages/DFTK/CsmZm/src/scf/potential_mixing.jl:86
┌ Debug: Quadratic model accepted
│   model_relerror = 0.00047723584995704876
│   slope = -1.48683136269857e-7
│   curv = 1.5777463259380117e-6
│   α_model = 0.09423766915220731
└ @ DFTK /home/herbstm/.julia/packages/DFTK/CsmZm/src/scf/potential_mixing.jl:139
┌ Debug: Iteration 75 linesearch step 2   α=0.09423766915220731 diagtol=3.059115553722982e-7
└ @ DFTK /home/herbstm/.julia/packages/DFTK/CsmZm/src/scf/potential_mixing.jl:293
┌ Debug: Step accepted
│   energy_change = -7.005610314081423e-9
│   relative_residual = 0.7562760022626294
└ @ DFTK /home/herbstm/.julia/packages/DFTK/CsmZm/src/scf/potential_mixing.jl:86
 75   -333.3052729550   -7.01e-09   4.29e-05    0.977   0.09   65.8
┌ Debug: Iteration 76 linesearch step 1   α=0.1 diagtol=3.059115553722982e-7
└ @ DFTK /home/herbstm/.julia/packages/DFTK/CsmZm/src/scf/potential_mixing.jl:293
┌ Debug: Step accepted
│   energy_change = -3.1957370083546266e-9
│   relative_residual = 0.9212071792160089
└ @ DFTK /home/herbstm/.julia/packages/DFTK/CsmZm/src/scf/potential_mixing.jl:86
┌ Debug: Quadratic model accepted
│   model_relerror = 0.00014229811454998222
│   slope = -3.5944087655714825e-8
│   curv = 7.965274785966748e-8
│   α_model = 0.45125985758885884
└ @ DFTK /home/herbstm/.julia/packages/DFTK/CsmZm/src/scf/potential_mixing.jl:139
 76   -333.3052729582   -3.20e-09   2.05e-05    0.977   0.10   33.0
┌ Debug: Iteration 77 linesearch step 1   α=0.49638584334774477 diagtol=2.0515589959975795e-7
└ @ DFTK /home/herbstm/.julia/packages/DFTK/CsmZm/src/scf/potential_mixing.jl:293
┌ Debug: Step accepted
│   energy_change = -1.2366854207357392e-8
│   relative_residual = 0.9865081876926701
└ @ DFTK /home/herbstm/.julia/packages/DFTK/CsmZm/src/scf/potential_mixing.jl:86
┌ Debug: Quadratic model accepted
│   model_relerror = 3.6771465342893915e-5
│   slope = -2.816101102208398e-8
│   curv = 1.3086776299913057e-8
│   α_model = 2.1518676851128777
└ @ DFTK /home/herbstm/.julia/packages/DFTK/CsmZm/src/scf/potential_mixing.jl:139
 77   -333.3052729706   -1.24e-08   1.00e-04    0.977   0.50   33.9
┌ Debug: Iteration 78 linesearch step 1   α=1.0 diagtol=2.0515589959975795e-7
└ @ DFTK /home/herbstm/.julia/packages/DFTK/CsmZm/src/scf/potential_mixing.jl:293
┌ Debug: Step discarded
│   energy_change = 5.321800244928454e-8
│   relative_residual = 4.3527597917318985
└ @ DFTK /home/herbstm/.julia/packages/DFTK/CsmZm/src/scf/potential_mixing.jl:86
┌ Debug: Quadratic model accepted
│   model_relerror = 9.613114852155634e-6
│   slope = -3.57149250701981e-8
│   curv = 1.7786488467521844e-7
│   α_model = 0.20079806722621843
└ @ DFTK /home/herbstm/.julia/packages/DFTK/CsmZm/src/scf/potential_mixing.jl:139
┌ Debug: Iteration 78 linesearch step 2   α=0.20079806722621843 diagtol=2.0515589959975795e-7
└ @ DFTK /home/herbstm/.julia/packages/DFTK/CsmZm/src/scf/potential_mixing.jl:293
┌ Debug: Step accepted
│   energy_change = -3.585569174902048e-9
│   relative_residual = 0.9659989545293983
└ @ DFTK /home/herbstm/.julia/packages/DFTK/CsmZm/src/scf/potential_mixing.jl:86
 78   -333.3052729742   -3.59e-09   3.91e-05    0.977   0.20   68.0
┌ Debug: Iteration 79 linesearch step 1   α=0.20079806722621843 diagtol=2.0515589959975795e-7
└ @ DFTK /home/herbstm/.julia/packages/DFTK/CsmZm/src/scf/potential_mixing.jl:293
┌ Debug: Step accepted
│   energy_change = -1.4024408301338553e-9
│   relative_residual = 1.3368979289418992
└ @ DFTK /home/herbstm/.julia/packages/DFTK/CsmZm/src/scf/potential_mixing.jl:86
┌ Debug: Quadratic model accepted
│   model_relerror = 0.00016212710765239947
│   slope = -5.0725613409131643e-8
│   curv = 4.3566371599934673e-7
│   α_model = 0.11643295401081256
└ @ DFTK /home/herbstm/.julia/packages/DFTK/CsmZm/src/scf/potential_mixing.jl:139
 79   -333.3052729756   -1.40e-09   5.49e-05    0.977   0.20   33.9
┌ Debug: Iteration 80 linesearch step 1   α=0.20079806722621843 diagtol=2.0515589959975795e-7
└ @ DFTK /home/herbstm/.julia/packages/DFTK/CsmZm/src/scf/potential_mixing.jl:293
┌ Debug: Step discarded
│   energy_change = 1.0974190445267595e-9
│   relative_residual = 1.2169246789226986
└ @ DFTK /home/herbstm/.julia/packages/DFTK/CsmZm/src/scf/potential_mixing.jl:86
┌ Debug: Quadratic model accepted
│   model_relerror = 0.00015539210608101107
│   slope = -1.0404473966335802e-7
│   curv = 1.090758586979117e-6
│   α_model = 0.09538750453618935
└ @ DFTK /home/herbstm/.julia/packages/DFTK/CsmZm/src/scf/potential_mixing.jl:139
┌ Debug: Iteration 80 linesearch step 2   α=0.09538750453618935 diagtol=2.0515589959975795e-7
└ @ DFTK /home/herbstm/.julia/packages/DFTK/CsmZm/src/scf/potential_mixing.jl:293
┌ Debug: Step accepted
│   energy_change = -4.96243046654854e-9
│   relative_residual = 0.6044356896991133
└ @ DFTK /home/herbstm/.julia/packages/DFTK/CsmZm/src/scf/potential_mixing.jl:86
 80   -333.3052729806   -4.96e-09   3.09e-05    0.977   0.10   67.9
┌ Debug: Iteration 81 linesearch step 1   α=0.1 diagtol=2.0515589959975795e-7
└ @ DFTK /home/herbstm/.julia/packages/DFTK/CsmZm/src/scf/potential_mixing.jl:293
┌ Debug: Step accepted
│   energy_change = -1.6989929463306908e-9
│   relative_residual = 0.9811879413610372
└ @ DFTK /home/herbstm/.julia/packages/DFTK/CsmZm/src/scf/potential_mixing.jl:86
┌ Debug: Quadratic model accepted
│   model_relerror = 6.691424938940747e-5
│   slope = -2.0012616422793966e-8
│   curv = 6.043260963244536e-8
│   α_model = 0.3311559197014966
└ @ DFTK /home/herbstm/.julia/packages/DFTK/CsmZm/src/scf/potential_mixing.jl:139
 81   -333.3052729823   -1.70e-09   1.76e-05    0.977   0.10   33.8
┌ Debug: Iteration 82 linesearch step 1   α=0.3642715116716463 diagtol=1.7586732541130732e-7
└ @ DFTK /home/herbstm/.julia/packages/DFTK/CsmZm/src/scf/potential_mixing.jl:293
┌ Debug: Step accepted
│   energy_change = -5.218680598773062e-9
│   relative_residual = 0.9070806203794247
└ @ DFTK /home/herbstm/.julia/packages/DFTK/CsmZm/src/scf/potential_mixing.jl:86
┌ Debug: Quadratic model accepted
│   model_relerror = 4.35691878703381e-5
│   slope = -1.592487813070566e-8
│   curv = 8.780275394320092e-9
│   α_model = 1.8137105518361498
└ @ DFTK /home/herbstm/.julia/packages/DFTK/CsmZm/src/scf/potential_mixing.jl:139
 82   -333.3052729875   -5.22e-09   5.26e-05    0.977   0.36   34.3
┌ Debug: Iteration 83 linesearch step 1   α=1.0 diagtol=1.7586732541130732e-7
└ @ DFTK /home/herbstm/.julia/packages/DFTK/CsmZm/src/scf/potential_mixing.jl:293
┌ Debug: Step discarded
│   energy_change = 1.635345370232244e-8
│   relative_residual = 3.99158840806803
└ @ DFTK /home/herbstm/.julia/packages/DFTK/CsmZm/src/scf/potential_mixing.jl:86
┌ Debug: Quadratic model accepted
│   model_relerror = 2.780741971476539e-5
│   slope = -1.6982027109673186e-8
│   curv = 6.667003004881257e-8
│   α_model = 0.25471755595789847
└ @ DFTK /home/herbstm/.julia/packages/DFTK/CsmZm/src/scf/potential_mixing.jl:139
┌ Debug: Iteration 83 linesearch step 2   α=0.25471755595789847 diagtol=1.7586732541130732e-7
└ @ DFTK /home/herbstm/.julia/packages/DFTK/CsmZm/src/scf/potential_mixing.jl:293
┌ Debug: Step accepted
│   energy_change = -2.1627784008160233e-9
│   relative_residual = 1.2443596525025735
└ @ DFTK /home/herbstm/.julia/packages/DFTK/CsmZm/src/scf/potential_mixing.jl:86
 83   -333.3052729896   -2.16e-09   4.13e-05    0.977   0.25   68.5
┌ Debug: Iteration 84 linesearch step 1   α=0.25471755595789847 diagtol=1.7586732541130732e-7
└ @ DFTK /home/herbstm/.julia/packages/DFTK/CsmZm/src/scf/potential_mixing.jl:293
┌ Debug: Step discarded
│   energy_change = 1.1974634617217816e-9
│   relative_residual = 1.4421757830579742
└ @ DFTK /home/herbstm/.julia/packages/DFTK/CsmZm/src/scf/potential_mixing.jl:86
┌ Debug: Quadratic model accepted
│   model_relerror = 0.00023734928320516473
│   slope = -3.788213088560521e-8
│   curv = 3.3434761840546855e-7
│   α_model = 0.11330163219426603
└ @ DFTK /home/herbstm/.julia/packages/DFTK/CsmZm/src/scf/potential_mixing.jl:139
┌ Debug: Iteration 84 linesearch step 2   α=0.11330163219426603 diagtol=1.7586732541130732e-7
└ @ DFTK /home/herbstm/.julia/packages/DFTK/CsmZm/src/scf/potential_mixing.jl:293
┌ Debug: Step accepted
│   energy_change = -2.146009592252085e-9
│   relative_residual = 0.7363867000418863
└ @ DFTK /home/herbstm/.julia/packages/DFTK/CsmZm/src/scf/potential_mixing.jl:86
 84   -333.3052729918   -2.15e-09   2.21e-05    0.977   0.11   68.5
┌ Debug: Iteration 85 linesearch step 1   α=0.11330163219426603 diagtol=1.7586732541130732e-7
└ @ DFTK /home/herbstm/.julia/packages/DFTK/CsmZm/src/scf/potential_mixing.jl:293
┌ Debug: Step accepted
│   energy_change = -1.2611280908458866e-9
│   relative_residual = 0.9795660425085889
└ @ DFTK /home/herbstm/.julia/packages/DFTK/CsmZm/src/scf/potential_mixing.jl:86
┌ Debug: Quadratic model accepted
│   model_relerror = 9.014693951140358e-5
│   slope = -1.521778788221868e-8
│   curv = 7.212015219897965e-8
│   α_model = 0.21100604225338807
└ @ DFTK /home/herbstm/.julia/packages/DFTK/CsmZm/src/scf/potential_mixing.jl:139
 85   -333.3052729930   -1.26e-09   1.74e-05    0.977   0.11   34.3
┌ Debug: Iteration 86 linesearch step 1   α=0.2321066464787269 diagtol=1.7390214085112035e-7
└ @ DFTK /home/herbstm/.julia/packages/DFTK/CsmZm/src/scf/potential_mixing.jl:293
┌ Debug: Step accepted
│   energy_change = -2.1136656869202852e-9
│   relative_residual = 0.9307134124066168
└ @ DFTK /home/herbstm/.julia/packages/DFTK/CsmZm/src/scf/potential_mixing.jl:86
┌ Debug: Quadratic model accepted
│   model_relerror = 8.067986230636834e-5
│   slope = -1.1118446580401678e-8
│   curv = 1.7344821910758988e-8
│   α_model = 0.6410239688598307
└ @ DFTK /home/herbstm/.julia/packages/DFTK/CsmZm/src/scf/potential_mixing.jl:139
 86   -333.3052729952   -2.11e-09   2.70e-05    0.977   0.23   34.3
┌ Debug: Iteration 87 linesearch step 1   α=0.7051263657458139 diagtol=1.7390214085112035e-7
└ @ DFTK /home/herbstm/.julia/packages/DFTK/CsmZm/src/scf/potential_mixing.jl:293
┌ Debug: Step discarded
│   energy_change = 6.013408437866019e-9
│   relative_residual = 3.179518296975529
└ @ DFTK /home/herbstm/.julia/packages/DFTK/CsmZm/src/scf/potential_mixing.jl:86
┌ Debug: Quadratic model accepted
│   model_relerror = 4.7263893221412435e-5
│   slope = -1.2658014145545479e-8
│   curv = 6.009071177907974e-8
│   α_model = 0.21064843086036297
└ @ DFTK /home/herbstm/.julia/packages/DFTK/CsmZm/src/scf/potential_mixing.jl:139
┌ Debug: Iteration 87 linesearch step 2   α=0.21064843086036297 diagtol=1.7390214085112035e-7
└ @ DFTK /home/herbstm/.julia/packages/DFTK/CsmZm/src/scf/potential_mixing.jl:293
┌ Debug: Step accepted
│   energy_change = -1.3334329196368344e-9
│   relative_residual = 1.176732709125646
└ @ DFTK /home/herbstm/.julia/packages/DFTK/CsmZm/src/scf/potential_mixing.jl:86
 87   -333.3052729965   -1.33e-09   2.95e-05    0.977   0.21   68.7
┌ Debug: Iteration 88 linesearch step 1   α=0.21064843086036297 diagtol=1.7390214085112035e-7
└ @ DFTK /home/herbstm/.julia/packages/DFTK/CsmZm/src/scf/potential_mixing.jl:293
┌ Debug: Step accepted
│   energy_change = -7.239577826112509e-10
│   relative_residual = 1.110866871936319
└ @ DFTK /home/herbstm/.julia/packages/DFTK/CsmZm/src/scf/potential_mixing.jl:86
┌ Debug: Quadratic model accepted
│   model_relerror = 7.85175879396985e-5
│   slope = -2.1623920116622517e-8
│   curv = 1.726749140797364e-7
│   α_model = 0.12522907703105735
└ @ DFTK /home/herbstm/.julia/packages/DFTK/CsmZm/src/scf/potential_mixing.jl:139
 88   -333.3052729972   -7.24e-10   3.11e-05    0.977   0.21   34.4
┌ Debug: Iteration 89 linesearch step 1   α=0.21064843086036297 diagtol=1.7390214085112035e-7
└ @ DFTK /home/herbstm/.julia/packages/DFTK/CsmZm/src/scf/potential_mixing.jl:293
┌ Debug: Step discarded
│   energy_change = 1.740659172355663e-9
│   relative_residual = 1.6193918366236084
└ @ DFTK /home/herbstm/.julia/packages/DFTK/CsmZm/src/scf/potential_mixing.jl:86
┌ Debug: Quadratic model accepted
│   model_relerror = 0.00013062504082032525
│   slope = -4.447246738101052e-8
│   curv = 5.006905518478625e-7
│   α_model = 0.08882226200769955
└ @ DFTK /home/herbstm/.julia/packages/DFTK/CsmZm/src/scf/potential_mixing.jl:139
┌ Debug: Iteration 89 linesearch step 2   α=0.08882226200769955 diagtol=1.7390214085112035e-7
└ @ DFTK /home/herbstm/.julia/packages/DFTK/CsmZm/src/scf/potential_mixing.jl:293
┌ Debug: Step accepted
│   energy_change = -1.9747403712244704e-9
│   relative_residual = 0.6743728949408315
└ @ DFTK /home/herbstm/.julia/packages/DFTK/CsmZm/src/scf/potential_mixing.jl:86
 89   -333.3052729992   -1.97e-09   2.18e-05    0.977   0.09   68.7
┌ Debug: Iteration 90 linesearch step 1   α=0.1 diagtol=1.7390214085112035e-7
└ @ DFTK /home/herbstm/.julia/packages/DFTK/CsmZm/src/scf/potential_mixing.jl:293
┌ Debug: Step accepted
│   energy_change = -6.897948878759053e-10
│   relative_residual = 0.9338313781865866
└ @ DFTK /home/herbstm/.julia/packages/DFTK/CsmZm/src/scf/potential_mixing.jl:86
┌ Debug: Quadratic model accepted
│   model_relerror = 0.00041203131437989287
│   slope = -7.506925279911734e-9
│   curv = 1.2118557864625109e-8
│   α_model = 0.6194569819091228
└ @ DFTK /home/herbstm/.julia/packages/DFTK/CsmZm/src/scf/potential_mixing.jl:139
 90   -333.3052729999   -6.90e-10   9.53e-06    0.977   0.10   34.3
┌ Debug: Iteration 91 linesearch step 1   α=0.6814026801000351 diagtol=9.529415695346183e-8
└ @ DFTK /home/herbstm/.julia/packages/DFTK/CsmZm/src/scf/potential_mixing.jl:293
┌ Debug: Step accepted
│   energy_change = -3.67225538866478e-9
│   relative_residual = 0.9720008567677106
└ @ DFTK /home/herbstm/.julia/packages/DFTK/CsmZm/src/scf/potential_mixing.jl:86
┌ Debug: Quadratic model accepted
│   model_relerror = 6.191662925870315e-5
│   slope = -6.223981278226986e-9
│   curv = 2.4510744976118556e-9
│   α_model = 2.539286865532308
└ @ DFTK /home/herbstm/.julia/packages/DFTK/CsmZm/src/scf/potential_mixing.jl:139
 91   -333.3052730035   -3.67e-09   6.45e-05    0.977   0.68   35.5
┌ Debug: Iteration 92 linesearch step 1   α=1.0 diagtol=9.529415695346183e-8
└ @ DFTK /home/herbstm/.julia/packages/DFTK/CsmZm/src/scf/potential_mixing.jl:293
┌ Debug: Step discarded
│   energy_change = 1.7969171040022047e-8
│   relative_residual = 5.139930282301502
└ @ DFTK /home/herbstm/.julia/packages/DFTK/CsmZm/src/scf/potential_mixing.jl:86
┌ Debug: Quadratic model accepted
│   model_relerror = 1.2653542833824185e-5
│   slope = -8.503019017789e-9
│   curv = 5.294483930399791e-8
│   α_model = 0.16060146993678626
└ @ DFTK /home/herbstm/.julia/packages/DFTK/CsmZm/src/scf/potential_mixing.jl:139
┌ Debug: Iteration 92 linesearch step 2   α=0.16060146993678626 diagtol=9.529415695346183e-8
└ @ DFTK /home/herbstm/.julia/packages/DFTK/CsmZm/src/scf/potential_mixing.jl:293
┌ Debug: Step accepted
│   energy_change = -6.830873644503299e-10
│   relative_residual = 0.8890519389588418
└ @ DFTK /home/herbstm/.julia/packages/DFTK/CsmZm/src/scf/potential_mixing.jl:86
 92   -333.3052730042   -6.83e-10   1.50e-05    0.977   0.16   71.0
┌ Debug: Iteration 93 linesearch step 1   α=0.16060146993678626 diagtol=9.529415695346183e-8
└ @ DFTK /home/herbstm/.julia/packages/DFTK/CsmZm/src/scf/potential_mixing.jl:293
┌ Debug: Step accepted
│   energy_change = -5.3324811233324e-10
│   relative_residual = 1.0950607054130532
└ @ DFTK /home/herbstm/.julia/packages/DFTK/CsmZm/src/scf/potential_mixing.jl:86
┌ Debug: Quadratic model accepted
│   model_relerror = 0.0007461891056390577
│   slope = -8.128183686406937e-9
│   curv = 5.984403153393549e-8
│   α_model = 0.13582279599257488
└ @ DFTK /home/herbstm/.julia/packages/DFTK/CsmZm/src/scf/potential_mixing.jl:139
 93   -333.3052730048   -5.33e-10   1.78e-05    0.977   0.16   35.4
┌ Debug: Iteration 94 linesearch step 1   α=0.16060146993678626 diagtol=9.529415695346183e-8
└ @ DFTK /home/herbstm/.julia/packages/DFTK/CsmZm/src/scf/potential_mixing.jl:293
┌ Debug: Step accepted
│   energy_change = -5.748006515204906e-10
│   relative_residual = 0.8878858284387434
└ @ DFTK /home/herbstm/.julia/packages/DFTK/CsmZm/src/scf/potential_mixing.jl:86
┌ Debug: Quadratic model accepted
│   model_relerror = 0.0004944620253164557
│   slope = -9.069777199704322e-9
│   curv = 6.839770720332929e-8
│   α_model = 0.13260352679282278
└ @ DFTK /home/herbstm/.julia/packages/DFTK/CsmZm/src/scf/potential_mixing.jl:139
 94   -333.3052730053   -5.75e-10   1.54e-05    0.977   0.16   35.6
┌ Debug: Iteration 95 linesearch step 1   α=0.16060146993678626 diagtol=9.529415695346183e-8
└ @ DFTK /home/herbstm/.julia/packages/DFTK/CsmZm/src/scf/potential_mixing.jl:293
┌ Debug: Step accepted
│   energy_change = -4.285425347916316e-10
│   relative_residual = 1.116305025038934
└ @ DFTK /home/herbstm/.julia/packages/DFTK/CsmZm/src/scf/potential_mixing.jl:86
┌ Debug: Quadratic model accepted
│   model_relerror = 0.0
│   slope = -8.892153269954253e-9
│   curv = 7.750503237795545e-8
│   α_model = 0.11473001167964707
└ @ DFTK /home/herbstm/.julia/packages/DFTK/CsmZm/src/scf/potential_mixing.jl:139
 95   -333.3052730058   -4.29e-10   1.84e-05    0.977   0.16   35.5
┌ Debug: Iteration 96 linesearch step 1   α=0.16060146993678626 diagtol=9.529415695346183e-8
└ @ DFTK /home/herbstm/.julia/packages/DFTK/CsmZm/src/scf/potential_mixing.jl:293
┌ Debug: Step accepted
│   energy_change = -4.804974196304101e-10
│   relative_residual = 0.8915134703072838
└ @ DFTK /home/herbstm/.julia/packages/DFTK/CsmZm/src/scf/potential_mixing.jl:86
┌ Debug: Quadratic model accepted
│   model_relerror = 0.0003549035845262037
│   slope = -1.0108337625264263e-8
│   curv = 8.860644347480416e-8
│   α_model = 0.11408129283666191
└ @ DFTK /home/herbstm/.julia/packages/DFTK/CsmZm/src/scf/potential_mixing.jl:139
 96   -333.3052730062   -4.80e-10   1.62e-05    0.977   0.16   35.4
┌ Debug: Iteration 97 linesearch step 1   α=0.16060146993678626 diagtol=9.529415695346183e-8
└ @ DFTK /home/herbstm/.julia/packages/DFTK/CsmZm/src/scf/potential_mixing.jl:293
┌ Debug: Step accepted
│   energy_change = -3.36342509399401e-10
│   relative_residual = 1.1343974600200166
└ @ DFTK /home/herbstm/.julia/packages/DFTK/CsmZm/src/scf/potential_mixing.jl:86
┌ Debug: Quadratic model accepted
│   model_relerror = 0.0008450228156160216
│   slope = -1.0169771825817393e-8
│   curv = 1.0058663975242671e-7
│   α_model = 0.10110459849188909
└ @ DFTK /home/herbstm/.julia/packages/DFTK/CsmZm/src/scf/potential_mixing.jl:139
 97   -333.3052730066   -3.36e-10   1.94e-05    0.977   0.16   35.5
┌ Debug: Iteration 98 linesearch step 1   α=0.16060146993678626 diagtol=9.529415695346183e-8
└ @ DFTK /home/herbstm/.julia/packages/DFTK/CsmZm/src/scf/potential_mixing.jl:293
┌ Debug: Step accepted
│   energy_change = -3.977902451879345e-10
│   relative_residual = 0.9005521663899896
└ @ DFTK /home/herbstm/.julia/packages/DFTK/CsmZm/src/scf/potential_mixing.jl:86
┌ Debug: Quadratic model accepted
│   model_relerror = 0.0008573878250928837
│   slope = -1.1713388601420344e-8
│   curv = 1.1499766462086818e-7
│   α_model = 0.10185762154420969
└ @ DFTK /home/herbstm/.julia/packages/DFTK/CsmZm/src/scf/potential_mixing.jl:139
 98   -333.3052730070   -3.98e-10   1.74e-05    0.977   0.16   35.6
┌ Debug: Iteration 99 linesearch step 1   α=0.16060146993678626 diagtol=9.529415695346183e-8
└ @ DFTK /home/herbstm/.julia/packages/DFTK/CsmZm/src/scf/potential_mixing.jl:293
┌ Debug: Step accepted
│   energy_change = -2.5346480470034294e-10
│   relative_residual = 1.146923962444966
└ @ DFTK /home/herbstm/.julia/packages/DFTK/CsmZm/src/scf/potential_mixing.jl:86
┌ Debug: Quadratic model accepted
│   model_relerror = 0.0013455931823278763
│   slope = -1.2072896115117617e-8
│   curv = 1.307197763692845e-7
│   α_model = 0.09235707442622593
└ @ DFTK /home/herbstm/.julia/packages/DFTK/CsmZm/src/scf/potential_mixing.jl:139
 99   -333.3052730072   -2.53e-10   2.08e-05    0.977   0.16   35.6
┌ Debug: Iteration 100 linesearch step 1   α=0.16060146993678626 diagtol=9.529415695346183e-8
└ @ DFTK /home/herbstm/.julia/packages/DFTK/CsmZm/src/scf/potential_mixing.jl:293
┌ Debug: Step accepted
│   energy_change = -3.234390533179976e-10
│   relative_residual = 0.9145323974727431
└ @ DFTK /home/herbstm/.julia/packages/DFTK/CsmZm/src/scf/potential_mixing.jl:86
┌ Debug: Quadratic model accepted
│   model_relerror = 0.0012302284710017574
│   slope = -1.4016172256401153e-8
│   curv = 1.4943543290651853e-7
│   α_model = 0.09379416905205588
└ @ DFTK /home/herbstm/.julia/packages/DFTK/CsmZm/src/scf/potential_mixing.jl:139
┌ Warning: SCF not converged.
└ @ DFTK /home/herbstm/.julia/packages/DFTK/CsmZm/src/scf/scf_callbacks.jl:37

Energy breakdown:
    Kinetic             163.9064432
    AtomicLocal         -305.4665400
    AtomicNonlocal      -41.5932531
    Ewald               -218.4915480
    PspCorrection       8.2062430 
    Hartree             96.6294807
    Xc                  -36.4914719
    Entropy             -0.0046270

    total               -333.305273007558

 ──────────────────────────────────────────────────────────────────────────────
                                       Time                   Allocations      
                               ──────────────────────   ───────────────────────
       Tot / % measured:           15058s / 100%             952GiB / 100%     

 Section               ncalls     time   %tot     avg     alloc   %tot      avg
 ──────────────────────────────────────────────────────────────────────────────
 scf_potential_mixing       1   15058s   100%  15058s    952GiB  100%    952GiB
   LOBPCG               1.56k   14401s  95.6%   9.23s    886GiB  93.0%   581MiB
     Hamiltonian mu...  62.4k    5889s  39.1%  94.4ms    177GiB  18.5%  2.90MiB
       kinetic+local    62.4k    5237s  34.8%  83.9ms   3.63GiB  0.38%  61.0KiB
       nonlocal         62.4k     626s  4.15%  10.0ms    115GiB  12.0%  1.88MiB
     rayleigh_ritz      60.8k    1972s  13.1%  32.4ms   37.0GiB  3.89%   638KiB
     ortho!              258k     816s  5.42%  3.17ms   30.5GiB  3.20%   124KiB
   compute_density        130     502s  3.34%   3.86s   9.47GiB  0.99%  74.6MiB
   energy_hamiltonian     131    66.8s  0.44%   510ms   24.8GiB  2.61%   194MiB
     ene_ops              131    64.1s  0.43%   489ms   21.7GiB  2.27%   169MiB
       ene_ops: xc        131    35.0s  0.23%   267ms   19.9GiB  2.09%   156MiB
       ene_ops: non...    131    18.7s  0.12%   143ms    267MiB  0.03%  2.03MiB
       ene_ops: kin...    131    2.59s  0.02%  19.8ms   24.7MiB  0.00%   193KiB
       ene_ops: har...    131    1.14s  0.01%  8.70ms   1.22GiB  0.13%  9.55MiB
       ene_ops: local     131    176ms  0.00%  1.35ms    253MiB  0.03%  1.93MiB
   apply_kernel            97    64.7s  0.43%   667ms   24.8GiB  2.60%   262MiB
   KerkerMixing           130    3.35s  0.02%  25.8ms   3.23GiB  0.34%  25.4MiB
   QR orthonormaliz...  1.56k   1.62ms  0.00%  1.04μs     0.00B  0.00%    0.00B
 ──────────────────────────────────────────────────────────────────────────────
