#
#-- SCF Fe2CrGa_nodiis -- case=standard_005
#
    keywords: (damping = DFTK.FixedDamping(0.05), acceleration = DFTK.AndersonAcceleration(0, Any[], Any[], 1.0e6))

hostname        = clustern19

started on      = 2021-07-05T22:38:31.827
julia threads   = 1
BLAS threads    = 1
MPI procs       = 16

temperature     = 0.01
smearing        = DFTK.Smearing.Gaussian()
lattice         = [0.0 5.503 5.503; 5.503 0.0 5.503; 5.503 5.503 0.0]
Ecut            = 45.0
fft_size        = (50, 50, 50)
kgrid           = [13, 13, 13]
kshift          = [0.0, 0.0, 0.0]
n_irreducible_k = 168
n_bands         = 59
n_electr        = 49
type            = potmix
mixing          = KerkerMixing(0.8, 0.0)
damping         = DFTK.FixedDamping(0.05)
n     Free energy       Eₙ-Eₙ₋₁     ρout-ρin   Magnet  α      Diag
---   ---------------   ---------   --------   ------  -----  ----
  1   -292.8700496343         NaN   6.58e+00    5.000    NaN   2.0 
┌ Debug: Iteration 2 linesearch step 1   α=0.05 diagtol=0.0002
└ @ DFTK /home/herbstm/.julia/packages/DFTK/C0bc2/src/scf/potential_mixing.jl:304
  2   -296.8756067016   -4.01e+00   2.56e-01    5.000   0.05  12.8 
┌ Debug: Iteration 3 linesearch step 1   α=0.05 diagtol=0.0002
└ @ DFTK /home/herbstm/.julia/packages/DFTK/C0bc2/src/scf/potential_mixing.jl:304
  3   -300.6777263226   -3.80e+00   2.53e-01    5.000   0.05  14.5 
┌ Debug: Iteration 4 linesearch step 1   α=0.05 diagtol=0.0002
└ @ DFTK /home/herbstm/.julia/packages/DFTK/C0bc2/src/scf/potential_mixing.jl:304
  4   -304.3094704049   -3.63e+00   2.52e-01    5.000   0.05  15.7 
┌ Debug: Iteration 5 linesearch step 1   α=0.05 diagtol=0.0002
└ @ DFTK /home/herbstm/.julia/packages/DFTK/C0bc2/src/scf/potential_mixing.jl:304
  5   -307.8567916644   -3.55e+00   2.62e-01    4.990   0.05  16.1 
┌ Debug: Iteration 6 linesearch step 1   α=0.05 diagtol=0.0002
└ @ DFTK /home/herbstm/.julia/packages/DFTK/C0bc2/src/scf/potential_mixing.jl:304
  6   -311.3279119337   -3.47e+00   2.76e-01    4.789   0.05  16.4 
┌ Debug: Iteration 7 linesearch step 1   α=0.05 diagtol=0.0002
└ @ DFTK /home/herbstm/.julia/packages/DFTK/C0bc2/src/scf/potential_mixing.jl:304
  7   -314.6912380403   -3.36e+00   2.79e-01    4.508   0.05  16.7 
┌ Debug: Iteration 8 linesearch step 1   α=0.05 diagtol=0.0002
└ @ DFTK /home/herbstm/.julia/packages/DFTK/C0bc2/src/scf/potential_mixing.jl:304
  8   -318.1469192509   -3.46e+00   2.83e-01    4.330   0.05  16.9 
┌ Debug: Iteration 9 linesearch step 1   α=0.05 diagtol=0.0002
└ @ DFTK /home/herbstm/.julia/packages/DFTK/C0bc2/src/scf/potential_mixing.jl:304
  9   -323.8918070452   -5.74e+00   6.04e-01    6.497   0.05  17.0 
┌ Debug: Iteration 10 linesearch step 1   α=0.05 diagtol=0.0002
└ @ DFTK /home/herbstm/.julia/packages/DFTK/C0bc2/src/scf/potential_mixing.jl:304
 10   -327.3196861591   -3.43e+00   3.94e-01    7.140   0.05  17.3 
┌ Debug: Iteration 11 linesearch step 1   α=0.05 diagtol=0.0002
└ @ DFTK /home/herbstm/.julia/packages/DFTK/C0bc2/src/scf/potential_mixing.jl:304
 11   -329.6045732410   -2.28e+00   3.49e-01    7.813   0.05  17.9 
┌ Debug: Iteration 12 linesearch step 1   α=0.05 diagtol=0.0002
└ @ DFTK /home/herbstm/.julia/packages/DFTK/C0bc2/src/scf/potential_mixing.jl:304
 12   -330.8749901178   -1.27e+00   2.44e-01    8.215   0.05  18.0 
┌ Debug: Iteration 13 linesearch step 1   α=0.05 diagtol=0.0002
└ @ DFTK /home/herbstm/.julia/packages/DFTK/C0bc2/src/scf/potential_mixing.jl:304
 13   -331.6169143991   -7.42e-01   1.63e-01    8.447   0.05  18.0 
┌ Debug: Iteration 14 linesearch step 1   α=0.05 diagtol=0.0002
└ @ DFTK /home/herbstm/.julia/packages/DFTK/C0bc2/src/scf/potential_mixing.jl:304
 14   -332.0920991242   -4.75e-01   1.19e-01    8.550   0.05  18.3 
┌ Debug: Iteration 15 linesearch step 1   α=0.05 diagtol=0.0002
└ @ DFTK /home/herbstm/.julia/packages/DFTK/C0bc2/src/scf/potential_mixing.jl:304
 15   -332.4123379053   -3.20e-01   9.37e-02    8.540   0.05  18.4 
┌ Debug: Iteration 16 linesearch step 1   α=0.05 diagtol=0.0002
└ @ DFTK /home/herbstm/.julia/packages/DFTK/C0bc2/src/scf/potential_mixing.jl:304
 16   -332.6376470606   -2.25e-01   7.93e-02    8.455   0.05  18.4 
┌ Debug: Iteration 17 linesearch step 1   α=0.05 diagtol=0.0002
└ @ DFTK /home/herbstm/.julia/packages/DFTK/C0bc2/src/scf/potential_mixing.jl:304
 17   -332.7997434843   -1.62e-01   7.03e-02    8.306   0.05  18.5 
┌ Debug: Iteration 18 linesearch step 1   α=0.05 diagtol=0.0002
└ @ DFTK /home/herbstm/.julia/packages/DFTK/C0bc2/src/scf/potential_mixing.jl:304
 18   -332.9170467036   -1.17e-01   6.37e-02    8.109   0.05  18.7 
┌ Debug: Iteration 19 linesearch step 1   α=0.05 diagtol=0.0002
└ @ DFTK /home/herbstm/.julia/packages/DFTK/C0bc2/src/scf/potential_mixing.jl:304
 19   -333.0014890480   -8.44e-02   5.73e-02    7.889   0.05  18.9 
┌ Debug: Iteration 20 linesearch step 1   α=0.05 diagtol=0.0002
└ @ DFTK /home/herbstm/.julia/packages/DFTK/C0bc2/src/scf/potential_mixing.jl:304
 20   -333.0621840722   -6.07e-02   5.06e-02    7.664   0.05  18.9 
┌ Debug: Iteration 21 linesearch step 1   α=0.05 diagtol=0.0002
└ @ DFTK /home/herbstm/.julia/packages/DFTK/C0bc2/src/scf/potential_mixing.jl:304
 21   -333.1061869450   -4.40e-02   4.43e-02    7.445   0.05  18.9 
┌ Debug: Iteration 22 linesearch step 1   α=0.05 diagtol=0.0002
└ @ DFTK /home/herbstm/.julia/packages/DFTK/C0bc2/src/scf/potential_mixing.jl:304
 22   -333.1385820795   -3.24e-02   3.89e-02    7.235   0.05  18.9 
┌ Debug: Iteration 23 linesearch step 1   α=0.05 diagtol=0.0002
└ @ DFTK /home/herbstm/.julia/packages/DFTK/C0bc2/src/scf/potential_mixing.jl:304
 23   -333.1628524481   -2.43e-02   3.44e-02    7.034   0.05  18.9 
┌ Debug: Iteration 24 linesearch step 1   α=0.05 diagtol=0.0002
└ @ DFTK /home/herbstm/.julia/packages/DFTK/C0bc2/src/scf/potential_mixing.jl:304
 24   -333.1813612022   -1.85e-02   3.06e-02    6.843   0.05  19.0 
┌ Debug: Iteration 25 linesearch step 1   α=0.05 diagtol=0.0002
└ @ DFTK /home/herbstm/.julia/packages/DFTK/C0bc2/src/scf/potential_mixing.jl:304
 25   -333.1957316715   -1.44e-02   2.74e-02    6.662   0.05  18.9 
┌ Debug: Iteration 26 linesearch step 1   α=0.05 diagtol=0.0002
└ @ DFTK /home/herbstm/.julia/packages/DFTK/C0bc2/src/scf/potential_mixing.jl:304
 26   -333.2070956033   -1.14e-02   2.46e-02    6.491   0.05  19.1 
┌ Debug: Iteration 27 linesearch step 1   α=0.05 diagtol=0.0002
└ @ DFTK /home/herbstm/.julia/packages/DFTK/C0bc2/src/scf/potential_mixing.jl:304
 27   -333.2162509495   -9.16e-03   2.21e-02    6.331   0.05  19.0 
┌ Debug: Iteration 28 linesearch step 1   α=0.05 diagtol=0.0002
└ @ DFTK /home/herbstm/.julia/packages/DFTK/C0bc2/src/scf/potential_mixing.jl:304
 28   -333.2237653583   -7.51e-03   2.00e-02    6.182   0.05  19.0 
┌ Debug: Iteration 29 linesearch step 1   α=0.05 diagtol=0.00019955044072593112
└ @ DFTK /home/herbstm/.julia/packages/DFTK/C0bc2/src/scf/potential_mixing.jl:304
 29   -333.2300446152   -6.28e-03   1.81e-02    6.042   0.05  18.9 
┌ Debug: Iteration 30 linesearch step 1   α=0.05 diagtol=0.0001805826779435888
└ @ DFTK /home/herbstm/.julia/packages/DFTK/C0bc2/src/scf/potential_mixing.jl:304
 30   -333.2353815385   -5.34e-03   1.64e-02    5.913   0.05  19.1 
┌ Debug: Iteration 31 linesearch step 1   α=0.05 diagtol=0.00016410808208397018
└ @ DFTK /home/herbstm/.julia/packages/DFTK/C0bc2/src/scf/potential_mixing.jl:304
 31   -333.2399888386   -4.61e-03   1.50e-02    5.792   0.05  19.4 
┌ Debug: Iteration 32 linesearch step 1   α=0.05 diagtol=0.0001499504666856435
└ @ DFTK /home/herbstm/.julia/packages/DFTK/C0bc2/src/scf/potential_mixing.jl:304
 32   -333.2440221919   -4.03e-03   1.38e-02    5.679   0.05  19.6 
┌ Debug: Iteration 33 linesearch step 1   α=0.05 diagtol=0.0001379092359919888
└ @ DFTK /home/herbstm/.julia/packages/DFTK/C0bc2/src/scf/potential_mixing.jl:304
 33   -333.2475964807   -3.57e-03   1.28e-02    5.573   0.05  19.8 
┌ Debug: Iteration 34 linesearch step 1   α=0.05 diagtol=0.0001277540388244498
└ @ DFTK /home/herbstm/.julia/packages/DFTK/C0bc2/src/scf/potential_mixing.jl:304
 34   -333.2507972692   -3.20e-03   1.19e-02    5.473   0.05  20.1 
┌ Debug: Iteration 35 linesearch step 1   α=0.05 diagtol=0.00011924152706064606
└ @ DFTK /home/herbstm/.julia/packages/DFTK/C0bc2/src/scf/potential_mixing.jl:304
 35   -333.2536889629   -2.89e-03   1.12e-02    5.378   0.05  20.2 
┌ Debug: Iteration 36 linesearch step 1   α=0.05 diagtol=0.00011212163652333792
└ @ DFTK /home/herbstm/.julia/packages/DFTK/C0bc2/src/scf/potential_mixing.jl:304
 36   -333.2563204695   -2.63e-03   1.06e-02    5.287   0.05  20.3 
┌ Debug: Iteration 37 linesearch step 1   α=0.05 diagtol=0.0001061561024439531
└ @ DFTK /home/herbstm/.julia/packages/DFTK/C0bc2/src/scf/potential_mixing.jl:304
 37   -333.2587294218   -2.41e-03   1.01e-02    5.200   0.05  20.3 
┌ Debug: Iteration 38 linesearch step 1   α=0.05 diagtol=0.00010112756604004114
└ @ DFTK /home/herbstm/.julia/packages/DFTK/C0bc2/src/scf/potential_mixing.jl:304
 38   -333.2609453479   -2.22e-03   9.69e-03    5.116   0.05  20.5 
┌ Debug: Iteration 39 linesearch step 1   α=0.05 diagtol=9.685319989941218e-5
└ @ DFTK /home/herbstm/.julia/packages/DFTK/C0bc2/src/scf/potential_mixing.jl:304
 39   -333.2629916836   -2.05e-03   9.32e-03    5.035   0.05  20.5 
┌ Debug: Iteration 40 linesearch step 1   α=0.05 diagtol=9.31758337101746e-5
└ @ DFTK /home/herbstm/.julia/packages/DFTK/C0bc2/src/scf/potential_mixing.jl:304
 40   -333.2648874430   -1.90e-03   9.00e-03    4.957   0.05  20.7 
┌ Debug: Iteration 41 linesearch step 1   α=0.05 diagtol=8.997026019881933e-5
└ @ DFTK /home/herbstm/.julia/packages/DFTK/C0bc2/src/scf/potential_mixing.jl:304
 41   -333.2666483203   -1.76e-03   8.71e-03    4.881   0.05  20.7 
┌ Debug: Iteration 42 linesearch step 1   α=0.05 diagtol=8.713682913262863e-5
└ @ DFTK /home/herbstm/.julia/packages/DFTK/C0bc2/src/scf/potential_mixing.jl:304
 42   -333.2682874817   -1.64e-03   8.46e-03    4.807   0.05  20.7 
┌ Debug: Iteration 43 linesearch step 1   α=0.05 diagtol=8.459764463575096e-5
└ @ DFTK /home/herbstm/.julia/packages/DFTK/C0bc2/src/scf/potential_mixing.jl:304
 43   -333.2698161848   -1.53e-03   8.23e-03    4.735   0.05  20.9 
┌ Debug: Iteration 44 linesearch step 1   α=0.05 diagtol=8.22917160884667e-5
└ @ DFTK /home/herbstm/.julia/packages/DFTK/C0bc2/src/scf/potential_mixing.jl:304
 44   -333.2712441811   -1.43e-03   8.02e-03    4.665   0.05  20.9 
┌ Debug: Iteration 45 linesearch step 1   α=0.05 diagtol=8.017461524479038e-5
└ @ DFTK /home/herbstm/.julia/packages/DFTK/C0bc2/src/scf/potential_mixing.jl:304
 45   -333.2725800052   -1.34e-03   7.82e-03    4.597   0.05  20.9 
┌ Debug: Iteration 46 linesearch step 1   α=0.05 diagtol=7.820956826235976e-5
└ @ DFTK /home/herbstm/.julia/packages/DFTK/C0bc2/src/scf/potential_mixing.jl:304
 46   -333.2738312440   -1.25e-03   7.64e-03    4.530   0.05  21.0 
┌ Debug: Iteration 47 linesearch step 1   α=0.05 diagtol=7.637129339154984e-5
└ @ DFTK /home/herbstm/.julia/packages/DFTK/C0bc2/src/scf/potential_mixing.jl:304
 47   -333.2750046541   -1.17e-03   7.46e-03    4.465   0.05  21.0 
┌ Debug: Iteration 48 linesearch step 1   α=0.05 diagtol=7.463894931656519e-5
└ @ DFTK /home/herbstm/.julia/packages/DFTK/C0bc2/src/scf/potential_mixing.jl:304
 48   -333.2761063333   -1.10e-03   7.30e-03    4.402   0.05  21.1 
┌ Debug: Iteration 49 linesearch step 1   α=0.05 diagtol=7.299841195226017e-5
└ @ DFTK /home/herbstm/.julia/packages/DFTK/C0bc2/src/scf/potential_mixing.jl:304
 49   -333.2771417898   -1.04e-03   7.14e-03    4.340   0.05  21.0 
┌ Debug: Iteration 50 linesearch step 1   α=0.05 diagtol=7.143696221642112e-5
└ @ DFTK /home/herbstm/.julia/packages/DFTK/C0bc2/src/scf/potential_mixing.jl:304
 50   -333.2781160414   -9.74e-04   6.99e-03    4.279   0.05  21.1 
┌ Debug: Iteration 51 linesearch step 1   α=0.05 diagtol=6.99479200525564e-5
└ @ DFTK /home/herbstm/.julia/packages/DFTK/C0bc2/src/scf/potential_mixing.jl:304
 51   -333.2790336544   -9.18e-04   6.85e-03    4.219   0.05  21.4 
┌ Debug: Iteration 52 linesearch step 1   α=0.05 diagtol=6.852419121237648e-5
└ @ DFTK /home/herbstm/.julia/packages/DFTK/C0bc2/src/scf/potential_mixing.jl:304
 52   -333.2798988144   -8.65e-04   6.72e-03    4.161   0.05  21.3 
┌ Debug: Iteration 53 linesearch step 1   α=0.05 diagtol=6.716120902247221e-5
└ @ DFTK /home/herbstm/.julia/packages/DFTK/C0bc2/src/scf/potential_mixing.jl:304
 53   -333.2807153568   -8.17e-04   6.59e-03    4.105   0.05  21.4 
┌ Debug: Iteration 54 linesearch step 1   α=0.05 diagtol=6.585656666177581e-5
└ @ DFTK /home/herbstm/.julia/packages/DFTK/C0bc2/src/scf/potential_mixing.jl:304
 54   -333.2814868070   -7.71e-04   6.46e-03    4.049   0.05  21.5 
┌ Debug: Iteration 55 linesearch step 1   α=0.05 diagtol=6.460524069284227e-5
└ @ DFTK /home/herbstm/.julia/packages/DFTK/C0bc2/src/scf/potential_mixing.jl:304
 55   -333.2822164090   -7.30e-04   6.34e-03    3.994   0.05  21.4 
┌ Debug: Iteration 56 linesearch step 1   α=0.05 diagtol=6.340744116986698e-5
└ @ DFTK /home/herbstm/.julia/packages/DFTK/C0bc2/src/scf/potential_mixing.jl:304
 56   -333.2829071485   -6.91e-04   6.23e-03    3.941   0.05  21.2 
┌ Debug: Iteration 57 linesearch step 1   α=0.05 diagtol=6.226082693294664e-5
└ @ DFTK /home/herbstm/.julia/packages/DFTK/C0bc2/src/scf/potential_mixing.jl:304
 57   -333.2835617830   -6.55e-04   6.12e-03    3.889   0.05  21.6 
┌ Debug: Iteration 58 linesearch step 1   α=0.05 diagtol=6.116395942792346e-5
└ @ DFTK /home/herbstm/.julia/packages/DFTK/C0bc2/src/scf/potential_mixing.jl:304
 58   -333.2841828516   -6.21e-04   6.01e-03    3.838   0.05  21.2 
┌ Debug: Iteration 59 linesearch step 1   α=0.05 diagtol=6.011464858197275e-5
└ @ DFTK /home/herbstm/.julia/packages/DFTK/C0bc2/src/scf/potential_mixing.jl:304
 59   -333.2847727030   -5.90e-04   5.91e-03    3.788   0.05  21.2 
┌ Debug: Iteration 60 linesearch step 1   α=0.05 diagtol=5.9114068014501126e-5
└ @ DFTK /home/herbstm/.julia/packages/DFTK/C0bc2/src/scf/potential_mixing.jl:304
 60   -333.2853335031   -5.61e-04   5.82e-03    3.738   0.05  21.3 
┌ Debug: Iteration 61 linesearch step 1   α=0.05 diagtol=5.81578924065916e-5
└ @ DFTK /home/herbstm/.julia/packages/DFTK/C0bc2/src/scf/potential_mixing.jl:304
 61   -333.2858672585   -5.34e-04   5.72e-03    3.690   0.05  21.3 
┌ Debug: Iteration 62 linesearch step 1   α=0.05 diagtol=5.7248004622582913e-5
└ @ DFTK /home/herbstm/.julia/packages/DFTK/C0bc2/src/scf/potential_mixing.jl:304
 62   -333.2863758164   -5.09e-04   5.64e-03    3.643   0.05  21.3 
┌ Debug: Iteration 63 linesearch step 1   α=0.05 diagtol=5.638097845953134e-5
└ @ DFTK /home/herbstm/.julia/packages/DFTK/C0bc2/src/scf/potential_mixing.jl:304
 63   -333.2868608926   -4.85e-04   5.56e-03    3.596   0.05  21.4 
┌ Debug: Iteration 64 linesearch step 1   α=0.05 diagtol=5.555685703325264e-5
└ @ DFTK /home/herbstm/.julia/packages/DFTK/C0bc2/src/scf/potential_mixing.jl:304
 64   -333.2873240694   -4.63e-04   5.48e-03    3.550   0.05  21.4 
┌ Debug: Iteration 65 linesearch step 1   α=0.05 diagtol=5.4773929057153806e-5
└ @ DFTK /home/herbstm/.julia/packages/DFTK/C0bc2/src/scf/potential_mixing.jl:304
 65   -333.2877668113   -4.43e-04   5.40e-03    3.505   0.05  21.5 
┌ Debug: Iteration 66 linesearch step 1   α=0.05 diagtol=5.4030174079852824e-5
└ @ DFTK /home/herbstm/.julia/packages/DFTK/C0bc2/src/scf/potential_mixing.jl:304
 66   -333.2881904746   -4.24e-04   5.33e-03    3.461   0.05  21.4 
┌ Debug: Iteration 67 linesearch step 1   α=0.05 diagtol=5.332485752646823e-5
└ @ DFTK /home/herbstm/.julia/packages/DFTK/C0bc2/src/scf/potential_mixing.jl:304
 67   -333.2885963144   -4.06e-04   5.27e-03    3.417   0.05  21.5 
┌ Debug: Iteration 68 linesearch step 1   α=0.05 diagtol=5.265700914417464e-5
└ @ DFTK /home/herbstm/.julia/packages/DFTK/C0bc2/src/scf/potential_mixing.jl:304
 68   -333.2889854949   -3.89e-04   5.20e-03    3.375   0.05  21.9 
┌ Debug: Iteration 69 linesearch step 1   α=0.05 diagtol=5.2024455801328154e-5
└ @ DFTK /home/herbstm/.julia/packages/DFTK/C0bc2/src/scf/potential_mixing.jl:304
 69   -333.2893590939   -3.74e-04   5.14e-03    3.332   0.05  21.6 
┌ Debug: Iteration 70 linesearch step 1   α=0.05 diagtol=5.142602142848153e-5
└ @ DFTK /home/herbstm/.julia/packages/DFTK/C0bc2/src/scf/potential_mixing.jl:304
 70   -333.2897181094   -3.59e-04   5.09e-03    3.291   0.05  21.5 
┌ Debug: Iteration 71 linesearch step 1   α=0.05 diagtol=5.085981393848544e-5
└ @ DFTK /home/herbstm/.julia/packages/DFTK/C0bc2/src/scf/potential_mixing.jl:304
 71   -333.2900634686   -3.45e-04   5.03e-03    3.250   0.05  21.8 
┌ Debug: Iteration 72 linesearch step 1   α=0.05 diagtol=5.032547884621071e-5
└ @ DFTK /home/herbstm/.julia/packages/DFTK/C0bc2/src/scf/potential_mixing.jl:304
 72   -333.2903960347   -3.33e-04   4.98e-03    3.209   0.05  21.7 
┌ Debug: Iteration 73 linesearch step 1   α=0.05 diagtol=4.982089124850069e-5
└ @ DFTK /home/herbstm/.julia/packages/DFTK/C0bc2/src/scf/potential_mixing.jl:304
 73   -333.2907166072   -3.21e-04   4.93e-03    3.169   0.05  22.0 
┌ Debug: Iteration 74 linesearch step 1   α=0.05 diagtol=4.934459166638066e-5
└ @ DFTK /home/herbstm/.julia/packages/DFTK/C0bc2/src/scf/potential_mixing.jl:304
 74   -333.2910259303   -3.09e-04   4.89e-03    3.130   0.05  21.7 
┌ Debug: Iteration 75 linesearch step 1   α=0.05 diagtol=4.8896062642742455e-5
└ @ DFTK /home/herbstm/.julia/packages/DFTK/C0bc2/src/scf/potential_mixing.jl:304
 75   -333.2913246963   -2.99e-04   4.85e-03    3.091   0.05  22.1 
┌ Debug: Iteration 76 linesearch step 1   α=0.05 diagtol=4.847304025517302e-5
└ @ DFTK /home/herbstm/.julia/packages/DFTK/C0bc2/src/scf/potential_mixing.jl:304
 76   -333.2916135511   -2.89e-04   4.81e-03    3.052   0.05  22.0 
┌ Debug: Iteration 77 linesearch step 1   α=0.05 diagtol=4.807532484000159e-5
└ @ DFTK /home/herbstm/.julia/packages/DFTK/C0bc2/src/scf/potential_mixing.jl:304
 77   -333.2918930973   -2.80e-04   4.77e-03    3.014   0.05  22.1 
┌ Debug: Iteration 78 linesearch step 1   α=0.05 diagtol=4.7701375882938256e-5
└ @ DFTK /home/herbstm/.julia/packages/DFTK/C0bc2/src/scf/potential_mixing.jl:304
 78   -333.2921638957   -2.71e-04   4.73e-03    2.977   0.05  22.0 
┌ Debug: Iteration 79 linesearch step 1   α=0.05 diagtol=4.734941121353574e-5
└ @ DFTK /home/herbstm/.julia/packages/DFTK/C0bc2/src/scf/potential_mixing.jl:304
 79   -333.2924264716   -2.63e-04   4.70e-03    2.940   0.05  22.1 
┌ Debug: Iteration 80 linesearch step 1   α=0.05 diagtol=4.7018756436190774e-5
└ @ DFTK /home/herbstm/.julia/packages/DFTK/C0bc2/src/scf/potential_mixing.jl:304
 80   -333.2926813165   -2.55e-04   4.67e-03    2.903   0.05  21.8 
┌ Debug: Iteration 81 linesearch step 1   α=0.05 diagtol=4.6709370997810024e-5
└ @ DFTK /home/herbstm/.julia/packages/DFTK/C0bc2/src/scf/potential_mixing.jl:304
 81   -333.2929288888   -2.48e-04   4.64e-03    2.867   0.05  22.2 
┌ Debug: Iteration 82 linesearch step 1   α=0.05 diagtol=4.641825497463663e-5
└ @ DFTK /home/herbstm/.julia/packages/DFTK/C0bc2/src/scf/potential_mixing.jl:304
 82   -333.2931696195   -2.41e-04   4.61e-03    2.831   0.05  21.8 
┌ Debug: Iteration 83 linesearch step 1   α=0.05 diagtol=4.6145943969107247e-5
└ @ DFTK /home/herbstm/.julia/packages/DFTK/C0bc2/src/scf/potential_mixing.jl:304
 83   -333.2934039103   -2.34e-04   4.59e-03    2.795   0.05  22.3 
┌ Debug: Iteration 84 linesearch step 1   α=0.05 diagtol=4.5890927644212e-5
└ @ DFTK /home/herbstm/.julia/packages/DFTK/C0bc2/src/scf/potential_mixing.jl:304
 84   -333.2936321410   -2.28e-04   4.57e-03    2.760   0.05  21.8 
┌ Debug: Iteration 85 linesearch step 1   α=0.05 diagtol=4.565187173452798e-5
└ @ DFTK /home/herbstm/.julia/packages/DFTK/C0bc2/src/scf/potential_mixing.jl:304
 85   -333.2938546651   -2.23e-04   4.54e-03    2.725   0.05  22.2 
┌ Debug: Iteration 86 linesearch step 1   α=0.05 diagtol=4.542896018981613e-5
└ @ DFTK /home/herbstm/.julia/packages/DFTK/C0bc2/src/scf/potential_mixing.jl:304
 86   -333.2940718164   -2.17e-04   4.52e-03    2.691   0.05  21.9 
┌ Debug: Iteration 87 linesearch step 1   α=0.05 diagtol=4.521969229660681e-5
└ @ DFTK /home/herbstm/.julia/packages/DFTK/C0bc2/src/scf/potential_mixing.jl:304
 87   -333.2942839068   -2.12e-04   4.50e-03    2.657   0.05  21.9 
┌ Debug: Iteration 88 linesearch step 1   α=0.05 diagtol=4.502438841790238e-5
└ @ DFTK /home/herbstm/.julia/packages/DFTK/C0bc2/src/scf/potential_mixing.jl:304
 88   -333.2944912287   -2.07e-04   4.48e-03    2.623   0.05  22.2 
┌ Debug: Iteration 89 linesearch step 1   α=0.05 diagtol=4.484094776929643e-5
└ @ DFTK /home/herbstm/.julia/packages/DFTK/C0bc2/src/scf/potential_mixing.jl:304
 89   -333.2946940605   -2.03e-04   4.47e-03    2.589   0.05  22.3 
┌ Debug: Iteration 90 linesearch step 1   α=0.05 diagtol=4.467001680400111e-5
└ @ DFTK /home/herbstm/.julia/packages/DFTK/C0bc2/src/scf/potential_mixing.jl:304
 90   -333.2948926575   -1.99e-04   4.45e-03    2.556   0.05  22.2 
┌ Debug: Iteration 91 linesearch step 1   α=0.05 diagtol=4.450917300544314e-5
└ @ DFTK /home/herbstm/.julia/packages/DFTK/C0bc2/src/scf/potential_mixing.jl:304
 91   -333.2950872649   -1.95e-04   4.44e-03    2.523   0.05  22.3 
┌ Debug: Iteration 92 linesearch step 1   α=0.05 diagtol=4.435861868030557e-5
└ @ DFTK /home/herbstm/.julia/packages/DFTK/C0bc2/src/scf/potential_mixing.jl:304
 92   -333.2952781080   -1.91e-04   4.42e-03    2.490   0.05  22.3 
┌ Debug: Iteration 93 linesearch step 1   α=0.05 diagtol=4.421608959360817e-5
└ @ DFTK /home/herbstm/.julia/packages/DFTK/C0bc2/src/scf/potential_mixing.jl:304
 93   -333.2954654012   -1.87e-04   4.41e-03    2.458   0.05  22.3 
┌ Debug: Iteration 94 linesearch step 1   α=0.05 diagtol=4.408164047548364e-5
└ @ DFTK /home/herbstm/.julia/packages/DFTK/C0bc2/src/scf/potential_mixing.jl:304
 94   -333.2956493420   -1.84e-04   4.40e-03    2.426   0.05  22.1 
┌ Debug: Iteration 95 linesearch step 1   α=0.05 diagtol=4.395398132306749e-5
└ @ DFTK /home/herbstm/.julia/packages/DFTK/C0bc2/src/scf/potential_mixing.jl:304
 95   -333.2958301163   -1.81e-04   4.38e-03    2.394   0.05  22.1 
┌ Debug: Iteration 96 linesearch step 1   α=0.05 diagtol=4.383182324913622e-5
└ @ DFTK /home/herbstm/.julia/packages/DFTK/C0bc2/src/scf/potential_mixing.jl:304
 96   -333.2960078982   -1.78e-04   4.37e-03    2.363   0.05  22.2 
┌ Debug: Iteration 97 linesearch step 1   α=0.05 diagtol=4.371481270971105e-5
└ @ DFTK /home/herbstm/.julia/packages/DFTK/C0bc2/src/scf/potential_mixing.jl:304
 97   -333.2961828471   -1.75e-04   4.36e-03    2.331   0.05  22.2 
┌ Debug: Iteration 98 linesearch step 1   α=0.05 diagtol=4.3601304743840255e-5
└ @ DFTK /home/herbstm/.julia/packages/DFTK/C0bc2/src/scf/potential_mixing.jl:304
 98   -333.2963551123   -1.72e-04   4.35e-03    2.300   0.05  22.2 
┌ Debug: Iteration 99 linesearch step 1   α=0.05 diagtol=4.3490841498442324e-5
└ @ DFTK /home/herbstm/.julia/packages/DFTK/C0bc2/src/scf/potential_mixing.jl:304
 99   -333.2965248316   -1.70e-04   4.34e-03    2.270   0.05  22.1 
┌ Debug: Iteration 100 linesearch step 1   α=0.05 diagtol=4.3381740527456504e-5
└ @ DFTK /home/herbstm/.julia/packages/DFTK/C0bc2/src/scf/potential_mixing.jl:304
┌ Warning: SCF not converged.
└ @ DFTK /home/herbstm/.julia/packages/DFTK/C0bc2/src/scf/scf_callbacks.jl:32

Energy breakdown:
    Kinetic             163.9609455
    AtomicLocal         -305.4810039
    AtomicNonlocal      -41.6152797
    Ewald               -218.4915480
    PspCorrection       8.2062430 
    Hartree             96.6323277
    Xc                  -36.4986950
    Entropy             -0.0096817

    total               -333.296692130508

 ──────────────────────────────────────────────────────────────────────────────
                                       Time                   Allocations      
                               ──────────────────────   ───────────────────────
       Tot / % measured:            8277s / 100%             534GiB / 100%     

 Section               ncalls     time   %tot     avg     alloc   %tot      avg
 ──────────────────────────────────────────────────────────────────────────────
 scf_potential_mixing       1    8270s   100%   8270s    533GiB  100%    533GiB
   LOBPCG               1.20k    7748s  93.7%   6.46s    498GiB  93.4%   425MiB
     Hamiltonian mu...  36.8k    3272s  39.6%  89.0ms    100GiB  18.8%  2.79MiB
       kinetic+local    36.8k    2909s  35.2%  79.1ms   2.10GiB  0.39%  59.9KiB
       nonlocal         36.8k     349s  4.22%  9.49ms   63.8GiB  12.0%  1.78MiB
     rayleigh_ritz      35.6k    1018s  12.3%  28.6ms   19.2GiB  3.61%   567KiB
     ortho!              152k     440s  5.32%  2.90ms   16.3GiB  3.06%   113KiB
   compute_density        100     399s  4.82%   3.99s   7.44GiB  1.40%  76.2MiB
   energy_hamiltonian     101    64.7s  0.78%   641ms   20.5GiB  3.84%   208MiB
     ene_ops              101    60.5s  0.73%   599ms   17.9GiB  3.35%   181MiB
       ene_ops: xc        101    32.8s  0.40%   325ms   15.9GiB  2.98%   161MiB
       ene_ops: non...    101    14.4s  0.17%   142ms    237MiB  0.04%  2.35MiB
       ene_ops: kin...    101    2.46s  0.03%  24.4ms   53.0MiB  0.01%   537KiB
       ene_ops: har...    101    1.38s  0.02%  13.7ms   0.97GiB  0.18%  9.79MiB
       ene_ops: local     101    483ms  0.01%  4.78ms    216MiB  0.04%  2.14MiB
   KerkerMixing           100    3.19s  0.04%  31.9ms   2.54GiB  0.48%  26.0MiB
   QR orthonormaliz...  1.20k   1.80ms  0.00%  1.50μs     0.00B  0.00%    0.00B
 ──────────────────────────────────────────────────────────────────────────────
┌ Debug: Library handles
│   libGR_handle[] = Ptr{Nothing} @0x0000000010a99eb0
│   libGR3_handle[] = Ptr{Nothing} @0x00000000123e5950
│   libGRM_handle[] = Ptr{Nothing} @0x0000000011547470
└ @ GR /home/herbstm/.julia/packages/GR/4DHy8/src/funcptrs.jl:67
┌ Debug: Found GKS_ENCODING in ENV
│   text_encoding[] = 301
└ @ GR /home/herbstm/.julia/packages/GR/4DHy8/src/GR.jl:468
