#
#-- SCF Fe2CrGa_nodiis -- case=standard_020
#
    keywords: (damping = DFTK.FixedDamping(0.2), acceleration = DFTK.AndersonAcceleration(0, Any[], Any[], 1.0e6))

hostname        = clustern16

started on      = 2021-07-06T01:08:30.467
julia threads   = 1
BLAS threads    = 1
MPI procs       = 16

temperature     = 0.01
smearing        = DFTK.Smearing.Gaussian()
lattice         = [0.0 5.503 5.503; 5.503 0.0 5.503; 5.503 5.503 0.0]
Ecut            = 45.0
fft_size        = (50, 50, 50)
kgrid           = [13, 13, 13]
kshift          = [0.0, 0.0, 0.0]
n_irreducible_k = 168
n_bands         = 59
n_electr        = 49
type            = potmix
mixing          = KerkerMixing(0.8, 0.0)
damping         = DFTK.FixedDamping(0.2)
n     Free energy       Eₙ-Eₙ₋₁     ρout-ρin   Magnet  α      Diag
---   ---------------   ---------   --------   ------  -----  ----
  1   -292.8700496343         NaN   6.58e+00    5.000    NaN   2.0 
┌ Debug: Iteration 2 linesearch step 1   α=0.2 diagtol=0.0002
└ @ DFTK /home/herbstm/.julia/packages/DFTK/C0bc2/src/scf/potential_mixing.jl:304
  2   -310.0162315242   -1.71e+01   1.19e+00    4.867   0.20  16.4 
┌ Debug: Iteration 3 linesearch step 1   α=0.2 diagtol=0.0002
└ @ DFTK /home/herbstm/.julia/packages/DFTK/C0bc2/src/scf/potential_mixing.jl:304
  3   -329.0054695826   -1.90e+01   1.76e+00    7.595   0.20  17.4 
┌ Debug: Iteration 4 linesearch step 1   α=0.2 diagtol=0.0002
└ @ DFTK /home/herbstm/.julia/packages/DFTK/C0bc2/src/scf/potential_mixing.jl:304
  4   -332.2816790727   -3.28e+00   9.79e-01    8.566   0.20  18.5 
┌ Debug: Iteration 5 linesearch step 1   α=0.2 diagtol=0.0002
└ @ DFTK /home/herbstm/.julia/packages/DFTK/C0bc2/src/scf/potential_mixing.jl:304
  5   -332.0825469730    1.99e-01   9.14e-01    4.443   0.20  18.7 
┌ Debug: Iteration 6 linesearch step 1   α=0.2 diagtol=0.0002
└ @ DFTK /home/herbstm/.julia/packages/DFTK/C0bc2/src/scf/potential_mixing.jl:304
  6   -331.2853985066    7.97e-01   1.06e+00    7.057   0.20  19.1 
┌ Debug: Iteration 7 linesearch step 1   α=0.2 diagtol=0.0002
└ @ DFTK /home/herbstm/.julia/packages/DFTK/C0bc2/src/scf/potential_mixing.jl:304
  7   -330.3601878703    9.25e-01   1.39e+00    2.163   0.20  18.6 
┌ Debug: Iteration 8 linesearch step 1   α=0.2 diagtol=0.0002
└ @ DFTK /home/herbstm/.julia/packages/DFTK/C0bc2/src/scf/potential_mixing.jl:304
  8   -329.2681754627    1.09e+00   1.58e+00    6.040   0.20  19.0 
┌ Debug: Iteration 9 linesearch step 1   α=0.2 diagtol=0.0002
└ @ DFTK /home/herbstm/.julia/packages/DFTK/C0bc2/src/scf/potential_mixing.jl:304
  9   -329.3523851589   -8.42e-02   1.71e+00    1.484   0.20  18.4 
┌ Debug: Iteration 10 linesearch step 1   α=0.2 diagtol=0.0002
└ @ DFTK /home/herbstm/.julia/packages/DFTK/C0bc2/src/scf/potential_mixing.jl:304
 10   -328.8875360062    4.65e-01   1.72e+00    4.988   0.20  19.2 
┌ Debug: Iteration 11 linesearch step 1   α=0.2 diagtol=0.0002
└ @ DFTK /home/herbstm/.julia/packages/DFTK/C0bc2/src/scf/potential_mixing.jl:304
 11   -329.1557360458   -2.68e-01   1.75e+00    1.275   0.20  18.5 
┌ Debug: Iteration 12 linesearch step 1   α=0.2 diagtol=0.0002
└ @ DFTK /home/herbstm/.julia/packages/DFTK/C0bc2/src/scf/potential_mixing.jl:304
 12   -328.7929908519    3.63e-01   1.74e+00    4.170   0.20  19.0 
┌ Debug: Iteration 13 linesearch step 1   α=0.2 diagtol=0.0002
└ @ DFTK /home/herbstm/.julia/packages/DFTK/C0bc2/src/scf/potential_mixing.jl:304
 13   -329.0477546552   -2.55e-01   1.76e+00    1.159   0.20  18.5 
┌ Debug: Iteration 14 linesearch step 1   α=0.2 diagtol=0.0002
└ @ DFTK /home/herbstm/.julia/packages/DFTK/C0bc2/src/scf/potential_mixing.jl:304
 14   -328.6684734586    3.79e-01   1.76e+00    3.558   0.20  18.9 
┌ Debug: Iteration 15 linesearch step 1   α=0.2 diagtol=0.0002
└ @ DFTK /home/herbstm/.julia/packages/DFTK/C0bc2/src/scf/potential_mixing.jl:304
 15   -328.9345352479   -2.66e-01   1.77e+00    1.063   0.20  18.5 
┌ Debug: Iteration 16 linesearch step 1   α=0.2 diagtol=0.0002
└ @ DFTK /home/herbstm/.julia/packages/DFTK/C0bc2/src/scf/potential_mixing.jl:304
 16   -328.5731365242    3.61e-01   1.78e+00    3.109   0.20  19.0 
┌ Debug: Iteration 17 linesearch step 1   α=0.2 diagtol=0.0002
└ @ DFTK /home/herbstm/.julia/packages/DFTK/C0bc2/src/scf/potential_mixing.jl:304
 17   -328.8484602789   -2.75e-01   1.79e+00    0.974   0.20  18.4 
┌ Debug: Iteration 18 linesearch step 1   α=0.2 diagtol=0.0002
└ @ DFTK /home/herbstm/.julia/packages/DFTK/C0bc2/src/scf/potential_mixing.jl:304
 18   -328.4956275402    3.53e-01   1.79e+00    2.757   0.20  19.0 
┌ Debug: Iteration 19 linesearch step 1   α=0.2 diagtol=0.0002
└ @ DFTK /home/herbstm/.julia/packages/DFTK/C0bc2/src/scf/potential_mixing.jl:304
 19   -328.7781650514   -2.83e-01   1.80e+00    0.888   0.20  18.2 
┌ Debug: Iteration 20 linesearch step 1   α=0.2 diagtol=0.0002
└ @ DFTK /home/herbstm/.julia/packages/DFTK/C0bc2/src/scf/potential_mixing.jl:304
 20   -328.4309439781    3.47e-01   1.80e+00    2.459   0.20  18.9 
┌ Debug: Iteration 21 linesearch step 1   α=0.2 diagtol=0.0002
└ @ DFTK /home/herbstm/.julia/packages/DFTK/C0bc2/src/scf/potential_mixing.jl:304
 21   -328.7194928166   -2.89e-01   1.81e+00    0.807   0.20  18.3 
┌ Debug: Iteration 22 linesearch step 1   α=0.2 diagtol=0.0002
└ @ DFTK /home/herbstm/.julia/packages/DFTK/C0bc2/src/scf/potential_mixing.jl:304
 22   -328.3768879827    3.43e-01   1.81e+00    2.196   0.20  18.9 
┌ Debug: Iteration 23 linesearch step 1   α=0.2 diagtol=0.0002
└ @ DFTK /home/herbstm/.julia/packages/DFTK/C0bc2/src/scf/potential_mixing.jl:304
 23   -328.6704712497   -2.94e-01   1.82e+00    0.732   0.20  18.4 
┌ Debug: Iteration 24 linesearch step 1   α=0.2 diagtol=0.0002
└ @ DFTK /home/herbstm/.julia/packages/DFTK/C0bc2/src/scf/potential_mixing.jl:304
 24   -328.3312217124    3.39e-01   1.82e+00    1.963   0.20  19.1 
┌ Debug: Iteration 25 linesearch step 1   α=0.2 diagtol=0.0002
└ @ DFTK /home/herbstm/.julia/packages/DFTK/C0bc2/src/scf/potential_mixing.jl:304
 25   -328.6292619617   -2.98e-01   1.82e+00    0.664   0.20  18.4 
┌ Debug: Iteration 26 linesearch step 1   α=0.2 diagtol=0.0002
└ @ DFTK /home/herbstm/.julia/packages/DFTK/C0bc2/src/scf/potential_mixing.jl:304
 26   -328.2925913639    3.37e-01   1.83e+00    1.756   0.20  18.9 
┌ Debug: Iteration 27 linesearch step 1   α=0.2 diagtol=0.0002
└ @ DFTK /home/herbstm/.julia/packages/DFTK/C0bc2/src/scf/potential_mixing.jl:304
 27   -328.5946160824   -3.02e-01   1.83e+00    0.602   0.20  18.3 
┌ Debug: Iteration 28 linesearch step 1   α=0.2 diagtol=0.0002
└ @ DFTK /home/herbstm/.julia/packages/DFTK/C0bc2/src/scf/potential_mixing.jl:304
 28   -328.2600681419    3.35e-01   1.83e+00    1.573   0.20  18.9 
┌ Debug: Iteration 29 linesearch step 1   α=0.2 diagtol=0.0002
└ @ DFTK /home/herbstm/.julia/packages/DFTK/C0bc2/src/scf/potential_mixing.jl:304
 29   -328.5655898595   -3.06e-01   1.84e+00    0.545   0.20  18.3 
┌ Debug: Iteration 30 linesearch step 1   α=0.2 diagtol=0.0002
└ @ DFTK /home/herbstm/.julia/packages/DFTK/C0bc2/src/scf/potential_mixing.jl:304
 30   -328.2328325150    3.33e-01   1.84e+00    1.409   0.20  18.9 
┌ Debug: Iteration 31 linesearch step 1   α=0.2 diagtol=0.0002
└ @ DFTK /home/herbstm/.julia/packages/DFTK/C0bc2/src/scf/potential_mixing.jl:304
 31   -328.5413671117   -3.09e-01   1.84e+00    0.494   0.20  18.3 
┌ Debug: Iteration 32 linesearch step 1   α=0.2 diagtol=0.0002
└ @ DFTK /home/herbstm/.julia/packages/DFTK/C0bc2/src/scf/potential_mixing.jl:304
 32   -328.2101322612    3.31e-01   1.84e+00    1.264   0.20  19.0 
┌ Debug: Iteration 33 linesearch step 1   α=0.2 diagtol=0.0002
└ @ DFTK /home/herbstm/.julia/packages/DFTK/C0bc2/src/scf/potential_mixing.jl:304
 33   -328.5212303947   -3.11e-01   1.84e+00    0.447   0.20  18.4 
┌ Debug: Iteration 34 linesearch step 1   α=0.2 diagtol=0.0002
└ @ DFTK /home/herbstm/.julia/packages/DFTK/C0bc2/src/scf/potential_mixing.jl:304
 34   -328.1912960110    3.30e-01   1.85e+00    1.135   0.20  18.9 
┌ Debug: Iteration 35 linesearch step 1   α=0.2 diagtol=0.0002
└ @ DFTK /home/herbstm/.julia/packages/DFTK/C0bc2/src/scf/potential_mixing.jl:304
 35   -328.5045519101   -3.13e-01   1.85e+00    0.405   0.20  18.3 
┌ Debug: Iteration 36 linesearch step 1   α=0.2 diagtol=0.0002
└ @ DFTK /home/herbstm/.julia/packages/DFTK/C0bc2/src/scf/potential_mixing.jl:304
 36   -328.1757214465    3.29e-01   1.85e+00    1.020   0.20  19.0 
┌ Debug: Iteration 37 linesearch step 1   α=0.2 diagtol=0.0002
└ @ DFTK /home/herbstm/.julia/packages/DFTK/C0bc2/src/scf/potential_mixing.jl:304
 37   -328.4907771979   -3.15e-01   1.85e+00    0.366   0.20  18.3 
┌ Debug: Iteration 38 linesearch step 1   α=0.2 diagtol=0.0002
└ @ DFTK /home/herbstm/.julia/packages/DFTK/C0bc2/src/scf/potential_mixing.jl:304
 38   -328.1628774819    3.28e-01   1.85e+00    0.917   0.20  19.0 
┌ Debug: Iteration 39 linesearch step 1   α=0.2 diagtol=0.0002
└ @ DFTK /home/herbstm/.julia/packages/DFTK/C0bc2/src/scf/potential_mixing.jl:304
 39   -328.4794325756   -3.17e-01   1.85e+00    0.331   0.20  18.3 
┌ Debug: Iteration 40 linesearch step 1   α=0.2 diagtol=0.0002
└ @ DFTK /home/herbstm/.julia/packages/DFTK/C0bc2/src/scf/potential_mixing.jl:304
 40   -328.1523204077    3.27e-01   1.85e+00    0.825   0.20  18.9 
┌ Debug: Iteration 41 linesearch step 1   α=0.2 diagtol=0.0002
└ @ DFTK /home/herbstm/.julia/packages/DFTK/C0bc2/src/scf/potential_mixing.jl:304
 41   -328.4701091159   -3.18e-01   1.85e+00    0.299   0.20  18.3 
┌ Debug: Iteration 42 linesearch step 1   α=0.2 diagtol=0.0002
└ @ DFTK /home/herbstm/.julia/packages/DFTK/C0bc2/src/scf/potential_mixing.jl:304
 42   -328.1436484767    3.26e-01   1.86e+00    0.742   0.20  18.9 
┌ Debug: Iteration 43 linesearch step 1   α=0.2 diagtol=0.0002
└ @ DFTK /home/herbstm/.julia/packages/DFTK/C0bc2/src/scf/potential_mixing.jl:304
 43   -328.4624589993   -3.19e-01   1.86e+00    0.270   0.20  18.3 
┌ Debug: Iteration 44 linesearch step 1   α=0.2 diagtol=0.0002
└ @ DFTK /home/herbstm/.julia/packages/DFTK/C0bc2/src/scf/potential_mixing.jl:304
 44   -328.1365471636    3.26e-01   1.86e+00    0.668   0.20  18.9 
┌ Debug: Iteration 45 linesearch step 1   α=0.2 diagtol=0.0002
└ @ DFTK /home/herbstm/.julia/packages/DFTK/C0bc2/src/scf/potential_mixing.jl:304
 45   -328.4561952699   -3.20e-01   1.86e+00    0.244   0.20  18.3 
┌ Debug: Iteration 46 linesearch step 1   α=0.2 diagtol=0.0002
└ @ DFTK /home/herbstm/.julia/packages/DFTK/C0bc2/src/scf/potential_mixing.jl:304
 46   -328.1307350838    3.25e-01   1.86e+00    0.602   0.20  19.0 
┌ Debug: Iteration 47 linesearch step 1   α=0.2 diagtol=0.0002
└ @ DFTK /home/herbstm/.julia/packages/DFTK/C0bc2/src/scf/potential_mixing.jl:304
 47   -328.4510700120   -3.20e-01   1.86e+00    0.221   0.20  18.3 
┌ Debug: Iteration 48 linesearch step 1   α=0.2 diagtol=0.0002
└ @ DFTK /home/herbstm/.julia/packages/DFTK/C0bc2/src/scf/potential_mixing.jl:304
 48   -328.1259845872    3.25e-01   1.86e+00    0.542   0.20  18.9 
┌ Debug: Iteration 49 linesearch step 1   α=0.2 diagtol=0.0002
└ @ DFTK /home/herbstm/.julia/packages/DFTK/C0bc2/src/scf/potential_mixing.jl:304
 49   -328.4468827699   -3.21e-01   1.86e+00    0.199   0.20  18.3 
┌ Debug: Iteration 50 linesearch step 1   α=0.2 diagtol=0.0002
└ @ DFTK /home/herbstm/.julia/packages/DFTK/C0bc2/src/scf/potential_mixing.jl:304
 50   -328.1221053741    3.25e-01   1.86e+00    0.489   0.20  18.9 
┌ Debug: Iteration 51 linesearch step 1   α=0.2 diagtol=0.0002
└ @ DFTK /home/herbstm/.julia/packages/DFTK/C0bc2/src/scf/potential_mixing.jl:304
 51   -328.4434638249   -3.21e-01   1.86e+00    0.180   0.20  18.3 
┌ Debug: Iteration 52 linesearch step 1   α=0.2 diagtol=0.0002
└ @ DFTK /home/herbstm/.julia/packages/DFTK/C0bc2/src/scf/potential_mixing.jl:304
 52   -328.1189405968    3.25e-01   1.86e+00    0.440   0.20  19.0 
┌ Debug: Iteration 53 linesearch step 1   α=0.2 diagtol=0.0002
└ @ DFTK /home/herbstm/.julia/packages/DFTK/C0bc2/src/scf/potential_mixing.jl:304
 53   -328.4406746877   -3.22e-01   1.86e+00    0.162   0.20  18.2 
┌ Debug: Iteration 54 linesearch step 1   α=0.2 diagtol=0.0002
└ @ DFTK /home/herbstm/.julia/packages/DFTK/C0bc2/src/scf/potential_mixing.jl:304
 54   -328.1163592199    3.24e-01   1.86e+00    0.397   0.20  19.1 
┌ Debug: Iteration 55 linesearch step 1   α=0.2 diagtol=0.0002
└ @ DFTK /home/herbstm/.julia/packages/DFTK/C0bc2/src/scf/potential_mixing.jl:304
 55   -328.4383997673   -3.22e-01   1.86e+00    0.146   0.20  18.2 
┌ Debug: Iteration 56 linesearch step 1   α=0.2 diagtol=0.0002
└ @ DFTK /home/herbstm/.julia/packages/DFTK/C0bc2/src/scf/potential_mixing.jl:304
 56   -328.1142542183    3.24e-01   1.86e+00    0.358   0.20  19.0 
┌ Debug: Iteration 57 linesearch step 1   α=0.2 diagtol=0.0002
└ @ DFTK /home/herbstm/.julia/packages/DFTK/C0bc2/src/scf/potential_mixing.jl:304
 57   -328.4365454951   -3.22e-01   1.86e+00    0.132   0.20  18.3 
┌ Debug: Iteration 58 linesearch step 1   α=0.2 diagtol=0.0002
└ @ DFTK /home/herbstm/.julia/packages/DFTK/C0bc2/src/scf/potential_mixing.jl:304
 58   -328.1125409719    3.24e-01   1.86e+00    0.323   0.20  18.9 
┌ Debug: Iteration 59 linesearch step 1   α=0.2 diagtol=0.0002
└ @ DFTK /home/herbstm/.julia/packages/DFTK/C0bc2/src/scf/potential_mixing.jl:304
 59   -328.4350356751   -3.22e-01   1.86e+00    0.119   0.20  18.2 
┌ Debug: Iteration 60 linesearch step 1   α=0.2 diagtol=0.0002
└ @ DFTK /home/herbstm/.julia/packages/DFTK/C0bc2/src/scf/potential_mixing.jl:304
 60   -328.1111434422    3.24e-01   1.86e+00    0.291   0.20  18.9 
┌ Debug: Iteration 61 linesearch step 1   α=0.2 diagtol=0.0002
└ @ DFTK /home/herbstm/.julia/packages/DFTK/C0bc2/src/scf/potential_mixing.jl:304
 61   -328.4338047281   -3.23e-01   1.86e+00    0.108   0.20  18.2 
┌ Debug: Iteration 62 linesearch step 1   α=0.2 diagtol=0.0002
└ @ DFTK /home/herbstm/.julia/packages/DFTK/C0bc2/src/scf/potential_mixing.jl:304
 62   -328.1100067743    3.24e-01   1.86e+00    0.262   0.20  19.0 
┌ Debug: Iteration 63 linesearch step 1   α=0.2 diagtol=0.0002
└ @ DFTK /home/herbstm/.julia/packages/DFTK/C0bc2/src/scf/potential_mixing.jl:304
 63   -328.4328035647   -3.23e-01   1.86e+00    0.097   0.20  18.3 
┌ Debug: Iteration 64 linesearch step 1   α=0.2 diagtol=0.0002
└ @ DFTK /home/herbstm/.julia/packages/DFTK/C0bc2/src/scf/potential_mixing.jl:304
 64   -328.1090812270    3.24e-01   1.86e+00    0.236   0.20  19.0 
┌ Debug: Iteration 65 linesearch step 1   α=0.2 diagtol=0.0002
└ @ DFTK /home/herbstm/.julia/packages/DFTK/C0bc2/src/scf/potential_mixing.jl:304
 65   -328.4319881000   -3.23e-01   1.86e+00    0.088   0.20  18.3 
┌ Debug: Iteration 66 linesearch step 1   α=0.2 diagtol=0.0002
└ @ DFTK /home/herbstm/.julia/packages/DFTK/C0bc2/src/scf/potential_mixing.jl:304
 66   -328.1083275201    3.24e-01   1.86e+00    0.213   0.20  19.0 
┌ Debug: Iteration 67 linesearch step 1   α=0.2 diagtol=0.0002
└ @ DFTK /home/herbstm/.julia/packages/DFTK/C0bc2/src/scf/potential_mixing.jl:304
 67   -328.4313236571   -3.23e-01   1.86e+00    0.079   0.20  18.3 
┌ Debug: Iteration 68 linesearch step 1   α=0.2 diagtol=0.0002
└ @ DFTK /home/herbstm/.julia/packages/DFTK/C0bc2/src/scf/potential_mixing.jl:304
 68   -328.1077128993    3.24e-01   1.86e+00    0.192   0.20  19.0 
┌ Debug: Iteration 69 linesearch step 1   α=0.2 diagtol=0.0002
└ @ DFTK /home/herbstm/.julia/packages/DFTK/C0bc2/src/scf/potential_mixing.jl:304
 69   -328.4307834108   -3.23e-01   1.86e+00    0.071   0.20  18.2 
┌ Debug: Iteration 70 linesearch step 1   α=0.2 diagtol=0.0002
└ @ DFTK /home/herbstm/.julia/packages/DFTK/C0bc2/src/scf/potential_mixing.jl:304
 70   -328.1072159069    3.24e-01   1.86e+00    0.173   0.20  19.0 
┌ Debug: Iteration 71 linesearch step 1   α=0.2 diagtol=0.0002
└ @ DFTK /home/herbstm/.julia/packages/DFTK/C0bc2/src/scf/potential_mixing.jl:304
 71   -328.4303437490   -3.23e-01   1.86e+00    0.064   0.20  18.3 
┌ Debug: Iteration 72 linesearch step 1   α=0.2 diagtol=0.0002
└ @ DFTK /home/herbstm/.julia/packages/DFTK/C0bc2/src/scf/potential_mixing.jl:304
 72   -328.1068071738    3.24e-01   1.86e+00    0.156   0.20  18.9 
┌ Debug: Iteration 73 linesearch step 1   α=0.2 diagtol=0.0002
└ @ DFTK /home/herbstm/.julia/packages/DFTK/C0bc2/src/scf/potential_mixing.jl:304
 73   -328.4299858251   -3.23e-01   1.86e+00    0.058   0.20  18.3 
┌ Debug: Iteration 74 linesearch step 1   α=0.2 diagtol=0.0002
└ @ DFTK /home/herbstm/.julia/packages/DFTK/C0bc2/src/scf/potential_mixing.jl:304
 74   -328.1064793278    3.24e-01   1.86e+00    0.141   0.20  19.0 
┌ Debug: Iteration 75 linesearch step 1   α=0.2 diagtol=0.0002
└ @ DFTK /home/herbstm/.julia/packages/DFTK/C0bc2/src/scf/potential_mixing.jl:304
 75   -328.4296957602   -3.23e-01   1.86e+00    0.052   0.20  18.3 
┌ Debug: Iteration 76 linesearch step 1   α=0.2 diagtol=0.0002
└ @ DFTK /home/herbstm/.julia/packages/DFTK/C0bc2/src/scf/potential_mixing.jl:304
 76   -328.1062090493    3.23e-01   1.86e+00    0.127   0.20  18.9 
┌ Debug: Iteration 77 linesearch step 1   α=0.2 diagtol=0.0002
└ @ DFTK /home/herbstm/.julia/packages/DFTK/C0bc2/src/scf/potential_mixing.jl:304
 77   -328.4294571951   -3.23e-01   1.86e+00    0.047   0.20  18.3 
┌ Debug: Iteration 78 linesearch step 1   α=0.2 diagtol=0.0002
└ @ DFTK /home/herbstm/.julia/packages/DFTK/C0bc2/src/scf/potential_mixing.jl:304
 78   -328.1059890101    3.23e-01   1.86e+00    0.115   0.20  18.9 
┌ Debug: Iteration 79 linesearch step 1   α=0.2 diagtol=0.0002
└ @ DFTK /home/herbstm/.julia/packages/DFTK/C0bc2/src/scf/potential_mixing.jl:304
 79   -328.4292653248   -3.23e-01   1.86e+00    0.043   0.20  18.2 
┌ Debug: Iteration 80 linesearch step 1   α=0.2 diagtol=0.0002
└ @ DFTK /home/herbstm/.julia/packages/DFTK/C0bc2/src/scf/potential_mixing.jl:304
 80   -328.1058138428    3.23e-01   1.86e+00    0.103   0.20  18.9 
┌ Debug: Iteration 81 linesearch step 1   α=0.2 diagtol=0.0002
└ @ DFTK /home/herbstm/.julia/packages/DFTK/C0bc2/src/scf/potential_mixing.jl:304
 81   -328.4291086405   -3.23e-01   1.86e+00    0.038   0.20  18.3 
┌ Debug: Iteration 82 linesearch step 1   α=0.2 diagtol=0.0002
└ @ DFTK /home/herbstm/.julia/packages/DFTK/C0bc2/src/scf/potential_mixing.jl:304
 82   -328.1056655178    3.23e-01   1.86e+00    0.093   0.20  18.8 
┌ Debug: Iteration 83 linesearch step 1   α=0.2 diagtol=0.0002
└ @ DFTK /home/herbstm/.julia/packages/DFTK/C0bc2/src/scf/potential_mixing.jl:304
 83   -328.4289800490   -3.23e-01   1.86e+00    0.035   0.20  18.3 
┌ Debug: Iteration 84 linesearch step 1   α=0.2 diagtol=0.0002
└ @ DFTK /home/herbstm/.julia/packages/DFTK/C0bc2/src/scf/potential_mixing.jl:304
 84   -328.1055502299    3.23e-01   1.86e+00    0.084   0.20  18.9 
┌ Debug: Iteration 85 linesearch step 1   α=0.2 diagtol=0.0002
└ @ DFTK /home/herbstm/.julia/packages/DFTK/C0bc2/src/scf/potential_mixing.jl:304
 85   -328.4288767227   -3.23e-01   1.86e+00    0.031   0.20  18.2 
┌ Debug: Iteration 86 linesearch step 1   α=0.2 diagtol=0.0002
└ @ DFTK /home/herbstm/.julia/packages/DFTK/C0bc2/src/scf/potential_mixing.jl:304
 86   -328.1054523652    3.23e-01   1.86e+00    0.076   0.20  18.8 
┌ Debug: Iteration 87 linesearch step 1   α=0.2 diagtol=0.0002
└ @ DFTK /home/herbstm/.julia/packages/DFTK/C0bc2/src/scf/potential_mixing.jl:304
 87   -328.4287919534   -3.23e-01   1.86e+00    0.028   0.20  18.3 
┌ Debug: Iteration 88 linesearch step 1   α=0.2 diagtol=0.0002
└ @ DFTK /home/herbstm/.julia/packages/DFTK/C0bc2/src/scf/potential_mixing.jl:304
 88   -328.1053758153    3.23e-01   1.86e+00    0.068   0.20  18.9 
┌ Debug: Iteration 89 linesearch step 1   α=0.2 diagtol=0.0002
└ @ DFTK /home/herbstm/.julia/packages/DFTK/C0bc2/src/scf/potential_mixing.jl:304
 89   -328.4287236753   -3.23e-01   1.86e+00    0.025   0.20  18.2 
┌ Debug: Iteration 90 linesearch step 1   α=0.2 diagtol=0.0002
└ @ DFTK /home/herbstm/.julia/packages/DFTK/C0bc2/src/scf/potential_mixing.jl:304
 90   -328.1053114673    3.23e-01   1.86e+00    0.062   0.20  18.9 
┌ Debug: Iteration 91 linesearch step 1   α=0.2 diagtol=0.0002
└ @ DFTK /home/herbstm/.julia/packages/DFTK/C0bc2/src/scf/potential_mixing.jl:304
 91   -328.4286670910   -3.23e-01   1.86e+00    0.023   0.20  18.3 
┌ Debug: Iteration 92 linesearch step 1   α=0.2 diagtol=0.0002
└ @ DFTK /home/herbstm/.julia/packages/DFTK/C0bc2/src/scf/potential_mixing.jl:304
 92   -328.1052597378    3.23e-01   1.86e+00    0.056   0.20  18.9 
┌ Debug: Iteration 93 linesearch step 1   α=0.2 diagtol=0.0002
└ @ DFTK /home/herbstm/.julia/packages/DFTK/C0bc2/src/scf/potential_mixing.jl:304
 93   -328.4286224261   -3.23e-01   1.86e+00    0.021   0.20  18.3 
┌ Debug: Iteration 94 linesearch step 1   α=0.2 diagtol=0.0002
└ @ DFTK /home/herbstm/.julia/packages/DFTK/C0bc2/src/scf/potential_mixing.jl:304
 94   -328.1052190815    3.23e-01   1.86e+00    0.050   0.20  18.9 
┌ Debug: Iteration 95 linesearch step 1   α=0.2 diagtol=0.0002
└ @ DFTK /home/herbstm/.julia/packages/DFTK/C0bc2/src/scf/potential_mixing.jl:304
 95   -328.4285853578   -3.23e-01   1.86e+00    0.019   0.20  18.2 
┌ Debug: Iteration 96 linesearch step 1   α=0.2 diagtol=0.0002
└ @ DFTK /home/herbstm/.julia/packages/DFTK/C0bc2/src/scf/potential_mixing.jl:304
 96   -328.1051836348    3.23e-01   1.86e+00    0.045   0.20  18.9 
┌ Debug: Iteration 97 linesearch step 1   α=0.2 diagtol=0.0002
└ @ DFTK /home/herbstm/.julia/packages/DFTK/C0bc2/src/scf/potential_mixing.jl:304
 97   -328.4285546025   -3.23e-01   1.86e+00    0.017   0.20  18.2 
┌ Debug: Iteration 98 linesearch step 1   α=0.2 diagtol=0.0002
└ @ DFTK /home/herbstm/.julia/packages/DFTK/C0bc2/src/scf/potential_mixing.jl:304
 98   -328.1051561115    3.23e-01   1.86e+00    0.041   0.20  18.8 
┌ Debug: Iteration 99 linesearch step 1   α=0.2 diagtol=0.0002
└ @ DFTK /home/herbstm/.julia/packages/DFTK/C0bc2/src/scf/potential_mixing.jl:304
 99   -328.4285310221   -3.23e-01   1.86e+00    0.015   0.20  18.2 
┌ Debug: Iteration 100 linesearch step 1   α=0.2 diagtol=0.0002
└ @ DFTK /home/herbstm/.julia/packages/DFTK/C0bc2/src/scf/potential_mixing.jl:304
┌ Warning: SCF not converged.
└ @ DFTK /home/herbstm/.julia/packages/DFTK/C0bc2/src/scf/scf_callbacks.jl:32

Energy breakdown:
    Kinetic             154.0364892
    AtomicLocal         -289.7007244
    AtomicNonlocal      -36.4013107
    Ewald               -218.4915480
    PspCorrection       8.2062430 
    Hartree             89.7600068
    Xc                  -35.5052129
    Entropy             -0.0090777

    total               -328.105134709438

 ──────────────────────────────────────────────────────────────────────────────
                                       Time                   Allocations      
                               ──────────────────────   ───────────────────────
       Tot / % measured:            7450s / 100%             479GiB / 100%     

 Section               ncalls     time   %tot     avg     alloc   %tot      avg
 ──────────────────────────────────────────────────────────────────────────────
 scf_potential_mixing       1    7450s   100%   7450s    479GiB  100%    479GiB
   LOBPCG               1.20k    6982s  93.7%   5.82s    447GiB  93.3%   381MiB
     Hamiltonian mu...  30.3k    2939s  39.5%  96.9ms   87.6GiB  18.3%  2.96MiB
       kinetic+local    30.3k    2617s  35.1%  86.3ms   1.82GiB  0.38%  62.9KiB
       nonlocal         30.3k     311s  4.17%  10.2ms   57.5GiB  12.0%  1.94MiB
     rayleigh_ritz      29.1k     933s  12.5%  32.0ms   17.6GiB  3.68%   634KiB
     ortho!              125k     404s  5.42%  3.24ms   14.9GiB  3.10%   125KiB
   compute_density        100     398s  5.34%   3.98s   7.28GiB  1.52%  74.6MiB
   energy_hamiltonian     101    51.1s  0.69%   506ms   19.2GiB  4.00%   194MiB
     ene_ops              101    48.9s  0.66%   484ms   16.7GiB  3.49%   169MiB
       ene_ops: xc        101    27.4s  0.37%   271ms   15.3GiB  3.20%   156MiB
       ene_ops: non...    101    14.0s  0.19%   138ms    205MiB  0.04%  2.03MiB
       ene_ops: kin...    101    2.03s  0.03%  20.1ms   19.0MiB  0.00%   192KiB
       ene_ops: har...    101    945ms  0.01%  9.36ms   0.94GiB  0.20%  9.55MiB
       ene_ops: local     101    138ms  0.00%  1.37ms    195MiB  0.04%  1.93MiB
   KerkerMixing           100    2.09s  0.03%  20.9ms   2.42GiB  0.51%  24.8MiB
   QR orthonormaliz...  1.20k   1.23ms  0.00%  1.03μs     0.00B  0.00%    0.00B
 ──────────────────────────────────────────────────────────────────────────────
