#
#-- SCF AlVac_Kerker -- case=standard_07
#
    keywords: (damping = DFTK.FixedDamping(0.7),)

hostname        = clustern12

started on      = 2021-10-01T18:46:07.699
julia threads   = 1
BLAS threads    = 1
MPI procs       = 10

temperature     = 0.001
smearing        = DFTK.Smearing.Gaussian()
lattice         = [7.653 0.0 0.0; 0.0 7.653 0.0; 0.0 0.0 145.4]
Ecut            = 20.0
fft_size        = (25, 25, 450)
kgrid           = [6, 6, 1]
kshift          = [0.0, 0.0, 0.0]
n_irreducible_k = 10
n_bands         = 72
n_electrons     = 120
type            = potmix
mixing          = KerkerMixing(0.8, 0.0)
damping         = DFTK.FixedDamping(0.7)
n     Free energy       Eₙ-Eₙ₋₁     ρout-ρin   α      Diag
---   ---------------   ---------   --------   ----   ----
  1   -81.69398023098         NaN   4.38e-01    NaN    2.0
┌ Debug: Iteration 2 linesearch step 1   α=0.7 diagtol=0.0002
└ @ DFTK /home/herbstm/.julia/packages/DFTK/ogFMK/src/scf/potential_mixing.jl:296
  2   -82.87880054128   -1.18e+00   6.44e-02   0.70   15.7
┌ Debug: Iteration 3 linesearch step 1   α=0.7 diagtol=0.0002
└ @ DFTK /home/herbstm/.julia/packages/DFTK/ogFMK/src/scf/potential_mixing.jl:296
  3   -82.83114200358    4.77e-02   1.85e-02   0.70   13.7
┌ Debug: Iteration 4 linesearch step 1   α=0.7 diagtol=0.0001850367770147419
└ @ DFTK /home/herbstm/.julia/packages/DFTK/ogFMK/src/scf/potential_mixing.jl:296
  4   -82.87803356463   -4.69e-02   5.85e-03   0.70   14.9
┌ Debug: Iteration 5 linesearch step 1   α=0.7 diagtol=5.8485347715366937e-5
└ @ DFTK /home/herbstm/.julia/packages/DFTK/ogFMK/src/scf/potential_mixing.jl:296
  5   -82.87968081800   -1.65e-03   9.56e-04   0.70   17.8
┌ Debug: Iteration 6 linesearch step 1   α=0.7 diagtol=9.56369520727743e-6
└ @ DFTK /home/herbstm/.julia/packages/DFTK/ogFMK/src/scf/potential_mixing.jl:296
  6   -82.88262709233   -2.95e-03   8.21e-04   0.70   22.2
┌ Debug: Iteration 7 linesearch step 1   α=0.7 diagtol=8.210874710093495e-6
└ @ DFTK /home/herbstm/.julia/packages/DFTK/ogFMK/src/scf/potential_mixing.jl:296
  7   -82.88726790576   -4.64e-03   1.18e-03   0.70   22.5
┌ Debug: Iteration 8 linesearch step 1   α=0.7 diagtol=8.210874710093495e-6
└ @ DFTK /home/herbstm/.julia/packages/DFTK/ogFMK/src/scf/potential_mixing.jl:296
  8   -82.89138007705   -4.11e-03   1.18e-03   0.70   22.6
┌ Debug: Iteration 9 linesearch step 1   α=0.7 diagtol=8.210874710093495e-6
└ @ DFTK /home/herbstm/.julia/packages/DFTK/ogFMK/src/scf/potential_mixing.jl:296
  9   -82.89388445860   -2.50e-03   8.03e-04   0.70   22.1
┌ Debug: Iteration 10 linesearch step 1   α=0.7 diagtol=8.031668977050108e-6
└ @ DFTK /home/herbstm/.julia/packages/DFTK/ogFMK/src/scf/potential_mixing.jl:296
 10   -82.89569489745   -1.81e-03   6.61e-04   0.70   22.5
┌ Debug: Iteration 11 linesearch step 1   α=0.7 diagtol=6.605548061283634e-6
└ @ DFTK /home/herbstm/.julia/packages/DFTK/ogFMK/src/scf/potential_mixing.jl:296
 11   -82.89664807580   -9.53e-04   3.87e-04   0.70   23.3
┌ Debug: Iteration 12 linesearch step 1   α=0.7 diagtol=3.869061112124728e-6
└ @ DFTK /home/herbstm/.julia/packages/DFTK/ogFMK/src/scf/potential_mixing.jl:296
 12   -82.89723330661   -5.85e-04   2.56e-04   0.70   24.5
┌ Debug: Iteration 13 linesearch step 1   α=0.7 diagtol=2.5570716869037296e-6
└ @ DFTK /home/herbstm/.julia/packages/DFTK/ogFMK/src/scf/potential_mixing.jl:296
 13   -82.89772912036   -4.96e-04   2.34e-04   0.70   25.3
┌ Debug: Iteration 14 linesearch step 1   α=0.7 diagtol=2.3377088270311365e-6
└ @ DFTK /home/herbstm/.julia/packages/DFTK/ogFMK/src/scf/potential_mixing.jl:296
 14   -82.89808220061   -3.53e-04   1.72e-04   0.70   25.7
┌ Debug: Iteration 15 linesearch step 1   α=0.7 diagtol=1.7179689025553484e-6
└ @ DFTK /home/herbstm/.julia/packages/DFTK/ogFMK/src/scf/potential_mixing.jl:296
 15   -82.89837759236   -2.95e-04   1.63e-04   0.70   26.3
┌ Debug: Iteration 16 linesearch step 1   α=0.7 diagtol=1.6318157307477788e-6
└ @ DFTK /home/herbstm/.julia/packages/DFTK/ogFMK/src/scf/potential_mixing.jl:296
 16   -82.89851962431   -1.42e-04   7.83e-05   0.70   26.8
┌ Debug: Iteration 17 linesearch step 1   α=0.7 diagtol=7.832888814567079e-7
└ @ DFTK /home/herbstm/.julia/packages/DFTK/ogFMK/src/scf/potential_mixing.jl:296
 17   -82.89860138771   -8.18e-05   4.58e-05   0.70   28.1
┌ Debug: Iteration 18 linesearch step 1   α=0.7 diagtol=4.5765226511397997e-7
└ @ DFTK /home/herbstm/.julia/packages/DFTK/ogFMK/src/scf/potential_mixing.jl:296
 18   -82.89875223590   -1.51e-04   8.35e-05   0.70   29.6
┌ Debug: Iteration 19 linesearch step 1   α=0.7 diagtol=4.5765226511397997e-7
└ @ DFTK /home/herbstm/.julia/packages/DFTK/ogFMK/src/scf/potential_mixing.jl:296
 19   -82.89891390078   -1.62e-04   9.21e-05   0.70   29.2
┌ Debug: Iteration 20 linesearch step 1   α=0.7 diagtol=4.5765226511397997e-7
└ @ DFTK /home/herbstm/.julia/packages/DFTK/ogFMK/src/scf/potential_mixing.jl:296
 20   -82.89887140107    4.25e-05   2.74e-05   0.70   29.1
┌ Debug: Iteration 21 linesearch step 1   α=0.7 diagtol=2.736343643219323e-7
└ @ DFTK /home/herbstm/.julia/packages/DFTK/ogFMK/src/scf/potential_mixing.jl:296
 21   -82.89874049081    1.31e-04   7.95e-05   0.70   30.8
┌ Debug: Iteration 22 linesearch step 1   α=0.7 diagtol=2.736343643219323e-7
└ @ DFTK /home/herbstm/.julia/packages/DFTK/ogFMK/src/scf/potential_mixing.jl:296
 22   -82.89869042933    5.01e-05   2.96e-05   0.70   30.7
┌ Debug: Iteration 23 linesearch step 1   α=0.7 diagtol=2.736343643219323e-7
└ @ DFTK /home/herbstm/.julia/packages/DFTK/ogFMK/src/scf/potential_mixing.jl:296
 23   -82.89902351922   -3.33e-04   1.90e-04   0.70   30.8
┌ Debug: Iteration 24 linesearch step 1   α=0.7 diagtol=2.736343643219323e-7
└ @ DFTK /home/herbstm/.julia/packages/DFTK/ogFMK/src/scf/potential_mixing.jl:296
 24   -82.89892166017    1.02e-04   6.25e-05   0.70   31.0
┌ Debug: Iteration 25 linesearch step 1   α=0.7 diagtol=2.736343643219323e-7
└ @ DFTK /home/herbstm/.julia/packages/DFTK/ogFMK/src/scf/potential_mixing.jl:296
 25   -82.89882032225    1.01e-04   5.99e-05   0.70   31.1
┌ Debug: Iteration 26 linesearch step 1   α=0.7 diagtol=2.736343643219323e-7
└ @ DFTK /home/herbstm/.julia/packages/DFTK/ogFMK/src/scf/potential_mixing.jl:296
 26   -82.89857745235    2.43e-04   1.45e-04   0.70   30.8
┌ Debug: Iteration 27 linesearch step 1   α=0.7 diagtol=2.736343643219323e-7
└ @ DFTK /home/herbstm/.julia/packages/DFTK/ogFMK/src/scf/potential_mixing.jl:296
 27   -82.89845853783    1.19e-04   6.99e-05   0.70   30.8
┌ Debug: Iteration 28 linesearch step 1   α=0.7 diagtol=2.736343643219323e-7
└ @ DFTK /home/herbstm/.julia/packages/DFTK/ogFMK/src/scf/potential_mixing.jl:296
 28   -82.89856255960   -1.04e-04   6.12e-05   0.70   30.8
┌ Debug: Iteration 29 linesearch step 1   α=0.7 diagtol=2.736343643219323e-7
└ @ DFTK /home/herbstm/.julia/packages/DFTK/ogFMK/src/scf/potential_mixing.jl:296
 29   -82.89846551238    9.70e-05   6.26e-05   0.70   30.8
┌ Debug: Iteration 30 linesearch step 1   α=0.7 diagtol=2.736343643219323e-7
└ @ DFTK /home/herbstm/.julia/packages/DFTK/ogFMK/src/scf/potential_mixing.jl:296
 30   -82.89837758270    8.79e-05   5.64e-05   0.70   30.9
┌ Debug: Iteration 31 linesearch step 1   α=0.7 diagtol=2.736343643219323e-7
└ @ DFTK /home/herbstm/.julia/packages/DFTK/ogFMK/src/scf/potential_mixing.jl:296
 31   -82.89840438722   -2.68e-05   1.68e-05   0.70   30.8
┌ Debug: Iteration 32 linesearch step 1   α=0.7 diagtol=1.6790064280757134e-7
└ @ DFTK /home/herbstm/.julia/packages/DFTK/ogFMK/src/scf/potential_mixing.jl:296
 32   -82.89853693422   -1.33e-04   7.54e-05   0.70   32.6
┌ Debug: Iteration 33 linesearch step 1   α=0.7 diagtol=1.6790064280757134e-7
└ @ DFTK /home/herbstm/.julia/packages/DFTK/ogFMK/src/scf/potential_mixing.jl:296
 33   -82.89854758428   -1.07e-05   1.14e-05   0.70   32.6
┌ Debug: Iteration 34 linesearch step 1   α=0.7 diagtol=1.1372549559593666e-7
└ @ DFTK /home/herbstm/.julia/packages/DFTK/ogFMK/src/scf/potential_mixing.jl:296
 34   -82.89871899486   -1.71e-04   1.02e-04   0.70   33.0
┌ Debug: Iteration 35 linesearch step 1   α=0.7 diagtol=1.1372549559593666e-7
└ @ DFTK /home/herbstm/.julia/packages/DFTK/ogFMK/src/scf/potential_mixing.jl:296
 35   -82.89874005744   -2.11e-05   1.42e-05   0.70   33.1
┌ Debug: Iteration 36 linesearch step 1   α=0.7 diagtol=1.1372549559593666e-7
└ @ DFTK /home/herbstm/.julia/packages/DFTK/ogFMK/src/scf/potential_mixing.jl:296
 36   -82.89875670376   -1.66e-05   9.82e-06   0.70   32.7
┌ Debug: Iteration 37 linesearch step 1   α=0.7 diagtol=9.820090475136734e-8
└ @ DFTK /home/herbstm/.julia/packages/DFTK/ogFMK/src/scf/potential_mixing.jl:296
 37   -82.89877285559   -1.62e-05   8.91e-06   0.70   33.2
┌ Debug: Iteration 38 linesearch step 1   α=0.7 diagtol=8.907692702358384e-8
└ @ DFTK /home/herbstm/.julia/packages/DFTK/ogFMK/src/scf/potential_mixing.jl:296
 38   -82.89872055632    5.23e-05   3.30e-05   0.70   33.6
┌ Debug: Iteration 39 linesearch step 1   α=0.7 diagtol=8.907692702358384e-8
└ @ DFTK /home/herbstm/.julia/packages/DFTK/ogFMK/src/scf/potential_mixing.jl:296
 39   -82.89859129134    1.29e-04   7.44e-05   0.70   33.4
┌ Debug: Iteration 40 linesearch step 1   α=0.7 diagtol=8.907692702358384e-8
└ @ DFTK /home/herbstm/.julia/packages/DFTK/ogFMK/src/scf/potential_mixing.jl:296
 40   -82.89873404279   -1.43e-04   8.79e-05   0.70   33.3
┌ Debug: Iteration 41 linesearch step 1   α=0.7 diagtol=8.907692702358384e-8
└ @ DFTK /home/herbstm/.julia/packages/DFTK/ogFMK/src/scf/potential_mixing.jl:296
 41   -82.89896027241   -2.26e-04   1.34e-04   0.70   33.4
┌ Debug: Iteration 42 linesearch step 1   α=0.7 diagtol=8.907692702358384e-8
└ @ DFTK /home/herbstm/.julia/packages/DFTK/ogFMK/src/scf/potential_mixing.jl:296
 42   -82.89870198993    2.58e-04   1.65e-04   0.70   33.5
┌ Debug: Iteration 43 linesearch step 1   α=0.7 diagtol=8.907692702358384e-8
└ @ DFTK /home/herbstm/.julia/packages/DFTK/ogFMK/src/scf/potential_mixing.jl:296
 43   -82.89876586617   -6.39e-05   4.05e-05   0.70   33.6
┌ Debug: Iteration 44 linesearch step 1   α=0.7 diagtol=8.907692702358384e-8
└ @ DFTK /home/herbstm/.julia/packages/DFTK/ogFMK/src/scf/potential_mixing.jl:296
 44   -82.89890956593   -1.44e-04   8.66e-05   0.70   33.9
┌ Debug: Iteration 45 linesearch step 1   α=0.7 diagtol=8.907692702358384e-8
└ @ DFTK /home/herbstm/.julia/packages/DFTK/ogFMK/src/scf/potential_mixing.jl:296
 45   -82.89913116485   -2.22e-04   1.37e-04   0.70   33.7
┌ Debug: Iteration 46 linesearch step 1   α=0.7 diagtol=8.907692702358384e-8
└ @ DFTK /home/herbstm/.julia/packages/DFTK/ogFMK/src/scf/potential_mixing.jl:296
 46   -82.89915385876   -2.27e-05   1.27e-05   0.70   33.4
┌ Debug: Iteration 47 linesearch step 1   α=0.7 diagtol=8.907692702358384e-8
└ @ DFTK /home/herbstm/.julia/packages/DFTK/ogFMK/src/scf/potential_mixing.jl:296
 47   -82.89915236802    1.49e-06   1.03e-06   0.70   33.3
┌ Debug: Iteration 48 linesearch step 1   α=0.7 diagtol=1.0341602233936645e-8
└ @ DFTK /home/herbstm/.julia/packages/DFTK/ogFMK/src/scf/potential_mixing.jl:296
 48   -82.89896403722    1.88e-04   1.19e-04   0.70   38.3
┌ Debug: Iteration 49 linesearch step 1   α=0.7 diagtol=1.0341602233936645e-8
└ @ DFTK /home/herbstm/.julia/packages/DFTK/ogFMK/src/scf/potential_mixing.jl:296
 49   -82.89901144238   -4.74e-05   2.65e-05   0.70   38.7
┌ Debug: Iteration 50 linesearch step 1   α=0.7 diagtol=1.0341602233936645e-8
└ @ DFTK /home/herbstm/.julia/packages/DFTK/ogFMK/src/scf/potential_mixing.jl:296
 50   -82.89898310729    2.83e-05   1.79e-05   0.70   39.1
┌ Debug: Iteration 51 linesearch step 1   α=0.7 diagtol=1.0341602233936645e-8
└ @ DFTK /home/herbstm/.julia/packages/DFTK/ogFMK/src/scf/potential_mixing.jl:296
 51   -82.89901687659   -3.38e-05   2.19e-05   0.70   39.1
┌ Debug: Iteration 52 linesearch step 1   α=0.7 diagtol=1.0341602233936645e-8
└ @ DFTK /home/herbstm/.julia/packages/DFTK/ogFMK/src/scf/potential_mixing.jl:296
 52   -82.89902166175   -4.79e-06   6.51e-06   0.70   38.6
┌ Debug: Iteration 53 linesearch step 1   α=0.7 diagtol=1.0341602233936645e-8
└ @ DFTK /home/herbstm/.julia/packages/DFTK/ogFMK/src/scf/potential_mixing.jl:296
 53   -82.89921280870   -1.91e-04   1.22e-04   0.70   38.5
┌ Debug: Iteration 54 linesearch step 1   α=0.7 diagtol=1.0341602233936645e-8
└ @ DFTK /home/herbstm/.julia/packages/DFTK/ogFMK/src/scf/potential_mixing.jl:296
 54   -82.89928369147   -7.09e-05   4.60e-05   0.70   38.7
┌ Debug: Iteration 55 linesearch step 1   α=0.7 diagtol=1.0341602233936645e-8
└ @ DFTK /home/herbstm/.julia/packages/DFTK/ogFMK/src/scf/potential_mixing.jl:296
 55   -82.89936404354   -8.04e-05   5.93e-05   0.70   39.2
┌ Debug: Iteration 56 linesearch step 1   α=0.7 diagtol=1.0341602233936645e-8
└ @ DFTK /home/herbstm/.julia/packages/DFTK/ogFMK/src/scf/potential_mixing.jl:296
 56   -82.89930001241    6.40e-05   4.06e-05   0.70   38.4
┌ Debug: Iteration 57 linesearch step 1   α=0.7 diagtol=1.0341602233936645e-8
└ @ DFTK /home/herbstm/.julia/packages/DFTK/ogFMK/src/scf/potential_mixing.jl:296
 57   -82.89968887773   -3.89e-04   2.85e-04   0.70   39.0
┌ Debug: Iteration 58 linesearch step 1   α=0.7 diagtol=1.0341602233936645e-8
└ @ DFTK /home/herbstm/.julia/packages/DFTK/ogFMK/src/scf/potential_mixing.jl:296
 58   -82.89972978304   -4.09e-05   3.81e-05   0.70   39.3
┌ Debug: Iteration 59 linesearch step 1   α=0.7 diagtol=1.0341602233936645e-8
└ @ DFTK /home/herbstm/.julia/packages/DFTK/ogFMK/src/scf/potential_mixing.jl:296
 59   -82.89972063841    9.14e-06   1.43e-05   0.70   38.7
┌ Debug: Iteration 60 linesearch step 1   α=0.7 diagtol=1.0341602233936645e-8
└ @ DFTK /home/herbstm/.julia/packages/DFTK/ogFMK/src/scf/potential_mixing.jl:296
 60   -82.89991231968   -1.92e-04   1.90e-04   0.70   39.0
┌ Debug: Iteration 61 linesearch step 1   α=0.7 diagtol=1.0341602233936645e-8
└ @ DFTK /home/herbstm/.julia/packages/DFTK/ogFMK/src/scf/potential_mixing.jl:296
 61   -82.89996476466   -5.24e-05   5.01e-05   0.70   39.3
┌ Debug: Iteration 62 linesearch step 1   α=0.7 diagtol=1.0341602233936645e-8
└ @ DFTK /home/herbstm/.julia/packages/DFTK/ogFMK/src/scf/potential_mixing.jl:296
 62   -82.89999366207   -2.89e-05   1.12e-04   0.70   38.6
┌ Debug: Iteration 63 linesearch step 1   α=0.7 diagtol=1.0341602233936645e-8
└ @ DFTK /home/herbstm/.julia/packages/DFTK/ogFMK/src/scf/potential_mixing.jl:296
 63   -82.90016028708   -1.67e-04   3.22e-04   0.70   39.8
┌ Debug: Iteration 64 linesearch step 1   α=0.7 diagtol=1.0341602233936645e-8
└ @ DFTK /home/herbstm/.julia/packages/DFTK/ogFMK/src/scf/potential_mixing.jl:296
 64   -82.89998314312    1.77e-04   1.58e-04   0.70   39.4
┌ Debug: Iteration 65 linesearch step 1   α=0.7 diagtol=1.0341602233936645e-8
└ @ DFTK /home/herbstm/.julia/packages/DFTK/ogFMK/src/scf/potential_mixing.jl:296
 65   -82.90019988419   -2.17e-04   2.01e-04   0.70   39.6
┌ Debug: Iteration 66 linesearch step 1   α=0.7 diagtol=1.0341602233936645e-8
└ @ DFTK /home/herbstm/.julia/packages/DFTK/ogFMK/src/scf/potential_mixing.jl:296
 66   -82.90021362924   -1.37e-05   3.00e-05   0.70   39.9
┌ Debug: Iteration 67 linesearch step 1   α=0.7 diagtol=1.0341602233936645e-8
└ @ DFTK /home/herbstm/.julia/packages/DFTK/ogFMK/src/scf/potential_mixing.jl:296
 67   -82.90005274514    1.61e-04   4.97e-04   0.70   39.5
┌ Debug: Iteration 68 linesearch step 1   α=0.7 diagtol=1.0341602233936645e-8
└ @ DFTK /home/herbstm/.julia/packages/DFTK/ogFMK/src/scf/potential_mixing.jl:296
 68   -82.90011264488   -5.99e-05   3.61e-04   0.70   39.5
┌ Debug: Iteration 69 linesearch step 1   α=0.7 diagtol=1.0341602233936645e-8
└ @ DFTK /home/herbstm/.julia/packages/DFTK/ogFMK/src/scf/potential_mixing.jl:296
 69   -82.90013008180   -1.74e-05   1.89e-04   0.70   39.4
┌ Debug: Iteration 70 linesearch step 1   α=0.7 diagtol=1.0341602233936645e-8
└ @ DFTK /home/herbstm/.julia/packages/DFTK/ogFMK/src/scf/potential_mixing.jl:296
 70   -82.90020968109   -7.96e-05   4.35e-04   0.70   40.1
┌ Debug: Iteration 71 linesearch step 1   α=0.7 diagtol=1.0341602233936645e-8
└ @ DFTK /home/herbstm/.julia/packages/DFTK/ogFMK/src/scf/potential_mixing.jl:296
 71   -82.90037571200   -1.66e-04   1.72e-04   0.70   39.8
┌ Debug: Iteration 72 linesearch step 1   α=0.7 diagtol=1.0341602233936645e-8
└ @ DFTK /home/herbstm/.julia/packages/DFTK/ogFMK/src/scf/potential_mixing.jl:296
 72   -82.90038794169   -1.22e-05   1.77e-04   0.70   40.0
┌ Debug: Iteration 73 linesearch step 1   α=0.7 diagtol=1.0341602233936645e-8
└ @ DFTK /home/herbstm/.julia/packages/DFTK/ogFMK/src/scf/potential_mixing.jl:296
 73   -82.90044647120   -5.85e-05   2.09e-04   0.70   40.0
┌ Debug: Iteration 74 linesearch step 1   α=0.7 diagtol=1.0341602233936645e-8
└ @ DFTK /home/herbstm/.julia/packages/DFTK/ogFMK/src/scf/potential_mixing.jl:296
 74   -82.90080182301   -3.55e-04   5.30e-04   0.70   39.4
┌ Debug: Iteration 75 linesearch step 1   α=0.7 diagtol=1.0341602233936645e-8
└ @ DFTK /home/herbstm/.julia/packages/DFTK/ogFMK/src/scf/potential_mixing.jl:296
 75   -82.90079949452    2.33e-06   8.67e-05   0.70   39.7
┌ Debug: Iteration 76 linesearch step 1   α=0.7 diagtol=1.0341602233936645e-8
└ @ DFTK /home/herbstm/.julia/packages/DFTK/ogFMK/src/scf/potential_mixing.jl:296
 76   -82.90059220975    2.07e-04   5.33e-04   0.70   39.8
┌ Debug: Iteration 77 linesearch step 1   α=0.7 diagtol=1.0341602233936645e-8
└ @ DFTK /home/herbstm/.julia/packages/DFTK/ogFMK/src/scf/potential_mixing.jl:296
 77   -82.90056105608    3.12e-05   1.17e-03   0.70   40.2
┌ Debug: Iteration 78 linesearch step 1   α=0.7 diagtol=1.0341602233936645e-8
└ @ DFTK /home/herbstm/.julia/packages/DFTK/ogFMK/src/scf/potential_mixing.jl:296
 78   -82.90062570766   -6.47e-05   1.81e-04   0.70   40.0
┌ Debug: Iteration 79 linesearch step 1   α=0.7 diagtol=1.0341602233936645e-8
└ @ DFTK /home/herbstm/.julia/packages/DFTK/ogFMK/src/scf/potential_mixing.jl:296
 79   -82.90057681907    4.89e-05   1.87e-04   0.70   40.6
┌ Debug: Iteration 80 linesearch step 1   α=0.7 diagtol=1.0341602233936645e-8
└ @ DFTK /home/herbstm/.julia/packages/DFTK/ogFMK/src/scf/potential_mixing.jl:296
 80   -82.90061704108   -4.02e-05   1.03e-04   0.70   40.6
┌ Debug: Iteration 81 linesearch step 1   α=0.7 diagtol=1.0341602233936645e-8
└ @ DFTK /home/herbstm/.julia/packages/DFTK/ogFMK/src/scf/potential_mixing.jl:296
 81   -82.90075819153   -1.41e-04   4.32e-04   0.70   41.3
┌ Debug: Iteration 82 linesearch step 1   α=0.7 diagtol=1.0341602233936645e-8
└ @ DFTK /home/herbstm/.julia/packages/DFTK/ogFMK/src/scf/potential_mixing.jl:296
 82   -82.90058846482    1.70e-04   5.48e-04   0.70   40.1
┌ Debug: Iteration 83 linesearch step 1   α=0.7 diagtol=1.0341602233936645e-8
└ @ DFTK /home/herbstm/.julia/packages/DFTK/ogFMK/src/scf/potential_mixing.jl:296
 83   -82.90087031416   -2.82e-04   8.18e-04   0.70   40.1
┌ Debug: Iteration 84 linesearch step 1   α=0.7 diagtol=1.0341602233936645e-8
└ @ DFTK /home/herbstm/.julia/packages/DFTK/ogFMK/src/scf/potential_mixing.jl:296
 84   -82.90099081164   -1.20e-04   4.29e-04   0.70   40.4
┌ Debug: Iteration 85 linesearch step 1   α=0.7 diagtol=1.0341602233936645e-8
└ @ DFTK /home/herbstm/.julia/packages/DFTK/ogFMK/src/scf/potential_mixing.jl:296
 85   -82.90077647782    2.14e-04   1.11e-03   0.70   39.9
┌ Debug: Iteration 86 linesearch step 1   α=0.7 diagtol=1.0341602233936645e-8
└ @ DFTK /home/herbstm/.julia/packages/DFTK/ogFMK/src/scf/potential_mixing.jl:296
 86   -82.90071593471    6.05e-05   4.45e-04   0.70   39.3
┌ Debug: Iteration 87 linesearch step 1   α=0.7 diagtol=1.0341602233936645e-8
└ @ DFTK /home/herbstm/.julia/packages/DFTK/ogFMK/src/scf/potential_mixing.jl:296
 87   -82.90057749996    1.38e-04   2.68e-04   0.70   39.6
┌ Debug: Iteration 88 linesearch step 1   α=0.7 diagtol=1.0341602233936645e-8
└ @ DFTK /home/herbstm/.julia/packages/DFTK/ogFMK/src/scf/potential_mixing.jl:296
 88   -82.90092417135   -3.47e-04   5.60e-04   0.70   40.1
┌ Debug: Iteration 89 linesearch step 1   α=0.7 diagtol=1.0341602233936645e-8
└ @ DFTK /home/herbstm/.julia/packages/DFTK/ogFMK/src/scf/potential_mixing.jl:296
 89   -82.90073007203    1.94e-04   2.54e-04   0.70   39.7
┌ Debug: Iteration 90 linesearch step 1   α=0.7 diagtol=1.0341602233936645e-8
└ @ DFTK /home/herbstm/.julia/packages/DFTK/ogFMK/src/scf/potential_mixing.jl:296
 90   -82.90065749717    7.26e-05   2.36e-04   0.70   39.9
┌ Debug: Iteration 91 linesearch step 1   α=0.7 diagtol=1.0341602233936645e-8
└ @ DFTK /home/herbstm/.julia/packages/DFTK/ogFMK/src/scf/potential_mixing.jl:296
 91   -82.90066722496   -9.73e-06   1.94e-04   0.70   40.2
┌ Debug: Iteration 92 linesearch step 1   α=0.7 diagtol=1.0341602233936645e-8
└ @ DFTK /home/herbstm/.julia/packages/DFTK/ogFMK/src/scf/potential_mixing.jl:296
 92   -82.90076924817   -1.02e-04   1.91e-04   0.70   40.5
┌ Debug: Iteration 93 linesearch step 1   α=0.7 diagtol=1.0341602233936645e-8
└ @ DFTK /home/herbstm/.julia/packages/DFTK/ogFMK/src/scf/potential_mixing.jl:296
 93   -82.90089288303   -1.24e-04   4.06e-04   0.70   40.1
┌ Debug: Iteration 94 linesearch step 1   α=0.7 diagtol=1.0341602233936645e-8
└ @ DFTK /home/herbstm/.julia/packages/DFTK/ogFMK/src/scf/potential_mixing.jl:296
 94   -82.90079550074    9.74e-05   3.34e-04   0.70   39.6
┌ Debug: Iteration 95 linesearch step 1   α=0.7 diagtol=1.0341602233936645e-8
└ @ DFTK /home/herbstm/.julia/packages/DFTK/ogFMK/src/scf/potential_mixing.jl:296
 95   -82.90082333148   -2.78e-05   1.72e-04   0.70   39.9
┌ Debug: Iteration 96 linesearch step 1   α=0.7 diagtol=1.0341602233936645e-8
└ @ DFTK /home/herbstm/.julia/packages/DFTK/ogFMK/src/scf/potential_mixing.jl:296
 96   -82.90071495493    1.08e-04   1.59e-04   0.70   40.3
┌ Debug: Iteration 97 linesearch step 1   α=0.7 diagtol=1.0341602233936645e-8
└ @ DFTK /home/herbstm/.julia/packages/DFTK/ogFMK/src/scf/potential_mixing.jl:296
 97   -82.90065008442    6.49e-05   4.18e-04   0.70   39.8
┌ Debug: Iteration 98 linesearch step 1   α=0.7 diagtol=1.0341602233936645e-8
└ @ DFTK /home/herbstm/.julia/packages/DFTK/ogFMK/src/scf/potential_mixing.jl:296
 98   -82.90057656414    7.35e-05   1.10e-04   0.70   39.7
┌ Debug: Iteration 99 linesearch step 1   α=0.7 diagtol=1.0341602233936645e-8
└ @ DFTK /home/herbstm/.julia/packages/DFTK/ogFMK/src/scf/potential_mixing.jl:296
 99   -82.90048788172    8.87e-05   1.78e-04   0.70   39.6
┌ Debug: Iteration 100 linesearch step 1   α=0.7 diagtol=1.0341602233936645e-8
└ @ DFTK /home/herbstm/.julia/packages/DFTK/ogFMK/src/scf/potential_mixing.jl:296
┌ Warning: SCF not converged.
└ @ DFTK /home/herbstm/.julia/packages/DFTK/ogFMK/src/scf/scf_callbacks.jl:37

Energy breakdown:
    Kinetic             34.3324523
    AtomicLocal         -8390.2498938
    AtomicNonlocal      16.0379356
    Ewald               4103.8669667
    PspCorrection       -3.9591227
    Hartree             4188.9690877
    Xc                  -31.8977292
    Entropy             -0.0002361

    total               -82.900539552013

 ──────────────────────────────────────────────────────────────────────────────
                                       Time                   Allocations      
                               ──────────────────────   ───────────────────────
       Tot / % measured:           19308s / 100%             854GiB / 100%     

 Section               ncalls     time   %tot     avg     alloc   %tot      avg
 ──────────────────────────────────────────────────────────────────────────────
 scf_potential_mixing       1   19308s   100%  19308s    854GiB  100%    854GiB
   LOBPCG                 100   19137s  99.1%    191s    819GiB  95.9%  8.19GiB
     Hamiltonian mu...  2.93k    4249s  22.0%   1.45s    129GiB  15.1%  45.1MiB
       nonlocal         2.93k    2282s  11.8%   778ms    122GiB  14.3%  42.8MiB
       kinetic+local    2.93k    1964s  10.2%   670ms    525MiB  0.06%   183KiB
     rayleigh_ritz      2.83k    3520s  18.2%   1.24s   9.57GiB  1.12%  3.46MiB
     ortho!             11.9k    1346s  6.97%   113ms   7.80GiB  0.91%   685KiB
   energy_hamiltonian     101    77.4s  0.40%   766ms   20.0GiB  2.34%   203MiB
     ene_ops              101    77.0s  0.40%   762ms   19.2GiB  2.25%   194MiB
       ene_ops: non...    101    39.2s  0.20%   388ms    119MiB  0.01%  1.17MiB
       ene_ops: xc        101    30.8s  0.16%   304ms   16.5GiB  1.93%   167MiB
       ene_ops: har...    101    2.48s  0.01%  24.5ms   2.12GiB  0.25%  21.5MiB
       ene_ops: kin...    101    1.76s  0.01%  17.4ms   1.99MiB  0.00%  20.2KiB
       ene_ops: local     101    307ms  0.00%  3.04ms    434MiB  0.05%  4.30MiB
   compute_density        100    72.8s  0.38%   728ms   2.96GiB  0.35%  30.3MiB
   KerkerMixing           100    2.51s  0.01%  25.1ms   3.35GiB  0.39%  34.3MiB
   QR orthonormaliz...    100    121μs  0.00%  1.21μs     0.00B  0.00%    0.00B
 ──────────────────────────────────────────────────────────────────────────────
