#
#-- SCF WFe -- case=standard_03
#
    keywords: (damping = DFTK.FixedDamping(0.3),)

hostname        = clustern12

started on      = 2022-01-22T07:44:16.374
julia threads   = 1
BLAS threads    = 1
MPI procs       = 16

temperature     = 0.01
smearing        = DFTK.Smearing.Gaussian()
lattice         = [5.42 0.0 0.0; 0.0 7.665 0.0; 0.0 0.0 68.03]
Ecut            = 25.0
fft_size        = (24, 27, 240)
kgrid           = [7, 7, 1]
kshift          = [0.0, 0.0, 0.0]
n_irreducible_k = 32
n_bands         = 672
n_electrons     = 560
type            = potmix
mixing          = KerkerMixing(0.8, 0.0)
damping         = DFTK.FixedDamping(0.3)
n     Free energy       Eₙ-Eₙ₋₁     ρout-ρin   Magnet   α      Diag
---   ---------------   ---------   --------   ------   ----   ----
  1   -1672.349096348         NaN   1.64e+01    8.000    NaN    2.0
┌ Debug: Iteration 2 linesearch step 1   α=0.3 diagtol=0.0002
└ @ DFTK /home/herbstm/.julia/packages/DFTK/ogFMK/src/scf/potential_mixing.jl:296
  2   -28.46763155244    1.64e+03   9.36e+00   30.410   0.30   48.0
┌ Debug: Iteration 3 linesearch step 1   α=0.3 diagtol=0.0002
└ @ DFTK /home/herbstm/.julia/packages/DFTK/ogFMK/src/scf/potential_mixing.jl:296
  3   -3253.147156686   -3.22e+03   2.89e+00   40.640   0.30   61.6
┌ Debug: Iteration 4 linesearch step 1   α=0.3 diagtol=0.0002
└ @ DFTK /home/herbstm/.julia/packages/DFTK/ogFMK/src/scf/potential_mixing.jl:296
  4   -2296.652781303    9.56e+02   3.44e+00   20.860   0.30   53.5
┌ Debug: Iteration 5 linesearch step 1   α=0.3 diagtol=0.0002
└ @ DFTK /home/herbstm/.julia/packages/DFTK/ogFMK/src/scf/potential_mixing.jl:296
  5   -1852.397275873    4.44e+02   3.71e+00   17.240   0.30   53.8
┌ Debug: Iteration 6 linesearch step 1   α=0.3 diagtol=0.0002
└ @ DFTK /home/herbstm/.julia/packages/DFTK/ogFMK/src/scf/potential_mixing.jl:296
  6   -3283.434425958   -1.43e+03   1.77e+00   37.960   0.30   48.4
┌ Debug: Iteration 7 linesearch step 1   α=0.3 diagtol=0.0002
└ @ DFTK /home/herbstm/.julia/packages/DFTK/ogFMK/src/scf/potential_mixing.jl:296
  7   -3757.753908921   -4.74e+02   7.42e-01   41.910   0.30   48.9
┌ Debug: Iteration 8 linesearch step 1   α=0.3 diagtol=0.0002
└ @ DFTK /home/herbstm/.julia/packages/DFTK/ogFMK/src/scf/potential_mixing.jl:296
  8   -3897.771342076   -1.40e+02   7.24e-01   41.320   0.30   56.2
┌ Debug: Iteration 9 linesearch step 1   α=0.3 diagtol=0.0002
└ @ DFTK /home/herbstm/.julia/packages/DFTK/ogFMK/src/scf/potential_mixing.jl:296
  9   -3896.461461282    1.31e+00   2.76e-01   40.840   0.30   51.1
┌ Debug: Iteration 10 linesearch step 1   α=0.3 diagtol=0.0002
└ @ DFTK /home/herbstm/.julia/packages/DFTK/ogFMK/src/scf/potential_mixing.jl:296
 10   -3882.035368437    1.44e+01   2.75e-01   40.150   0.30   56.1
┌ Debug: Iteration 11 linesearch step 1   α=0.3 diagtol=0.0002
└ @ DFTK /home/herbstm/.julia/packages/DFTK/ogFMK/src/scf/potential_mixing.jl:296
 11   -3880.350556894    1.68e+00   1.71e-01   40.240   0.30   57.0
┌ Debug: Iteration 12 linesearch step 1   α=0.3 diagtol=0.0002
└ @ DFTK /home/herbstm/.julia/packages/DFTK/ogFMK/src/scf/potential_mixing.jl:296
 12   -3892.062305291   -1.17e+01   1.14e-01   41.080   0.30   53.8
┌ Debug: Iteration 13 linesearch step 1   α=0.3 diagtol=0.0002
└ @ DFTK /home/herbstm/.julia/packages/DFTK/ogFMK/src/scf/potential_mixing.jl:296
 13   -3899.442088558   -7.38e+00   1.57e-01   42.640   0.30   57.0
┌ Debug: Iteration 14 linesearch step 1   α=0.3 diagtol=0.0002
└ @ DFTK /home/herbstm/.julia/packages/DFTK/ogFMK/src/scf/potential_mixing.jl:296
 14   -3899.504937403   -6.28e-02   2.33e-02   42.770   0.30   54.9
┌ Debug: Iteration 15 linesearch step 1   α=0.3 diagtol=0.0002
└ @ DFTK /home/herbstm/.julia/packages/DFTK/ogFMK/src/scf/potential_mixing.jl:296
 15   -3899.525961224   -2.10e-02   2.04e-02   43.100   0.30   56.6
┌ Debug: Iteration 16 linesearch step 1   α=0.3 diagtol=0.0002
└ @ DFTK /home/herbstm/.julia/packages/DFTK/ogFMK/src/scf/potential_mixing.jl:296
 16   -3899.532789917   -6.83e-03   3.84e-02   43.830   0.30   56.3
┌ Debug: Iteration 17 linesearch step 1   α=0.3 diagtol=0.0002
└ @ DFTK /home/herbstm/.julia/packages/DFTK/ogFMK/src/scf/potential_mixing.jl:296
 17   -3899.534543525   -1.75e-03   2.89e-02   44.360   0.30   54.4
┌ Debug: Iteration 18 linesearch step 1   α=0.3 diagtol=0.0002
└ @ DFTK /home/herbstm/.julia/packages/DFTK/ogFMK/src/scf/potential_mixing.jl:296
 18   -3899.535528080   -9.85e-04   3.13e-02   44.910   0.30   55.4
┌ Debug: Iteration 19 linesearch step 1   α=0.3 diagtol=0.0002
└ @ DFTK /home/herbstm/.julia/packages/DFTK/ogFMK/src/scf/potential_mixing.jl:296
 19   -3899.536759838   -1.23e-03   9.98e-03   45.020   0.30   51.3
┌ Debug: Iteration 20 linesearch step 1   α=0.3 diagtol=9.975121896730603e-5
└ @ DFTK /home/herbstm/.julia/packages/DFTK/ogFMK/src/scf/potential_mixing.jl:296
 20   -3899.536951622   -1.92e-04   7.56e-03   45.150   0.30   59.4
┌ Debug: Iteration 21 linesearch step 1   α=0.3 diagtol=7.555626289147348e-5
└ @ DFTK /home/herbstm/.julia/packages/DFTK/ogFMK/src/scf/potential_mixing.jl:296
 21   -3899.536962486   -1.09e-05   1.89e-03   45.160   0.30   60.9
┌ Debug: Iteration 22 linesearch step 1   α=0.3 diagtol=1.8943665481611974e-5
└ @ DFTK /home/herbstm/.julia/packages/DFTK/ogFMK/src/scf/potential_mixing.jl:296
 22   -3899.536906469    5.60e-05   5.09e-03   45.190   0.30   71.3
┌ Debug: Iteration 23 linesearch step 1   α=0.3 diagtol=1.8943665481611974e-5
└ @ DFTK /home/herbstm/.julia/packages/DFTK/ogFMK/src/scf/potential_mixing.jl:296
 23   -3899.536975231   -6.88e-05   3.01e-03   45.220   0.30   71.6
┌ Debug: Iteration 24 linesearch step 1   α=0.3 diagtol=1.8943665481611974e-5
└ @ DFTK /home/herbstm/.julia/packages/DFTK/ogFMK/src/scf/potential_mixing.jl:296
 24   -3899.537002846   -2.76e-05   1.65e-03   45.230   0.30   69.0
┌ Debug: Iteration 25 linesearch step 1   α=0.3 diagtol=1.650657358754886e-5
└ @ DFTK /home/herbstm/.julia/packages/DFTK/ogFMK/src/scf/potential_mixing.jl:296
┌ Warning: Eigensolver not converged
│   iterations = [105, 200]
└ @ DFTK /home/herbstm/.julia/packages/DFTK/ogFMK/src/scf/self_consistent_field.jl:26
 25   -3899.537002562    2.84e-07   3.34e-04   45.230   0.30   72.4
┌ Debug: Iteration 26 linesearch step 1   α=0.3 diagtol=3.3396959912220683e-6
└ @ DFTK /home/herbstm/.julia/packages/DFTK/ogFMK/src/scf/potential_mixing.jl:296
 26   -3899.537004009   -1.45e-06   4.17e-04   45.230   0.30   81.5
┌ Debug: Iteration 27 linesearch step 1   α=0.3 diagtol=3.3396959912220683e-6
└ @ DFTK /home/herbstm/.julia/packages/DFTK/ogFMK/src/scf/potential_mixing.jl:296
 27   -3899.537004106   -9.70e-08   2.10e-04   45.230   0.30   83.4
┌ Debug: Iteration 28 linesearch step 1   α=0.3 diagtol=2.0973295222191536e-6
└ @ DFTK /home/herbstm/.julia/packages/DFTK/ogFMK/src/scf/potential_mixing.jl:296
 28   -3899.537004204   -9.80e-08   1.85e-04   45.220   0.30   87.0
┌ Debug: Iteration 29 linesearch step 1   α=0.3 diagtol=1.851979402919718e-6
└ @ DFTK /home/herbstm/.julia/packages/DFTK/ogFMK/src/scf/potential_mixing.jl:296
 29   -3899.537004213   -8.50e-09   1.03e-04   45.220   0.30   84.8
┌ Debug: Iteration 30 linesearch step 1   α=0.3 diagtol=1.0332762303408167e-6
└ @ DFTK /home/herbstm/.julia/packages/DFTK/ogFMK/src/scf/potential_mixing.jl:296
┌ Warning: Eigensolver not converged
│   iterations = [133, 200]
└ @ DFTK /home/herbstm/.julia/packages/DFTK/ogFMK/src/scf/self_consistent_field.jl:26
 30   -3899.537004221   -8.15e-09   4.07e-05   45.220   0.30   91.0
┌ Debug: Iteration 31 linesearch step 1   α=0.3 diagtol=4.069826083633695e-7
└ @ DFTK /home/herbstm/.julia/packages/DFTK/ogFMK/src/scf/potential_mixing.jl:296
┌ Warning: Eigensolver not converged
│   iterations = [146, 200]
└ @ DFTK /home/herbstm/.julia/packages/DFTK/ogFMK/src/scf/self_consistent_field.jl:26
 31   -3899.537004219    1.37e-09   4.24e-05   45.220   0.30   96.7
┌ Debug: Iteration 32 linesearch step 1   α=0.3 diagtol=4.069826083633695e-7
└ @ DFTK /home/herbstm/.julia/packages/DFTK/ogFMK/src/scf/potential_mixing.jl:296
┌ Warning: Eigensolver not converged
│   iterations = [141, 200]
└ @ DFTK /home/herbstm/.julia/packages/DFTK/ogFMK/src/scf/self_consistent_field.jl:26
 32   -3899.537004220   -1.53e-10   3.41e-05   45.220   0.30   98.6
┌ Debug: Iteration 33 linesearch step 1   α=0.3 diagtol=3.4052179356793583e-7
└ @ DFTK /home/herbstm/.julia/packages/DFTK/ogFMK/src/scf/potential_mixing.jl:296
┌ Warning: Eigensolver not converged
│   iterations = [143, 200]
└ @ DFTK /home/herbstm/.julia/packages/DFTK/ogFMK/src/scf/self_consistent_field.jl:26
 33   -3899.537004224   -4.97e-09   2.79e-05   45.220   0.30   97.7
┌ Debug: Iteration 34 linesearch step 1   α=0.3 diagtol=2.7918253981624874e-7
└ @ DFTK /home/herbstm/.julia/packages/DFTK/ogFMK/src/scf/potential_mixing.jl:296
┌ Warning: Eigensolver not converged
│   iterations = [144, 200]
└ @ DFTK /home/herbstm/.julia/packages/DFTK/ogFMK/src/scf/self_consistent_field.jl:26
 34   -3899.537004224    1.00e-10   2.70e-05   45.220   0.30   100.9
┌ Debug: Iteration 35 linesearch step 1   α=0.3 diagtol=2.7003371810515594e-7
└ @ DFTK /home/herbstm/.julia/packages/DFTK/ogFMK/src/scf/potential_mixing.jl:296
┌ Warning: Eigensolver not converged
│   iterations = [149, 200]
└ @ DFTK /home/herbstm/.julia/packages/DFTK/ogFMK/src/scf/self_consistent_field.jl:26
 35   -3899.537004225   -5.98e-10   5.83e-06   45.220   0.30   100.0
┌ Debug: Iteration 36 linesearch step 1   α=0.3 diagtol=5.8320160104890744e-8
└ @ DFTK /home/herbstm/.julia/packages/DFTK/ogFMK/src/scf/potential_mixing.jl:296
┌ Warning: Eigensolver not converged
│   iterations = [160, 200]
└ @ DFTK /home/herbstm/.julia/packages/DFTK/ogFMK/src/scf/self_consistent_field.jl:26
 36   -3899.537004225   -3.25e-10   4.05e-06   45.220   0.30   112.6
┌ Debug: Iteration 37 linesearch step 1   α=0.3 diagtol=4.0493939299077456e-8
└ @ DFTK /home/herbstm/.julia/packages/DFTK/ogFMK/src/scf/potential_mixing.jl:296
┌ Warning: Eigensolver not converged
│   iterations = [145, 200]
└ @ DFTK /home/herbstm/.julia/packages/DFTK/ogFMK/src/scf/self_consistent_field.jl:26
 37   -3899.537004225   -1.49e-10   1.14e-05   45.220   0.30   118.8
┌ Debug: Iteration 38 linesearch step 1   α=0.3 diagtol=4.0493939299077456e-8
└ @ DFTK /home/herbstm/.julia/packages/DFTK/ogFMK/src/scf/potential_mixing.jl:296
┌ Warning: Eigensolver not converged
│   iterations = [157, 200]
└ @ DFTK /home/herbstm/.julia/packages/DFTK/ogFMK/src/scf/self_consistent_field.jl:26
 38   -3899.537004226   -4.18e-11   2.51e-06   45.220   0.30   116.2
┌ Debug: Iteration 39 linesearch step 1   α=0.3 diagtol=2.5099571023888306e-8
└ @ DFTK /home/herbstm/.julia/packages/DFTK/ogFMK/src/scf/potential_mixing.jl:296
┌ Warning: Eigensolver not converged
│   iterations = [162, 200]
└ @ DFTK /home/herbstm/.julia/packages/DFTK/ogFMK/src/scf/self_consistent_field.jl:26
 39   -3899.537004226   -3.73e-11   4.02e-06   45.220   0.30   121.1
┌ Debug: Iteration 40 linesearch step 1   α=0.3 diagtol=2.5099571023888306e-8
└ @ DFTK /home/herbstm/.julia/packages/DFTK/ogFMK/src/scf/potential_mixing.jl:296
┌ Warning: Eigensolver not converged
│   iterations = [149, 200]
└ @ DFTK /home/herbstm/.julia/packages/DFTK/ogFMK/src/scf/self_consistent_field.jl:26
 40   -3899.537004226    8.19e-12   3.27e-06   45.220   0.30   122.8

Energy breakdown:
    Kinetic             1601.3497475
    AtomicLocal         -2976.8747350
    AtomicNonlocal      -360.7245341
    Ewald               -2811.2965247
    PspCorrection       164.3192552
    Hartree             886.5583600
    Xc                  -402.8201793
    Entropy             -0.0483939

    total               -3899.537004225534

 ──────────────────────────────────────────────────────────────────────────────
                                       Time                   Allocations      
                               ──────────────────────   ───────────────────────
       Tot / % measured:           127056s / 100%           1550GiB / 100%     

 Section               ncalls     time   %tot     avg     alloc   %tot      avg
 ──────────────────────────────────────────────────────────────────────────────
 scf_potential_mixing       1   127050s   100%  127050s   1549GiB  100%   1549GiB
   LOBPCG                  80   124656s  98.1%   1558s   1530GiB  98.7%  19.1GiB
     rayleigh_ritz      9.60k   28760s  22.6%   2.99s    148GiB  9.58%  15.8MiB
     Hamiltonian mu...  9.68k   11180s  8.80%   1.15s    228GiB  14.7%  24.1MiB
       nonlocal         9.68k    7916s  6.23%   817ms    215GiB  13.9%  22.7MiB
       kinetic+local    9.68k    3257s  2.56%   336ms   1.69GiB  0.11%   183KiB
     ortho!             40.0k   10562s  8.31%   264ms    133GiB  8.59%  3.41MiB
   energy_hamiltonian      41     364s  0.29%   8.88s   11.4GiB  0.74%   286MiB
     ene_ops               41     362s  0.28%   8.82s   11.0GiB  0.71%   274MiB
       ene_ops: non...     41     328s  0.26%   7.99s   1.39GiB  0.09%  34.7MiB
       ene_ops: xc         41    20.3s  0.02%   496ms   8.28GiB  0.53%   207MiB
       ene_ops: kin...     41    4.55s  0.00%   111ms   46.6MiB  0.00%  1.14MiB
       ene_ops: har...     41    1.15s  0.00%  28.1ms    513MiB  0.03%  12.5MiB
       ene_ops: local      41    437ms  0.00%  10.7ms    118MiB  0.01%  2.88MiB
   compute_density         40     188s  0.15%   4.71s   1.50GiB  0.10%  38.3MiB
   KerkerMixing            40    2.29s  0.00%  57.3ms   1.41GiB  0.09%  36.1MiB
   QR orthonormaliz...     80    215μs  0.00%  2.69μs     0.00B  0.00%    0.00B
 ──────────────────────────────────────────────────────────────────────────────
┌ Debug: Library handles
│   libGR_handle[] = Ptr{Nothing} @0x00000000167e1f40
│   libGR3_handle[] = Ptr{Nothing} @0x0000000005fe9fa0
│   libGRM_handle[] = Ptr{Nothing} @0x0000000016786440
└ @ GR /home/herbstm/.julia/packages/GR/4DHy8/src/funcptrs.jl:67
┌ Debug: Found GKS_ENCODING in ENV
│   text_encoding[] = 301
└ @ GR /home/herbstm/.julia/packages/GR/4DHy8/src/GR.jl:468
