#
#-- SCF CoFeMnGa -- case=standard_03
#
    keywords: (damping = DFTK.FixedDamping(0.3),)

hostname        = braukessel.mathcces.rwth-aachen.de

started on      = 2021-07-02T07:10:54.600
julia threads   = 1
BLAS threads    = 1
MPI procs       = 16

temperature     = 0.01
smearing        = DFTK.Smearing.Gaussian()
lattice         = [0.0 5.491 5.491; 5.491 0.0 5.491; 5.491 5.491 0.0]
Ecut            = 45.0
fft_size        = (50, 50, 50)
kgrid           = [13, 13, 13]
kshift          = [0.0, 0.0, 0.0]
n_irreducible_k = 280
n_bands         = 62
n_electr        = 51
type            = potmix
mixing          = KerkerMixing(0.8, 0.0)
damping         = DFTK.FixedDamping(0.3)
n     Free energy       Eₙ-Eₙ₋₁     ρout-ρin   Magnet  α      Diag
---   ---------------   ---------   --------   ------  -----  ----
  1   -326.7919419117         NaN   7.30e+00    3.000    NaN   2.0 
┌ Debug: Iteration 2 linesearch step 1   α=0.3 diagtol=0.0002
└ @ DFTK /scratch/herbst/.julia/packages/DFTK/C0bc2/src/scf/potential_mixing.jl:304
  2   -357.5713362261   -3.08e+01   2.14e+00    5.005   0.30  18.0 
┌ Debug: Iteration 3 linesearch step 1   α=0.3 diagtol=0.0002
└ @ DFTK /scratch/herbst/.julia/packages/DFTK/C0bc2/src/scf/potential_mixing.jl:304
  3   -352.0517149791    5.52e+00   3.90e+00    1.705   0.30  21.2 
┌ Debug: Iteration 4 linesearch step 1   α=0.3 diagtol=0.0002
└ @ DFTK /scratch/herbst/.julia/packages/DFTK/C0bc2/src/scf/potential_mixing.jl:304
  4   -366.8367610600   -1.48e+01   1.31e+00    3.896   0.30  20.0 
┌ Debug: Iteration 5 linesearch step 1   α=0.3 diagtol=0.0002
└ @ DFTK /scratch/herbst/.julia/packages/DFTK/C0bc2/src/scf/potential_mixing.jl:304
  5   -366.9075511969   -7.08e-02   7.33e-03    3.922   0.30  19.8 
┌ Debug: Iteration 6 linesearch step 1   α=0.3 diagtol=7.330415901965984e-5
└ @ DFTK /scratch/herbst/.julia/packages/DFTK/C0bc2/src/scf/potential_mixing.jl:304
  6   -370.7058961454   -3.80e+00   1.39e+00    4.623   0.30  21.6 
┌ Debug: Iteration 7 linesearch step 1   α=0.3 diagtol=7.330415901965984e-5
└ @ DFTK /scratch/herbst/.julia/packages/DFTK/C0bc2/src/scf/potential_mixing.jl:304
  7   -369.8216452227    8.84e-01   1.03e+00    4.397   0.30  21.6 
┌ Debug: Iteration 8 linesearch step 1   α=0.3 diagtol=7.330415901965984e-5
└ @ DFTK /scratch/herbst/.julia/packages/DFTK/C0bc2/src/scf/potential_mixing.jl:304
  8   -369.9444521955   -1.23e-01   1.08e+00    3.485   0.30  21.5 
┌ Debug: Iteration 9 linesearch step 1   α=0.3 diagtol=7.330415901965984e-5
└ @ DFTK /scratch/herbst/.julia/packages/DFTK/C0bc2/src/scf/potential_mixing.jl:304
  9   -370.5564485963   -6.12e-01   5.87e-01    3.045   0.30  21.4 
┌ Debug: Iteration 10 linesearch step 1   α=0.3 diagtol=7.330415901965984e-5
└ @ DFTK /scratch/herbst/.julia/packages/DFTK/C0bc2/src/scf/potential_mixing.jl:304
 10   -371.6634762816   -1.11e+00   5.53e-01    3.739   0.30  21.6 
┌ Debug: Iteration 11 linesearch step 1   α=0.3 diagtol=7.330415901965984e-5
└ @ DFTK /scratch/herbst/.julia/packages/DFTK/C0bc2/src/scf/potential_mixing.jl:304
 11   -371.6740835395   -1.06e-02   3.01e-02    3.562   0.30  21.6 
┌ Debug: Iteration 12 linesearch step 1   α=0.3 diagtol=7.330415901965984e-5
└ @ DFTK /scratch/herbst/.julia/packages/DFTK/C0bc2/src/scf/potential_mixing.jl:304
 12   -371.6946397548   -2.06e-02   9.46e-02    3.243   0.30  21.6 
┌ Debug: Iteration 13 linesearch step 1   α=0.3 diagtol=7.330415901965984e-5
└ @ DFTK /scratch/herbst/.julia/packages/DFTK/C0bc2/src/scf/potential_mixing.jl:304
 13   -371.6960402060   -1.40e-03   5.02e-02    3.152   0.30  21.6 
┌ Debug: Iteration 14 linesearch step 1   α=0.3 diagtol=7.330415901965984e-5
└ @ DFTK /scratch/herbst/.julia/packages/DFTK/C0bc2/src/scf/potential_mixing.jl:304
 14   -371.6982350486   -2.19e-03   2.12e-02    3.115   0.30  21.5 
┌ Debug: Iteration 15 linesearch step 1   α=0.3 diagtol=7.330415901965984e-5
└ @ DFTK /scratch/herbst/.julia/packages/DFTK/C0bc2/src/scf/potential_mixing.jl:304
 15   -371.6964908016    1.74e-03   2.43e-02    3.088   0.30  21.6 
┌ Debug: Iteration 16 linesearch step 1   α=0.3 diagtol=7.330415901965984e-5
└ @ DFTK /scratch/herbst/.julia/packages/DFTK/C0bc2/src/scf/potential_mixing.jl:304
 16   -371.6981339474   -1.64e-03   2.10e-02    3.062   0.30  21.6 
┌ Debug: Iteration 17 linesearch step 1   α=0.3 diagtol=7.330415901965984e-5
└ @ DFTK /scratch/herbst/.julia/packages/DFTK/C0bc2/src/scf/potential_mixing.jl:304
 17   -371.6987503211   -6.16e-04   2.39e-02    3.042   0.30  21.6 
┌ Debug: Iteration 18 linesearch step 1   α=0.3 diagtol=7.330415901965984e-5
└ @ DFTK /scratch/herbst/.julia/packages/DFTK/C0bc2/src/scf/potential_mixing.jl:304
 18   -371.6991324460   -3.82e-04   5.14e-02    3.019   0.30  21.6 
┌ Debug: Iteration 19 linesearch step 1   α=0.3 diagtol=7.330415901965984e-5
└ @ DFTK /scratch/herbst/.julia/packages/DFTK/C0bc2/src/scf/potential_mixing.jl:304
 19   -371.6991503021   -1.79e-05   5.11e-03    3.020   0.30  21.6 
┌ Debug: Iteration 20 linesearch step 1   α=0.3 diagtol=5.114355585812032e-5
└ @ DFTK /scratch/herbst/.julia/packages/DFTK/C0bc2/src/scf/potential_mixing.jl:304
 20   -371.6991656690   -1.54e-05   6.54e-03    3.018   0.30  22.3 
┌ Debug: Iteration 21 linesearch step 1   α=0.3 diagtol=5.114355585812032e-5
└ @ DFTK /scratch/herbst/.julia/packages/DFTK/C0bc2/src/scf/potential_mixing.jl:304
 21   -371.6991664595   -7.90e-07   1.37e-03    3.018   0.30  22.3 
┌ Debug: Iteration 22 linesearch step 1   α=0.3 diagtol=1.3673836075373907e-5
└ @ DFTK /scratch/herbst/.julia/packages/DFTK/C0bc2/src/scf/potential_mixing.jl:304
 22   -371.6991694347   -2.98e-06   4.97e-03    3.017   0.30  25.0 
┌ Debug: Iteration 23 linesearch step 1   α=0.3 diagtol=1.3673836075373907e-5
└ @ DFTK /scratch/herbst/.julia/packages/DFTK/C0bc2/src/scf/potential_mixing.jl:304
 23   -371.6991697545   -3.20e-07   1.52e-03    3.018   0.30  25.1 
┌ Debug: Iteration 24 linesearch step 1   α=0.3 diagtol=1.3673836075373907e-5
└ @ DFTK /scratch/herbst/.julia/packages/DFTK/C0bc2/src/scf/potential_mixing.jl:304
 24   -371.6991698757   -1.21e-07   2.43e-03    3.017   0.30  25.1 
┌ Debug: Iteration 25 linesearch step 1   α=0.3 diagtol=1.3673836075373907e-5
└ @ DFTK /scratch/herbst/.julia/packages/DFTK/C0bc2/src/scf/potential_mixing.jl:304
 25   -371.6991700601   -1.84e-07   6.17e-04    3.018   0.30  25.1 
┌ Debug: Iteration 26 linesearch step 1   α=0.3 diagtol=6.169518071141893e-6
└ @ DFTK /scratch/herbst/.julia/packages/DFTK/C0bc2/src/scf/potential_mixing.jl:304
 26   -371.6991700698   -9.69e-09   2.67e-04    3.018   0.30  26.9 
┌ Debug: Iteration 27 linesearch step 1   α=0.3 diagtol=2.673812556721002e-6
└ @ DFTK /scratch/herbst/.julia/packages/DFTK/C0bc2/src/scf/potential_mixing.jl:304
 27   -371.6991700545    1.53e-08   2.68e-05    3.018   0.30  28.8 
┌ Debug: Iteration 28 linesearch step 1   α=0.3 diagtol=2.680854891170673e-7
└ @ DFTK /scratch/herbst/.julia/packages/DFTK/C0bc2/src/scf/potential_mixing.jl:304
 28   -371.6991700366    1.79e-08   5.42e-05    3.018   0.30  34.4 
┌ Debug: Iteration 29 linesearch step 1   α=0.3 diagtol=2.680854891170673e-7
└ @ DFTK /scratch/herbst/.julia/packages/DFTK/C0bc2/src/scf/potential_mixing.jl:304
 29   -371.6991700663   -2.97e-08   1.41e-05    3.018   0.30  34.2 
┌ Debug: Iteration 30 linesearch step 1   α=0.3 diagtol=1.4099652407655759e-7
└ @ DFTK /scratch/herbst/.julia/packages/DFTK/C0bc2/src/scf/potential_mixing.jl:304
 30   -371.6991700638    2.52e-09   3.52e-05    3.018   0.30  35.7 
┌ Debug: Iteration 31 linesearch step 1   α=0.3 diagtol=1.4099652407655759e-7
└ @ DFTK /scratch/herbst/.julia/packages/DFTK/C0bc2/src/scf/potential_mixing.jl:304
 31   -371.6991700689   -5.15e-09   2.77e-05    3.018   0.30  35.7 
┌ Debug: Iteration 32 linesearch step 1   α=0.3 diagtol=1.4099652407655759e-7
└ @ DFTK /scratch/herbst/.julia/packages/DFTK/C0bc2/src/scf/potential_mixing.jl:304
 32   -371.6991700691   -2.12e-10   7.95e-05    3.018   0.30  35.7 
┌ Debug: Iteration 33 linesearch step 1   α=0.3 diagtol=1.4099652407655759e-7
└ @ DFTK /scratch/herbst/.julia/packages/DFTK/C0bc2/src/scf/potential_mixing.jl:304
 33   -371.6991700709   -1.80e-09   5.86e-05    3.018   0.30  35.6 
┌ Debug: Iteration 34 linesearch step 1   α=0.3 diagtol=1.4099652407655759e-7
└ @ DFTK /scratch/herbst/.julia/packages/DFTK/C0bc2/src/scf/potential_mixing.jl:304
 34   -371.6991700688    2.10e-09   1.27e-05    3.018   0.30  35.7 
┌ Debug: Iteration 35 linesearch step 1   α=0.3 diagtol=1.271783451974161e-7
└ @ DFTK /scratch/herbst/.julia/packages/DFTK/C0bc2/src/scf/potential_mixing.jl:304
 35   -371.6991700681    7.09e-10   5.28e-06    3.018   0.30  35.9 
┌ Debug: Iteration 36 linesearch step 1   α=0.3 diagtol=5.276214939187291e-8
└ @ DFTK /scratch/herbst/.julia/packages/DFTK/C0bc2/src/scf/potential_mixing.jl:304
 36   -371.6991700686   -4.99e-10   1.88e-05    3.018   0.30  38.1 
┌ Debug: Iteration 37 linesearch step 1   α=0.3 diagtol=5.276214939187291e-8
└ @ DFTK /scratch/herbst/.julia/packages/DFTK/C0bc2/src/scf/potential_mixing.jl:304
 37   -371.6991700683    2.76e-10   1.05e-05    3.018   0.30  38.1 
┌ Debug: Iteration 38 linesearch step 1   α=0.3 diagtol=5.276214939187291e-8
└ @ DFTK /scratch/herbst/.julia/packages/DFTK/C0bc2/src/scf/potential_mixing.jl:304
 38   -371.6991700669    1.47e-09   2.19e-05    3.018   0.30  38.1 
┌ Debug: Iteration 39 linesearch step 1   α=0.3 diagtol=5.276214939187291e-8
└ @ DFTK /scratch/herbst/.julia/packages/DFTK/C0bc2/src/scf/potential_mixing.jl:304
 39   -371.6991700668    1.06e-10   5.46e-06    3.018   0.30  38.0 
┌ Debug: Iteration 40 linesearch step 1   α=0.3 diagtol=5.276214939187291e-8
└ @ DFTK /scratch/herbst/.julia/packages/DFTK/C0bc2/src/scf/potential_mixing.jl:304
 40   -371.6991700680   -1.28e-09   3.53e-05    3.018   0.30  38.0 
┌ Debug: Iteration 41 linesearch step 1   α=0.3 diagtol=5.276214939187291e-8
└ @ DFTK /scratch/herbst/.julia/packages/DFTK/C0bc2/src/scf/potential_mixing.jl:304
 41   -371.6991700687   -6.25e-10   1.20e-05    3.018   0.30  38.1 
┌ Debug: Iteration 42 linesearch step 1   α=0.3 diagtol=5.276214939187291e-8
└ @ DFTK /scratch/herbst/.julia/packages/DFTK/C0bc2/src/scf/potential_mixing.jl:304
 42   -371.6991700701   -1.41e-09   1.98e-06    3.018   0.30  38.2 
┌ Debug: Iteration 43 linesearch step 1   α=0.3 diagtol=1.9803892658564674e-8
└ @ DFTK /scratch/herbst/.julia/packages/DFTK/C0bc2/src/scf/potential_mixing.jl:304
 43   -371.6991700691    9.33e-10   3.98e-06    3.018   0.30  40.5 
┌ Debug: Iteration 44 linesearch step 1   α=0.3 diagtol=1.9803892658564674e-8
└ @ DFTK /scratch/herbst/.julia/packages/DFTK/C0bc2/src/scf/potential_mixing.jl:304
 44   -371.6991700706   -1.44e-09   4.49e-05    3.018   0.30  40.5 
┌ Debug: Iteration 45 linesearch step 1   α=0.3 diagtol=1.9803892658564674e-8
└ @ DFTK /scratch/herbst/.julia/packages/DFTK/C0bc2/src/scf/potential_mixing.jl:304
 45   -371.6991700708   -1.80e-10   3.41e-05    3.018   0.30  40.5 
┌ Debug: Iteration 46 linesearch step 1   α=0.3 diagtol=1.9803892658564674e-8
└ @ DFTK /scratch/herbst/.julia/packages/DFTK/C0bc2/src/scf/potential_mixing.jl:304
 46   -371.6991700707    6.48e-11   8.81e-06    3.018   0.30  40.4 
┌ Debug: Iteration 47 linesearch step 1   α=0.3 diagtol=1.9803892658564674e-8
└ @ DFTK /scratch/herbst/.julia/packages/DFTK/C0bc2/src/scf/potential_mixing.jl:304
 47   -371.6991700703    4.00e-10   7.21e-06    3.018   0.30  40.4 
┌ Debug: Iteration 48 linesearch step 1   α=0.3 diagtol=1.9803892658564674e-8
└ @ DFTK /scratch/herbst/.julia/packages/DFTK/C0bc2/src/scf/potential_mixing.jl:304
 48   -371.6991700706   -3.44e-10   2.96e-06    3.018   0.30  40.4 
┌ Debug: Iteration 49 linesearch step 1   α=0.3 diagtol=1.9803892658564674e-8
└ @ DFTK /scratch/herbst/.julia/packages/DFTK/C0bc2/src/scf/potential_mixing.jl:304
 49   -371.6991700698    7.95e-10   1.31e-05    3.018   0.30  40.4 
┌ Debug: Iteration 50 linesearch step 1   α=0.3 diagtol=1.9803892658564674e-8
└ @ DFTK /scratch/herbst/.julia/packages/DFTK/C0bc2/src/scf/potential_mixing.jl:304
 50   -371.6991700699   -1.48e-11   4.97e-06    3.018   0.30  40.4 
┌ Debug: Iteration 51 linesearch step 1   α=0.3 diagtol=1.9803892658564674e-8
└ @ DFTK /scratch/herbst/.julia/packages/DFTK/C0bc2/src/scf/potential_mixing.jl:304
 51   -371.6991700699   -6.40e-11   4.85e-06    3.018   0.30  40.6 
┌ Debug: Iteration 52 linesearch step 1   α=0.3 diagtol=1.9803892658564674e-8
└ @ DFTK /scratch/herbst/.julia/packages/DFTK/C0bc2/src/scf/potential_mixing.jl:304
 52   -371.6991700710   -1.10e-09   2.15e-05    3.018   0.30  40.4 
┌ Debug: Iteration 53 linesearch step 1   α=0.3 diagtol=1.9803892658564674e-8
└ @ DFTK /scratch/herbst/.julia/packages/DFTK/C0bc2/src/scf/potential_mixing.jl:304
 53   -371.6991700710    2.14e-11   1.70e-05    3.018   0.30  40.6 
┌ Debug: Iteration 54 linesearch step 1   α=0.3 diagtol=1.9803892658564674e-8
└ @ DFTK /scratch/herbst/.julia/packages/DFTK/C0bc2/src/scf/potential_mixing.jl:304
 54   -371.6991700711   -1.44e-10   9.02e-06    3.018   0.30  40.4 
┌ Debug: Iteration 55 linesearch step 1   α=0.3 diagtol=1.9803892658564674e-8
└ @ DFTK /scratch/herbst/.julia/packages/DFTK/C0bc2/src/scf/potential_mixing.jl:304
 55   -371.6991700712   -3.50e-11   6.40e-06    3.018   0.30  40.4 
┌ Debug: Iteration 56 linesearch step 1   α=0.3 diagtol=1.9803892658564674e-8
└ @ DFTK /scratch/herbst/.julia/packages/DFTK/C0bc2/src/scf/potential_mixing.jl:304
 56   -371.6991700711    3.58e-11   2.79e-06    3.018   0.30  40.3 
┌ Debug: Iteration 57 linesearch step 1   α=0.3 diagtol=1.9803892658564674e-8
└ @ DFTK /scratch/herbst/.julia/packages/DFTK/C0bc2/src/scf/potential_mixing.jl:304
 57   -371.6991700711    5.34e-12   2.87e-06    3.018   0.30  40.5 

Energy breakdown:
    Kinetic             186.9360767
    AtomicLocal         -350.7435506
    AtomicNonlocal      -52.9489124
    Ewald               -237.4603342
    PspCorrection       8.8180340 
    Hartree             113.4097507
    Xc                  -39.7055284
    Entropy             -0.0047057

    total               -371.699170071140

 ──────────────────────────────────────────────────────────────────────────────
                                       Time                   Allocations      
                               ──────────────────────   ───────────────────────
       Tot / % measured:           12877s / 100%             626GiB / 100%     

 Section               ncalls     time   %tot     avg     alloc   %tot      avg
 ──────────────────────────────────────────────────────────────────────────────
 scf_potential_mixing       1   12869s   100%  12869s    625GiB  100%    625GiB
   LOBPCG               1.03k   12308s  95.6%   12.0s    598GiB  95.6%   597MiB
     Hamiltonian mu...  40.6k    5346s  41.5%   132ms    117GiB  18.7%  2.95MiB
       kinetic+local    40.6k    4858s  37.8%   120ms   2.57GiB  0.41%  66.6KiB
       nonlocal         40.6k     462s  3.59%  11.4ms   76.5GiB  12.2%  1.93MiB
     rayleigh_ritz      39.5k    1666s  12.9%  42.2ms   27.2GiB  4.35%   721KiB
     ortho!              169k     694s  5.40%  4.11ms   22.6GiB  3.61%   140KiB
   compute_density         57     364s  2.83%   6.38s   5.88GiB  0.94%   106MiB
   energy_hamiltonian      58    56.6s  0.44%   976ms   13.1GiB  2.09%   231MiB
     ene_ops               58    52.2s  0.41%   900ms   10.8GiB  1.73%   191MiB
       ene_ops: xc         58    26.1s  0.20%   450ms   9.34GiB  1.49%   165MiB
       ene_ops: non...     58    14.9s  0.12%   256ms    214MiB  0.03%  3.69MiB
       ene_ops: kin...     58    2.36s  0.02%  40.6ms   50.9MiB  0.01%   899KiB
       ene_ops: har...     58    1.31s  0.01%  22.5ms    579MiB  0.09%  10.0MiB
       ene_ops: local      58    528ms  0.00%  9.10ms    133MiB  0.02%  2.30MiB
   KerkerMixing            57    2.48s  0.02%  43.5ms   1.49GiB  0.24%  26.9MiB
   QR orthonormaliz...  1.03k   1.24ms  0.00%  1.21μs     0.00B  0.00%    0.00B
 ──────────────────────────────────────────────────────────────────────────────
┌ Debug: Library handles
│   libGR_handle[] = Ptr{Nothing} @0x0000000043c677e0
│   libGR3_handle[] = Ptr{Nothing} @0x000000000996c670
│   libGRM_handle[] = Ptr{Nothing} @0x0000000011d45ff0
└ @ GR /scratch/herbst/.julia/packages/GR/4DHy8/src/funcptrs.jl:67
┌ Debug: Found GKS_ENCODING in ENV
│   text_encoding[] = 301
└ @ GR /scratch/herbst/.julia/packages/GR/4DHy8/src/GR.jl:468
