#
#-- SCF CoFeMnGa -- case=standard_08
#
    keywords: (damping = DFTK.FixedDamping(0.8),)

hostname        = braukessel.mathcces.rwth-aachen.de

started on      = 2021-07-02T17:46:08.811
julia threads   = 1
BLAS threads    = 1
MPI procs       = 16

temperature     = 0.01
smearing        = DFTK.Smearing.Gaussian()
lattice         = [0.0 5.491 5.491; 5.491 0.0 5.491; 5.491 5.491 0.0]
Ecut            = 45.0
fft_size        = (50, 50, 50)
kgrid           = [13, 13, 13]
kshift          = [0.0, 0.0, 0.0]
n_irreducible_k = 280
n_bands         = 62
n_electr        = 51
type            = potmix
mixing          = KerkerMixing(0.8, 0.0)
damping         = DFTK.FixedDamping(0.8)
n     Free energy       Eₙ-Eₙ₋₁     ρout-ρin   Magnet  α      Diag
---   ---------------   ---------   --------   ------  -----  ----
  1   -326.7919419117         NaN   7.30e+00    3.000    NaN   2.0 
┌ Debug: Iteration 2 linesearch step 1   α=0.8 diagtol=0.0002
└ @ DFTK /scratch/herbst/.julia/packages/DFTK/C0bc2/src/scf/potential_mixing.jl:304
  2   -340.4553403347   -1.37e+01   6.73e+00    1.222   0.80  23.7 
┌ Debug: Iteration 3 linesearch step 1   α=0.8 diagtol=0.0002
└ @ DFTK /scratch/herbst/.julia/packages/DFTK/C0bc2/src/scf/potential_mixing.jl:304
  3   -367.1253968350   -2.67e+01   2.90e+00    0.926   0.80  19.3 
┌ Debug: Iteration 4 linesearch step 1   α=0.8 diagtol=0.0002
└ @ DFTK /scratch/herbst/.julia/packages/DFTK/C0bc2/src/scf/potential_mixing.jl:304
  4   -370.5603631772   -3.43e+00   7.53e-01    2.283   0.80  19.6 
┌ Debug: Iteration 5 linesearch step 1   α=0.8 diagtol=0.0002
└ @ DFTK /scratch/herbst/.julia/packages/DFTK/C0bc2/src/scf/potential_mixing.jl:304
  5   -368.6462785029    1.91e+00   9.76e-01    1.341   0.80  19.4 
┌ Debug: Iteration 6 linesearch step 1   α=0.8 diagtol=0.0002
└ @ DFTK /scratch/herbst/.julia/packages/DFTK/C0bc2/src/scf/potential_mixing.jl:304
  6   -369.6916381754   -1.05e+00   1.15e+00    1.874   0.80  19.5 
┌ Debug: Iteration 7 linesearch step 1   α=0.8 diagtol=0.0002
└ @ DFTK /scratch/herbst/.julia/packages/DFTK/C0bc2/src/scf/potential_mixing.jl:304
  7   -362.8012439797    6.89e+00   1.77e+00    1.006   0.80  19.3 
┌ Debug: Iteration 8 linesearch step 1   α=0.8 diagtol=0.0002
└ @ DFTK /scratch/herbst/.julia/packages/DFTK/C0bc2/src/scf/potential_mixing.jl:304
  8   -361.7583071534    1.04e+00   8.04e-02    0.895   0.80  19.3 
┌ Debug: Iteration 9 linesearch step 1   α=0.8 diagtol=0.0002
└ @ DFTK /scratch/herbst/.julia/packages/DFTK/C0bc2/src/scf/potential_mixing.jl:304
  9   -367.2800317792   -5.52e+00   4.70e-01    1.749   0.80  19.2 
┌ Debug: Iteration 10 linesearch step 1   α=0.8 diagtol=0.0002
└ @ DFTK /scratch/herbst/.julia/packages/DFTK/C0bc2/src/scf/potential_mixing.jl:304
 10   -368.4282393433   -1.15e+00   1.46e-01    2.268   0.80  19.3 
┌ Debug: Iteration 11 linesearch step 1   α=0.8 diagtol=0.0002
└ @ DFTK /scratch/herbst/.julia/packages/DFTK/C0bc2/src/scf/potential_mixing.jl:304
 11   -371.4869561504   -3.06e+00   6.51e-01    3.093   0.80  19.4 
┌ Debug: Iteration 12 linesearch step 1   α=0.8 diagtol=0.0002
└ @ DFTK /scratch/herbst/.julia/packages/DFTK/C0bc2/src/scf/potential_mixing.jl:304
 12   -371.6718136769   -1.85e-01   1.57e-01    3.008   0.80  19.3 
┌ Debug: Iteration 13 linesearch step 1   α=0.8 diagtol=0.0002
└ @ DFTK /scratch/herbst/.julia/packages/DFTK/C0bc2/src/scf/potential_mixing.jl:304
 13   -371.6171140371    5.47e-02   1.16e-01    2.988   0.80  19.3 
┌ Debug: Iteration 14 linesearch step 1   α=0.8 diagtol=0.0002
└ @ DFTK /scratch/herbst/.julia/packages/DFTK/C0bc2/src/scf/potential_mixing.jl:304
 14   -371.5942737831    2.28e-02   2.93e-02    2.975   0.80  19.3 
┌ Debug: Iteration 15 linesearch step 1   α=0.8 diagtol=0.0002
└ @ DFTK /scratch/herbst/.julia/packages/DFTK/C0bc2/src/scf/potential_mixing.jl:304
 15   -371.6411311388   -4.69e-02   4.96e-02    2.979   0.80  19.3 
┌ Debug: Iteration 16 linesearch step 1   α=0.8 diagtol=0.0002
└ @ DFTK /scratch/herbst/.julia/packages/DFTK/C0bc2/src/scf/potential_mixing.jl:304
 16   -371.6566492791   -1.55e-02   1.87e-02    2.992   0.80  19.3 
┌ Debug: Iteration 17 linesearch step 1   α=0.8 diagtol=0.00018666619021084872
└ @ DFTK /scratch/herbst/.julia/packages/DFTK/C0bc2/src/scf/potential_mixing.jl:304
 17   -371.6849303995   -2.83e-02   4.74e-02    3.010   0.80  19.5 
┌ Debug: Iteration 18 linesearch step 1   α=0.8 diagtol=0.00018666619021084872
└ @ DFTK /scratch/herbst/.julia/packages/DFTK/C0bc2/src/scf/potential_mixing.jl:304
 18   -371.6976703931   -1.27e-02   5.34e-02    3.018   0.80  19.5 
┌ Debug: Iteration 19 linesearch step 1   α=0.8 diagtol=0.00018666619021084872
└ @ DFTK /scratch/herbst/.julia/packages/DFTK/C0bc2/src/scf/potential_mixing.jl:304
 19   -371.6987904045   -1.12e-03   2.18e-02    3.023   0.80  19.5 
┌ Debug: Iteration 20 linesearch step 1   α=0.8 diagtol=0.00018666619021084872
└ @ DFTK /scratch/herbst/.julia/packages/DFTK/C0bc2/src/scf/potential_mixing.jl:304
 20   -371.6991017866   -3.11e-04   1.83e-02    3.022   0.80  19.5 
┌ Debug: Iteration 21 linesearch step 1   α=0.8 diagtol=0.0001828043248364654
└ @ DFTK /scratch/herbst/.julia/packages/DFTK/C0bc2/src/scf/potential_mixing.jl:304
 21   -371.6991613830   -5.96e-05   1.38e-02    3.019   0.80  19.5 
┌ Debug: Iteration 22 linesearch step 1   α=0.8 diagtol=0.00013800291969803756
└ @ DFTK /scratch/herbst/.julia/packages/DFTK/C0bc2/src/scf/potential_mixing.jl:304
 22   -371.6991677824   -6.40e-06   1.69e-03    3.019   0.80  20.2 
┌ Debug: Iteration 23 linesearch step 1   α=0.8 diagtol=1.685168045731406e-5
└ @ DFTK /scratch/herbst/.julia/packages/DFTK/C0bc2/src/scf/potential_mixing.jl:304
 23   -371.6991697172   -1.93e-06   3.39e-03    3.018   0.80  24.6 
┌ Debug: Iteration 24 linesearch step 1   α=0.8 diagtol=1.685168045731406e-5
└ @ DFTK /scratch/herbst/.julia/packages/DFTK/C0bc2/src/scf/potential_mixing.jl:304
 24   -371.6991699328   -2.16e-07   1.20e-03    3.018   0.80  24.6 
┌ Debug: Iteration 25 linesearch step 1   α=0.8 diagtol=1.2039526137398058e-5
└ @ DFTK /scratch/herbst/.julia/packages/DFTK/C0bc2/src/scf/potential_mixing.jl:304
 25   -371.6991700486   -1.16e-07   6.75e-04    3.018   0.80  25.3 
┌ Debug: Iteration 26 linesearch step 1   α=0.8 diagtol=6.745557699870204e-6
└ @ DFTK /scratch/herbst/.julia/packages/DFTK/C0bc2/src/scf/potential_mixing.jl:304
 26   -371.6991700690   -2.04e-08   2.93e-04    3.018   0.80  26.7 
┌ Debug: Iteration 27 linesearch step 1   α=0.8 diagtol=2.9276982053509644e-6
└ @ DFTK /scratch/herbst/.julia/packages/DFTK/C0bc2/src/scf/potential_mixing.jl:304
 27   -371.6991700709   -1.93e-09   7.78e-05    3.018   0.80  28.5 
┌ Debug: Iteration 28 linesearch step 1   α=0.8 diagtol=7.784910054970763e-7
└ @ DFTK /scratch/herbst/.julia/packages/DFTK/C0bc2/src/scf/potential_mixing.jl:304
 28   -371.6991700718   -8.48e-10   4.08e-05    3.018   0.80  31.7 
┌ Debug: Iteration 29 linesearch step 1   α=0.8 diagtol=4.079325507898622e-7
└ @ DFTK /scratch/herbst/.julia/packages/DFTK/C0bc2/src/scf/potential_mixing.jl:304
 29   -371.6991700718   -2.77e-11   1.31e-05    3.018   0.80  33.3 
┌ Debug: Iteration 30 linesearch step 1   α=0.8 diagtol=1.311472181066726e-7
└ @ DFTK /scratch/herbst/.julia/packages/DFTK/C0bc2/src/scf/potential_mixing.jl:304
 30   -371.6991700718    4.78e-11   3.82e-06    3.018   0.80  35.8 
┌ Debug: Iteration 31 linesearch step 1   α=0.8 diagtol=3.8194686329430646e-8
└ @ DFTK /scratch/herbst/.julia/packages/DFTK/C0bc2/src/scf/potential_mixing.jl:304
 31   -371.6991700718   -5.13e-11   3.35e-07    3.018   0.80  38.9 
┌ Debug: Iteration 32 linesearch step 1   α=0.8 diagtol=3.3533492727242793e-9
└ @ DFTK /scratch/herbst/.julia/packages/DFTK/C0bc2/src/scf/potential_mixing.jl:304
 32   -371.6991700718   -2.84e-13   1.01e-06    3.018   0.80  44.6 

Energy breakdown:
    Kinetic             186.9360868
    AtomicLocal         -350.7435523
    AtomicNonlocal      -52.9489159
    Ewald               -237.4603342
    PspCorrection       8.8180340 
    Hartree             113.4097513
    Xc                  -39.7055342
    Entropy             -0.0047056

    total               -371.699170071818

 ──────────────────────────────────────────────────────────────────────────────
                                       Time                   Allocations      
                               ──────────────────────   ───────────────────────
       Tot / % measured:            5444s / 100%             271GiB / 100%     

 Section               ncalls     time   %tot     avg     alloc   %tot      avg
 ──────────────────────────────────────────────────────────────────────────────
 scf_potential_mixing       1    5444s   100%   5444s    271GiB  100%    271GiB
   LOBPCG                 576    5156s  94.7%   8.95s    257GiB  95.0%   457MiB
     Hamiltonian mu...  17.4k    2276s  41.8%   131ms   50.2GiB  18.5%  2.96MiB
       kinetic+local    17.4k    2066s  38.0%   119ms   1.05GiB  0.39%  63.7KiB
       nonlocal         17.4k     199s  3.66%  11.5ms   32.9GiB  12.2%  1.94MiB
     rayleigh_ritz      16.8k     685s  12.6%  40.8ms   11.2GiB  4.13%   698KiB
     ortho!             72.3k     294s  5.40%  4.06ms   9.46GiB  3.50%   137KiB
   compute_density         32     203s  3.73%   6.34s   3.21GiB  1.19%   103MiB
   energy_hamiltonian      33    22.2s  0.41%   672ms   6.67GiB  2.46%   207MiB
     ene_ops               33    21.1s  0.39%   641ms   5.50GiB  2.03%   171MiB
       ene_ops: xc         33    11.2s  0.21%   339ms   5.01GiB  1.85%   156MiB
       ene_ops: non...     33    7.76s  0.14%   235ms    102MiB  0.04%  3.09MiB
       ene_ops: kin...     33    959ms  0.02%  29.0ms   9.50MiB  0.00%   295KiB
       ene_ops: har...     33    359ms  0.01%  10.9ms    315MiB  0.11%  9.55MiB
       ene_ops: local      33   58.5ms  0.00%  1.77ms   64.0MiB  0.02%  1.94MiB
   KerkerMixing            32    699ms  0.01%  21.9ms    794MiB  0.29%  24.8MiB
   QR orthonormaliz...    576    653μs  0.00%  1.13μs     0.00B  0.00%    0.00B
 ──────────────────────────────────────────────────────────────────────────────
