#
#-- SCF CoFeMnGa -- case=adaptive
#
    keywords: (damping = DFTK.AdaptiveDamping(0.05, 1.0, 0.8, 0.2, 1.1, 0.1),)

hostname        = braukessel.mathcces.rwth-aachen.de

started on      = 2021-07-06T07:52:10.511
julia threads   = 1
BLAS threads    = 1
MPI procs       = 16

temperature     = 0.01
smearing        = DFTK.Smearing.Gaussian()
lattice         = [0.0 5.491 5.491; 5.491 0.0 5.491; 5.491 5.491 0.0]
Ecut            = 45.0
fft_size        = (50, 50, 50)
kgrid           = [13, 13, 13]
kshift          = [0.0, 0.0, 0.0]
n_irreducible_k = 280
n_bands         = 62
n_electr        = 51
type            = potmix
mixing          = KerkerMixing(0.8, 0.0)
damping         = DFTK.AdaptiveDamping(0.05, 1.0, 0.8, 0.2, 1.1, 0.1)
n     Free energy       Eₙ-Eₙ₋₁     ρout-ρin   Magnet   α      Diag
---   ---------------   ---------   --------   ------   ----   ----
  1   -326.7919419117         NaN   7.30e+00    3.000    NaN    2.0
┌ Debug: Iteration 2 linesearch step 1   α=0.8 diagtol=0.0002
└ @ DFTK /scratch/herbst/.julia/packages/DFTK/wsJoZ/src/scf/potential_mixing.jl:293
┌ Debug: Step accepted
│   energy_change = -13.663398063721615
│   relative_residual = 0.8881652734057776
└ @ DFTK /scratch/herbst/.julia/packages/DFTK/wsJoZ/src/scf/potential_mixing.jl:86
┌ Debug: Quadratic model discarded
│   model_relerror = 7.732453232387103
│   slope = -228.63417604106718
│   curv = 198.72611326848812
│   α_model = 1.1504989066644296
└ @ DFTK /scratch/herbst/.julia/packages/DFTK/wsJoZ/src/scf/potential_mixing.jl:142
  2   -340.4553399755   -1.37e+01   6.73e+00    1.222   0.80   23.7
┌ Debug: Iteration 3 linesearch step 1   α=0.8 diagtol=0.0002
└ @ DFTK /scratch/herbst/.julia/packages/DFTK/wsJoZ/src/scf/potential_mixing.jl:293
┌ Debug: Step accepted
│   energy_change = -26.67005679867634
│   relative_residual = 0.38164797223687463
└ @ DFTK /scratch/herbst/.julia/packages/DFTK/wsJoZ/src/scf/potential_mixing.jl:86
┌ Debug: Quadratic model discarded
│   model_relerror = 0.11833919547871366
│   slope = -90.55728328611285
│   curv = 133.18642739152187
│   α_model = 0.6799287664643625
└ @ DFTK /scratch/herbst/.julia/packages/DFTK/wsJoZ/src/scf/potential_mixing.jl:142
  3   -367.1253967741   -2.67e+01   2.90e+00    0.926   0.80   19.3
┌ Debug: Iteration 4 linesearch step 1   α=0.8 diagtol=0.0002
└ @ DFTK /scratch/herbst/.julia/packages/DFTK/wsJoZ/src/scf/potential_mixing.jl:293
┌ Debug: Step accepted
│   energy_change = -3.4349662259471074
│   relative_residual = 0.5109859577139986
└ @ DFTK /scratch/herbst/.julia/packages/DFTK/wsJoZ/src/scf/potential_mixing.jl:86
┌ Debug: Quadratic model accepted
│   model_relerror = 0.01582051943615184
│   slope = -7.940444575032696
│   curv = 8.947020262934164
│   α_model = 0.8874959865608528
└ @ DFTK /scratch/herbst/.julia/packages/DFTK/wsJoZ/src/scf/potential_mixing.jl:139
  4   -370.5603630001   -3.43e+00   7.53e-01    2.283   0.80   19.7
┌ Debug: Iteration 5 linesearch step 1   α=0.9762455852169382 diagtol=0.0002
└ @ DFTK /scratch/herbst/.julia/packages/DFTK/wsJoZ/src/scf/potential_mixing.jl:293
┌ Debug: Step discarded
│   energy_change = 2.850933504858915
│   relative_residual = 1.738854402297253
└ @ DFTK /scratch/herbst/.julia/packages/DFTK/wsJoZ/src/scf/potential_mixing.jl:86
┌ Debug: Quadratic model accepted
│   model_relerror = 0.024673456215435426
│   slope = -4.599149973195609
│   curv = 15.552454586055815
│   α_model = 0.2957185920555051
└ @ DFTK /scratch/herbst/.julia/packages/DFTK/wsJoZ/src/scf/potential_mixing.jl:139
┌ Debug: Iteration 5 linesearch step 2   α=0.2957185920555051 diagtol=0.0002
└ @ DFTK /scratch/herbst/.julia/packages/DFTK/wsJoZ/src/scf/potential_mixing.jl:293
┌ Debug: Step accepted
│   energy_change = -0.44926137736831606
│   relative_residual = 0.8014003495031554
└ @ DFTK /scratch/herbst/.julia/packages/DFTK/wsJoZ/src/scf/potential_mixing.jl:86
  5   -371.0096243775   -4.49e-01   4.57e-01    2.436   0.30   39.2
┌ Debug: Iteration 6 linesearch step 1   α=0.2957185920555051 diagtol=0.0002
└ @ DFTK /scratch/herbst/.julia/packages/DFTK/wsJoZ/src/scf/potential_mixing.jl:293
┌ Debug: Step discarded
│   energy_change = 1.3550712451270783
│   relative_residual = 1.5694671511312008
└ @ DFTK /scratch/herbst/.julia/packages/DFTK/wsJoZ/src/scf/potential_mixing.jl:86
┌ Debug: Quadratic model accepted
│   model_relerror = 0.000715953942406481
│   slope = -4.156767984306174
│   curv = 59.08175747505318
│   α_model = 0.07035620066077651
└ @ DFTK /scratch/herbst/.julia/packages/DFTK/wsJoZ/src/scf/potential_mixing.jl:139
┌ Debug: Iteration 6 linesearch step 2   α=0.07035620066077651 diagtol=0.0002
└ @ DFTK /scratch/herbst/.julia/packages/DFTK/wsJoZ/src/scf/potential_mixing.jl:293
┌ Debug: Step accepted
│   energy_change = -0.15131644203546557
│   relative_residual = 0.910112067604221
└ @ DFTK /scratch/herbst/.julia/packages/DFTK/wsJoZ/src/scf/potential_mixing.jl:86
  6   -371.1609408195   -1.51e-01   1.67e-01    2.689   0.07   39.0
┌ Debug: Iteration 7 linesearch step 1   α=0.2 diagtol=0.0002
└ @ DFTK /scratch/herbst/.julia/packages/DFTK/wsJoZ/src/scf/potential_mixing.jl:293
┌ Debug: Step accepted
│   energy_change = -0.2846949437407602
│   relative_residual = 0.6594680440492949
└ @ DFTK /scratch/herbst/.julia/packages/DFTK/wsJoZ/src/scf/potential_mixing.jl:86
┌ Debug: Quadratic model accepted
│   model_relerror = 0.009177056089818331
│   slope = -7.19881012514555
│   curv = 57.62272099105662
│   α_model = 0.1249300623318855
└ @ DFTK /scratch/herbst/.julia/packages/DFTK/wsJoZ/src/scf/potential_mixing.jl:139
  7   -371.4456357632   -2.85e-01   4.88e-01    4.186   0.20   19.4
┌ Debug: Iteration 8 linesearch step 1   α=0.2 diagtol=0.0002
└ @ DFTK /scratch/herbst/.julia/packages/DFTK/wsJoZ/src/scf/potential_mixing.jl:293
┌ Debug: Step accepted
│   energy_change = -0.20123188249812074
│   relative_residual = 0.5291677328094472
└ @ DFTK /scratch/herbst/.julia/packages/DFTK/wsJoZ/src/scf/potential_mixing.jl:86
┌ Debug: Quadratic model accepted
│   model_relerror = 0.004515345863922962
│   slope = -3.2814361180875213
│   curv = 22.70733547855281
│   α_model = 0.14450995895959937
└ @ DFTK /scratch/herbst/.julia/packages/DFTK/wsJoZ/src/scf/potential_mixing.jl:139
  8   -371.6468676457   -2.01e-01   3.07e-01    3.773   0.20   19.4
┌ Debug: Iteration 9 linesearch step 1   α=0.2 diagtol=0.0002
└ @ DFTK /scratch/herbst/.julia/packages/DFTK/wsJoZ/src/scf/potential_mixing.jl:293
┌ Debug: Step discarded
│   energy_change = 6.8262933922024445
│   relative_residual = 8.738442415440721
└ @ DFTK /scratch/herbst/.julia/packages/DFTK/wsJoZ/src/scf/potential_mixing.jl:86
┌ Debug: Quadratic model accepted
│   model_relerror = 0.002917409211364748
│   slope = -3.9959002407368787
│   curv = 382.26942657858484
│   α_model = 0.010453099209375101
└ @ DFTK /scratch/herbst/.julia/packages/DFTK/wsJoZ/src/scf/potential_mixing.jl:139
┌ Debug: Iteration 9 linesearch step 2   α=0.05 diagtol=0.0002
└ @ DFTK /scratch/herbst/.julia/packages/DFTK/wsJoZ/src/scf/potential_mixing.jl:293
┌ Debug: Step discarded
│   energy_change = 0.32483232665407513
│   relative_residual = 2.104316944309499
└ @ DFTK /scratch/herbst/.julia/packages/DFTK/wsJoZ/src/scf/potential_mixing.jl:86
  9   -371.3220353191    3.25e-01   3.10e-01    3.997   0.05   39.2
┌ Debug: Iteration 10 linesearch step 1   α=0.2 diagtol=0.0002
└ @ DFTK /scratch/herbst/.julia/packages/DFTK/wsJoZ/src/scf/potential_mixing.jl:293
┌ Debug: Step discarded
│   energy_change = 1.8275480064170324
│   relative_residual = 2.3538100907506676
└ @ DFTK /scratch/herbst/.julia/packages/DFTK/wsJoZ/src/scf/potential_mixing.jl:86
┌ Debug: Quadratic model accepted
│   model_relerror = 0.0007526595338759014
│   slope = 5.21708346972092
│   curv = 39.275341695174454
│   α_model = -0.1328335603089588
└ @ DFTK /scratch/herbst/.julia/packages/DFTK/wsJoZ/src/scf/potential_mixing.jl:139
┌ Debug: Iteration 10 linesearch step 2   α=-0.1328335603089588 diagtol=0.0002
└ @ DFTK /scratch/herbst/.julia/packages/DFTK/wsJoZ/src/scf/potential_mixing.jl:293
┌ Debug: Step accepted
│   energy_change = -0.35203105944850677
│   relative_residual = 0.47274703852032823
└ @ DFTK /scratch/herbst/.julia/packages/DFTK/wsJoZ/src/scf/potential_mixing.jl:86
 10   -371.6740663785   -3.52e-01   2.70e-01    4.143  -0.13   38.7
┌ Debug: Iteration 11 linesearch step 1   α=0.2 diagtol=0.0002
└ @ DFTK /scratch/herbst/.julia/packages/DFTK/wsJoZ/src/scf/potential_mixing.jl:293
┌ Debug: Step discarded
│   energy_change = 0.3560769962583663
│   relative_residual = 2.0563316534558425
└ @ DFTK /scratch/herbst/.julia/packages/DFTK/wsJoZ/src/scf/potential_mixing.jl:86
┌ Debug: Quadratic model accepted
│   model_relerror = 0.0005874892389566809
│   slope = -0.306881200934404
│   curv = 20.862202252085154
│   α_model = 0.01470991399787295
└ @ DFTK /scratch/herbst/.julia/packages/DFTK/wsJoZ/src/scf/potential_mixing.jl:139
┌ Debug: Iteration 11 linesearch step 2   α=0.05 diagtol=0.0002
└ @ DFTK /scratch/herbst/.julia/packages/DFTK/wsJoZ/src/scf/potential_mixing.jl:293
┌ Debug: Step accepted
│   energy_change = 0.007238466799890375
│   relative_residual = 0.8670035652906605
└ @ DFTK /scratch/herbst/.julia/packages/DFTK/wsJoZ/src/scf/potential_mixing.jl:86
 11   -371.6668279117    7.24e-03   7.07e-02    3.932   0.05   38.7
┌ Debug: Iteration 12 linesearch step 1   α=0.2 diagtol=0.0002
└ @ DFTK /scratch/herbst/.julia/packages/DFTK/wsJoZ/src/scf/potential_mixing.jl:293
┌ Debug: Step discarded
│   energy_change = 0.04352250429980131
│   relative_residual = 1.0434284824840256
└ @ DFTK /scratch/herbst/.julia/packages/DFTK/wsJoZ/src/scf/potential_mixing.jl:86
┌ Debug: Quadratic model accepted
│   model_relerror = 0.0073608837601813835
│   slope = -0.14184334216889222
│   curv = 3.610576841434439
│   α_model = 0.03928550710820478
└ @ DFTK /scratch/herbst/.julia/packages/DFTK/wsJoZ/src/scf/potential_mixing.jl:139
┌ Debug: Iteration 12 linesearch step 2   α=0.05 diagtol=0.0002
└ @ DFTK /scratch/herbst/.julia/packages/DFTK/wsJoZ/src/scf/potential_mixing.jl:293
┌ Debug: Step accepted
│   energy_change = -0.003198527461222511
│   relative_residual = 0.848831068789933
└ @ DFTK /scratch/herbst/.julia/packages/DFTK/wsJoZ/src/scf/potential_mixing.jl:86
 12   -371.6700264392   -3.20e-03   4.34e-02    3.710   0.05   38.7
┌ Debug: Iteration 13 linesearch step 1   α=0.2 diagtol=0.0002
└ @ DFTK /scratch/herbst/.julia/packages/DFTK/wsJoZ/src/scf/potential_mixing.jl:293
┌ Debug: Step accepted
│   energy_change = -0.02837084671887169
│   relative_residual = 0.06309781082914413
└ @ DFTK /scratch/herbst/.julia/packages/DFTK/wsJoZ/src/scf/potential_mixing.jl:86
┌ Debug: Quadratic model accepted
│   model_relerror = 0.02410184840073605
│   slope = -0.2590508584792983
│   curv = 1.2061557411802426
│   α_model = 0.21477397125002526
└ @ DFTK /scratch/herbst/.julia/packages/DFTK/wsJoZ/src/scf/potential_mixing.jl:139
 13   -371.6983972859   -2.84e-02   1.21e-01    3.053   0.20   19.4
┌ Debug: Iteration 14 linesearch step 1   α=0.2362513683750278 diagtol=0.0002
└ @ DFTK /scratch/herbst/.julia/packages/DFTK/wsJoZ/src/scf/potential_mixing.jl:293
┌ Debug: Step accepted
│   energy_change = -0.00021640462500727153
│   relative_residual = 0.45917433464320495
└ @ DFTK /scratch/herbst/.julia/packages/DFTK/wsJoZ/src/scf/potential_mixing.jl:86
┌ Debug: Quadratic model accepted
│   model_relerror = 2.7126654767180288e-5
│   slope = -0.0014540049665356808
│   curv = 0.0045543610187853524
│   α_model = 0.3192555356368002
└ @ DFTK /scratch/herbst/.julia/packages/DFTK/wsJoZ/src/scf/potential_mixing.jl:139
 14   -371.6986136905   -2.16e-04   8.29e-03    3.046   0.24   19.4
┌ Debug: Iteration 15 linesearch step 1   α=0.35118108920048025 diagtol=8.294336372958854e-5
└ @ DFTK /scratch/herbst/.julia/packages/DFTK/wsJoZ/src/scf/potential_mixing.jl:293
┌ Debug: Step accepted
│   energy_change = -0.0001432166228596543
│   relative_residual = 1.2450311273181585
└ @ DFTK /scratch/herbst/.julia/packages/DFTK/wsJoZ/src/scf/potential_mixing.jl:86
┌ Debug: Quadratic model accepted
│   model_relerror = 0.0016505940749263477
│   slope = -0.000539771716695438
│   curv = 0.0007553407108217404
│   α_model = 0.7146069435450084
└ @ DFTK /scratch/herbst/.julia/packages/DFTK/wsJoZ/src/scf/potential_mixing.jl:139
 15   -371.6987569072   -1.43e-04   1.98e-02    3.038   0.35   21.3
┌ Debug: Iteration 16 linesearch step 1   α=0.7860676378995093 diagtol=8.294336372958854e-5
└ @ DFTK /scratch/herbst/.julia/packages/DFTK/wsJoZ/src/scf/potential_mixing.jl:293
┌ Debug: Step accepted
│   energy_change = -0.00012222861118971196
│   relative_residual = 1.2839515283316092
└ @ DFTK /scratch/herbst/.julia/packages/DFTK/wsJoZ/src/scf/potential_mixing.jl:86
┌ Debug: Quadratic model accepted
│   model_relerror = 0.006762814604971457
│   slope = -0.0005335432516939197
│   curv = 0.0009645507605438072
│   α_model = 0.5531520719480969
└ @ DFTK /scratch/herbst/.julia/packages/DFTK/wsJoZ/src/scf/potential_mixing.jl:139
 16   -371.6988791358   -1.22e-04   2.50e-02    3.030   0.79   21.4
┌ Debug: Iteration 17 linesearch step 1   α=0.7860676378995093 diagtol=8.294336372958854e-5
└ @ DFTK /scratch/herbst/.julia/packages/DFTK/wsJoZ/src/scf/potential_mixing.jl:293
┌ Debug: Step accepted
│   energy_change = -0.00011537819614204636
│   relative_residual = 1.0966171842343029
└ @ DFTK /scratch/herbst/.julia/packages/DFTK/wsJoZ/src/scf/potential_mixing.jl:86
┌ Debug: Quadratic model accepted
│   model_relerror = 0.007405109621985788
│   slope = -0.0002167434473619404
│   curv = 0.0001807767957612692
│   α_model = 1.198956129569683
└ @ DFTK /scratch/herbst/.julia/packages/DFTK/wsJoZ/src/scf/potential_mixing.jl:139
 17   -371.6989945140   -1.15e-04   2.95e-02    3.024   0.79   21.3
┌ Debug: Iteration 18 linesearch step 1   α=1.0 diagtol=8.294336372958854e-5
└ @ DFTK /scratch/herbst/.julia/packages/DFTK/wsJoZ/src/scf/potential_mixing.jl:293
┌ Debug: Step accepted
│   energy_change = -0.00010066664020769167
│   relative_residual = 0.6713513382066153
└ @ DFTK /scratch/herbst/.julia/packages/DFTK/wsJoZ/src/scf/potential_mixing.jl:86
 18   -371.6990951806   -1.01e-04   1.29e-02    3.022   1.00   21.4
┌ Debug: Iteration 19 linesearch step 1   α=1.0 diagtol=8.294336372958854e-5
└ @ DFTK /scratch/herbst/.julia/packages/DFTK/wsJoZ/src/scf/potential_mixing.jl:293
┌ Debug: Step accepted
│   energy_change = -6.478902429307709e-5
│   relative_residual = 0.38444356447672384
└ @ DFTK /scratch/herbst/.julia/packages/DFTK/wsJoZ/src/scf/potential_mixing.jl:86
 19   -371.6991599696   -6.48e-05   1.36e-02    3.019   1.00   21.4
┌ Debug: Iteration 20 linesearch step 1   α=1.0 diagtol=8.294336372958854e-5
└ @ DFTK /scratch/herbst/.julia/packages/DFTK/wsJoZ/src/scf/potential_mixing.jl:293
┌ Debug: Step accepted
│   energy_change = -9.64254888913274e-6
│   relative_residual = 0.21423682039882758
└ @ DFTK /scratch/herbst/.julia/packages/DFTK/wsJoZ/src/scf/potential_mixing.jl:86
 20   -371.6991696122   -9.64e-06   4.83e-03    3.018   1.00   21.3
┌ Debug: Iteration 21 linesearch step 1   α=1.0 diagtol=4.827008375610051e-5
└ @ DFTK /scratch/herbst/.julia/packages/DFTK/wsJoZ/src/scf/potential_mixing.jl:293
┌ Debug: Step accepted
│   energy_change = -4.436396352502925e-7
│   relative_residual = 0.1800021110339971
└ @ DFTK /scratch/herbst/.julia/packages/DFTK/wsJoZ/src/scf/potential_mixing.jl:86
 21   -371.6991700558   -4.44e-07   1.02e-03    3.018   1.00   22.4
┌ Debug: Iteration 22 linesearch step 1   α=1.0 diagtol=1.0238512288645797e-5
└ @ DFTK /scratch/herbst/.julia/packages/DFTK/wsJoZ/src/scf/potential_mixing.jl:293
┌ Debug: Step accepted
│   energy_change = -1.2165230600658106e-8
│   relative_residual = 0.4998778693202801
└ @ DFTK /scratch/herbst/.julia/packages/DFTK/wsJoZ/src/scf/potential_mixing.jl:86
 22   -371.6991700680   -1.22e-08   9.31e-05    3.018   1.00   25.8
┌ Debug: Iteration 23 linesearch step 1   α=1.0 diagtol=9.306805195866477e-7
└ @ DFTK /scratch/herbst/.julia/packages/DFTK/wsJoZ/src/scf/potential_mixing.jl:293
┌ Debug: Step accepted
│   energy_change = -3.6455958252190612e-9
│   relative_residual = 0.1187486596589301
└ @ DFTK /scratch/herbst/.julia/packages/DFTK/wsJoZ/src/scf/potential_mixing.jl:86
 23   -371.6991700716   -3.65e-09   5.04e-05    3.018   1.00   31.2
┌ Debug: Iteration 24 linesearch step 1   α=1.0 diagtol=5.040767695570284e-7
└ @ DFTK /scratch/herbst/.julia/packages/DFTK/wsJoZ/src/scf/potential_mixing.jl:293
┌ Debug: Step accepted
│   energy_change = -9.544010026729666e-11
│   relative_residual = 1.185162596391784
└ @ DFTK /scratch/herbst/.julia/packages/DFTK/wsJoZ/src/scf/potential_mixing.jl:86
 24   -371.6991700717   -9.54e-11   2.78e-05    3.018   1.00   32.8
┌ Debug: Iteration 25 linesearch step 1   α=1.0 diagtol=2.7788389346404286e-7
└ @ DFTK /scratch/herbst/.julia/packages/DFTK/wsJoZ/src/scf/potential_mixing.jl:293
┌ Debug: Step accepted
│   energy_change = -8.50945980346296e-11
│   relative_residual = 0.2616739035789715
└ @ DFTK /scratch/herbst/.julia/packages/DFTK/wsJoZ/src/scf/potential_mixing.jl:86
 25   -371.6991700718   -8.51e-11   1.24e-05    3.018   1.00   34.2
┌ Debug: Iteration 26 linesearch step 1   α=1.0 diagtol=1.2413071267014788e-7
└ @ DFTK /scratch/herbst/.julia/packages/DFTK/wsJoZ/src/scf/potential_mixing.jl:293
┌ Debug: Step accepted
│   energy_change = -5.7411853049416095e-12
│   relative_residual = 0.16930660700158184
└ @ DFTK /scratch/herbst/.julia/packages/DFTK/wsJoZ/src/scf/potential_mixing.jl:86
 26   -371.6991700718   -5.74e-12   3.57e-06    3.018   1.00   36.0

Energy breakdown:
    Kinetic             186.9360858
    AtomicLocal         -350.7435515
    AtomicNonlocal      -52.9489156
    Ewald               -237.4603342
    PspCorrection       8.8180340 
    Hartree             113.4097511
    Xc                  -39.7055339
    Entropy             -0.0047056

    total               -371.699170071817

 ──────────────────────────────────────────────────────────────────────────────
                                       Time                   Allocations      
                               ──────────────────────   ───────────────────────
       Tot / % measured:            5274s / 100%             270GiB / 100%     

 Section               ncalls     time   %tot     avg     alloc   %tot      avg
 ──────────────────────────────────────────────────────────────────────────────
 scf_potential_mixing       1    5265s   100%   5265s    269GiB  100%    269GiB
   LOBPCG                 576    4939s  93.8%   8.57s    248GiB  92.3%   441MiB
     Hamiltonian mu...  17.1k    2211s  42.0%   130ms   48.6GiB  18.1%  2.92MiB
       kinetic+local    17.1k    2007s  38.1%   118ms   1.13GiB  0.42%  69.5KiB
       nonlocal         17.1k     193s  3.66%  11.3ms   31.5GiB  11.7%  1.89MiB
     rayleigh_ritz      16.5k     640s  12.2%  38.9ms   10.4GiB  3.88%   664KiB
     ortho!             70.8k     276s  5.25%  3.90ms   8.86GiB  3.30%   131KiB
   compute_density         32     206s  3.92%   6.45s   3.37GiB  1.25%   108MiB
   energy_hamiltonian      33    38.5s  0.73%   1.17s   8.00GiB  2.97%   248MiB
     ene_ops               33    34.9s  0.66%   1.06s   6.65GiB  2.47%   206MiB
       ene_ops: xc         33    18.0s  0.34%   544ms   5.54GiB  2.06%   172MiB
       ene_ops: non...     33    8.72s  0.17%   264ms    134MiB  0.05%  4.07MiB
       ene_ops: kin...     33    1.42s  0.03%  43.1ms   43.5MiB  0.02%  1.32MiB
       ene_ops: har...     33    1.05s  0.02%  31.9ms    340MiB  0.12%  10.3MiB
       ene_ops: local      33    484ms  0.01%  14.7ms   84.8MiB  0.03%  2.57MiB
   apply_kernel            16    17.5s  0.33%   1.10s   4.49GiB  1.67%   287MiB
   KerkerMixing            32    1.94s  0.04%  60.5ms    911MiB  0.33%  28.5MiB
   QR orthonormaliz...    576    882μs  0.00%  1.53μs     0.00B  0.00%    0.00B
 ──────────────────────────────────────────────────────────────────────────────
┌ Debug: Library handles
│   libGR_handle[] = Ptr{Nothing} @0x000000002c9be3f0
│   libGR3_handle[] = Ptr{Nothing} @0x000000000c308780
│   libGRM_handle[] = Ptr{Nothing} @0x000000001b6a4b00
└ @ GR /scratch/herbst/.julia/packages/GR/4DHy8/src/funcptrs.jl:67
┌ Debug: Found GKS_ENCODING in ENV
│   text_encoding[] = 301
└ @ GR /scratch/herbst/.julia/packages/GR/4DHy8/src/GR.jl:468
