#
#-- SCF CoFeMnGa -- case=standard_05
#
    keywords: (damping = DFTK.FixedDamping(0.5),)

hostname        = braukessel.mathcces.rwth-aachen.de

started on      = 2021-07-02T13:38:13.698
julia threads   = 1
BLAS threads    = 1
MPI procs       = 16

temperature     = 0.01
smearing        = DFTK.Smearing.Gaussian()
lattice         = [0.0 5.491 5.491; 5.491 0.0 5.491; 5.491 5.491 0.0]
Ecut            = 45.0
fft_size        = (50, 50, 50)
kgrid           = [13, 13, 13]
kshift          = [0.0, 0.0, 0.0]
n_irreducible_k = 280
n_bands         = 62
n_electr        = 51
type            = potmix
mixing          = KerkerMixing(0.8, 0.0)
damping         = DFTK.FixedDamping(0.5)
n     Free energy       Eₙ-Eₙ₋₁     ρout-ρin   Magnet  α      Diag
---   ---------------   ---------   --------   ------  -----  ----
  1   -326.7919419117         NaN   7.30e+00    3.000    NaN   2.0 
┌ Debug: Iteration 2 linesearch step 1   α=0.5 diagtol=0.0002
└ @ DFTK /scratch/herbst/.julia/packages/DFTK/C0bc2/src/scf/potential_mixing.jl:304
  2   -363.1093758984   -3.63e+01   4.69e+00    2.749   0.50  20.0 
┌ Debug: Iteration 3 linesearch step 1   α=0.5 diagtol=0.0002
└ @ DFTK /scratch/herbst/.julia/packages/DFTK/C0bc2/src/scf/potential_mixing.jl:304
  3   -355.7349682930    7.37e+00   2.83e+00    2.290   0.50  19.4 
┌ Debug: Iteration 4 linesearch step 1   α=0.5 diagtol=0.0002
└ @ DFTK /scratch/herbst/.julia/packages/DFTK/C0bc2/src/scf/potential_mixing.jl:304
  4   -366.9050785666   -1.12e+01   1.93e+00    1.379   0.50  19.2 
┌ Debug: Iteration 5 linesearch step 1   α=0.5 diagtol=0.0002
└ @ DFTK /scratch/herbst/.julia/packages/DFTK/C0bc2/src/scf/potential_mixing.jl:304
  5   -369.5342486904   -2.63e+00   3.57e-01    2.600   0.50  19.1 
┌ Debug: Iteration 6 linesearch step 1   α=0.5 diagtol=0.0002
└ @ DFTK /scratch/herbst/.julia/packages/DFTK/C0bc2/src/scf/potential_mixing.jl:304
  6   -370.7038104718   -1.17e+00   9.95e-01    4.313   0.50  19.3 
┌ Debug: Iteration 7 linesearch step 1   α=0.5 diagtol=0.0002
└ @ DFTK /scratch/herbst/.julia/packages/DFTK/C0bc2/src/scf/potential_mixing.jl:304
  7   -368.9229855284    1.78e+00   9.75e-01    2.458   0.50  19.5 
┌ Debug: Iteration 8 linesearch step 1   α=0.5 diagtol=0.0002
└ @ DFTK /scratch/herbst/.julia/packages/DFTK/C0bc2/src/scf/potential_mixing.jl:304
  8   -370.5195338999   -1.60e+00   1.14e+00    3.032   0.50  19.4 
┌ Debug: Iteration 9 linesearch step 1   α=0.5 diagtol=0.0002
└ @ DFTK /scratch/herbst/.julia/packages/DFTK/C0bc2/src/scf/potential_mixing.jl:304
  9   -371.2456246950   -7.26e-01   7.50e-01    3.011   0.50  19.4 
┌ Debug: Iteration 10 linesearch step 1   α=0.5 diagtol=0.0002
└ @ DFTK /scratch/herbst/.julia/packages/DFTK/C0bc2/src/scf/potential_mixing.jl:304
 10   -371.6965896242   -4.51e-01   2.81e-01    3.092   0.50  19.3 
┌ Debug: Iteration 11 linesearch step 1   α=0.5 diagtol=0.0002
└ @ DFTK /scratch/herbst/.julia/packages/DFTK/C0bc2/src/scf/potential_mixing.jl:304
 11   -371.6945576748    2.03e-03   3.55e-02    3.098   0.50  19.4 
┌ Debug: Iteration 12 linesearch step 1   α=0.5 diagtol=0.0002
└ @ DFTK /scratch/herbst/.julia/packages/DFTK/C0bc2/src/scf/potential_mixing.jl:304
 12   -371.6975326901   -2.98e-03   3.16e-02    3.072   0.50  19.4 
┌ Debug: Iteration 13 linesearch step 1   α=0.5 diagtol=0.0002
└ @ DFTK /scratch/herbst/.julia/packages/DFTK/C0bc2/src/scf/potential_mixing.jl:304
 13   -371.6960716906    1.46e-03   4.41e-02    3.046   0.50  19.4 
┌ Debug: Iteration 14 linesearch step 1   α=0.5 diagtol=0.0002
└ @ DFTK /scratch/herbst/.julia/packages/DFTK/C0bc2/src/scf/potential_mixing.jl:304
 14   -371.6972581189   -1.19e-03   2.33e-02    3.036   0.50  19.4 
┌ Debug: Iteration 15 linesearch step 1   α=0.5 diagtol=0.0002
└ @ DFTK /scratch/herbst/.julia/packages/DFTK/C0bc2/src/scf/potential_mixing.jl:304
 15   -371.6990633543   -1.81e-03   4.30e-02    3.022   0.50  19.3 
┌ Debug: Iteration 16 linesearch step 1   α=0.5 diagtol=0.0002
└ @ DFTK /scratch/herbst/.julia/packages/DFTK/C0bc2/src/scf/potential_mixing.jl:304
 16   -371.6991448655   -8.15e-05   6.42e-03    3.021   0.50  19.4 
┌ Debug: Iteration 17 linesearch step 1   α=0.5 diagtol=6.424838575410716e-5
└ @ DFTK /scratch/herbst/.julia/packages/DFTK/C0bc2/src/scf/potential_mixing.jl:304
 17   -371.6991654165   -2.06e-05   1.66e-02    3.018   0.50  21.9 
┌ Debug: Iteration 18 linesearch step 1   α=0.5 diagtol=6.424838575410716e-5
└ @ DFTK /scratch/herbst/.julia/packages/DFTK/C0bc2/src/scf/potential_mixing.jl:304
 18   -371.6991696477   -4.23e-06   1.98e-03    3.018   0.50  21.9 
┌ Debug: Iteration 19 linesearch step 1   α=0.5 diagtol=1.98376725136513e-5
└ @ DFTK /scratch/herbst/.julia/packages/DFTK/C0bc2/src/scf/potential_mixing.jl:304
 19   -371.6991699875   -3.40e-07   1.44e-03    3.018   0.50  24.3 
┌ Debug: Iteration 20 linesearch step 1   α=0.5 diagtol=1.4386076465763242e-5
└ @ DFTK /scratch/herbst/.julia/packages/DFTK/C0bc2/src/scf/potential_mixing.jl:304
 20   -371.6991700506   -6.31e-08   3.24e-04    3.018   0.50  25.0 
┌ Debug: Iteration 21 linesearch step 1   α=0.5 diagtol=3.237461476886136e-6
└ @ DFTK /scratch/herbst/.julia/packages/DFTK/C0bc2/src/scf/potential_mixing.jl:304
 21   -371.6991700645   -1.39e-08   4.39e-04    3.018   0.50  28.4 
┌ Debug: Iteration 22 linesearch step 1   α=0.5 diagtol=3.237461476886136e-6
└ @ DFTK /scratch/herbst/.julia/packages/DFTK/C0bc2/src/scf/potential_mixing.jl:304
 22   -371.6991700707   -6.21e-09   1.08e-04    3.018   0.50  28.2 
┌ Debug: Iteration 23 linesearch step 1   α=0.5 diagtol=1.0757750433860784e-6
└ @ DFTK /scratch/herbst/.julia/packages/DFTK/C0bc2/src/scf/potential_mixing.jl:304
 23   -371.6991700717   -9.73e-10   7.54e-05    3.018   0.50  30.8 
┌ Debug: Iteration 24 linesearch step 1   α=0.5 diagtol=7.537614741656262e-7
└ @ DFTK /scratch/herbst/.julia/packages/DFTK/C0bc2/src/scf/potential_mixing.jl:304
 24   -371.6991700711    5.85e-10   3.26e-05    3.018   0.50  31.9 
┌ Debug: Iteration 25 linesearch step 1   α=0.5 diagtol=3.2594365966992064e-7
└ @ DFTK /scratch/herbst/.julia/packages/DFTK/C0bc2/src/scf/potential_mixing.jl:304
 25   -371.6991700686    2.46e-09   4.88e-05    3.018   0.50  33.7 
┌ Debug: Iteration 26 linesearch step 1   α=0.5 diagtol=3.2594365966992064e-7
└ @ DFTK /scratch/herbst/.julia/packages/DFTK/C0bc2/src/scf/potential_mixing.jl:304
 26   -371.6991700715   -2.88e-09   3.61e-06    3.018   0.50  33.9 
┌ Debug: Iteration 27 linesearch step 1   α=0.5 diagtol=3.605361073860051e-8
└ @ DFTK /scratch/herbst/.julia/packages/DFTK/C0bc2/src/scf/potential_mixing.jl:304
 27   -371.6991700717   -2.03e-10   7.90e-06    3.018   0.50  39.1 
┌ Debug: Iteration 28 linesearch step 1   α=0.5 diagtol=3.605361073860051e-8
└ @ DFTK /scratch/herbst/.julia/packages/DFTK/C0bc2/src/scf/potential_mixing.jl:304
 28   -371.6991700717   -1.60e-11   1.11e-05    3.018   0.50  39.1 
┌ Debug: Iteration 29 linesearch step 1   α=0.5 diagtol=3.605361073860051e-8
└ @ DFTK /scratch/herbst/.julia/packages/DFTK/C0bc2/src/scf/potential_mixing.jl:304
 29   -371.6991700718   -4.60e-11   3.63e-06    3.018   0.50  39.1 
┌ Debug: Iteration 30 linesearch step 1   α=0.5 diagtol=3.605361073860051e-8
└ @ DFTK /scratch/herbst/.julia/packages/DFTK/C0bc2/src/scf/potential_mixing.jl:304
 30   -371.6991700718   -5.00e-12   4.31e-06    3.018   0.50  38.9 

Energy breakdown:
    Kinetic             186.9360941
    AtomicLocal         -350.7435550
    AtomicNonlocal      -52.9489183
    Ewald               -237.4603342
    PspCorrection       8.8180340 
    Hartree             113.4097518
    Xc                  -39.7055368
    Entropy             -0.0047056

    total               -371.699170071773

 ──────────────────────────────────────────────────────────────────────────────
                                       Time                   Allocations      
                               ──────────────────────   ───────────────────────
       Tot / % measured:            5480s / 100%             269GiB / 100%     

 Section               ncalls     time   %tot     avg     alloc   %tot      avg
 ──────────────────────────────────────────────────────────────────────────────
 scf_potential_mixing       1    5480s   100%   5480s    269GiB  100%    269GiB
   LOBPCG                 540    5175s  94.4%   9.58s    256GiB  95.3%   486MiB
     Hamiltonian mu...  17.5k    2282s  41.6%   130ms   50.3GiB  18.7%  2.94MiB
       kinetic+local    17.5k    2072s  37.8%   118ms   1.05GiB  0.39%  63.1KiB
       nonlocal         17.5k     199s  3.63%  11.4ms   32.9GiB  12.2%  1.92MiB
     rayleigh_ritz      17.0k     690s  12.6%  40.7ms   11.3GiB  4.19%   696KiB
     ortho!             72.8k     293s  5.35%  4.03ms   9.45GiB  3.51%   136KiB
   compute_density         30     191s  3.49%   6.38s   3.01GiB  1.12%   103MiB
   energy_hamiltonian      31    21.3s  0.39%   688ms   6.26GiB  2.33%   207MiB
     ene_ops               31    20.4s  0.37%   659ms   5.16GiB  1.92%   171MiB
       ene_ops: xc         31    10.9s  0.20%   352ms   4.71GiB  1.75%   156MiB
       ene_ops: non...     31    7.35s  0.13%   237ms   95.6MiB  0.03%  3.08MiB
       ene_ops: kin...     31    902ms  0.02%  29.1ms   8.91MiB  0.00%   294KiB
       ene_ops: har...     31    341ms  0.01%  11.0ms    296MiB  0.11%  9.55MiB
       ene_ops: local      31   51.9ms  0.00%  1.67ms   60.1MiB  0.02%  1.94MiB
   KerkerMixing            30    694ms  0.01%  23.1ms    744MiB  0.27%  24.8MiB
   QR orthonormaliz...    540    610μs  0.00%  1.13μs     0.00B  0.00%    0.00B
 ──────────────────────────────────────────────────────────────────────────────
